{"uid":"12092f5e55294960","name":"Невозможно добавить несколько материалов типа Тест из Библиотеки в контрольную","fullName":"OdinUiTests:OdinUiTests.Tests.Activity.TestActivityAddingTests.CheckErrorIfAddSeveralTestToControlTypeActivity()","historyId":"47fdef5d48663cf5aa25dad49ae2e658","time":{"start":1744637784866,"stop":1744637837357,"duration":52491},"status":"broken","statusMessage":"System.Reflection.TargetInvocationException : Exception has been thrown by the target of an invocation.\n  ----> OpenQA.Selenium.WebDriverTimeoutException : Timed out after 30 seconds\n  ----> OpenQA.Selenium.NoSuchElementException : no such element: Unable to locate element: {\"method\":\"css selector\",\"selector\":\".rename-input .ellipsis\"}\n  (Session info: chrome=132.0.6834.83); For documentation on this error, please visit: https://www.selenium.dev/documentation/webdriver/troubleshooting/errors#no-such-element-exception","statusTrace":"   at System.Reflection.MethodBaseInvoker.InvokeWithManyArgs(Object obj, BindingFlags invokeAttr, Binder binder, Object[] parameters, CultureInfo culture)\n   at Allure.Net.Commons.Steps.AllureStepAspectBase.Around(String name, Object[] args, Func`2 target, MethodBase metadata, Type returnType)\n   at OdinUiTests.Pages.ActivityCommonEditPage.__a$_around_AddMultipleTestsByName_100665982_w_0(Object[])\n   at OdinUiTests.Pages.ActivityCommonEditPage.AddMultipleTestsByName(List`1 testNames)\n   at OdinUiTests.Tests.Activity.ActivityCommon.ErrorIfAddMultipleTests(IWebDriver driver, Boolean isTemplate, String id) in /azp/_work/2/s/Tests/Activity/ActivityCommon.cs:line 163\n   at OdinUiTests.Tests.Activity.ActivityCommon.ErrorIfAddMultipleTestsToActivity(IWebDriver driver, String activityId) in /azp/_work/2/s/Tests/Activity/ActivityCommon.cs:line 172\n   at OdinUiTests.Tests.Activity.TestActivityAddingTests.CheckErrorIfAddSeveralTestToControlTypeActivity() in /azp/_work/2/s/Tests/Activity/TestActivityTests.cs:line 153\n   at System.RuntimeMethodHandle.InvokeMethod(Object target, Void** arguments, Signature sig, Boolean isConstructor)\n   at System.Reflection.MethodBaseInvoker.InvokeWithNoArgs(Object obj, BindingFlags invokeAttr)\n--WebDriverTimeoutException\n   at OpenQA.Selenium.Support.UI.DefaultWait`1.ThrowTimeoutException(String exceptionMessage, Exception lastException)\n   at OpenQA.Selenium.Support.UI.DefaultWait`1.Until[TResult](Func`2 condition, CancellationToken token)\n   at OpenQA.Selenium.Support.UI.DefaultWait`1.Until[TResult](Func`2 condition)\n   at OdinUiTests.Services.CommonService.ChooseMaterialByName(IWebDriver driver, List`1 materialName, Boolean fromInfoPage) in /azp/_work/2/s/Services/CommonService.cs:line 182\n   at OdinUiTests.Pages.ActivityCommonEditPage.__a$_around_AddMultipleTestsByName_100665982_o(List`1 testNames) in /azp/_work/2/s/Pages/ActivityCommonEditPage.cs:line 405\n   at OdinUiTests.Pages.ActivityCommonEditPage.__a$_around_AddMultipleTestsByName_100665982_u(Object[])\n   at Allure.Net.Commons.Steps.AllureAbstractStepAspect.WrapSync[T](Func`2 target, Object[] args, MethodBase metadata, String stepName, List`1 stepParameters)\n   at InvokeStub_AllureAbstractStepAspect.WrapSync(Object, Span`1)\n   at System.Reflection.MethodBaseInvoker.InvokeWithManyArgs(Object obj, BindingFlags invokeAttr, Binder binder, Object[] parameters, CultureInfo culture)\n--NoSuchElementException\n   at OpenQA.Selenium.WebDriver.UnpackAndThrowOnError(Response errorResponse, String commandToExecute)\n   at OpenQA.Selenium.WebDriver.ExecuteAsync(String driverCommandToExecute, Dictionary`2 parameters)\n   at SeleniumExtras.WaitHelpers.ExpectedConditions.<>c__DisplayClass19_0.<ElementToBeClickable>b__0(IWebDriver driver)\n   at OpenQA.Selenium.Support.UI.DefaultWait`1.Until[TResult](Func`2 condition, CancellationToken token)","flaky":false,"newFailed":false,"newBroken":false,"newPassed":false,"retriesCount":0,"retriesStatusChange":false,"beforeStages":[],"testStage":{"status":"broken","statusMessage":"System.Reflection.TargetInvocationException : Exception has been thrown by the target of an invocation.\n  ----> OpenQA.Selenium.WebDriverTimeoutException : Timed out after 30 seconds\n  ----> OpenQA.Selenium.NoSuchElementException : no such element: Unable to locate element: {\"method\":\"css selector\",\"selector\":\".rename-input .ellipsis\"}\n  (Session info: chrome=132.0.6834.83); For documentation on this error, please visit: https://www.selenium.dev/documentation/webdriver/troubleshooting/errors#no-such-element-exception","statusTrace":"   at System.Reflection.MethodBaseInvoker.InvokeWithManyArgs(Object obj, BindingFlags invokeAttr, Binder binder, Object[] parameters, CultureInfo culture)\n   at Allure.Net.Commons.Steps.AllureStepAspectBase.Around(String name, Object[] args, Func`2 target, MethodBase metadata, Type returnType)\n   at OdinUiTests.Pages.ActivityCommonEditPage.__a$_around_AddMultipleTestsByName_100665982_w_0(Object[])\n   at OdinUiTests.Pages.ActivityCommonEditPage.AddMultipleTestsByName(List`1 testNames)\n   at OdinUiTests.Tests.Activity.ActivityCommon.ErrorIfAddMultipleTests(IWebDriver driver, Boolean isTemplate, String id) in /azp/_work/2/s/Tests/Activity/ActivityCommon.cs:line 163\n   at OdinUiTests.Tests.Activity.ActivityCommon.ErrorIfAddMultipleTestsToActivity(IWebDriver driver, String activityId) in /azp/_work/2/s/Tests/Activity/ActivityCommon.cs:line 172\n   at OdinUiTests.Tests.Activity.TestActivityAddingTests.CheckErrorIfAddSeveralTestToControlTypeActivity() in /azp/_work/2/s/Tests/Activity/TestActivityTests.cs:line 153\n   at System.RuntimeMethodHandle.InvokeMethod(Object target, Void** arguments, Signature sig, Boolean isConstructor)\n   at System.Reflection.MethodBaseInvoker.InvokeWithNoArgs(Object obj, BindingFlags invokeAttr)\n--WebDriverTimeoutException\n   at OpenQA.Selenium.Support.UI.DefaultWait`1.ThrowTimeoutException(String exceptionMessage, Exception lastException)\n   at OpenQA.Selenium.Support.UI.DefaultWait`1.Until[TResult](Func`2 condition, CancellationToken token)\n   at OpenQA.Selenium.Support.UI.DefaultWait`1.Until[TResult](Func`2 condition)\n   at OdinUiTests.Services.CommonService.ChooseMaterialByName(IWebDriver driver, List`1 materialName, Boolean fromInfoPage) in /azp/_work/2/s/Services/CommonService.cs:line 182\n   at OdinUiTests.Pages.ActivityCommonEditPage.__a$_around_AddMultipleTestsByName_100665982_o(List`1 testNames) in /azp/_work/2/s/Pages/ActivityCommonEditPage.cs:line 405\n   at OdinUiTests.Pages.ActivityCommonEditPage.__a$_around_AddMultipleTestsByName_100665982_u(Object[])\n   at Allure.Net.Commons.Steps.AllureAbstractStepAspect.WrapSync[T](Func`2 target, Object[] args, MethodBase metadata, String stepName, List`1 stepParameters)\n   at InvokeStub_AllureAbstractStepAspect.WrapSync(Object, Span`1)\n   at System.Reflection.MethodBaseInvoker.InvokeWithManyArgs(Object obj, BindingFlags invokeAttr, Binder binder, Object[] parameters, CultureInfo culture)\n--NoSuchElementException\n   at OpenQA.Selenium.WebDriver.UnpackAndThrowOnError(Response errorResponse, String commandToExecute)\n   at OpenQA.Selenium.WebDriver.ExecuteAsync(String driverCommandToExecute, Dictionary`2 parameters)\n   at SeleniumExtras.WaitHelpers.ExpectedConditions.<>c__DisplayClass19_0.<ElementToBeClickable>b__0(IWebDriver driver)\n   at OpenQA.Selenium.Support.UI.DefaultWait`1.Until[TResult](Func`2 condition, CancellationToken token)","steps":[{"name":"Открыть страницу редактирования активности","time":{"start":1744637787746,"stop":1744637789559,"duration":1813},"status":"passed","steps":[{"name":"Открыть страницу редактирования активности","time":{"start":1744637787746,"stop":1744637789559,"duration":1813},"status":"passed","steps":[],"attachments":[],"parameters":[{"name":"activityId","value":"\"10085\""}],"stepsCount":0,"attachmentsCount":0,"shouldDisplayMessage":false,"hasContent":true}],"attachments":[],"parameters":[{"name":"isTemplate","value":"false"},{"name":"id","value":"\"10085\""}],"stepsCount":1,"attachmentsCount":0,"shouldDisplayMessage":false,"hasContent":true},{"name":"Нажать на кнопку 'Добавить материалы'","time":{"start":1744637789559,"stop":1744637803446,"duration":13887},"status":"passed","steps":[],"attachments":[],"parameters":[],"stepsCount":0,"attachmentsCount":0,"shouldDisplayMessage":false,"hasContent":false},{"name":"Выбрать несколько материалов типа 'Тест' из Библиотеки и подтвердить выбор","time":{"start":1744637803447,"stop":1744637833850,"duration":30403},"status":"broken","statusMessage":"Timed out after 30 seconds","statusTrace":"OpenQA.Selenium.WebDriverTimeoutException: Timed out after 30 seconds\n ---> OpenQA.Selenium.NoSuchElementException: no such element: Unable to locate element: {\"method\":\"css selector\",\"selector\":\".rename-input .ellipsis\"}\n  (Session info: chrome=132.0.6834.83); For documentation on this error, please visit: https://www.selenium.dev/documentation/webdriver/troubleshooting/errors#no-such-element-exception\n   at OpenQA.Selenium.WebDriver.UnpackAndThrowOnError(Response errorResponse, String commandToExecute)\n   at OpenQA.Selenium.WebDriver.ExecuteAsync(String driverCommandToExecute, Dictionary`2 parameters)\n   at SeleniumExtras.WaitHelpers.ExpectedConditions.<>c__DisplayClass19_0.<ElementToBeClickable>b__0(IWebDriver driver)\n   at OpenQA.Selenium.Support.UI.DefaultWait`1.Until[TResult](Func`2 condition, CancellationToken token)\n   --- End of inner exception stack trace ---\n   at OpenQA.Selenium.Support.UI.DefaultWait`1.ThrowTimeoutException(String exceptionMessage, Exception lastException)\n   at OpenQA.Selenium.Support.UI.DefaultWait`1.Until[TResult](Func`2 condition, CancellationToken token)\n   at OpenQA.Selenium.Support.UI.DefaultWait`1.Until[TResult](Func`2 condition)\n   at OdinUiTests.Services.CommonService.ChooseMaterialByName(IWebDriver driver, List`1 materialName, Boolean fromInfoPage) in /azp/_work/2/s/Services/CommonService.cs:line 182\n   at OdinUiTests.Pages.ActivityCommonEditPage.__a$_around_AddMultipleTestsByName_100665982_o(List`1 testNames) in /azp/_work/2/s/Pages/ActivityCommonEditPage.cs:line 405\n   at OdinUiTests.Pages.ActivityCommonEditPage.__a$_around_AddMultipleTestsByName_100665982_u(Object[])\n   at Allure.Net.Commons.Steps.AllureAbstractStepAspect.WrapSync[T](Func`2 target, Object[] args, MethodBase metadata, String stepName, List`1 stepParameters)","steps":[],"attachments":[],"parameters":[{"name":"testNames","value":"[\"Новый тест123456\",\"Опасности животного мира\"]"}],"stepsCount":0,"attachmentsCount":0,"shouldDisplayMessage":true,"hasContent":true}],"attachments":[{"uid":"bed9880e33215533","name":"CheckErrorIfAddSeveralTestToControlTypeActivity.jpg","source":"bed9880e33215533.jpg","type":"image/jpeg","size":132652},{"uid":"69d2fd4e108f89e0","name":"Console Output","source":"69d2fd4e108f89e0.txt","type":"text/plain","size":49}],"parameters":[],"stepsCount":4,"attachmentsCount":2,"shouldDisplayMessage":true,"hasContent":true},"afterStages":[],"labels":[{"name":"thread","value":"NUnit.Fw.ParallelWorker#9"},{"name":"host","value":"18be674a4d97"},{"name":"language","value":"C#"},{"name":"framework","value":"NUnit 3"},{"name":"package","value":"OdinUiTests.Tests.Activity"},{"name":"testMethod","value":"CheckErrorIfAddSeveralTestToControlTypeActivity"},{"name":"testClass","value":"TestActivityAddingTests"},{"name":"parentSuite","value":"Активность"},{"name":"suite","value":"Контрольная"},{"name":"subSuite","value":"Редактирование контрольной"},{"name":"severity","value":"critical"},{"name":"tag","value":"Активность"},{"name":"tag","value":"Дежурство"},{"name":"tag","value":"Регресс"},{"name":"resultFormat","value":"allure2"}],"parameters":[],"links":[],"hidden":true,"retry":true,"extra":{"categories":[],"tags":["Регресс","Дежурство","Активность"]},"source":"12092f5e55294960.json","parameterValues":[]}