{"uid":"146c6a12812f7362","name":"Можно пройти тест командной контрольной","fullName":"OdinUiTests:OdinUiTests.Tests.Activity.TestActivityPassingTests.CheckPassingTestInControlActivity(System.String,System.String)","historyId":"696f8e66c2b86301518b996f3d519c0a","time":{"start":1740533873322,"stop":1740533907091,"duration":33769},"status":"broken","statusMessage":"System.Reflection.TargetInvocationException : Exception has been thrown by the target of an invocation.\n  ----> OpenQA.Selenium.WebDriverTimeoutException : Timed out after 30 seconds\n  ----> OpenQA.Selenium.NoSuchElementException : no such element: Unable to locate element: {\"method\":\"xpath\",\"selector\":\"//div[text()='Перейти к тесту']\"}\n  (Session info: chrome=132.0.6834.83); For documentation on this error, please visit: https://www.selenium.dev/documentation/webdriver/troubleshooting/errors#no-such-element-exception","statusTrace":"   at System.Reflection.MethodBaseInvoker.InvokeWithManyArgs(Object obj, BindingFlags invokeAttr, Binder binder, Object[] parameters, CultureInfo culture)\n   at Allure.Net.Commons.Steps.AllureStepAspectBase.Around(String name, Object[] args, Func`2 target, MethodBase metadata, Type returnType)\n   at OdinUiTests.Pages.ActivityCommonPage.__a$_around_ClickOnGotoTestButton_100666061_w_0(Object[])\n   at OdinUiTests.Pages.ActivityCommonPage.ClickOnGotoTestButton()\n   at OdinUiTests.Tests.Activity.TestActivityPassingTests.CheckPassingTestInControlActivity(String id, String attemptName) in /azp/_work/1/s/Tests/Activity/TestActivityTests.cs:line 361\n   at InvokeStub_TestActivityPassingTests.CheckPassingTestInControlActivity(Object, Span`1)\n   at System.Reflection.MethodBaseInvoker.InvokeWithFewArgs(Object obj, BindingFlags invokeAttr, Binder binder, Object[] parameters, CultureInfo culture)\n--WebDriverTimeoutException\n   at OpenQA.Selenium.Support.UI.DefaultWait`1.ThrowTimeoutException(String exceptionMessage, Exception lastException)\n   at OpenQA.Selenium.Support.UI.DefaultWait`1.Until[TResult](Func`2 condition, CancellationToken token)\n   at OpenQA.Selenium.Support.UI.DefaultWait`1.Until[TResult](Func`2 condition)\n   at OdinUiTests.Pages.ActivityCommonPage.__a$_around_ClickOnGotoTestButton_100666061_o() in /azp/_work/1/s/Pages/ActivityCommonPage.cs:line 314\n   at OdinUiTests.Pages.ActivityCommonPage.__a$_around_ClickOnGotoTestButton_100666061_u(Object[])\n   at Allure.Net.Commons.Steps.AllureAbstractStepAspect.WrapSync[T](Func`2 target, Object[] args, MethodBase metadata, String stepName, List`1 stepParameters)\n   at InvokeStub_AllureAbstractStepAspect.WrapSync(Object, Span`1)\n   at System.Reflection.MethodBaseInvoker.InvokeWithManyArgs(Object obj, BindingFlags invokeAttr, Binder binder, Object[] parameters, CultureInfo culture)\n--NoSuchElementException\n   at OpenQA.Selenium.WebDriver.UnpackAndThrowOnError(Response errorResponse, String commandToExecute)\n   at OpenQA.Selenium.WebDriver.ExecuteAsync(String driverCommandToExecute, Dictionary`2 parameters)\n   at SeleniumExtras.WaitHelpers.ExpectedConditions.<>c__DisplayClass19_0.<ElementToBeClickable>b__0(IWebDriver driver)\n   at OpenQA.Selenium.Support.UI.DefaultWait`1.Until[TResult](Func`2 condition, CancellationToken token)","flaky":false,"newFailed":false,"newBroken":true,"newPassed":false,"retriesCount":1,"retriesStatusChange":false,"beforeStages":[],"testStage":{"status":"broken","statusMessage":"System.Reflection.TargetInvocationException : Exception has been thrown by the target of an invocation.\n  ----> OpenQA.Selenium.WebDriverTimeoutException : Timed out after 30 seconds\n  ----> OpenQA.Selenium.NoSuchElementException : no such element: Unable to locate element: {\"method\":\"xpath\",\"selector\":\"//div[text()='Перейти к тесту']\"}\n  (Session info: chrome=132.0.6834.83); For documentation on this error, please visit: https://www.selenium.dev/documentation/webdriver/troubleshooting/errors#no-such-element-exception","statusTrace":"   at System.Reflection.MethodBaseInvoker.InvokeWithManyArgs(Object obj, BindingFlags invokeAttr, Binder binder, Object[] parameters, CultureInfo culture)\n   at Allure.Net.Commons.Steps.AllureStepAspectBase.Around(String name, Object[] args, Func`2 target, MethodBase metadata, Type returnType)\n   at OdinUiTests.Pages.ActivityCommonPage.__a$_around_ClickOnGotoTestButton_100666061_w_0(Object[])\n   at OdinUiTests.Pages.ActivityCommonPage.ClickOnGotoTestButton()\n   at OdinUiTests.Tests.Activity.TestActivityPassingTests.CheckPassingTestInControlActivity(String id, String attemptName) in /azp/_work/1/s/Tests/Activity/TestActivityTests.cs:line 361\n   at InvokeStub_TestActivityPassingTests.CheckPassingTestInControlActivity(Object, Span`1)\n   at System.Reflection.MethodBaseInvoker.InvokeWithFewArgs(Object obj, BindingFlags invokeAttr, Binder binder, Object[] parameters, CultureInfo culture)\n--WebDriverTimeoutException\n   at OpenQA.Selenium.Support.UI.DefaultWait`1.ThrowTimeoutException(String exceptionMessage, Exception lastException)\n   at OpenQA.Selenium.Support.UI.DefaultWait`1.Until[TResult](Func`2 condition, CancellationToken token)\n   at OpenQA.Selenium.Support.UI.DefaultWait`1.Until[TResult](Func`2 condition)\n   at OdinUiTests.Pages.ActivityCommonPage.__a$_around_ClickOnGotoTestButton_100666061_o() in /azp/_work/1/s/Pages/ActivityCommonPage.cs:line 314\n   at OdinUiTests.Pages.ActivityCommonPage.__a$_around_ClickOnGotoTestButton_100666061_u(Object[])\n   at Allure.Net.Commons.Steps.AllureAbstractStepAspect.WrapSync[T](Func`2 target, Object[] args, MethodBase metadata, String stepName, List`1 stepParameters)\n   at InvokeStub_AllureAbstractStepAspect.WrapSync(Object, Span`1)\n   at System.Reflection.MethodBaseInvoker.InvokeWithManyArgs(Object obj, BindingFlags invokeAttr, Binder binder, Object[] parameters, CultureInfo culture)\n--NoSuchElementException\n   at OpenQA.Selenium.WebDriver.UnpackAndThrowOnError(Response errorResponse, String commandToExecute)\n   at OpenQA.Selenium.WebDriver.ExecuteAsync(String driverCommandToExecute, Dictionary`2 parameters)\n   at SeleniumExtras.WaitHelpers.ExpectedConditions.<>c__DisplayClass19_0.<ElementToBeClickable>b__0(IWebDriver driver)\n   at OpenQA.Selenium.Support.UI.DefaultWait`1.Until[TResult](Func`2 condition, CancellationToken token)","steps":[{"name":"Открыть страницу активности","time":{"start":1740533873388,"stop":1740533873894,"duration":506},"status":"passed","steps":[],"attachments":[],"parameters":[{"name":"activityId","value":"\"457\""}],"stepsCount":0,"attachmentsCount":0,"shouldDisplayMessage":false,"hasContent":true},{"name":"Нажать на кнопку 'Перейти к тесту' со страницы активности","time":{"start":1740533873894,"stop":1740533906217,"duration":32323},"status":"broken","statusMessage":"Timed out after 30 seconds","statusTrace":"OpenQA.Selenium.WebDriverTimeoutException: Timed out after 30 seconds\n ---> OpenQA.Selenium.NoSuchElementException: no such element: Unable to locate element: {\"method\":\"xpath\",\"selector\":\"//div[text()='Перейти к тесту']\"}\n  (Session info: chrome=132.0.6834.83); For documentation on this error, please visit: https://www.selenium.dev/documentation/webdriver/troubleshooting/errors#no-such-element-exception\n   at OpenQA.Selenium.WebDriver.UnpackAndThrowOnError(Response errorResponse, String commandToExecute)\n   at OpenQA.Selenium.WebDriver.ExecuteAsync(String driverCommandToExecute, Dictionary`2 parameters)\n   at SeleniumExtras.WaitHelpers.ExpectedConditions.<>c__DisplayClass19_0.<ElementToBeClickable>b__0(IWebDriver driver)\n   at OpenQA.Selenium.Support.UI.DefaultWait`1.Until[TResult](Func`2 condition, CancellationToken token)\n   --- End of inner exception stack trace ---\n   at OpenQA.Selenium.Support.UI.DefaultWait`1.ThrowTimeoutException(String exceptionMessage, Exception lastException)\n   at OpenQA.Selenium.Support.UI.DefaultWait`1.Until[TResult](Func`2 condition, CancellationToken token)\n   at OpenQA.Selenium.Support.UI.DefaultWait`1.Until[TResult](Func`2 condition)\n   at OdinUiTests.Pages.ActivityCommonPage.__a$_around_ClickOnGotoTestButton_100666061_o() in /azp/_work/1/s/Pages/ActivityCommonPage.cs:line 314\n   at OdinUiTests.Pages.ActivityCommonPage.__a$_around_ClickOnGotoTestButton_100666061_u(Object[])\n   at Allure.Net.Commons.Steps.AllureAbstractStepAspect.WrapSync[T](Func`2 target, Object[] args, MethodBase metadata, String stepName, List`1 stepParameters)","steps":[],"attachments":[],"parameters":[],"stepsCount":0,"attachmentsCount":0,"shouldDisplayMessage":true,"hasContent":true}],"attachments":[{"uid":"77b80b48859828bc","name":"CheckPassingTestInControlActivity.jpg","source":"77b80b48859828bc.jpg","type":"image/jpeg","size":129499},{"uid":"135b0ae025b56591","name":"Console Output","source":"135b0ae025b56591.txt","type":"text/plain","size":46}],"parameters":[],"stepsCount":2,"attachmentsCount":2,"shouldDisplayMessage":true,"hasContent":true},"afterStages":[],"labels":[{"name":"thread","value":"NUnit.Fw.ParallelWorker#2"},{"name":"host","value":"5beec413bb67"},{"name":"language","value":"C#"},{"name":"framework","value":"NUnit 3"},{"name":"package","value":"OdinUiTests.Tests.Activity"},{"name":"testMethod","value":"CheckPassingTestInControlActivity"},{"name":"testClass","value":"TestActivityPassingTests"},{"name":"parentSuite","value":"Активность"},{"name":"suite","value":"Контрольная"},{"name":"subSuite","value":"Прохождение теста"},{"name":"severity","value":"critical"},{"name":"tag","value":"Активность"},{"name":"tag","value":"Дежурство"},{"name":"tag","value":"Регресс"},{"name":"resultFormat","value":"allure2"}],"parameters":[{"name":"attemptName","value":"\"Команда 1\""},{"name":"id","value":"\"457\""}],"links":[],"hidden":false,"retry":false,"extra":{"severity":"critical","retries":[{"uid":"ae9807041ce22d86","status":"broken","statusDetails":"System.Reflection.TargetInvocationException : Exception has been thrown by the target of an invocation.\n  ----> OpenQA.Selenium.WebDriverTimeoutException : Timed out after 30 seconds\n  ----> OpenQA.Selenium.NoSuchElementException : no such element: Unable to locate element: {\"method\":\"xpath\",\"selector\":\"//div[text()='Перейти к тесту']\"}\n  (Session info: chrome=132.0.6834.83); For documentation on this error, please visit: https://www.selenium.dev/documentation/webdriver/troubleshooting/errors#no-such-element-exception","time":{"start":1740533346597,"stop":1740533387387,"duration":40790}}],"categories":[{"name":"Test defects","matchedStatuses":[],"flaky":false}],"history":{"statistic":{"failed":2,"broken":1,"skipped":0,"passed":102,"unknown":0,"total":105},"items":[{"uid":"bbb329f4c517ad73","status":"passed","time":{"start":1740120276349,"stop":1740120317364,"duration":41015}},{"uid":"86d09daa88efd5b5","status":"passed","time":{"start":1739341241217,"stop":1739341274231,"duration":33014}},{"uid":"4956c68faba2b9ce","status":"passed","time":{"start":1737611748672,"stop":1737611781866,"duration":33194}},{"uid":"3812782cbc849a9","status":"passed","time":{"start":1737565931065,"stop":1737565964079,"duration":33014}},{"uid":"9b993263136b51f2","status":"passed","time":{"start":1737524378823,"stop":1737524406709,"duration":27886}},{"uid":"3fc890f9cbcd40f8","status":"passed","time":{"start":1736950507763,"stop":1736950525857,"duration":18094}},{"uid":"85469aa8e513e385","status":"passed","time":{"start":1736922758787,"stop":1736922781282,"duration":22495}},{"uid":"4fbd64a6c0502223","status":"passed","time":{"start":1736922758787,"stop":1736922781282,"duration":22495}},{"uid":"5d2846a3a7920def","status":"passed","time":{"start":1735130200446,"stop":1735130210736,"duration":10290}},{"uid":"8fae8df230bbb973","status":"passed","time":{"start":1732693055658,"stop":1732693065804,"duration":10146}},{"uid":"feb1c8b8981f22f7","status":"passed","time":{"start":1732117607323,"stop":1732117620324,"duration":13001}},{"uid":"246a185eee896770","status":"passed","time":{"start":1732033307517,"stop":1732033326452,"duration":18935}},{"uid":"576dce0d54f46cb6","status":"passed","time":{"start":1731945699191,"stop":1731945712056,"duration":12865}},{"uid":"286b6f0ce37ade5e","status":"passed","time":{"start":1729836928691,"stop":1729836939507,"duration":10816}},{"uid":"a512af00434c57ea","status":"passed","time":{"start":1729747313871,"stop":1729747331380,"duration":17509}},{"uid":"caf787fe098ddd71","status":"passed","time":{"start":1729672043232,"stop":1729672058385,"duration":15153}},{"uid":"c6f700157462b42","status":"passed","time":{"start":1729611457574,"stop":1729611467936,"duration":10362}},{"uid":"d4b6760b3b5a9652","status":"passed","time":{"start":1729577956297,"stop":1729577965875,"duration":9578}},{"uid":"e2ab381fc23271dd","status":"passed","statusDetails":"Можно пройти тест командной контрольной","time":{"start":1729228697303,"stop":1729228708862,"duration":11559}},{"uid":"4c391cbd0b508759","status":"passed","statusDetails":"Можно пройти тест командной контрольной","time":{"start":1728639900706,"stop":1728639911366,"duration":10660}}]},"tags":["Регресс","Дежурство","Активность"]},"source":"146c6a12812f7362.json","parameterValues":["\"Команда 1\"","\"457\""]}