{"uid":"16941986d6536a1","name":"Можно сделать звонок в миничате добавленной комнаты","fullName":"OdinUiTests:OdinUiTests.Tests.Chat.DisciplineRoomMiniChatMessageTests.CheckCallInDisciplineRoomMiniChat()","historyId":"38a0ccd00bfa1af5c1265b448a5c9e5d","time":{"start":1753146530062,"stop":1753146598061,"duration":67999},"status":"broken","statusMessage":"System.Reflection.TargetInvocationException : Exception has been thrown by the target of an invocation.\n  ----> OpenQA.Selenium.WebDriverTimeoutException : Timed out after 30 seconds\n  ----> OpenQA.Selenium.NoSuchElementException : no such element: Unable to locate element: {\"method\":\"xpath\",\"selector\":\"//i[contains(text(),'call_end')]\"}\n  (Session info: chrome=132.0.6834.83); For documentation on this error, please visit: https://www.selenium.dev/documentation/webdriver/troubleshooting/errors#no-such-element-exception","statusTrace":"   at System.Reflection.MethodBaseInvoker.InvokeWithManyArgs(Object obj, BindingFlags invokeAttr, Binder binder, Object[] parameters, CultureInfo culture)\n   at Allure.Net.Commons.Steps.AllureStepAspectBase.Around(String name, Object[] args, Func`2 target, MethodBase metadata, Type returnType)\n   at OdinUiTests.Pages.CallPage.__a$_around_CallIsStartedFromChat_100666251_w_0(Object[])\n   at OdinUiTests.Pages.CallPage.CallIsStartedFromChat(Boolean isAdminStartCall)\n   at OdinUiTests.Pages.CallPage.СheckCallIsStartedFromChat(Boolean isAdminStartCall) in /azp/_work/1/s/Pages/CallPage.cs:line 174\n   at OdinUiTests.Tests.Chat.ChatCommon.CallInChat(IWebDriver driver, String chatId, Boolean isMinichat, Boolean isAdminStartCall) in /azp/_work/1/s/Tests/Chat/ChatCommon.cs:line 211\n   at OdinUiTests.Tests.Chat.ChatCommon.CallInMinichat(IWebDriver driver, Boolean isAdminStartCall) in /azp/_work/1/s/Tests/Chat/ChatCommon.cs:line 229\n   at OdinUiTests.Tests.Chat.DisciplineRoomMiniChatMessageTests.CheckCallInDisciplineRoomMiniChat() in /azp/_work/1/s/Tests/Chat/MiniChatTests.cs:line 195\n   at System.RuntimeMethodHandle.InvokeMethod(Object target, Void** arguments, Signature sig, Boolean isConstructor)\n   at System.Reflection.MethodBaseInvoker.InvokeWithNoArgs(Object obj, BindingFlags invokeAttr)\n--WebDriverTimeoutException\n   at OpenQA.Selenium.Support.UI.DefaultWait`1.ThrowTimeoutException(String exceptionMessage, Exception lastException)\n   at OpenQA.Selenium.Support.UI.DefaultWait`1.Until[TResult](Func`2 condition, CancellationToken token)\n   at OpenQA.Selenium.Support.UI.DefaultWait`1.Until[TResult](Func`2 condition)\n   at OdinUiTests.Pages.CallPage.__a$_around_CallIsStartedFromChat_100666251_o(Boolean isAdminStartCall) in /azp/_work/1/s/Pages/CallPage.cs:line 160\n   at OdinUiTests.Pages.CallPage.__a$_around_CallIsStartedFromChat_100666251_u(Object[])\n   at Allure.Net.Commons.Steps.AllureAbstractStepAspect.WrapSync[T](Func`2 target, Object[] args, MethodBase metadata, String stepName, List`1 stepParameters)\n   at InvokeStub_AllureAbstractStepAspect.WrapSync(Object, Span`1)\n   at System.Reflection.MethodBaseInvoker.InvokeWithManyArgs(Object obj, BindingFlags invokeAttr, Binder binder, Object[] parameters, CultureInfo culture)\n--NoSuchElementException\n   at OpenQA.Selenium.WebDriver.UnpackAndThrowOnError(Response errorResponse, String commandToExecute)\n   at OpenQA.Selenium.WebDriver.ExecuteAsync(String driverCommandToExecute, Dictionary`2 parameters)\n   at SeleniumExtras.WaitHelpers.ExpectedConditions.<>c__DisplayClass19_0.<ElementToBeClickable>b__0(IWebDriver driver)\n   at OpenQA.Selenium.Support.UI.DefaultWait`1.Until[TResult](Func`2 condition, CancellationToken token)","flaky":false,"newFailed":false,"newBroken":false,"newPassed":false,"retriesCount":0,"retriesStatusChange":false,"beforeStages":[],"testStage":{"status":"broken","statusMessage":"System.Reflection.TargetInvocationException : Exception has been thrown by the target of an invocation.\n  ----> OpenQA.Selenium.WebDriverTimeoutException : Timed out after 30 seconds\n  ----> OpenQA.Selenium.NoSuchElementException : no such element: Unable to locate element: {\"method\":\"xpath\",\"selector\":\"//i[contains(text(),'call_end')]\"}\n  (Session info: chrome=132.0.6834.83); For documentation on this error, please visit: https://www.selenium.dev/documentation/webdriver/troubleshooting/errors#no-such-element-exception","statusTrace":"   at System.Reflection.MethodBaseInvoker.InvokeWithManyArgs(Object obj, BindingFlags invokeAttr, Binder binder, Object[] parameters, CultureInfo culture)\n   at Allure.Net.Commons.Steps.AllureStepAspectBase.Around(String name, Object[] args, Func`2 target, MethodBase metadata, Type returnType)\n   at OdinUiTests.Pages.CallPage.__a$_around_CallIsStartedFromChat_100666251_w_0(Object[])\n   at OdinUiTests.Pages.CallPage.CallIsStartedFromChat(Boolean isAdminStartCall)\n   at OdinUiTests.Pages.CallPage.СheckCallIsStartedFromChat(Boolean isAdminStartCall) in /azp/_work/1/s/Pages/CallPage.cs:line 174\n   at OdinUiTests.Tests.Chat.ChatCommon.CallInChat(IWebDriver driver, String chatId, Boolean isMinichat, Boolean isAdminStartCall) in /azp/_work/1/s/Tests/Chat/ChatCommon.cs:line 211\n   at OdinUiTests.Tests.Chat.ChatCommon.CallInMinichat(IWebDriver driver, Boolean isAdminStartCall) in /azp/_work/1/s/Tests/Chat/ChatCommon.cs:line 229\n   at OdinUiTests.Tests.Chat.DisciplineRoomMiniChatMessageTests.CheckCallInDisciplineRoomMiniChat() in /azp/_work/1/s/Tests/Chat/MiniChatTests.cs:line 195\n   at System.RuntimeMethodHandle.InvokeMethod(Object target, Void** arguments, Signature sig, Boolean isConstructor)\n   at System.Reflection.MethodBaseInvoker.InvokeWithNoArgs(Object obj, BindingFlags invokeAttr)\n--WebDriverTimeoutException\n   at OpenQA.Selenium.Support.UI.DefaultWait`1.ThrowTimeoutException(String exceptionMessage, Exception lastException)\n   at OpenQA.Selenium.Support.UI.DefaultWait`1.Until[TResult](Func`2 condition, CancellationToken token)\n   at OpenQA.Selenium.Support.UI.DefaultWait`1.Until[TResult](Func`2 condition)\n   at OdinUiTests.Pages.CallPage.__a$_around_CallIsStartedFromChat_100666251_o(Boolean isAdminStartCall) in /azp/_work/1/s/Pages/CallPage.cs:line 160\n   at OdinUiTests.Pages.CallPage.__a$_around_CallIsStartedFromChat_100666251_u(Object[])\n   at Allure.Net.Commons.Steps.AllureAbstractStepAspect.WrapSync[T](Func`2 target, Object[] args, MethodBase metadata, String stepName, List`1 stepParameters)\n   at InvokeStub_AllureAbstractStepAspect.WrapSync(Object, Span`1)\n   at System.Reflection.MethodBaseInvoker.InvokeWithManyArgs(Object obj, BindingFlags invokeAttr, Binder binder, Object[] parameters, CultureInfo culture)\n--NoSuchElementException\n   at OpenQA.Selenium.WebDriver.UnpackAndThrowOnError(Response errorResponse, String commandToExecute)\n   at OpenQA.Selenium.WebDriver.ExecuteAsync(String driverCommandToExecute, Dictionary`2 parameters)\n   at SeleniumExtras.WaitHelpers.ExpectedConditions.<>c__DisplayClass19_0.<ElementToBeClickable>b__0(IWebDriver driver)\n   at OpenQA.Selenium.Support.UI.DefaultWait`1.Until[TResult](Func`2 condition, CancellationToken token)","steps":[{"name":"Открыть страницу Дашборда","time":{"start":1753146530062,"stop":1753146532140,"duration":2078},"status":"passed","steps":[],"attachments":[],"parameters":[],"stepsCount":0,"attachmentsCount":0,"shouldDisplayMessage":false,"hasContent":false},{"name":"Нажать на кнопку 'Чат' для открытия миничата, если миничат еще не открыт","time":{"start":1753146532141,"stop":1753146539146,"duration":7005},"status":"passed","steps":[],"attachments":[],"parameters":[],"stepsCount":0,"attachmentsCount":0,"shouldDisplayMessage":false,"hasContent":false},{"name":"В панели чатов найти дисциплину по названию и открыть его","time":{"start":1753146539146,"stop":1753146543550,"duration":4404},"status":"passed","steps":[],"attachments":[],"parameters":[{"name":"chatName","value":"\"Паттерны архитектуры\""}],"stepsCount":0,"attachmentsCount":0,"shouldDisplayMessage":false,"hasContent":true},{"name":"Нажать на выпадающий список комнат","time":{"start":1753146543550,"stop":1753146544442,"duration":892},"status":"passed","steps":[],"attachments":[],"parameters":[],"stepsCount":0,"attachmentsCount":0,"shouldDisplayMessage":false,"hasContent":false},{"name":"Выбрать добавленную комнату чата дисциплины по названию","time":{"start":1753146544442,"stop":1753146546354,"duration":1912},"status":"passed","steps":[],"attachments":[],"parameters":[{"name":"chatName","value":"\"Другая комната2\""}],"stepsCount":0,"attachmentsCount":0,"shouldDisplayMessage":false,"hasContent":true},{"name":"Нажать на кнопку звонка в чате","time":{"start":1753146546355,"stop":1753146548645,"duration":2290},"status":"passed","steps":[],"attachments":[],"parameters":[],"stepsCount":0,"attachmentsCount":0,"shouldDisplayMessage":false,"hasContent":false},{"name":"Нажать на кнопку 'Присоединиться' в предбаннике","time":{"start":1753146552660,"stop":1753146564550,"duration":11890},"status":"passed","steps":[],"attachments":[],"parameters":[],"stepsCount":0,"attachmentsCount":0,"shouldDisplayMessage":false,"hasContent":false},{"name":"Проверка того, что звонок был начат","time":{"start":1753146564550,"stop":1753146594861,"duration":30311},"status":"broken","statusMessage":"Timed out after 30 seconds","statusTrace":"OpenQA.Selenium.WebDriverTimeoutException: Timed out after 30 seconds\n ---> OpenQA.Selenium.NoSuchElementException: no such element: Unable to locate element: {\"method\":\"xpath\",\"selector\":\"//i[contains(text(),'call_end')]\"}\n  (Session info: chrome=132.0.6834.83); For documentation on this error, please visit: https://www.selenium.dev/documentation/webdriver/troubleshooting/errors#no-such-element-exception\n   at OpenQA.Selenium.WebDriver.UnpackAndThrowOnError(Response errorResponse, String commandToExecute)\n   at OpenQA.Selenium.WebDriver.ExecuteAsync(String driverCommandToExecute, Dictionary`2 parameters)\n   at SeleniumExtras.WaitHelpers.ExpectedConditions.<>c__DisplayClass19_0.<ElementToBeClickable>b__0(IWebDriver driver)\n   at OpenQA.Selenium.Support.UI.DefaultWait`1.Until[TResult](Func`2 condition, CancellationToken token)\n   --- End of inner exception stack trace ---\n   at OpenQA.Selenium.Support.UI.DefaultWait`1.ThrowTimeoutException(String exceptionMessage, Exception lastException)\n   at OpenQA.Selenium.Support.UI.DefaultWait`1.Until[TResult](Func`2 condition, CancellationToken token)\n   at OpenQA.Selenium.Support.UI.DefaultWait`1.Until[TResult](Func`2 condition)\n   at OdinUiTests.Pages.CallPage.__a$_around_CallIsStartedFromChat_100666251_o(Boolean isAdminStartCall) in /azp/_work/1/s/Pages/CallPage.cs:line 160\n   at OdinUiTests.Pages.CallPage.__a$_around_CallIsStartedFromChat_100666251_u(Object[])\n   at Allure.Net.Commons.Steps.AllureAbstractStepAspect.WrapSync[T](Func`2 target, Object[] args, MethodBase metadata, String stepName, List`1 stepParameters)","steps":[],"attachments":[],"parameters":[{"name":"isAdminStartCall","value":"true"}],"stepsCount":0,"attachmentsCount":0,"shouldDisplayMessage":true,"hasContent":true}],"attachments":[{"uid":"cb0afcf9fcd3ec8b","name":"CheckCallInDisciplineRoomMiniChat.jpg","source":"cb0afcf9fcd3ec8b.jpg","type":"image/jpeg","size":28171},{"uid":"f0ab8e951ac8ff6","name":"Console Output","source":"f0ab8e951ac8ff6.txt","type":"text/plain","size":46}],"parameters":[],"stepsCount":8,"attachmentsCount":2,"shouldDisplayMessage":true,"hasContent":true},"afterStages":[],"labels":[{"name":"thread","value":"NUnit.Fw.ParallelWorker#5"},{"name":"host","value":"729fdeebefa1"},{"name":"language","value":"C#"},{"name":"framework","value":"NUnit 3"},{"name":"package","value":"OdinUiTests.Tests.Chat"},{"name":"testMethod","value":"CheckCallInDisciplineRoomMiniChat"},{"name":"testClass","value":"DisciplineRoomMiniChatMessageTests"},{"name":"suite","value":"Чат"},{"name":"subSuite","value":"Миничат комнаты дисциплины"},{"name":"severity","value":"critical"},{"name":"tag","value":"Чат"},{"name":"tag","value":"Регресс"},{"name":"resultFormat","value":"allure2"}],"parameters":[],"links":[],"hidden":true,"retry":true,"extra":{"categories":[],"tags":["Регресс","Чат"]},"source":"16941986d6536a1.json","parameterValues":[]}