{"uid":"29681ceb52072476","name":"Создание потока ДО: можно создать поток, если все обязательные поля корректно заполнены","fullName":"OdinUiTests:OdinUiTests.Tests.Cohort.CohortCreationTests.CheckCreateCohortWhenAllRequiredFieldsAreFilled(System.String)","historyId":"2b6caf0936d180190b3f45aa30bd0c78","time":{"start":1739341736629,"stop":1739341801951,"duration":65322},"status":"broken","statusMessage":"System.Reflection.TargetInvocationException : Exception has been thrown by the target of an invocation.\n  ----> OpenQA.Selenium.WebDriverTimeoutException : Timed out after 30 seconds\n  ----> OpenQA.Selenium.NoSuchElementException : no such element: Unable to locate element: {\"method\":\"css selector\",\"selector\":\".cohort-info .page-title\"}\n  (Session info: chrome=132.0.6834.83); For documentation on this error, please visit: https://www.selenium.dev/documentation/webdriver/troubleshooting/errors#no-such-element-exception","statusTrace":"   at System.Reflection.MethodBaseInvoker.InvokeWithManyArgs(Object obj, BindingFlags invokeAttr, Binder binder, Object[] parameters, CultureInfo culture)\n   at Allure.Net.Commons.Steps.AllureStepAspectBase.Around(String name, Object[] args, Func`2 target, MethodBase metadata, Type returnType)\n   at OdinUiTests.Pages.CohortInfoPage.__a$_around_CheckCohortSavedSuccessfully_100666476_w_0(Object[])\n   at OdinUiTests.Pages.CohortInfoPage.CheckCohortSavedSuccessfully(String cohortTitle, String startDate, String endDate)\n   at OdinUiTests.Tests.Cohort.CohortCreationTests.CheckCreateCohortWhenAllRequiredFieldsAreFilled(String programId) in /azp/_work/1/s/Tests/Cohort/CohortCreateEditTests.cs:line 67\n   at System.RuntimeMethodHandle.InvokeMethod(Object target, Void** arguments, Signature sig, Boolean isConstructor)\n   at System.Reflection.MethodBaseInvoker.InvokeDirectByRefWithFewArgs(Object obj, Span`1 copyOfArgs, BindingFlags invokeAttr)\n--WebDriverTimeoutException\n   at OpenQA.Selenium.Support.UI.DefaultWait`1.ThrowTimeoutException(String exceptionMessage, Exception lastException)\n   at OpenQA.Selenium.Support.UI.DefaultWait`1.Until[TResult](Func`2 condition, CancellationToken token)\n   at OpenQA.Selenium.Support.UI.DefaultWait`1.Until[TResult](Func`2 condition)\n   at OdinUiTests.Pages.CohortInfoPage.CohortSavedSuccessfully(String cohortTitle, String startDate, String endDate) in /azp/_work/1/s/Pages/CohortInfoPage.cs:line 423\n   at OdinUiTests.Pages.CohortInfoPage.__a$_around_CheckCohortSavedSuccessfully_100666476_o(String cohortTitle, String startDate, String endDate) in /azp/_work/1/s/Pages/CohortInfoPage.cs:line 437\n   at OdinUiTests.Pages.CohortInfoPage.__a$_around_CheckCohortSavedSuccessfully_100666476_u(Object[])\n   at Allure.Net.Commons.Steps.AllureAbstractStepAspect.WrapSync[T](Func`2 target, Object[] args, MethodBase metadata, String stepName, List`1 stepParameters)\n   at InvokeStub_AllureAbstractStepAspect.WrapSync(Object, Span`1)\n   at System.Reflection.MethodBaseInvoker.InvokeWithManyArgs(Object obj, BindingFlags invokeAttr, Binder binder, Object[] parameters, CultureInfo culture)\n--NoSuchElementException\n   at OpenQA.Selenium.WebDriver.UnpackAndThrowOnError(Response errorResponse, String commandToExecute)\n   at OpenQA.Selenium.WebDriver.ExecuteAsync(String driverCommandToExecute, Dictionary`2 parameters)\n   at SeleniumExtras.WaitHelpers.ExpectedConditions.<>c__DisplayClass19_0.<ElementToBeClickable>b__0(IWebDriver driver)\n   at OpenQA.Selenium.Support.UI.DefaultWait`1.Until[TResult](Func`2 condition, CancellationToken token)","flaky":false,"newFailed":false,"newBroken":false,"newPassed":false,"retriesCount":0,"retriesStatusChange":false,"beforeStages":[],"testStage":{"status":"broken","statusMessage":"System.Reflection.TargetInvocationException : Exception has been thrown by the target of an invocation.\n  ----> OpenQA.Selenium.WebDriverTimeoutException : Timed out after 30 seconds\n  ----> OpenQA.Selenium.NoSuchElementException : no such element: Unable to locate element: {\"method\":\"css selector\",\"selector\":\".cohort-info .page-title\"}\n  (Session info: chrome=132.0.6834.83); For documentation on this error, please visit: https://www.selenium.dev/documentation/webdriver/troubleshooting/errors#no-such-element-exception","statusTrace":"   at System.Reflection.MethodBaseInvoker.InvokeWithManyArgs(Object obj, BindingFlags invokeAttr, Binder binder, Object[] parameters, CultureInfo culture)\n   at Allure.Net.Commons.Steps.AllureStepAspectBase.Around(String name, Object[] args, Func`2 target, MethodBase metadata, Type returnType)\n   at OdinUiTests.Pages.CohortInfoPage.__a$_around_CheckCohortSavedSuccessfully_100666476_w_0(Object[])\n   at OdinUiTests.Pages.CohortInfoPage.CheckCohortSavedSuccessfully(String cohortTitle, String startDate, String endDate)\n   at OdinUiTests.Tests.Cohort.CohortCreationTests.CheckCreateCohortWhenAllRequiredFieldsAreFilled(String programId) in /azp/_work/1/s/Tests/Cohort/CohortCreateEditTests.cs:line 67\n   at System.RuntimeMethodHandle.InvokeMethod(Object target, Void** arguments, Signature sig, Boolean isConstructor)\n   at System.Reflection.MethodBaseInvoker.InvokeDirectByRefWithFewArgs(Object obj, Span`1 copyOfArgs, BindingFlags invokeAttr)\n--WebDriverTimeoutException\n   at OpenQA.Selenium.Support.UI.DefaultWait`1.ThrowTimeoutException(String exceptionMessage, Exception lastException)\n   at OpenQA.Selenium.Support.UI.DefaultWait`1.Until[TResult](Func`2 condition, CancellationToken token)\n   at OpenQA.Selenium.Support.UI.DefaultWait`1.Until[TResult](Func`2 condition)\n   at OdinUiTests.Pages.CohortInfoPage.CohortSavedSuccessfully(String cohortTitle, String startDate, String endDate) in /azp/_work/1/s/Pages/CohortInfoPage.cs:line 423\n   at OdinUiTests.Pages.CohortInfoPage.__a$_around_CheckCohortSavedSuccessfully_100666476_o(String cohortTitle, String startDate, String endDate) in /azp/_work/1/s/Pages/CohortInfoPage.cs:line 437\n   at OdinUiTests.Pages.CohortInfoPage.__a$_around_CheckCohortSavedSuccessfully_100666476_u(Object[])\n   at Allure.Net.Commons.Steps.AllureAbstractStepAspect.WrapSync[T](Func`2 target, Object[] args, MethodBase metadata, String stepName, List`1 stepParameters)\n   at InvokeStub_AllureAbstractStepAspect.WrapSync(Object, Span`1)\n   at System.Reflection.MethodBaseInvoker.InvokeWithManyArgs(Object obj, BindingFlags invokeAttr, Binder binder, Object[] parameters, CultureInfo culture)\n--NoSuchElementException\n   at OpenQA.Selenium.WebDriver.UnpackAndThrowOnError(Response errorResponse, String commandToExecute)\n   at OpenQA.Selenium.WebDriver.ExecuteAsync(String driverCommandToExecute, Dictionary`2 parameters)\n   at SeleniumExtras.WaitHelpers.ExpectedConditions.<>c__DisplayClass19_0.<ElementToBeClickable>b__0(IWebDriver driver)\n   at OpenQA.Selenium.Support.UI.DefaultWait`1.Until[TResult](Func`2 condition, CancellationToken token)","steps":[{"name":"Открыть страницу образовательной программы","time":{"start":1739341736630,"stop":1739341738614,"duration":1984},"status":"passed","steps":[],"attachments":[],"parameters":[{"name":"programId","value":"\"3228\""}],"stepsCount":0,"attachmentsCount":0,"shouldDisplayMessage":false,"hasContent":true},{"name":"Нажать на кнопку 'Добавить' для добавления потока","time":{"start":1739341738614,"stop":1739341745026,"duration":6412},"status":"passed","steps":[],"attachments":[],"parameters":[],"stepsCount":0,"attachmentsCount":0,"shouldDisplayMessage":false,"hasContent":false},{"name":"Вставить значение в поле 'Название'","time":{"start":1739341745026,"stop":1739341750011,"duration":4985},"status":"passed","steps":[],"attachments":[],"parameters":[],"stepsCount":0,"attachmentsCount":0,"shouldDisplayMessage":false,"hasContent":false},{"name":"Выбрать значение в поле 'Дата начала'","time":{"start":1739341750011,"stop":1739341759118,"duration":9107},"status":"passed","steps":[],"attachments":[],"parameters":[],"stepsCount":0,"attachmentsCount":0,"shouldDisplayMessage":false,"hasContent":false},{"name":"Выбрать значение в поле 'Дата окончания'","time":{"start":1739341759118,"stop":1739341766818,"duration":7700},"status":"passed","steps":[],"attachments":[],"parameters":[],"stepsCount":0,"attachmentsCount":0,"shouldDisplayMessage":false,"hasContent":false},{"name":"Нажать на кнопку 'Сохранить'","time":{"start":1739341766818,"stop":1739341767533,"duration":715},"status":"passed","steps":[],"attachments":[],"parameters":[],"stepsCount":0,"attachmentsCount":0,"shouldDisplayMessage":false,"hasContent":false},{"name":"Проверка корректности создания потока с выбранными датами","time":{"start":1739341767533,"stop":1739341797936,"duration":30403},"status":"broken","statusMessage":"Timed out after 30 seconds","statusTrace":"OpenQA.Selenium.WebDriverTimeoutException: Timed out after 30 seconds\n ---> OpenQA.Selenium.NoSuchElementException: no such element: Unable to locate element: {\"method\":\"css selector\",\"selector\":\".cohort-info .page-title\"}\n  (Session info: chrome=132.0.6834.83); For documentation on this error, please visit: https://www.selenium.dev/documentation/webdriver/troubleshooting/errors#no-such-element-exception\n   at OpenQA.Selenium.WebDriver.UnpackAndThrowOnError(Response errorResponse, String commandToExecute)\n   at OpenQA.Selenium.WebDriver.ExecuteAsync(String driverCommandToExecute, Dictionary`2 parameters)\n   at SeleniumExtras.WaitHelpers.ExpectedConditions.<>c__DisplayClass19_0.<ElementToBeClickable>b__0(IWebDriver driver)\n   at OpenQA.Selenium.Support.UI.DefaultWait`1.Until[TResult](Func`2 condition, CancellationToken token)\n   --- End of inner exception stack trace ---\n   at OpenQA.Selenium.Support.UI.DefaultWait`1.ThrowTimeoutException(String exceptionMessage, Exception lastException)\n   at OpenQA.Selenium.Support.UI.DefaultWait`1.Until[TResult](Func`2 condition, CancellationToken token)\n   at OpenQA.Selenium.Support.UI.DefaultWait`1.Until[TResult](Func`2 condition)\n   at OdinUiTests.Pages.CohortInfoPage.CohortSavedSuccessfully(String cohortTitle, String startDate, String endDate) in /azp/_work/1/s/Pages/CohortInfoPage.cs:line 423\n   at OdinUiTests.Pages.CohortInfoPage.__a$_around_CheckCohortSavedSuccessfully_100666476_o(String cohortTitle, String startDate, String endDate) in /azp/_work/1/s/Pages/CohortInfoPage.cs:line 437\n   at OdinUiTests.Pages.CohortInfoPage.__a$_around_CheckCohortSavedSuccessfully_100666476_u(Object[])\n   at Allure.Net.Commons.Steps.AllureAbstractStepAspect.WrapSync[T](Func`2 target, Object[] args, MethodBase metadata, String stepName, List`1 stepParameters)","steps":[],"attachments":[],"parameters":[{"name":"cohortTitle","value":"\"D1B6A37FC3403D1\""},{"name":"startDate","value":"\"31.12.2024\""},{"name":"endDate","value":"\"16.05.2025\""}],"stepsCount":0,"attachmentsCount":0,"shouldDisplayMessage":true,"hasContent":true}],"attachments":[{"uid":"b9d420e37f78f559","name":"CheckCreateCohortWhenAllRequiredFieldsAreFilled.jpg","source":"b9d420e37f78f559.jpg","type":"image/jpeg","size":153766},{"uid":"144cc3b456c4495","name":"Console Output","source":"144cc3b456c4495.txt","type":"text/plain","size":90}],"parameters":[],"stepsCount":7,"attachmentsCount":2,"shouldDisplayMessage":true,"hasContent":true},"afterStages":[],"labels":[{"name":"thread","value":"NUnit.Fw.ParallelWorker#3"},{"name":"host","value":"829ee3609255"},{"name":"language","value":"C#"},{"name":"framework","value":"NUnit 3"},{"name":"package","value":"OdinUiTests.Tests.Cohort"},{"name":"testMethod","value":"CheckCreateCohortWhenAllRequiredFieldsAreFilled"},{"name":"testClass","value":"CohortCreationTests"},{"name":"suite","value":"Поток"},{"name":"subSuite","value":"Создание потока"},{"name":"severity","value":"normal"},{"name":"tag","value":"Дежурство"},{"name":"tag","value":"Поток"},{"name":"tag","value":"Регресс"},{"name":"resultFormat","value":"allure2"}],"parameters":[{"name":"programId","value":"\"3228\""}],"links":[],"hidden":true,"retry":true,"extra":{"categories":[],"tags":["Регресс","Дежурство","Поток"]},"source":"29681ceb52072476.json","parameterValues":["\"3228\""]}