{"uid":"2cadcdb9bb1e0129","name":"Можно отметить Верно в ответе на  вопрос с типом ответа Свободный ответ или Файл","fullName":"OdinUiTests:OdinUiTests.Tests.Activity.TestActivityResultTests.CheckMarkCorrectTextOrFileAnswer()","historyId":"80772ad342a509a8984e9231b9d54957","time":{"start":1740539963205,"stop":1740539995795,"duration":32590},"status":"broken","statusMessage":"System.Reflection.TargetInvocationException : Exception has been thrown by the target of an invocation.\n  ----> OpenQA.Selenium.WebDriverTimeoutException : Timed out after 30 seconds\n  ----> OpenQA.Selenium.NoSuchElementException : no such element: Unable to locate element: {\"method\":\"css selector\",\"selector\":\"[id*='expand']\"}\n  (Session info: chrome=132.0.6834.83); For documentation on this error, please visit: https://www.selenium.dev/documentation/webdriver/troubleshooting/errors#no-such-element-exception","statusTrace":"   at System.Reflection.MethodBaseInvoker.InvokeWithManyArgs(Object obj, BindingFlags invokeAttr, Binder binder, Object[] parameters, CultureInfo culture)\n   at Allure.Net.Commons.Steps.AllureStepAspectBase.Around(String name, Object[] args, Func`2 target, MethodBase metadata, Type returnType)\n   at OdinUiTests.Pages.ActivityCommonPage.__a$_around_ClickOnStudentAttempt_100666062_w_0(Object[])\n   at OdinUiTests.Pages.ActivityCommonPage.ClickOnStudentAttempt()\n   at OdinUiTests.Tests.Activity.TestActivityResultTests.CheckMarkCorrectTextOrFileAnswer() in /azp/_work/2/s/Tests/Activity/TestActivityTests.cs:line 515\n   at System.RuntimeMethodHandle.InvokeMethod(Object target, Void** arguments, Signature sig, Boolean isConstructor)\n   at System.Reflection.MethodBaseInvoker.InvokeWithNoArgs(Object obj, BindingFlags invokeAttr)\n--WebDriverTimeoutException\n   at OpenQA.Selenium.Support.UI.DefaultWait`1.ThrowTimeoutException(String exceptionMessage, Exception lastException)\n   at OpenQA.Selenium.Support.UI.DefaultWait`1.Until[TResult](Func`2 condition, CancellationToken token)\n   at OpenQA.Selenium.Support.UI.DefaultWait`1.Until[TResult](Func`2 condition)\n   at OdinUiTests.Pages.ActivityCommonPage.__a$_around_ClickOnStudentAttempt_100666062_o() in /azp/_work/2/s/Pages/ActivityCommonPage.cs:line 324\n   at OdinUiTests.Pages.ActivityCommonPage.__a$_around_ClickOnStudentAttempt_100666062_u(Object[])\n   at Allure.Net.Commons.Steps.AllureAbstractStepAspect.WrapSync[T](Func`2 target, Object[] args, MethodBase metadata, String stepName, List`1 stepParameters)\n   at InvokeStub_AllureAbstractStepAspect.WrapSync(Object, Span`1)\n   at System.Reflection.MethodBaseInvoker.InvokeWithManyArgs(Object obj, BindingFlags invokeAttr, Binder binder, Object[] parameters, CultureInfo culture)\n--NoSuchElementException\n   at OpenQA.Selenium.WebDriver.UnpackAndThrowOnError(Response errorResponse, String commandToExecute)\n   at OpenQA.Selenium.WebDriver.ExecuteAsync(String driverCommandToExecute, Dictionary`2 parameters)\n   at SeleniumExtras.WaitHelpers.ExpectedConditions.<>c__DisplayClass19_0.<ElementToBeClickable>b__0(IWebDriver driver)\n   at OpenQA.Selenium.Support.UI.DefaultWait`1.Until[TResult](Func`2 condition, CancellationToken token)","flaky":false,"newFailed":false,"newBroken":false,"newPassed":false,"retriesCount":1,"retriesStatusChange":false,"beforeStages":[],"testStage":{"status":"broken","statusMessage":"System.Reflection.TargetInvocationException : Exception has been thrown by the target of an invocation.\n  ----> OpenQA.Selenium.WebDriverTimeoutException : Timed out after 30 seconds\n  ----> OpenQA.Selenium.NoSuchElementException : no such element: Unable to locate element: {\"method\":\"css selector\",\"selector\":\"[id*='expand']\"}\n  (Session info: chrome=132.0.6834.83); For documentation on this error, please visit: https://www.selenium.dev/documentation/webdriver/troubleshooting/errors#no-such-element-exception","statusTrace":"   at System.Reflection.MethodBaseInvoker.InvokeWithManyArgs(Object obj, BindingFlags invokeAttr, Binder binder, Object[] parameters, CultureInfo culture)\n   at Allure.Net.Commons.Steps.AllureStepAspectBase.Around(String name, Object[] args, Func`2 target, MethodBase metadata, Type returnType)\n   at OdinUiTests.Pages.ActivityCommonPage.__a$_around_ClickOnStudentAttempt_100666062_w_0(Object[])\n   at OdinUiTests.Pages.ActivityCommonPage.ClickOnStudentAttempt()\n   at OdinUiTests.Tests.Activity.TestActivityResultTests.CheckMarkCorrectTextOrFileAnswer() in /azp/_work/2/s/Tests/Activity/TestActivityTests.cs:line 515\n   at System.RuntimeMethodHandle.InvokeMethod(Object target, Void** arguments, Signature sig, Boolean isConstructor)\n   at System.Reflection.MethodBaseInvoker.InvokeWithNoArgs(Object obj, BindingFlags invokeAttr)\n--WebDriverTimeoutException\n   at OpenQA.Selenium.Support.UI.DefaultWait`1.ThrowTimeoutException(String exceptionMessage, Exception lastException)\n   at OpenQA.Selenium.Support.UI.DefaultWait`1.Until[TResult](Func`2 condition, CancellationToken token)\n   at OpenQA.Selenium.Support.UI.DefaultWait`1.Until[TResult](Func`2 condition)\n   at OdinUiTests.Pages.ActivityCommonPage.__a$_around_ClickOnStudentAttempt_100666062_o() in /azp/_work/2/s/Pages/ActivityCommonPage.cs:line 324\n   at OdinUiTests.Pages.ActivityCommonPage.__a$_around_ClickOnStudentAttempt_100666062_u(Object[])\n   at Allure.Net.Commons.Steps.AllureAbstractStepAspect.WrapSync[T](Func`2 target, Object[] args, MethodBase metadata, String stepName, List`1 stepParameters)\n   at InvokeStub_AllureAbstractStepAspect.WrapSync(Object, Span`1)\n   at System.Reflection.MethodBaseInvoker.InvokeWithManyArgs(Object obj, BindingFlags invokeAttr, Binder binder, Object[] parameters, CultureInfo culture)\n--NoSuchElementException\n   at OpenQA.Selenium.WebDriver.UnpackAndThrowOnError(Response errorResponse, String commandToExecute)\n   at OpenQA.Selenium.WebDriver.ExecuteAsync(String driverCommandToExecute, Dictionary`2 parameters)\n   at SeleniumExtras.WaitHelpers.ExpectedConditions.<>c__DisplayClass19_0.<ElementToBeClickable>b__0(IWebDriver driver)\n   at OpenQA.Selenium.Support.UI.DefaultWait`1.Until[TResult](Func`2 condition, CancellationToken token)","steps":[{"name":"Открыть страницу активности","time":{"start":1740539963222,"stop":1740539963534,"duration":312},"status":"passed","steps":[],"attachments":[],"parameters":[{"name":"activityId","value":"\"617\""}],"stepsCount":0,"attachmentsCount":0,"shouldDisplayMessage":false,"hasContent":true},{"name":"Нажать на попытку прохождения теста","time":{"start":1740539963534,"stop":1740539995196,"duration":31662},"status":"broken","statusMessage":"Timed out after 30 seconds","statusTrace":"OpenQA.Selenium.WebDriverTimeoutException: Timed out after 30 seconds\n ---> OpenQA.Selenium.NoSuchElementException: no such element: Unable to locate element: {\"method\":\"css selector\",\"selector\":\"[id*='expand']\"}\n  (Session info: chrome=132.0.6834.83); For documentation on this error, please visit: https://www.selenium.dev/documentation/webdriver/troubleshooting/errors#no-such-element-exception\n   at OpenQA.Selenium.WebDriver.UnpackAndThrowOnError(Response errorResponse, String commandToExecute)\n   at OpenQA.Selenium.WebDriver.ExecuteAsync(String driverCommandToExecute, Dictionary`2 parameters)\n   at SeleniumExtras.WaitHelpers.ExpectedConditions.<>c__DisplayClass19_0.<ElementToBeClickable>b__0(IWebDriver driver)\n   at OpenQA.Selenium.Support.UI.DefaultWait`1.Until[TResult](Func`2 condition, CancellationToken token)\n   --- End of inner exception stack trace ---\n   at OpenQA.Selenium.Support.UI.DefaultWait`1.ThrowTimeoutException(String exceptionMessage, Exception lastException)\n   at OpenQA.Selenium.Support.UI.DefaultWait`1.Until[TResult](Func`2 condition, CancellationToken token)\n   at OpenQA.Selenium.Support.UI.DefaultWait`1.Until[TResult](Func`2 condition)\n   at OdinUiTests.Pages.ActivityCommonPage.__a$_around_ClickOnStudentAttempt_100666062_o() in /azp/_work/2/s/Pages/ActivityCommonPage.cs:line 324\n   at OdinUiTests.Pages.ActivityCommonPage.__a$_around_ClickOnStudentAttempt_100666062_u(Object[])\n   at Allure.Net.Commons.Steps.AllureAbstractStepAspect.WrapSync[T](Func`2 target, Object[] args, MethodBase metadata, String stepName, List`1 stepParameters)","steps":[],"attachments":[],"parameters":[],"stepsCount":0,"attachmentsCount":0,"shouldDisplayMessage":true,"hasContent":true}],"attachments":[{"uid":"786f38cff26ea6ed","name":"CheckMarkCorrectTextOrFileAnswer.jpg","source":"786f38cff26ea6ed.jpg","type":"image/jpeg","size":225664},{"uid":"58d0c2a3a41bac74","name":"Console Output","source":"58d0c2a3a41bac74.txt","type":"text/plain","size":46}],"parameters":[],"stepsCount":2,"attachmentsCount":2,"shouldDisplayMessage":true,"hasContent":true},"afterStages":[],"labels":[{"name":"thread","value":"NUnit.Fw.ParallelWorker#6"},{"name":"host","value":"7631391289e3"},{"name":"language","value":"C#"},{"name":"framework","value":"NUnit 3"},{"name":"package","value":"OdinUiTests.Tests.Activity"},{"name":"testMethod","value":"CheckMarkCorrectTextOrFileAnswer"},{"name":"testClass","value":"TestActivityResultTests"},{"name":"parentSuite","value":"Активность"},{"name":"suite","value":"Контрольная"},{"name":"subSuite","value":"Результат прохождения теста"},{"name":"severity","value":"critical"},{"name":"tag","value":"Активность"},{"name":"tag","value":"Дежурство"},{"name":"tag","value":"Регресс"},{"name":"resultFormat","value":"allure2"}],"parameters":[],"links":[],"hidden":false,"retry":false,"extra":{"severity":"critical","retries":[{"uid":"1b999d6d2005e9b2","status":"broken","statusDetails":"System.Reflection.TargetInvocationException : Exception has been thrown by the target of an invocation.\n  ----> OpenQA.Selenium.WebDriverTimeoutException : Timed out after 30 seconds\n  ----> OpenQA.Selenium.NoSuchElementException : no such element: Unable to locate element: {\"method\":\"css selector\",\"selector\":\"[id*='expand']\"}\n  (Session info: chrome=132.0.6834.83); For documentation on this error, please visit: https://www.selenium.dev/documentation/webdriver/troubleshooting/errors#no-such-element-exception","time":{"start":1740539135539,"stop":1740539170035,"duration":34496}}],"categories":[{"name":"Test defects","matchedStatuses":[],"flaky":false}],"history":{"statistic":{"failed":2,"broken":2,"skipped":0,"passed":102,"unknown":0,"total":106},"items":[{"uid":"4506279d1f5d500d","status":"broken","statusDetails":"System.Reflection.TargetInvocationException : Exception has been thrown by the target of an invocation.\n  ----> OpenQA.Selenium.WebDriverTimeoutException : Timed out after 30 seconds\n  ----> OpenQA.Selenium.NoSuchElementException : no such element: Unable to locate element: {\"method\":\"css selector\",\"selector\":\"[id*='expand']\"}\n  (Session info: chrome=132.0.6834.83); For documentation on this error, please visit: https://www.selenium.dev/documentation/webdriver/troubleshooting/errors#no-such-element-exception","time":{"start":1740534041088,"stop":1740534073426,"duration":32338}},{"uid":"5dd50c2411c0a4a","status":"passed","time":{"start":1740120547847,"stop":1740120592559,"duration":44712}},{"uid":"493e5944e6e8db6","status":"passed","time":{"start":1739341446617,"stop":1739341484327,"duration":37710}},{"uid":"b40d58b6f188d954","status":"passed","time":{"start":1737611956249,"stop":1737611988860,"duration":32611}},{"uid":"266838eaa4db29c7","status":"passed","time":{"start":1737566155173,"stop":1737566192071,"duration":36898}},{"uid":"defefea823fd8e36","status":"passed","time":{"start":1737524562114,"stop":1737524591116,"duration":29002}},{"uid":"ea9ddaa149c700c","status":"passed","time":{"start":1736950616158,"stop":1736950637069,"duration":20911}},{"uid":"d91d8fba1abd88d9","status":"passed","time":{"start":1736922898981,"stop":1736922926167,"duration":27186}},{"uid":"1debf555ff7ded63","status":"passed","time":{"start":1736922898981,"stop":1736922926167,"duration":27186}},{"uid":"993a986720e09e53","status":"passed","time":{"start":1735130257175,"stop":1735130267979,"duration":10804}},{"uid":"acb40899fdc572c2","status":"passed","time":{"start":1732693106497,"stop":1732693118137,"duration":11640}},{"uid":"e3aff411e1867f4","status":"passed","time":{"start":1732117668730,"stop":1732117678752,"duration":10022}},{"uid":"151e7a2ee4d7ae29","status":"passed","time":{"start":1732033396004,"stop":1732033407699,"duration":11695}},{"uid":"ee3cb379b9b0f0cd","status":"passed","time":{"start":1731945752688,"stop":1731945761760,"duration":9072}},{"uid":"2b894581d61adea1","status":"passed","time":{"start":1729836980004,"stop":1729836988606,"duration":8602}},{"uid":"9c300ab6c575fba8","status":"passed","time":{"start":1729747386419,"stop":1729747400229,"duration":13810}},{"uid":"e2e856b7362c92c4","status":"passed","time":{"start":1729672124282,"stop":1729672138638,"duration":14356}},{"uid":"991e17aaec3c8a10","status":"passed","time":{"start":1729611501702,"stop":1729611510092,"duration":8390}},{"uid":"131252c10eab0d24","status":"passed","time":{"start":1729578008261,"stop":1729578016948,"duration":8687}},{"uid":"454dc95d5dc16524","status":"passed","statusDetails":"Можно отметить Верно в ответе на  вопрос с типом ответа Свободный ответ или Файл","time":{"start":1729228752128,"stop":1729228761558,"duration":9430}}]},"tags":["Регресс","Дежурство","Активность"]},"source":"2cadcdb9bb1e0129.json","parameterValues":[]}