{"uid":"2cc726fab6bf91e0","name":"Можно добавить материал типа Тест из Библиотеки в шаблон контрольной","fullName":"OdinUiTests:OdinUiTests.Tests.Activity.TestTemplateAddingTests.CheckAddTestToControlActivityPlan()","historyId":"90232b3a8b5d771aa721c3e0cbd5a96b","time":{"start":1744639438472,"stop":1744639481192,"duration":42720},"status":"broken","statusMessage":"OpenQA.Selenium.WebDriverTimeoutException : Timed out after 30 seconds\n  ----> OpenQA.Selenium.NoSuchElementException : no such element: Unable to locate element: {\"method\":\"css selector\",\"selector\":\".rename-input .ellipsis\"}\n  (Session info: chrome=132.0.6834.83); For documentation on this error, please visit: https://www.selenium.dev/documentation/webdriver/troubleshooting/errors#no-such-element-exception","statusTrace":"   at OpenQA.Selenium.Support.UI.DefaultWait`1.ThrowTimeoutException(String exceptionMessage, Exception lastException)\n   at OpenQA.Selenium.Support.UI.DefaultWait`1.Until[TResult](Func`2 condition, CancellationToken token)\n   at OpenQA.Selenium.Support.UI.DefaultWait`1.Until[TResult](Func`2 condition)\n   at OdinUiTests.Services.CommonService.ChooseMaterialByName(IWebDriver driver, List`1 materialName, Boolean fromInfoPage) in /azp/_work/2/s/Services/CommonService.cs:line 182\n   at OdinUiTests.Pages.ActivityCommonEditPage.<>c__DisplayClass99_0.<AddMaterialByName>b__0() in /azp/_work/2/s/Pages/ActivityCommonEditPage.cs:line 395\n   at Allure.Net.Commons.AllureApi.<>c__DisplayClass34_0.<Step>b__0()\n   at Allure.Net.Commons.AllureApi.ExecuteAction[T](String name, Action`1 start, Func`1 action, Action`1 resolve)\n   at Allure.Net.Commons.AllureApi.ExecuteStep[T](String name, Func`1 action)\n   at Allure.Net.Commons.AllureApi.Step(String name, Action action)\n   at OdinUiTests.Pages.ActivityCommonEditPage.AddMaterialByName(String type, String name) in /azp/_work/2/s/Pages/ActivityCommonEditPage.cs:line 393\n   at OdinUiTests.Tests.Activity.ActivityCommon.AddMaterialFromLibrary(IWebDriver driver, Boolean isTemplate, String id, String type, String name) in /azp/_work/2/s/Tests/Activity/ActivityCommon.cs:line 84\n   at OdinUiTests.Tests.Activity.ActivityCommon.AddTestToActivityPlan(IWebDriver driver, String contentId) in /azp/_work/2/s/Tests/Activity/ActivityCommon.cs:line 105\n   at OdinUiTests.Tests.Activity.TestTemplateAddingTests.CheckAddTestToControlActivityPlan() in /azp/_work/2/s/Tests/Activity/TestTemplateTests.cs:line 78\n   at System.RuntimeMethodHandle.InvokeMethod(Object target, Void** arguments, Signature sig, Boolean isConstructor)\n   at System.Reflection.MethodBaseInvoker.InvokeWithNoArgs(Object obj, BindingFlags invokeAttr)\n--NoSuchElementException\n   at OpenQA.Selenium.WebDriver.UnpackAndThrowOnError(Response errorResponse, String commandToExecute)\n   at OpenQA.Selenium.WebDriver.ExecuteAsync(String driverCommandToExecute, Dictionary`2 parameters)\n   at SeleniumExtras.WaitHelpers.ExpectedConditions.<>c__DisplayClass19_0.<ElementToBeClickable>b__0(IWebDriver driver)\n   at OpenQA.Selenium.Support.UI.DefaultWait`1.Until[TResult](Func`2 condition, CancellationToken token)","flaky":false,"newFailed":false,"newBroken":true,"newPassed":false,"retriesCount":1,"retriesStatusChange":false,"beforeStages":[],"testStage":{"status":"broken","statusMessage":"OpenQA.Selenium.WebDriverTimeoutException : Timed out after 30 seconds\n  ----> OpenQA.Selenium.NoSuchElementException : no such element: Unable to locate element: {\"method\":\"css selector\",\"selector\":\".rename-input .ellipsis\"}\n  (Session info: chrome=132.0.6834.83); For documentation on this error, please visit: https://www.selenium.dev/documentation/webdriver/troubleshooting/errors#no-such-element-exception","statusTrace":"   at OpenQA.Selenium.Support.UI.DefaultWait`1.ThrowTimeoutException(String exceptionMessage, Exception lastException)\n   at OpenQA.Selenium.Support.UI.DefaultWait`1.Until[TResult](Func`2 condition, CancellationToken token)\n   at OpenQA.Selenium.Support.UI.DefaultWait`1.Until[TResult](Func`2 condition)\n   at OdinUiTests.Services.CommonService.ChooseMaterialByName(IWebDriver driver, List`1 materialName, Boolean fromInfoPage) in /azp/_work/2/s/Services/CommonService.cs:line 182\n   at OdinUiTests.Pages.ActivityCommonEditPage.<>c__DisplayClass99_0.<AddMaterialByName>b__0() in /azp/_work/2/s/Pages/ActivityCommonEditPage.cs:line 395\n   at Allure.Net.Commons.AllureApi.<>c__DisplayClass34_0.<Step>b__0()\n   at Allure.Net.Commons.AllureApi.ExecuteAction[T](String name, Action`1 start, Func`1 action, Action`1 resolve)\n   at Allure.Net.Commons.AllureApi.ExecuteStep[T](String name, Func`1 action)\n   at Allure.Net.Commons.AllureApi.Step(String name, Action action)\n   at OdinUiTests.Pages.ActivityCommonEditPage.AddMaterialByName(String type, String name) in /azp/_work/2/s/Pages/ActivityCommonEditPage.cs:line 393\n   at OdinUiTests.Tests.Activity.ActivityCommon.AddMaterialFromLibrary(IWebDriver driver, Boolean isTemplate, String id, String type, String name) in /azp/_work/2/s/Tests/Activity/ActivityCommon.cs:line 84\n   at OdinUiTests.Tests.Activity.ActivityCommon.AddTestToActivityPlan(IWebDriver driver, String contentId) in /azp/_work/2/s/Tests/Activity/ActivityCommon.cs:line 105\n   at OdinUiTests.Tests.Activity.TestTemplateAddingTests.CheckAddTestToControlActivityPlan() in /azp/_work/2/s/Tests/Activity/TestTemplateTests.cs:line 78\n   at System.RuntimeMethodHandle.InvokeMethod(Object target, Void** arguments, Signature sig, Boolean isConstructor)\n   at System.Reflection.MethodBaseInvoker.InvokeWithNoArgs(Object obj, BindingFlags invokeAttr)\n--NoSuchElementException\n   at OpenQA.Selenium.WebDriver.UnpackAndThrowOnError(Response errorResponse, String commandToExecute)\n   at OpenQA.Selenium.WebDriver.ExecuteAsync(String driverCommandToExecute, Dictionary`2 parameters)\n   at SeleniumExtras.WaitHelpers.ExpectedConditions.<>c__DisplayClass19_0.<ElementToBeClickable>b__0(IWebDriver driver)\n   at OpenQA.Selenium.Support.UI.DefaultWait`1.Until[TResult](Func`2 condition, CancellationToken token)","steps":[{"name":"Открыть страницу редактирования активности","time":{"start":1744639439045,"stop":1744639440775,"duration":1730},"status":"passed","steps":[{"name":"Открыть страницу редактирования шаблона активности","time":{"start":1744639439045,"stop":1744639440775,"duration":1730},"status":"passed","steps":[],"attachments":[],"parameters":[{"name":"contentId","value":"\"914\""}],"stepsCount":0,"attachmentsCount":0,"shouldDisplayMessage":false,"hasContent":true}],"attachments":[],"parameters":[{"name":"isTemplate","value":"true"},{"name":"id","value":"\"914\""}],"stepsCount":1,"attachmentsCount":0,"shouldDisplayMessage":false,"hasContent":true},{"name":"Нажать на кнопку 'Добавить материалы'","time":{"start":1744639440775,"stop":1744639449777,"duration":9002},"status":"passed","steps":[],"attachments":[],"parameters":[],"stepsCount":0,"attachmentsCount":0,"shouldDisplayMessage":false,"hasContent":false},{"name":"Выбрать материал типа 'Тест' из Библиотеки по названию и подтвердить выбор","time":{"start":1744639449777,"stop":1744639479786,"duration":30009},"status":"broken","statusMessage":"Timed out after 30 seconds","statusTrace":"OpenQA.Selenium.WebDriverTimeoutException: Timed out after 30 seconds\n ---> OpenQA.Selenium.NoSuchElementException: no such element: Unable to locate element: {\"method\":\"css selector\",\"selector\":\".rename-input .ellipsis\"}\n  (Session info: chrome=132.0.6834.83); For documentation on this error, please visit: https://www.selenium.dev/documentation/webdriver/troubleshooting/errors#no-such-element-exception\n   at OpenQA.Selenium.WebDriver.UnpackAndThrowOnError(Response errorResponse, String commandToExecute)\n   at OpenQA.Selenium.WebDriver.ExecuteAsync(String driverCommandToExecute, Dictionary`2 parameters)\n   at SeleniumExtras.WaitHelpers.ExpectedConditions.<>c__DisplayClass19_0.<ElementToBeClickable>b__0(IWebDriver driver)\n   at OpenQA.Selenium.Support.UI.DefaultWait`1.Until[TResult](Func`2 condition, CancellationToken token)\n   --- End of inner exception stack trace ---\n   at OpenQA.Selenium.Support.UI.DefaultWait`1.ThrowTimeoutException(String exceptionMessage, Exception lastException)\n   at OpenQA.Selenium.Support.UI.DefaultWait`1.Until[TResult](Func`2 condition, CancellationToken token)\n   at OpenQA.Selenium.Support.UI.DefaultWait`1.Until[TResult](Func`2 condition)\n   at OdinUiTests.Services.CommonService.ChooseMaterialByName(IWebDriver driver, List`1 materialName, Boolean fromInfoPage) in /azp/_work/2/s/Services/CommonService.cs:line 182\n   at OdinUiTests.Pages.ActivityCommonEditPage.<>c__DisplayClass99_0.<AddMaterialByName>b__0() in /azp/_work/2/s/Pages/ActivityCommonEditPage.cs:line 395\n   at Allure.Net.Commons.AllureApi.<>c__DisplayClass34_0.<Step>b__0()\n   at Allure.Net.Commons.AllureApi.ExecuteAction[T](String name, Action`1 start, Func`1 action, Action`1 resolve)\n   at Allure.Net.Commons.AllureApi.ExecuteStep[T](String name, Func`1 action)\n   at Allure.Net.Commons.AllureApi.Step(String name, Action action)\n   at OdinUiTests.Pages.ActivityCommonEditPage.AddMaterialByName(String type, String name) in /azp/_work/2/s/Pages/ActivityCommonEditPage.cs:line 393\n   at OdinUiTests.Tests.Activity.ActivityCommon.AddMaterialFromLibrary(IWebDriver driver, Boolean isTemplate, String id, String type, String name) in /azp/_work/2/s/Tests/Activity/ActivityCommon.cs:line 84\n   at OdinUiTests.Tests.Activity.ActivityCommon.AddTestToActivityPlan(IWebDriver driver, String contentId) in /azp/_work/2/s/Tests/Activity/ActivityCommon.cs:line 105\n   at OdinUiTests.Tests.Activity.TestTemplateAddingTests.CheckAddTestToControlActivityPlan() in /azp/_work/2/s/Tests/Activity/TestTemplateTests.cs:line 78\n   at System.RuntimeMethodHandle.InvokeMethod(Object target, Void** arguments, Signature sig, Boolean isConstructor)\n   at System.Reflection.MethodBaseInvoker.InvokeWithNoArgs(Object obj, BindingFlags invokeAttr)","steps":[],"attachments":[],"parameters":[],"stepsCount":0,"attachmentsCount":0,"shouldDisplayMessage":true,"hasContent":true}],"attachments":[{"uid":"5064e28cc4a2aee1","name":"CheckAddTestToControlActivityPlan.jpg","source":"5064e28cc4a2aee1.jpg","type":"image/jpeg","size":113780},{"uid":"d16c69b8f547a962","name":"Console Output","source":"d16c69b8f547a962.txt","type":"text/plain","size":51}],"parameters":[],"stepsCount":4,"attachmentsCount":2,"shouldDisplayMessage":true,"hasContent":true},"afterStages":[],"labels":[{"name":"thread","value":"NUnit.Fw.ParallelWorker#5"},{"name":"host","value":"18be674a4d97"},{"name":"language","value":"C#"},{"name":"framework","value":"NUnit 3"},{"name":"package","value":"OdinUiTests.Tests.Activity"},{"name":"testMethod","value":"CheckAddTestToControlActivityPlan"},{"name":"testClass","value":"TestTemplateAddingTests"},{"name":"parentSuite","value":"Активность"},{"name":"suite","value":"Шаблон активности контрольной"},{"name":"subSuite","value":"Редактирование шаблона контрольной"},{"name":"severity","value":"normal"},{"name":"tag","value":"Активность"},{"name":"tag","value":"Дежурство"},{"name":"tag","value":"Регресс"},{"name":"resultFormat","value":"allure2"}],"parameters":[],"links":[],"hidden":false,"retry":false,"extra":{"severity":"normal","retries":[{"uid":"704224355dc22b53","status":"broken","statusDetails":"OpenQA.Selenium.WebDriverTimeoutException : Timed out after 30 seconds\n  ----> OpenQA.Selenium.NoSuchElementException : no such element: Unable to locate element: {\"method\":\"css selector\",\"selector\":\".rename-input .ellipsis\"}\n  (Session info: chrome=132.0.6834.83); For documentation on this error, please visit: https://www.selenium.dev/documentation/webdriver/troubleshooting/errors#no-such-element-exception","time":{"start":1744637684255,"stop":1744637732265,"duration":48010}}],"categories":[{"name":"Test defects","matchedStatuses":[],"flaky":false}],"history":{"statistic":{"failed":3,"broken":1,"skipped":0,"passed":109,"unknown":0,"total":113},"items":[{"uid":"cedb8252f4410df6","status":"passed","time":{"start":1743658012551,"stop":1743658052632,"duration":40081}},{"uid":"b1e6a848d4ec2c85","status":"passed","time":{"start":1743057312639,"stop":1743057352536,"duration":39897}},{"uid":"4a7e9aa91c904df0","status":"passed","time":{"start":1741889294732,"stop":1741889326333,"duration":31601}},{"uid":"3babf485a2d5d4f","status":"passed","time":{"start":1741849613443,"stop":1741849649443,"duration":36000}},{"uid":"9bfa4554230203b1","status":"passed","time":{"start":1741236092693,"stop":1741236132886,"duration":40193}},{"uid":"d68a7af1264a4107","status":"passed","time":{"start":1741138980160,"stop":1741139012166,"duration":32006}},{"uid":"6abd1e213b64d9d8","status":"passed","time":{"start":1740538981829,"stop":1740539018446,"duration":36617}},{"uid":"67debc91795b5113","status":"passed","time":{"start":1740533410473,"stop":1740533436086,"duration":25613}},{"uid":"56b84778024d8c54","status":"passed","time":{"start":1740120394347,"stop":1740120440342,"duration":45995}},{"uid":"e435ba04688550de","status":"passed","time":{"start":1739341300233,"stop":1739341336029,"duration":35796}},{"uid":"4e63dc73d8b3e4a0","status":"passed","time":{"start":1737611828956,"stop":1737611862362,"duration":33406}},{"uid":"3db215090797e46a","status":"passed","time":{"start":1737566016365,"stop":1737566049061,"duration":32696}},{"uid":"c7ebc3ba2c10996e","status":"passed","time":{"start":1737524428434,"stop":1737524455327,"duration":26893}},{"uid":"4e9ba081ef9ec60","status":"passed","time":{"start":1736950546972,"stop":1736950564660,"duration":17688}},{"uid":"8ac2a1f8f47fe016","status":"passed","time":{"start":1736922798689,"stop":1736922822281,"duration":23592}},{"uid":"a015144f162e1920","status":"passed","time":{"start":1736922798689,"stop":1736922822281,"duration":23592}},{"uid":"5c670fd510f1164b","status":"passed","time":{"start":1735130255145,"stop":1735130266954,"duration":11809}},{"uid":"6690963955bfc1fa","status":"passed","time":{"start":1732693112739,"stop":1732693123401,"duration":10662}},{"uid":"1b232405ed8eaf11","status":"passed","time":{"start":1732117678387,"stop":1732117691085,"duration":12698}},{"uid":"2512dbbf6c114f3c","status":"passed","time":{"start":1732033413795,"stop":1732033428418,"duration":14623}}]},"tags":["Регресс","Дежурство","Активность"]},"source":"2cc726fab6bf91e0.json","parameterValues":[]}