{"uid":"2d9ccf21f1fe273e","name":"Появление модалки при сохранении, если не был добавлен материал типа Тест","fullName":"OdinUiTests:OdinUiTests.Tests.Activity.TestActivityCreatingTests.CheckModalAppearsIfTestIsNotAdded()","historyId":"aa5b603b75bc02e199bf6bdc9d0ad753","time":{"start":1729673333302,"stop":1729673364120,"duration":30818},"status":"broken","statusMessage":"OpenQA.Selenium.WebDriverTimeoutException : Timed out after 30 seconds\n  ----> OpenQA.Selenium.NoSuchElementException : no such element: Unable to locate element: {\"method\":\"xpath\",\"selector\":\"//div[text()='Тип активности']/parent::div\"}\n  (Session info: chrome-headless-shell=126.0.6478.126); For documentation on this error, please visit: https://www.selenium.dev/documentation/webdriver/troubleshooting/errors#no-such-element-exception","statusTrace":"   at OpenQA.Selenium.Support.UI.DefaultWait`1.ThrowTimeoutException(String exceptionMessage, Exception lastException)\n   at OpenQA.Selenium.Support.UI.DefaultWait`1.Until[TResult](Func`2 condition, CancellationToken token)\n   at OpenQA.Selenium.Support.UI.DefaultWait`1.Until[TResult](Func`2 condition)\n   at OdinUiTests.Services.CommonService.SelectValueFromDropdown(IWebDriver driver, String type) in /azp/_work/1/s/Services/CommonService.cs:line 764\n   at OdinUiTests.Pages.ActivityCommonEditPage.<>c__DisplayClass93_0.<SetActivityType>b__0() in /azp/_work/1/s/Pages/ActivityCommonEditPage.cs:line 347\n   at Allure.Net.Commons.AllureApi.<>c__DisplayClass34_0.<Step>b__0()\n   at Allure.Net.Commons.AllureApi.ExecuteAction[T](String name, Action`1 start, Func`1 action, Action`1 resolve)\n   at Allure.Net.Commons.AllureApi.ExecuteStep[T](String name, Func`1 action)\n   at Allure.Net.Commons.AllureApi.Step(String name, Action action)\n   at OdinUiTests.Pages.ActivityCommonEditPage.SetActivityType(String type) in /azp/_work/1/s/Pages/ActivityCommonEditPage.cs:line 345\n   at OdinUiTests.Tests.Activity.TestActivityCreatingTests.CheckModalAppearsIfTestIsNotAdded() in /azp/_work/1/s/Tests/Activity/TestActivityTests.cs:line 45\n   at System.RuntimeMethodHandle.InvokeMethod(Object target, Void** arguments, Signature sig, Boolean isConstructor)\n   at System.Reflection.MethodBaseInvoker.InvokeWithNoArgs(Object obj, BindingFlags invokeAttr)\n--NoSuchElementException\n   at OpenQA.Selenium.WebDriver.UnpackAndThrowOnError(Response errorResponse, String commandToExecute)\n   at OpenQA.Selenium.WebDriver.ExecuteAsync(String driverCommandToExecute, Dictionary`2 parameters)\n   at SeleniumExtras.WaitHelpers.ExpectedConditions.<>c__DisplayClass19_0.<ElementToBeClickable>b__0(IWebDriver driver)\n   at OpenQA.Selenium.Support.UI.DefaultWait`1.Until[TResult](Func`2 condition, CancellationToken token)","flaky":false,"newFailed":false,"newBroken":false,"newPassed":false,"retriesCount":1,"retriesStatusChange":false,"beforeStages":[],"testStage":{"status":"broken","statusMessage":"OpenQA.Selenium.WebDriverTimeoutException : Timed out after 30 seconds\n  ----> OpenQA.Selenium.NoSuchElementException : no such element: Unable to locate element: {\"method\":\"xpath\",\"selector\":\"//div[text()='Тип активности']/parent::div\"}\n  (Session info: chrome-headless-shell=126.0.6478.126); For documentation on this error, please visit: https://www.selenium.dev/documentation/webdriver/troubleshooting/errors#no-such-element-exception","statusTrace":"   at OpenQA.Selenium.Support.UI.DefaultWait`1.ThrowTimeoutException(String exceptionMessage, Exception lastException)\n   at OpenQA.Selenium.Support.UI.DefaultWait`1.Until[TResult](Func`2 condition, CancellationToken token)\n   at OpenQA.Selenium.Support.UI.DefaultWait`1.Until[TResult](Func`2 condition)\n   at OdinUiTests.Services.CommonService.SelectValueFromDropdown(IWebDriver driver, String type) in /azp/_work/1/s/Services/CommonService.cs:line 764\n   at OdinUiTests.Pages.ActivityCommonEditPage.<>c__DisplayClass93_0.<SetActivityType>b__0() in /azp/_work/1/s/Pages/ActivityCommonEditPage.cs:line 347\n   at Allure.Net.Commons.AllureApi.<>c__DisplayClass34_0.<Step>b__0()\n   at Allure.Net.Commons.AllureApi.ExecuteAction[T](String name, Action`1 start, Func`1 action, Action`1 resolve)\n   at Allure.Net.Commons.AllureApi.ExecuteStep[T](String name, Func`1 action)\n   at Allure.Net.Commons.AllureApi.Step(String name, Action action)\n   at OdinUiTests.Pages.ActivityCommonEditPage.SetActivityType(String type) in /azp/_work/1/s/Pages/ActivityCommonEditPage.cs:line 345\n   at OdinUiTests.Tests.Activity.TestActivityCreatingTests.CheckModalAppearsIfTestIsNotAdded() in /azp/_work/1/s/Tests/Activity/TestActivityTests.cs:line 45\n   at System.RuntimeMethodHandle.InvokeMethod(Object target, Void** arguments, Signature sig, Boolean isConstructor)\n   at System.Reflection.MethodBaseInvoker.InvokeWithNoArgs(Object obj, BindingFlags invokeAttr)\n--NoSuchElementException\n   at OpenQA.Selenium.WebDriver.UnpackAndThrowOnError(Response errorResponse, String commandToExecute)\n   at OpenQA.Selenium.WebDriver.ExecuteAsync(String driverCommandToExecute, Dictionary`2 parameters)\n   at SeleniumExtras.WaitHelpers.ExpectedConditions.<>c__DisplayClass19_0.<ElementToBeClickable>b__0(IWebDriver driver)\n   at OpenQA.Selenium.Support.UI.DefaultWait`1.Until[TResult](Func`2 condition, CancellationToken token)","steps":[{"name":"Открыть страницу создания активности","time":{"start":1729673333302,"stop":1729673333680,"duration":378},"status":"passed","steps":[],"attachments":[],"parameters":[{"name":"disciplineId","value":"\"5038\""}],"stepsCount":0,"attachmentsCount":0,"shouldDisplayMessage":false,"hasContent":true},{"name":"В поле 'Тип активности' выбрать значение 'Контрольная работа'","time":{"start":1729673333680,"stop":1729673363849,"duration":30169},"status":"broken","statusMessage":"Timed out after 30 seconds","statusTrace":"OpenQA.Selenium.WebDriverTimeoutException: Timed out after 30 seconds\n ---> OpenQA.Selenium.NoSuchElementException: no such element: Unable to locate element: {\"method\":\"xpath\",\"selector\":\"//div[text()='Тип активности']/parent::div\"}\n  (Session info: chrome-headless-shell=126.0.6478.126); For documentation on this error, please visit: https://www.selenium.dev/documentation/webdriver/troubleshooting/errors#no-such-element-exception\n   at OpenQA.Selenium.WebDriver.UnpackAndThrowOnError(Response errorResponse, String commandToExecute)\n   at OpenQA.Selenium.WebDriver.ExecuteAsync(String driverCommandToExecute, Dictionary`2 parameters)\n   at SeleniumExtras.WaitHelpers.ExpectedConditions.<>c__DisplayClass19_0.<ElementToBeClickable>b__0(IWebDriver driver)\n   at OpenQA.Selenium.Support.UI.DefaultWait`1.Until[TResult](Func`2 condition, CancellationToken token)\n   --- End of inner exception stack trace ---\n   at OpenQA.Selenium.Support.UI.DefaultWait`1.ThrowTimeoutException(String exceptionMessage, Exception lastException)\n   at OpenQA.Selenium.Support.UI.DefaultWait`1.Until[TResult](Func`2 condition, CancellationToken token)\n   at OpenQA.Selenium.Support.UI.DefaultWait`1.Until[TResult](Func`2 condition)\n   at OdinUiTests.Services.CommonService.SelectValueFromDropdown(IWebDriver driver, String type) in /azp/_work/1/s/Services/CommonService.cs:line 764\n   at OdinUiTests.Pages.ActivityCommonEditPage.<>c__DisplayClass93_0.<SetActivityType>b__0() in /azp/_work/1/s/Pages/ActivityCommonEditPage.cs:line 347\n   at Allure.Net.Commons.AllureApi.<>c__DisplayClass34_0.<Step>b__0()\n   at Allure.Net.Commons.AllureApi.ExecuteAction[T](String name, Action`1 start, Func`1 action, Action`1 resolve)\n   at Allure.Net.Commons.AllureApi.ExecuteStep[T](String name, Func`1 action)\n   at Allure.Net.Commons.AllureApi.Step(String name, Action action)\n   at OdinUiTests.Pages.ActivityCommonEditPage.SetActivityType(String type) in /azp/_work/1/s/Pages/ActivityCommonEditPage.cs:line 345\n   at OdinUiTests.Tests.Activity.TestActivityCreatingTests.CheckModalAppearsIfTestIsNotAdded() in /azp/_work/1/s/Tests/Activity/TestActivityTests.cs:line 45\n   at System.RuntimeMethodHandle.InvokeMethod(Object target, Void** arguments, Signature sig, Boolean isConstructor)\n   at System.Reflection.MethodBaseInvoker.InvokeWithNoArgs(Object obj, BindingFlags invokeAttr)","steps":[],"attachments":[],"parameters":[],"stepsCount":0,"attachmentsCount":0,"shouldDisplayMessage":true,"hasContent":true}],"attachments":[{"uid":"fcd307e02f4c1986","name":"CheckModalAppearsIfTestIsNotAdded.jpg","source":"fcd307e02f4c1986.jpg","type":"image/jpeg","size":100564},{"uid":"e165b1563fadf741","name":"Console Output","source":"e165b1563fadf741.txt","type":"text/plain","size":76}],"parameters":[],"stepsCount":2,"attachmentsCount":2,"shouldDisplayMessage":true,"hasContent":true},"afterStages":[],"labels":[{"name":"thread","value":"ParallelWorker#5"},{"name":"host","value":"07410f714a69"},{"name":"language","value":"C#"},{"name":"framework","value":"NUnit 3"},{"name":"package","value":"OdinUiTests.Tests.Activity"},{"name":"testMethod","value":"CheckModalAppearsIfTestIsNotAdded"},{"name":"testClass","value":"TestActivityCreatingTests"},{"name":"parentSuite","value":"Активность"},{"name":"suite","value":"Контрольная"},{"name":"subSuite","value":"Создание контрольной"},{"name":"severity","value":"critical"},{"name":"tag","value":"Активность"},{"name":"tag","value":"Дежурство"},{"name":"tag","value":"Регресс"},{"name":"resultFormat","value":"allure2"}],"parameters":[],"links":[],"hidden":false,"retry":false,"extra":{"severity":"critical","retries":[{"uid":"631335e4ce51b5e1","status":"broken","statusDetails":"OpenQA.Selenium.WebDriverTimeoutException : Timed out after 30 seconds\n  ----> OpenQA.Selenium.NoSuchElementException : no such element: Unable to locate element: {\"method\":\"xpath\",\"selector\":\"//div[text()='Тип активности']/parent::div\"}\n  (Session info: chrome-headless-shell=126.0.6478.126); For documentation on this error, please visit: https://www.selenium.dev/documentation/webdriver/troubleshooting/errors#no-such-element-exception","time":{"start":1729672100412,"stop":1729672130994,"duration":30582}}],"categories":[{"name":"Test defects","matchedStatuses":[],"flaky":false}],"history":{"statistic":{"failed":0,"broken":3,"skipped":0,"passed":86,"unknown":0,"total":89},"items":[{"uid":"23fcd82482669c6b","status":"broken","statusDetails":"OpenQA.Selenium.WebDriverTimeoutException : Timed out after 30 seconds\n  ----> OpenQA.Selenium.NoSuchElementException : no such element: Unable to locate element: {\"method\":\"xpath\",\"selector\":\"//div[text()='Тип активности']/parent::div\"}\n  (Session info: chrome-headless-shell=126.0.6478.126); For documentation on this error, please visit: https://www.selenium.dev/documentation/webdriver/troubleshooting/errors#no-such-element-exception","time":{"start":1729611510149,"stop":1729611541332,"duration":31183}},{"uid":"ff924c6bda118e01","status":"broken","statusDetails":"OpenQA.Selenium.WebDriverTimeoutException : Timed out after 30 seconds\n  ----> OpenQA.Selenium.NoSuchElementException : no such element: Unable to locate element: {\"method\":\"xpath\",\"selector\":\"//div[text()='Тип активности']/parent::div\"}\n  (Session info: chrome-headless-shell=126.0.6478.126); For documentation on this error, please visit: https://www.selenium.dev/documentation/webdriver/troubleshooting/errors#no-such-element-exception","time":{"start":1729578021088,"stop":1729578051630,"duration":30542}},{"uid":"50d8f158d905a2fd","status":"passed","statusDetails":"Появление модалки при сохранении, если не был добавлен материал типа Тест","time":{"start":1729228730667,"stop":1729228739730,"duration":9063}},{"uid":"81c760ae89874791","status":"passed","statusDetails":"Появление модалки при сохранении, если не был добавлен материал типа Тест","time":{"start":1728639934443,"stop":1728639943511,"duration":9068}},{"uid":"d49df3375c5d14c0","status":"passed","statusDetails":"Появление модалки при сохранении, если не был добавлен материал типа Тест","time":{"start":1728625761348,"stop":1728625770262,"duration":8914}},{"uid":"632fbf63d6ae17bf","status":"passed","statusDetails":"Появление модалки при сохранении, если не был добавлен материал типа Тест","time":{"start":1727714261145,"stop":1727714269236,"duration":8091}},{"uid":"9739ae10a5ca4797","status":"passed","statusDetails":"Появление модалки при сохранении, если не был добавлен материал типа Тест","time":{"start":1727466237608,"stop":1727466248664,"duration":11056}},{"uid":"c1e69683acfcb4c3","status":"passed","statusDetails":"Появление модалки при сохранении, если не был добавлен материал типа Тест","time":{"start":1727440616251,"stop":1727440624143,"duration":7892}},{"uid":"74de57074fc05112","status":"passed","statusDetails":"Появление модалки при сохранении, если не был добавлен материал типа Тест","time":{"start":1727437838942,"stop":1727437847439,"duration":8497}},{"uid":"d997bbcc0fb1a830","status":"passed","statusDetails":"Появление модалки при сохранении, если не был добавлен материал типа Тест","time":{"start":1727352799570,"stop":1727352808033,"duration":8463}},{"uid":"744d90727d27177c","status":"passed","statusDetails":"Появление модалки при сохранении, если не был добавлен материал типа Тест","time":{"start":1727314026166,"stop":1727314033895,"duration":7729}},{"uid":"62de90dc0885dbb1","status":"passed","statusDetails":"Появление модалки при сохранении, если не был добавлен материал типа Тест","time":{"start":1727243800647,"stop":1727243808395,"duration":7748}},{"uid":"6734bb82de3079b3","status":"passed","statusDetails":"Появление модалки при сохранении, если не был добавлен материал типа Тест","time":{"start":1727241115211,"stop":1727241123539,"duration":8328}},{"uid":"ef30cad4df889ce9","status":"passed","statusDetails":"Появление модалки при сохранении, если не был добавлен материал типа Тест","time":{"start":1727072430323,"stop":1727072439240,"duration":8917}},{"uid":"a0e89b2751d08208","status":"passed","statusDetails":"Появление модалки при сохранении, если не был добавлен материал типа Тест","time":{"start":1726128019467,"stop":1726128028909,"duration":9442}},{"uid":"b9681b11914690de","status":"passed","time":{"start":1725342565247,"stop":1725342574362,"duration":9115}},{"uid":"4f9d47f6f7ef24ef","status":"passed","statusDetails":"Появление модалки при сохранении, если не был добавлен материал типа Тест","time":{"start":1722213933574,"stop":1722213940868,"duration":7294}},{"uid":"6cceb6fd48af70ad","status":"passed","statusDetails":"Появление модалки при сохранении, если не был добавлен материал типа Тест","time":{"start":1721977054562,"stop":1721977062403,"duration":7841}},{"uid":"b1d6ba9ef4196338","status":"passed","statusDetails":"Появление модалки при сохранении, если не был добавлен материал типа Тест","time":{"start":1721974741482,"stop":1721974752585,"duration":11103}},{"uid":"819850f8ee5a59ce","status":"passed","statusDetails":"Появление модалки при сохранении, если не был добавлен материал типа Тест","time":{"start":1721815783259,"stop":1721815792517,"duration":9258}}]},"tags":["Регресс","Дежурство","Активность"]},"source":"2d9ccf21f1fe273e.json","parameterValues":[]}