{"uid":"302ada942b58f86f","name":"Можно выбрать созданную резолюцию в завершении обучения","fullName":"OdinUiTests:OdinUiTests.Tests.Cohort.EducationCompletionPageTests.CheckSelectCreatedResolutionToStudentLearningStatus()","historyId":"b69215ad72ea0f73a3d1e121559f1036","time":{"start":1732694007272,"stop":1732694040970,"duration":33698},"status":"broken","statusMessage":"OpenQA.Selenium.WebDriverTimeoutException : Timed out after 30 seconds\n  ----> OpenQA.Selenium.NoSuchElementException : no such element: Unable to locate element: {\"method\":\"css selector\",\"selector\":\".q-notification__message\"}\n  (Session info: chrome-headless-shell=126.0.6478.126); For documentation on this error, please visit: https://www.selenium.dev/documentation/webdriver/troubleshooting/errors#no-such-element-exception","statusTrace":"   at OpenQA.Selenium.Support.UI.DefaultWait`1.ThrowTimeoutException(String exceptionMessage, Exception lastException)\n   at OpenQA.Selenium.Support.UI.DefaultWait`1.Until[TResult](Func`2 condition, CancellationToken token)\n   at OpenQA.Selenium.Support.UI.DefaultWait`1.Until[TResult](Func`2 condition)\n   at OdinUiTests.Pages.EducationCompletionPage.__a$_around_ClickOnSaveButton_100666796_o() in /azp/_work/2/s/Pages/EducationCompletionPage.cs:line 122\n   at OdinUiTests.Pages.EducationCompletionPage.__a$_around_ClickOnSaveButton_100666796_u(Object[])\n   at Allure.Net.Commons.Steps.AllureAbstractStepAspect.WrapSync[T](Func`2 target, Object[] args, MethodBase metadata, String stepName, List`1 stepParameters)\n   at InvokeStub_AllureAbstractStepAspect.WrapSync(Object, Span`1)\n   at System.Reflection.MethodBaseInvoker.InvokeWithManyArgs(Object obj, BindingFlags invokeAttr, Binder binder, Object[] parameters, CultureInfo culture)\n--NoSuchElementException\n   at OpenQA.Selenium.WebDriver.UnpackAndThrowOnError(Response errorResponse, String commandToExecute)\n   at OpenQA.Selenium.WebDriver.ExecuteAsync(String driverCommandToExecute, Dictionary`2 parameters)\n   at SeleniumExtras.WaitHelpers.ExpectedConditions.<>c__DisplayClass7_0.<ElementIsVisible>b__0(IWebDriver driver)\n   at OpenQA.Selenium.Support.UI.DefaultWait`1.Until[TResult](Func`2 condition, CancellationToken token)","flaky":false,"newFailed":false,"newBroken":true,"newPassed":false,"retriesCount":1,"retriesStatusChange":true,"beforeStages":[],"testStage":{"status":"broken","statusMessage":"OpenQA.Selenium.WebDriverTimeoutException : Timed out after 30 seconds\n  ----> OpenQA.Selenium.NoSuchElementException : no such element: Unable to locate element: {\"method\":\"css selector\",\"selector\":\".q-notification__message\"}\n  (Session info: chrome-headless-shell=126.0.6478.126); For documentation on this error, please visit: https://www.selenium.dev/documentation/webdriver/troubleshooting/errors#no-such-element-exception","statusTrace":"   at OpenQA.Selenium.Support.UI.DefaultWait`1.ThrowTimeoutException(String exceptionMessage, Exception lastException)\n   at OpenQA.Selenium.Support.UI.DefaultWait`1.Until[TResult](Func`2 condition, CancellationToken token)\n   at OpenQA.Selenium.Support.UI.DefaultWait`1.Until[TResult](Func`2 condition)\n   at OdinUiTests.Pages.EducationCompletionPage.__a$_around_ClickOnSaveButton_100666796_o() in /azp/_work/2/s/Pages/EducationCompletionPage.cs:line 122\n   at OdinUiTests.Pages.EducationCompletionPage.__a$_around_ClickOnSaveButton_100666796_u(Object[])\n   at Allure.Net.Commons.Steps.AllureAbstractStepAspect.WrapSync[T](Func`2 target, Object[] args, MethodBase metadata, String stepName, List`1 stepParameters)\n   at InvokeStub_AllureAbstractStepAspect.WrapSync(Object, Span`1)\n   at System.Reflection.MethodBaseInvoker.InvokeWithManyArgs(Object obj, BindingFlags invokeAttr, Binder binder, Object[] parameters, CultureInfo culture)\n--NoSuchElementException\n   at OpenQA.Selenium.WebDriver.UnpackAndThrowOnError(Response errorResponse, String commandToExecute)\n   at OpenQA.Selenium.WebDriver.ExecuteAsync(String driverCommandToExecute, Dictionary`2 parameters)\n   at SeleniumExtras.WaitHelpers.ExpectedConditions.<>c__DisplayClass7_0.<ElementIsVisible>b__0(IWebDriver driver)\n   at OpenQA.Selenium.Support.UI.DefaultWait`1.Until[TResult](Func`2 condition, CancellationToken token)","steps":[{"name":"Открыть страницу завершения обучения потока","time":{"start":1732694007835,"stop":1732694008200,"duration":365},"status":"passed","steps":[],"attachments":[],"parameters":[{"name":"id","value":"\"9038\""}],"stepsCount":0,"attachmentsCount":0,"shouldDisplayMessage":false,"hasContent":true},{"name":"Выбрать первого студента из списка","time":{"start":1732694008201,"stop":1732694009301,"duration":1100},"status":"passed","steps":[],"attachments":[],"parameters":[],"stepsCount":0,"attachmentsCount":0,"shouldDisplayMessage":false,"hasContent":false},{"name":"Выбрать созданную резолюцию в статусе завершения обучения студента","time":{"start":1732694009302,"stop":1732694010564,"duration":1262},"status":"passed","steps":[],"attachments":[],"parameters":[{"name":"resInfo","value":"{\"block\":\"Приостановил\",\"text\":\"мзжзев шкцэеьпёя дымыущ\"}"}],"stepsCount":0,"attachmentsCount":0,"shouldDisplayMessage":false,"hasContent":true},{"name":"Нажать на кнопку Сохранить","time":{"start":1732694010565,"stop":1732694040804,"duration":30239},"status":"broken","statusMessage":"Timed out after 30 seconds","statusTrace":"OpenQA.Selenium.WebDriverTimeoutException: Timed out after 30 seconds\n ---> OpenQA.Selenium.NoSuchElementException: no such element: Unable to locate element: {\"method\":\"css selector\",\"selector\":\".q-notification__message\"}\n  (Session info: chrome-headless-shell=126.0.6478.126); For documentation on this error, please visit: https://www.selenium.dev/documentation/webdriver/troubleshooting/errors#no-such-element-exception\n   at OpenQA.Selenium.WebDriver.UnpackAndThrowOnError(Response errorResponse, String commandToExecute)\n   at OpenQA.Selenium.WebDriver.ExecuteAsync(String driverCommandToExecute, Dictionary`2 parameters)\n   at SeleniumExtras.WaitHelpers.ExpectedConditions.<>c__DisplayClass7_0.<ElementIsVisible>b__0(IWebDriver driver)\n   at OpenQA.Selenium.Support.UI.DefaultWait`1.Until[TResult](Func`2 condition, CancellationToken token)\n   --- End of inner exception stack trace ---\n   at OpenQA.Selenium.Support.UI.DefaultWait`1.ThrowTimeoutException(String exceptionMessage, Exception lastException)\n   at OpenQA.Selenium.Support.UI.DefaultWait`1.Until[TResult](Func`2 condition, CancellationToken token)\n   at OpenQA.Selenium.Support.UI.DefaultWait`1.Until[TResult](Func`2 condition)\n   at OdinUiTests.Pages.EducationCompletionPage.__a$_around_ClickOnSaveButton_100666796_o() in /azp/_work/2/s/Pages/EducationCompletionPage.cs:line 122\n   at OdinUiTests.Pages.EducationCompletionPage.__a$_around_ClickOnSaveButton_100666796_u(Object[])\n   at Allure.Net.Commons.Steps.AllureAbstractStepAspect.WrapSync[T](Func`2 target, Object[] args, MethodBase metadata, String stepName, List`1 stepParameters)","steps":[],"attachments":[],"parameters":[],"stepsCount":0,"attachmentsCount":0,"shouldDisplayMessage":true,"hasContent":true}],"attachments":[{"uid":"33587761d192f47f","name":"CheckSelectCreatedResolutionToStudentLearningStatus.jpg","source":"33587761d192f47f.jpg","type":"image/jpeg","size":62796},{"uid":"bf02784384918649","name":"Console Output","source":"bf02784384918649.txt","type":"text/plain","size":77}],"parameters":[],"stepsCount":4,"attachmentsCount":2,"shouldDisplayMessage":true,"hasContent":true},"afterStages":[],"labels":[{"name":"thread","value":"ParallelWorker#3"},{"name":"host","value":"5d8fa5d705d0"},{"name":"language","value":"C#"},{"name":"framework","value":"NUnit 3"},{"name":"package","value":"OdinUiTests.Tests.Cohort"},{"name":"testMethod","value":"CheckSelectCreatedResolutionToStudentLearningStatus"},{"name":"testClass","value":"EducationCompletionPageTests"},{"name":"suite","value":"Поток"},{"name":"subSuite","value":"Завершение обучения"},{"name":"severity","value":"normal"},{"name":"tag","value":"Поток"},{"name":"tag","value":"Дежурство"},{"name":"tag","value":"Регресс"},{"name":"resultFormat","value":"allure2"}],"parameters":[],"links":[],"hidden":false,"retry":false,"extra":{"severity":"normal","retries":[{"uid":"d06208049cfbc03e","status":"failed","statusDetails":"  Выбранная резолюция не сохранена\nAssert.That(condition, Is.True)\n  Expected: True\n  But was:  False\n","time":{"start":1732693248411,"stop":1732693288036,"duration":39625}}],"categories":[{"name":"Test defects","matchedStatuses":[],"flaky":false}],"history":{"statistic":{"failed":0,"broken":2,"skipped":0,"passed":2,"unknown":0,"total":4},"items":[{"uid":"88d7faf1b3bc6bfd","status":"passed","time":{"start":1732117995530,"stop":1732118007142,"duration":11612}},{"uid":"5667f71ca1ace8c2","status":"passed","time":{"start":1732034572134,"stop":1732034586562,"duration":14428}},{"uid":"bae872bb54a2bfa0","status":"broken","statusDetails":"OpenQA.Selenium.WebDriverTimeoutException : Timed out after 30 seconds\n  ----> OpenQA.Selenium.NoSuchElementException : no such element: Unable to locate element: {\"method\":\"css selector\",\"selector\":\".q-notification__message\"}\n  (Session info: chrome-headless-shell=126.0.6478.126); For documentation on this error, please visit: https://www.selenium.dev/documentation/webdriver/troubleshooting/errors#no-such-element-exception","time":{"start":1731947058578,"stop":1731947093211,"duration":34633}}]},"tags":["Регресс","Дежурство","Поток"]},"source":"302ada942b58f86f.json","parameterValues":[]}