{"uid":"31e322c3a7d92d29","name":"Работает кнопка закрепления/открепления из главного меню для студента","fullName":"OdinUiTests:OdinUiTests.Tests.Discipline.DisciplineStudentTests.CheckPinDisciplineForStudent()","historyId":"5e12acfffa250c9f5c99f536ecde5555","time":{"start":1741851839241,"stop":1741851873955,"duration":34714},"status":"broken","statusMessage":"OpenQA.Selenium.WebDriverTimeoutException : Timed out after 30 seconds\n  ----> OpenQA.Selenium.NoSuchElementException : no such element: Unable to locate element: {\"method\":\"xpath\",\"selector\":\"//div[contains(text(),'Закрепить в главном меню')]\"}\n  (Session info: chrome=132.0.6834.83); For documentation on this error, please visit: https://www.selenium.dev/documentation/webdriver/troubleshooting/errors#no-such-element-exception","statusTrace":"   at OpenQA.Selenium.Support.UI.DefaultWait`1.ThrowTimeoutException(String exceptionMessage, Exception lastException)\n   at OpenQA.Selenium.Support.UI.DefaultWait`1.Until[TResult](Func`2 condition, CancellationToken token)\n   at OpenQA.Selenium.Support.UI.DefaultWait`1.Until[TResult](Func`2 condition)\n   at OdinUiTests.Pages.DisCommonInfoPage.<>c__DisplayClass120_0.<ClickOnPinOrUnpinButton>b__0() in /azp/_work/4/s/Pages/DisCommonInfoPage.cs:line 368\n   at Allure.Net.Commons.AllureApi.<>c__DisplayClass34_0.<Step>b__0()\n   at Allure.Net.Commons.AllureApi.ExecuteAction[T](String name, Action`1 start, Func`1 action, Action`1 resolve)\n   at Allure.Net.Commons.AllureApi.ExecuteStep[T](String name, Func`1 action)\n   at Allure.Net.Commons.AllureApi.Step(String name, Action action)\n   at OdinUiTests.Pages.DisCommonInfoPage.ClickOnPinOrUnpinButton(Boolean isPinned) in /azp/_work/4/s/Pages/DisCommonInfoPage.cs:line 364\n   at OdinUiTests.Tests.Discipline.DisciplineStudentTests.CheckPinDisciplineForStudent() in /azp/_work/4/s/Tests/Discipline/DisInfoTests.cs:line 436\n   at System.RuntimeMethodHandle.InvokeMethod(Object target, Void** arguments, Signature sig, Boolean isConstructor)\n   at System.Reflection.MethodBaseInvoker.InvokeWithNoArgs(Object obj, BindingFlags invokeAttr)\n--NoSuchElementException\n   at OpenQA.Selenium.WebDriver.UnpackAndThrowOnError(Response errorResponse, String commandToExecute)\n   at OpenQA.Selenium.WebDriver.ExecuteAsync(String driverCommandToExecute, Dictionary`2 parameters)\n   at SeleniumExtras.WaitHelpers.ExpectedConditions.<>c__DisplayClass19_0.<ElementToBeClickable>b__0(IWebDriver driver)\n   at OpenQA.Selenium.Support.UI.DefaultWait`1.Until[TResult](Func`2 condition, CancellationToken token)","flaky":false,"newFailed":false,"newBroken":false,"newPassed":false,"retriesCount":1,"retriesStatusChange":false,"beforeStages":[],"testStage":{"status":"broken","statusMessage":"OpenQA.Selenium.WebDriverTimeoutException : Timed out after 30 seconds\n  ----> OpenQA.Selenium.NoSuchElementException : no such element: Unable to locate element: {\"method\":\"xpath\",\"selector\":\"//div[contains(text(),'Закрепить в главном меню')]\"}\n  (Session info: chrome=132.0.6834.83); For documentation on this error, please visit: https://www.selenium.dev/documentation/webdriver/troubleshooting/errors#no-such-element-exception","statusTrace":"   at OpenQA.Selenium.Support.UI.DefaultWait`1.ThrowTimeoutException(String exceptionMessage, Exception lastException)\n   at OpenQA.Selenium.Support.UI.DefaultWait`1.Until[TResult](Func`2 condition, CancellationToken token)\n   at OpenQA.Selenium.Support.UI.DefaultWait`1.Until[TResult](Func`2 condition)\n   at OdinUiTests.Pages.DisCommonInfoPage.<>c__DisplayClass120_0.<ClickOnPinOrUnpinButton>b__0() in /azp/_work/4/s/Pages/DisCommonInfoPage.cs:line 368\n   at Allure.Net.Commons.AllureApi.<>c__DisplayClass34_0.<Step>b__0()\n   at Allure.Net.Commons.AllureApi.ExecuteAction[T](String name, Action`1 start, Func`1 action, Action`1 resolve)\n   at Allure.Net.Commons.AllureApi.ExecuteStep[T](String name, Func`1 action)\n   at Allure.Net.Commons.AllureApi.Step(String name, Action action)\n   at OdinUiTests.Pages.DisCommonInfoPage.ClickOnPinOrUnpinButton(Boolean isPinned) in /azp/_work/4/s/Pages/DisCommonInfoPage.cs:line 364\n   at OdinUiTests.Tests.Discipline.DisciplineStudentTests.CheckPinDisciplineForStudent() in /azp/_work/4/s/Tests/Discipline/DisInfoTests.cs:line 436\n   at System.RuntimeMethodHandle.InvokeMethod(Object target, Void** arguments, Signature sig, Boolean isConstructor)\n   at System.Reflection.MethodBaseInvoker.InvokeWithNoArgs(Object obj, BindingFlags invokeAttr)\n--NoSuchElementException\n   at OpenQA.Selenium.WebDriver.UnpackAndThrowOnError(Response errorResponse, String commandToExecute)\n   at OpenQA.Selenium.WebDriver.ExecuteAsync(String driverCommandToExecute, Dictionary`2 parameters)\n   at SeleniumExtras.WaitHelpers.ExpectedConditions.<>c__DisplayClass19_0.<ElementToBeClickable>b__0(IWebDriver driver)\n   at OpenQA.Selenium.Support.UI.DefaultWait`1.Until[TResult](Func`2 condition, CancellationToken token)","steps":[{"name":"Открыть страницу дисциплины","time":{"start":1741851840138,"stop":1741851842038,"duration":1900},"status":"passed","steps":[],"attachments":[],"parameters":[{"name":"disciplineId","value":"\"171\""}],"stepsCount":0,"attachmentsCount":0,"shouldDisplayMessage":false,"hasContent":true},{"name":"Нажать на кнопку 'Закрепить в главном меню'","time":{"start":1741851842039,"stop":1741851872249,"duration":30210},"status":"broken","statusMessage":"Timed out after 30 seconds","statusTrace":"OpenQA.Selenium.WebDriverTimeoutException: Timed out after 30 seconds\n ---> OpenQA.Selenium.NoSuchElementException: no such element: Unable to locate element: {\"method\":\"xpath\",\"selector\":\"//div[contains(text(),'Закрепить в главном меню')]\"}\n  (Session info: chrome=132.0.6834.83); For documentation on this error, please visit: https://www.selenium.dev/documentation/webdriver/troubleshooting/errors#no-such-element-exception\n   at OpenQA.Selenium.WebDriver.UnpackAndThrowOnError(Response errorResponse, String commandToExecute)\n   at OpenQA.Selenium.WebDriver.ExecuteAsync(String driverCommandToExecute, Dictionary`2 parameters)\n   at SeleniumExtras.WaitHelpers.ExpectedConditions.<>c__DisplayClass19_0.<ElementToBeClickable>b__0(IWebDriver driver)\n   at OpenQA.Selenium.Support.UI.DefaultWait`1.Until[TResult](Func`2 condition, CancellationToken token)\n   --- End of inner exception stack trace ---\n   at OpenQA.Selenium.Support.UI.DefaultWait`1.ThrowTimeoutException(String exceptionMessage, Exception lastException)\n   at OpenQA.Selenium.Support.UI.DefaultWait`1.Until[TResult](Func`2 condition, CancellationToken token)\n   at OpenQA.Selenium.Support.UI.DefaultWait`1.Until[TResult](Func`2 condition)\n   at OdinUiTests.Pages.DisCommonInfoPage.<>c__DisplayClass120_0.<ClickOnPinOrUnpinButton>b__0() in /azp/_work/4/s/Pages/DisCommonInfoPage.cs:line 368\n   at Allure.Net.Commons.AllureApi.<>c__DisplayClass34_0.<Step>b__0()\n   at Allure.Net.Commons.AllureApi.ExecuteAction[T](String name, Action`1 start, Func`1 action, Action`1 resolve)\n   at Allure.Net.Commons.AllureApi.ExecuteStep[T](String name, Func`1 action)\n   at Allure.Net.Commons.AllureApi.Step(String name, Action action)\n   at OdinUiTests.Pages.DisCommonInfoPage.ClickOnPinOrUnpinButton(Boolean isPinned) in /azp/_work/4/s/Pages/DisCommonInfoPage.cs:line 364\n   at OdinUiTests.Tests.Discipline.DisciplineStudentTests.CheckPinDisciplineForStudent() in /azp/_work/4/s/Tests/Discipline/DisInfoTests.cs:line 436\n   at System.RuntimeMethodHandle.InvokeMethod(Object target, Void** arguments, Signature sig, Boolean isConstructor)\n   at System.Reflection.MethodBaseInvoker.InvokeWithNoArgs(Object obj, BindingFlags invokeAttr)","steps":[],"attachments":[],"parameters":[],"stepsCount":0,"attachmentsCount":0,"shouldDisplayMessage":true,"hasContent":true}],"attachments":[{"uid":"d1f37ea1d3fdb53e","name":"CheckPinDisciplineForStudent.jpg","source":"d1f37ea1d3fdb53e.jpg","type":"image/jpeg","size":28296},{"uid":"dbe5f4e71ae5c82d","name":"Console Output","source":"dbe5f4e71ae5c82d.txt","type":"text/plain","size":49}],"parameters":[],"stepsCount":2,"attachmentsCount":2,"shouldDisplayMessage":true,"hasContent":true},"afterStages":[],"labels":[{"name":"thread","value":"NUnit.Fw.ParallelWorker#4"},{"name":"host","value":"d67fa151857b"},{"name":"language","value":"C#"},{"name":"framework","value":"NUnit 3"},{"name":"package","value":"OdinUiTests.Tests.Discipline"},{"name":"testMethod","value":"CheckPinDisciplineForStudent"},{"name":"testClass","value":"DisciplineStudentTests"},{"name":"suite","value":"Дисциплина"},{"name":"subSuite","value":"Страница дисциплины"},{"name":"severity","value":"critical"},{"name":"tag","value":"Дисциплина"},{"name":"tag","value":"Дежурство"},{"name":"tag","value":"Регресс"},{"name":"resultFormat","value":"allure2"}],"parameters":[],"links":[],"hidden":false,"retry":false,"extra":{"severity":"critical","retries":[{"uid":"3dd96b6f2c083238","status":"broken","statusDetails":"OpenQA.Selenium.WebDriverTimeoutException : Timed out after 30 seconds\n  ----> OpenQA.Selenium.NoSuchElementException : no such element: Unable to locate element: {\"method\":\"xpath\",\"selector\":\"//div[contains(text(),'Закрепить в главном меню')]\"}\n  (Session info: chrome=132.0.6834.83); For documentation on this error, please visit: https://www.selenium.dev/documentation/webdriver/troubleshooting/errors#no-such-element-exception","time":{"start":1741850472856,"stop":1741850510442,"duration":37586}}],"categories":[{"name":"Test defects","matchedStatuses":[],"flaky":false}],"history":{"statistic":{"failed":0,"broken":2,"skipped":0,"passed":106,"unknown":0,"total":108},"items":[{"uid":"b77d183500b868db","status":"broken","statusDetails":"OpenQA.Selenium.WebDriverTimeoutException : Timed out after 30 seconds\n  ----> OpenQA.Selenium.NoSuchElementException : no such element: Unable to locate element: {\"method\":\"xpath\",\"selector\":\"//div[contains(text(),'Закрепить в главном меню')]\"}\n  (Session info: chrome=132.0.6834.83); For documentation on this error, please visit: https://www.selenium.dev/documentation/webdriver/troubleshooting/errors#no-such-element-exception","time":{"start":1741243609751,"stop":1741243646608,"duration":36857}},{"uid":"d10fdcaadf96d4ff","status":"passed","time":{"start":1741142202666,"stop":1741142279070,"duration":76404}},{"uid":"de42c8b151574181","status":"passed","time":{"start":1740462814302,"stop":1740462862285,"duration":47983}},{"uid":"af8d5ba0292341f8","status":"passed","time":{"start":1740121386651,"stop":1740121497252,"duration":110601}},{"uid":"ae20c7a281401611","status":"passed","time":{"start":1739343389013,"stop":1739343423811,"duration":34798}},{"uid":"eb514b37f8298244","status":"passed","time":{"start":1737613317960,"stop":1737613401461,"duration":83501}},{"uid":"289dfe5670509d27","status":"passed","time":{"start":1737567445756,"stop":1737567490071,"duration":44315}},{"uid":"6f8955a3671618cc","status":"passed","time":{"start":1737525027110,"stop":1737525060618,"duration":33508}},{"uid":"df81b70fa379b5ac","status":"passed","time":{"start":1736951431463,"stop":1736951493147,"duration":61684}},{"uid":"1fb5f9ff44e9c672","status":"passed","time":{"start":1736923419181,"stop":1736923463971,"duration":44790}},{"uid":"d2e2c3c32110c675","status":"passed","time":{"start":1736923419181,"stop":1736923463971,"duration":44790}},{"uid":"10b6bb784be39387","status":"passed","time":{"start":1735130520872,"stop":1735130563330,"duration":42458}},{"uid":"688c60ae409368e3","status":"passed","time":{"start":1732693305798,"stop":1732693328089,"duration":22291}},{"uid":"eed16c39032117fd","status":"passed","time":{"start":1732118059140,"stop":1732118102797,"duration":43657}},{"uid":"6f79ed0d04e6fc1c","status":"passed","time":{"start":1732033821859,"stop":1732033845465,"duration":23606}},{"uid":"e0f444e4f5101064","status":"passed","time":{"start":1731945957945,"stop":1731945979609,"duration":21664}},{"uid":"5b062ac431ccbb34","status":"passed","time":{"start":1729837176676,"stop":1729837199518,"duration":22842}},{"uid":"b23812c86d95ad2b","status":"passed","time":{"start":1729747674445,"stop":1729747722608,"duration":48163}},{"uid":"ea64b0580c915e40","status":"passed","time":{"start":1729672372208,"stop":1729672397785,"duration":25577}},{"uid":"af265a23b5b5dea2","status":"passed","time":{"start":1729611753520,"stop":1729611798732,"duration":45212}}]},"tags":["Регресс","Дежурство","Дисциплина"]},"source":"31e322c3a7d92d29.json","parameterValues":[]}