{"uid":"321c23f8a21ba73b","name":"Появление поля Оценка, если количество попыток больше одной","fullName":"OdinUiTests:OdinUiTests.Tests.Activity.TestActivityCreatingTests.CheckScoreFieldAppearsIfNumOfAttemptsMoreThanOne()","historyId":"14f5f7f69d0c45e8785ea72cdbf007a8","time":{"start":1729611572277,"stop":1729611603149,"duration":30872},"status":"broken","statusMessage":"OpenQA.Selenium.WebDriverTimeoutException : Timed out after 30 seconds\n  ----> OpenQA.Selenium.NoSuchElementException : no such element: Unable to locate element: {\"method\":\"xpath\",\"selector\":\"//div[text()='Тип активности']/parent::div\"}\n  (Session info: chrome-headless-shell=126.0.6478.126); For documentation on this error, please visit: https://www.selenium.dev/documentation/webdriver/troubleshooting/errors#no-such-element-exception","statusTrace":"   at OpenQA.Selenium.Support.UI.DefaultWait`1.ThrowTimeoutException(String exceptionMessage, Exception lastException)\n   at OpenQA.Selenium.Support.UI.DefaultWait`1.Until[TResult](Func`2 condition, CancellationToken token)\n   at OpenQA.Selenium.Support.UI.DefaultWait`1.Until[TResult](Func`2 condition)\n   at OdinUiTests.Services.CommonService.SelectValueFromDropdown(IWebDriver driver, String type) in /azp/_work/1/s/Services/CommonService.cs:line 748\n   at OdinUiTests.Pages.ActivityCommonEditPage.<>c__DisplayClass93_0.<SetActivityType>b__0() in /azp/_work/1/s/Pages/ActivityCommonEditPage.cs:line 347\n   at Allure.Net.Commons.AllureApi.ExecuteAction[T](String name, Action`1 start, Func`1 action, Action`1 resolve)\n   at Allure.Net.Commons.AllureApi.Step(String name, Action action)\n   at OdinUiTests.Pages.ActivityCommonEditPage.SetActivityType(String type) in /azp/_work/1/s/Pages/ActivityCommonEditPage.cs:line 345\n   at OdinUiTests.Tests.Activity.TestActivityCreatingTests.CheckScoreFieldAppearsIfNumOfAttemptsMoreThanOne() in /azp/_work/1/s/Tests/Activity/TestActivityTests.cs:line 75\n   at System.RuntimeMethodHandle.InvokeMethod(Object target, Void** arguments, Signature sig, Boolean isConstructor)\n   at System.Reflection.MethodBaseInvoker.InvokeWithNoArgs(Object obj, BindingFlags invokeAttr)\n--NoSuchElementException\n   at OpenQA.Selenium.WebDriver.UnpackAndThrowOnError(Response errorResponse, String commandToExecute)\n   at OpenQA.Selenium.WebDriver.ExecuteAsync(String driverCommandToExecute, Dictionary`2 parameters)\n   at OpenQA.Selenium.WebDriver.Execute(String driverCommandToExecute, Dictionary`2 parameters)\n   at OpenQA.Selenium.WebDriver.FindElement(String mechanism, String value)\n   at SeleniumExtras.WaitHelpers.ExpectedConditions.<>c__DisplayClass19_0.<ElementToBeClickable>b__0(IWebDriver driver)\n   at OpenQA.Selenium.Support.UI.DefaultWait`1.Until[TResult](Func`2 condition, CancellationToken token)","flaky":false,"newFailed":false,"newBroken":false,"newPassed":false,"retriesCount":0,"retriesStatusChange":false,"beforeStages":[],"testStage":{"status":"broken","statusMessage":"OpenQA.Selenium.WebDriverTimeoutException : Timed out after 30 seconds\n  ----> OpenQA.Selenium.NoSuchElementException : no such element: Unable to locate element: {\"method\":\"xpath\",\"selector\":\"//div[text()='Тип активности']/parent::div\"}\n  (Session info: chrome-headless-shell=126.0.6478.126); For documentation on this error, please visit: https://www.selenium.dev/documentation/webdriver/troubleshooting/errors#no-such-element-exception","statusTrace":"   at OpenQA.Selenium.Support.UI.DefaultWait`1.ThrowTimeoutException(String exceptionMessage, Exception lastException)\n   at OpenQA.Selenium.Support.UI.DefaultWait`1.Until[TResult](Func`2 condition, CancellationToken token)\n   at OpenQA.Selenium.Support.UI.DefaultWait`1.Until[TResult](Func`2 condition)\n   at OdinUiTests.Services.CommonService.SelectValueFromDropdown(IWebDriver driver, String type) in /azp/_work/1/s/Services/CommonService.cs:line 748\n   at OdinUiTests.Pages.ActivityCommonEditPage.<>c__DisplayClass93_0.<SetActivityType>b__0() in /azp/_work/1/s/Pages/ActivityCommonEditPage.cs:line 347\n   at Allure.Net.Commons.AllureApi.ExecuteAction[T](String name, Action`1 start, Func`1 action, Action`1 resolve)\n   at Allure.Net.Commons.AllureApi.Step(String name, Action action)\n   at OdinUiTests.Pages.ActivityCommonEditPage.SetActivityType(String type) in /azp/_work/1/s/Pages/ActivityCommonEditPage.cs:line 345\n   at OdinUiTests.Tests.Activity.TestActivityCreatingTests.CheckScoreFieldAppearsIfNumOfAttemptsMoreThanOne() in /azp/_work/1/s/Tests/Activity/TestActivityTests.cs:line 75\n   at System.RuntimeMethodHandle.InvokeMethod(Object target, Void** arguments, Signature sig, Boolean isConstructor)\n   at System.Reflection.MethodBaseInvoker.InvokeWithNoArgs(Object obj, BindingFlags invokeAttr)\n--NoSuchElementException\n   at OpenQA.Selenium.WebDriver.UnpackAndThrowOnError(Response errorResponse, String commandToExecute)\n   at OpenQA.Selenium.WebDriver.ExecuteAsync(String driverCommandToExecute, Dictionary`2 parameters)\n   at OpenQA.Selenium.WebDriver.Execute(String driverCommandToExecute, Dictionary`2 parameters)\n   at OpenQA.Selenium.WebDriver.FindElement(String mechanism, String value)\n   at SeleniumExtras.WaitHelpers.ExpectedConditions.<>c__DisplayClass19_0.<ElementToBeClickable>b__0(IWebDriver driver)\n   at OpenQA.Selenium.Support.UI.DefaultWait`1.Until[TResult](Func`2 condition, CancellationToken token)","steps":[{"name":"Открыть страницу создания активности","time":{"start":1729611572278,"stop":1729611572517,"duration":239},"status":"passed","steps":[],"attachments":[],"parameters":[{"name":"disciplineId","value":"\"5038\""}],"stepsCount":0,"attachmentsCount":0,"shouldDisplayMessage":false,"hasContent":true},{"name":"В поле 'Тип активности' выбрать значение 'Контрольная работа'","time":{"start":1729611572517,"stop":1729611602925,"duration":30408},"status":"broken","statusMessage":"Timed out after 30 seconds","statusTrace":"OpenQA.Selenium.WebDriverTimeoutException: Timed out after 30 seconds\n ---> OpenQA.Selenium.NoSuchElementException: no such element: Unable to locate element: {\"method\":\"xpath\",\"selector\":\"//div[text()='Тип активности']/parent::div\"}\n  (Session info: chrome-headless-shell=126.0.6478.126); For documentation on this error, please visit: https://www.selenium.dev/documentation/webdriver/troubleshooting/errors#no-such-element-exception\n   at OpenQA.Selenium.WebDriver.UnpackAndThrowOnError(Response errorResponse, String commandToExecute)\n   at OpenQA.Selenium.WebDriver.ExecuteAsync(String driverCommandToExecute, Dictionary`2 parameters)\n   at OpenQA.Selenium.WebDriver.Execute(String driverCommandToExecute, Dictionary`2 parameters)\n   at OpenQA.Selenium.WebDriver.FindElement(String mechanism, String value)\n   at SeleniumExtras.WaitHelpers.ExpectedConditions.<>c__DisplayClass19_0.<ElementToBeClickable>b__0(IWebDriver driver)\n   at OpenQA.Selenium.Support.UI.DefaultWait`1.Until[TResult](Func`2 condition, CancellationToken token)\n   --- End of inner exception stack trace ---\n   at OpenQA.Selenium.Support.UI.DefaultWait`1.ThrowTimeoutException(String exceptionMessage, Exception lastException)\n   at OpenQA.Selenium.Support.UI.DefaultWait`1.Until[TResult](Func`2 condition, CancellationToken token)\n   at OpenQA.Selenium.Support.UI.DefaultWait`1.Until[TResult](Func`2 condition)\n   at OdinUiTests.Services.CommonService.SelectValueFromDropdown(IWebDriver driver, String type) in /azp/_work/1/s/Services/CommonService.cs:line 748\n   at OdinUiTests.Pages.ActivityCommonEditPage.<>c__DisplayClass93_0.<SetActivityType>b__0() in /azp/_work/1/s/Pages/ActivityCommonEditPage.cs:line 347\n   at Allure.Net.Commons.AllureApi.ExecuteAction[T](String name, Action`1 start, Func`1 action, Action`1 resolve)\n   at Allure.Net.Commons.AllureApi.Step(String name, Action action)\n   at OdinUiTests.Pages.ActivityCommonEditPage.SetActivityType(String type) in /azp/_work/1/s/Pages/ActivityCommonEditPage.cs:line 345\n   at OdinUiTests.Tests.Activity.TestActivityCreatingTests.CheckScoreFieldAppearsIfNumOfAttemptsMoreThanOne() in /azp/_work/1/s/Tests/Activity/TestActivityTests.cs:line 75\n   at System.RuntimeMethodHandle.InvokeMethod(Object target, Void** arguments, Signature sig, Boolean isConstructor)\n   at System.Reflection.MethodBaseInvoker.InvokeWithNoArgs(Object obj, BindingFlags invokeAttr)","steps":[],"attachments":[],"parameters":[],"stepsCount":0,"attachmentsCount":0,"shouldDisplayMessage":true,"hasContent":true}],"attachments":[{"uid":"26daa26c00d634eb","name":"CheckScoreFieldAppearsIfNumOfAttemptsMoreThanOne.jpg","source":"26daa26c00d634eb.jpg","type":"image/jpeg","size":102290},{"uid":"d5cd096857bc1214","name":"Console Output","source":"d5cd096857bc1214.txt","type":"text/plain","size":76}],"parameters":[],"stepsCount":2,"attachmentsCount":2,"shouldDisplayMessage":true,"hasContent":true},"afterStages":[],"labels":[{"name":"thread","value":"ParallelWorker#7"},{"name":"host","value":"acb3b0fa2258"},{"name":"language","value":"C#"},{"name":"framework","value":"NUnit 3"},{"name":"package","value":"OdinUiTests.Tests.Activity"},{"name":"testMethod","value":"CheckScoreFieldAppearsIfNumOfAttemptsMoreThanOne"},{"name":"testClass","value":"TestActivityCreatingTests"},{"name":"parentSuite","value":"Активность"},{"name":"suite","value":"Контрольная"},{"name":"subSuite","value":"Создание контрольной"},{"name":"severity","value":"critical"},{"name":"tag","value":"Активность"},{"name":"tag","value":"Дежурство"},{"name":"tag","value":"Регресс"},{"name":"resultFormat","value":"allure2"}],"parameters":[],"links":[],"hidden":false,"retry":false,"extra":{"severity":"critical","retries":[],"categories":[{"name":"Test defects","matchedStatuses":[],"flaky":false}],"history":{"statistic":{"failed":0,"broken":2,"skipped":0,"passed":86,"unknown":0,"total":88},"items":[{"uid":"91e26c325ed559c7","status":"broken","statusDetails":"OpenQA.Selenium.WebDriverTimeoutException : Timed out after 30 seconds\n  ----> OpenQA.Selenium.NoSuchElementException : no such element: Unable to locate element: {\"method\":\"xpath\",\"selector\":\"//div[text()='Тип активности']/parent::div\"}\n  (Session info: chrome-headless-shell=126.0.6478.126); For documentation on this error, please visit: https://www.selenium.dev/documentation/webdriver/troubleshooting/errors#no-such-element-exception","time":{"start":1729578082287,"stop":1729578113467,"duration":31180}},{"uid":"53aa09bcff4dd3e0","status":"passed","statusDetails":"Появление поля Оценка, если количество попыток больше одной","time":{"start":1729228753934,"stop":1729228759115,"duration":5181}},{"uid":"935eb9b6cee2d45d","status":"passed","statusDetails":"Появление поля Оценка, если количество попыток больше одной","time":{"start":1728639960174,"stop":1728639966507,"duration":6333}},{"uid":"9a2d1e486223e18","status":"passed","statusDetails":"Появление поля Оценка, если количество попыток больше одной","time":{"start":1728625786004,"stop":1728625791896,"duration":5892}},{"uid":"6d2225bc11de9f6e","status":"passed","statusDetails":"Появление поля Оценка, если количество попыток больше одной","time":{"start":1727714284314,"stop":1727714289005,"duration":4691}},{"uid":"fb39da1d541d4c24","status":"passed","statusDetails":"Появление поля Оценка, если количество попыток больше одной","time":{"start":1727466268305,"stop":1727466276071,"duration":7766}},{"uid":"e1398e320ce08819","status":"passed","statusDetails":"Появление поля Оценка, если количество попыток больше одной","time":{"start":1727440639840,"stop":1727440645550,"duration":5710}},{"uid":"189772b69cc89d6c","status":"passed","statusDetails":"Появление поля Оценка, если количество попыток больше одной","time":{"start":1727437862999,"stop":1727437869269,"duration":6270}},{"uid":"32b51eb86d519392","status":"passed","statusDetails":"Появление поля Оценка, если количество попыток больше одной","time":{"start":1727352823734,"stop":1727352830320,"duration":6586}},{"uid":"cedfb8bd2e295ccd","status":"passed","statusDetails":"Появление поля Оценка, если количество попыток больше одной","time":{"start":1727314048092,"stop":1727314053396,"duration":5304}},{"uid":"8d154bf2cbc15c4a","status":"passed","statusDetails":"Появление поля Оценка, если количество попыток больше одной","time":{"start":1727243824846,"stop":1727243830542,"duration":5696}},{"uid":"6fb9ef7a475bc366","status":"passed","statusDetails":"Появление поля Оценка, если количество попыток больше одной","time":{"start":1727241138425,"stop":1727241143909,"duration":5484}},{"uid":"ed6ef82abc8fb404","status":"passed","statusDetails":"Появление поля Оценка, если количество попыток больше одной","time":{"start":1727072454147,"stop":1727072459834,"duration":5687}},{"uid":"25974b499895b2a4","status":"passed","statusDetails":"Появление поля Оценка, если количество попыток больше одной","time":{"start":1726128048204,"stop":1726128053633,"duration":5429}},{"uid":"e188a040a780c9f","status":"passed","time":{"start":1725342591044,"stop":1725342596878,"duration":5834}},{"uid":"b2a8f959d04cd5a2","status":"passed","statusDetails":"Появление поля Оценка, если количество попыток больше одной","time":{"start":1722213954990,"stop":1722213959858,"duration":4868}},{"uid":"9e3d062c01e6d568","status":"passed","statusDetails":"Появление поля Оценка, если количество попыток больше одной","time":{"start":1721977077321,"stop":1721977082420,"duration":5099}},{"uid":"6fb6cd51237a54fd","status":"passed","statusDetails":"Появление поля Оценка, если количество попыток больше одной","time":{"start":1721974770707,"stop":1721974779186,"duration":8479}},{"uid":"9df7814a5704c3d4","status":"passed","statusDetails":"Появление поля Оценка, если количество попыток больше одной","time":{"start":1721815810201,"stop":1721815818445,"duration":8244}},{"uid":"ccc7175632924147","status":"passed","statusDetails":"Появление поля Оценка, если количество попыток больше одной","time":{"start":1721803460251,"stop":1721803465317,"duration":5066}}]},"tags":["Регресс","Дежурство","Активность"]},"source":"321c23f8a21ba73b.json","parameterValues":[]}