{"uid":"334cd124795392d6","name":"Cозданиe экзаменационной площадки","fullName":"OdinUiTests:OdinUiTests.Tests.Exams.ExamPageTests.CreateExaminationPlatform(System.Boolean)","historyId":"0f75914ddb3ba164f4556d051af16b93","time":{"start":1737572691059,"stop":1737572724121,"duration":33062},"status":"broken","statusMessage":"OpenQA.Selenium.WebDriverTimeoutException : Timed out after 30 seconds\n  ----> OpenQA.Selenium.NoSuchElementException : no such element: Unable to locate element: {\"method\":\"xpath\",\"selector\":\"//input[@aria-label='Название*']\"}\n  (Session info: chrome=132.0.6834.83); For documentation on this error, please visit: https://www.selenium.dev/documentation/webdriver/troubleshooting/errors#no-such-element-exception","statusTrace":"   at OpenQA.Selenium.Support.UI.DefaultWait`1.ThrowTimeoutException(String exceptionMessage, Exception lastException)\n   at OpenQA.Selenium.Support.UI.DefaultWait`1.Until[TResult](Func`2 condition, CancellationToken token)\n   at OpenQA.Selenium.Support.UI.DefaultWait`1.Until[TResult](Func`2 condition)\n   at OdinUiTests.Pages.ProgramCreateEditPage.__a$_around_FillRequiredFields_100666985_o(String name) in /azp/_work/1/s/Pages/ProgramCreateEditPage.cs:line 81\n   at OdinUiTests.Pages.ProgramCreateEditPage.__a$_around_FillRequiredFields_100666985_u(Object[])\n   at Allure.Net.Commons.Steps.AllureAbstractStepAspect.WrapSync[T](Func`2 target, Object[] args, MethodBase metadata, String stepName, List`1 stepParameters)\n   at InvokeStub_AllureAbstractStepAspect.WrapSync(Object, Span`1)\n   at System.Reflection.MethodBaseInvoker.InvokeWithManyArgs(Object obj, BindingFlags invokeAttr, Binder binder, Object[] parameters, CultureInfo culture)\n--NoSuchElementException\n   at OpenQA.Selenium.WebDriver.UnpackAndThrowOnError(Response errorResponse, String commandToExecute)\n   at OpenQA.Selenium.WebDriver.ExecuteAsync(String driverCommandToExecute, Dictionary`2 parameters)\n   at SeleniumExtras.WaitHelpers.ExpectedConditions.<>c__DisplayClass19_0.<ElementToBeClickable>b__0(IWebDriver driver)\n   at OpenQA.Selenium.Support.UI.DefaultWait`1.Until[TResult](Func`2 condition, CancellationToken token)","flaky":false,"newFailed":false,"newBroken":true,"newPassed":false,"retriesCount":1,"retriesStatusChange":false,"beforeStages":[],"testStage":{"status":"broken","statusMessage":"OpenQA.Selenium.WebDriverTimeoutException : Timed out after 30 seconds\n  ----> OpenQA.Selenium.NoSuchElementException : no such element: Unable to locate element: {\"method\":\"xpath\",\"selector\":\"//input[@aria-label='Название*']\"}\n  (Session info: chrome=132.0.6834.83); For documentation on this error, please visit: https://www.selenium.dev/documentation/webdriver/troubleshooting/errors#no-such-element-exception","statusTrace":"   at OpenQA.Selenium.Support.UI.DefaultWait`1.ThrowTimeoutException(String exceptionMessage, Exception lastException)\n   at OpenQA.Selenium.Support.UI.DefaultWait`1.Until[TResult](Func`2 condition, CancellationToken token)\n   at OpenQA.Selenium.Support.UI.DefaultWait`1.Until[TResult](Func`2 condition)\n   at OdinUiTests.Pages.ProgramCreateEditPage.__a$_around_FillRequiredFields_100666985_o(String name) in /azp/_work/1/s/Pages/ProgramCreateEditPage.cs:line 81\n   at OdinUiTests.Pages.ProgramCreateEditPage.__a$_around_FillRequiredFields_100666985_u(Object[])\n   at Allure.Net.Commons.Steps.AllureAbstractStepAspect.WrapSync[T](Func`2 target, Object[] args, MethodBase metadata, String stepName, List`1 stepParameters)\n   at InvokeStub_AllureAbstractStepAspect.WrapSync(Object, Span`1)\n   at System.Reflection.MethodBaseInvoker.InvokeWithManyArgs(Object obj, BindingFlags invokeAttr, Binder binder, Object[] parameters, CultureInfo culture)\n--NoSuchElementException\n   at OpenQA.Selenium.WebDriver.UnpackAndThrowOnError(Response errorResponse, String commandToExecute)\n   at OpenQA.Selenium.WebDriver.ExecuteAsync(String driverCommandToExecute, Dictionary`2 parameters)\n   at SeleniumExtras.WaitHelpers.ExpectedConditions.<>c__DisplayClass19_0.<ElementToBeClickable>b__0(IWebDriver driver)\n   at OpenQA.Selenium.Support.UI.DefaultWait`1.Until[TResult](Func`2 condition, CancellationToken token)","steps":[{"name":"Открыть страницу создания образовательной программы","time":{"start":1737572691059,"stop":1737572692272,"duration":1213},"status":"passed","steps":[],"attachments":[],"parameters":[{"name":"isAdditionalEducationProgram","value":"true"},{"name":"divisionId","value":"\"2921\""}],"stepsCount":0,"attachmentsCount":0,"shouldDisplayMessage":false,"hasContent":true},{"name":"Заполнить обязательные поля на странице создания образовательной программы","time":{"start":1737572692273,"stop":1737572722557,"duration":30284},"status":"broken","statusMessage":"Timed out after 30 seconds","statusTrace":"OpenQA.Selenium.WebDriverTimeoutException: Timed out after 30 seconds\n ---> OpenQA.Selenium.NoSuchElementException: no such element: Unable to locate element: {\"method\":\"xpath\",\"selector\":\"//input[@aria-label='Название*']\"}\n  (Session info: chrome=132.0.6834.83); For documentation on this error, please visit: https://www.selenium.dev/documentation/webdriver/troubleshooting/errors#no-such-element-exception\n   at OpenQA.Selenium.WebDriver.UnpackAndThrowOnError(Response errorResponse, String commandToExecute)\n   at OpenQA.Selenium.WebDriver.ExecuteAsync(String driverCommandToExecute, Dictionary`2 parameters)\n   at SeleniumExtras.WaitHelpers.ExpectedConditions.<>c__DisplayClass19_0.<ElementToBeClickable>b__0(IWebDriver driver)\n   at OpenQA.Selenium.Support.UI.DefaultWait`1.Until[TResult](Func`2 condition, CancellationToken token)\n   --- End of inner exception stack trace ---\n   at OpenQA.Selenium.Support.UI.DefaultWait`1.ThrowTimeoutException(String exceptionMessage, Exception lastException)\n   at OpenQA.Selenium.Support.UI.DefaultWait`1.Until[TResult](Func`2 condition, CancellationToken token)\n   at OpenQA.Selenium.Support.UI.DefaultWait`1.Until[TResult](Func`2 condition)\n   at OdinUiTests.Pages.ProgramCreateEditPage.__a$_around_FillRequiredFields_100666985_o(String name) in /azp/_work/1/s/Pages/ProgramCreateEditPage.cs:line 81\n   at OdinUiTests.Pages.ProgramCreateEditPage.__a$_around_FillRequiredFields_100666985_u(Object[])\n   at Allure.Net.Commons.Steps.AllureAbstractStepAspect.WrapSync[T](Func`2 target, Object[] args, MethodBase metadata, String stepName, List`1 stepParameters)","steps":[],"attachments":[],"parameters":[{"name":"name","value":"\"0843834AB\""}],"stepsCount":0,"attachmentsCount":0,"shouldDisplayMessage":true,"hasContent":true}],"attachments":[{"uid":"20d37c99fe96c490","name":"CreateExaminationPlatform.jpg","source":"20d37c99fe96c490.jpg","type":"image/jpeg","size":28543},{"uid":"8eafaae908cb33b8","name":"Console Output","source":"8eafaae908cb33b8.txt","type":"text/plain","size":116}],"parameters":[],"stepsCount":2,"attachmentsCount":2,"shouldDisplayMessage":true,"hasContent":true},"afterStages":[],"labels":[{"name":"thread","value":"ParallelWorker#6"},{"name":"host","value":"b27e178fb93a"},{"name":"language","value":"C#"},{"name":"framework","value":"NUnit 3"},{"name":"package","value":"OdinUiTests.Tests.Exams"},{"name":"testMethod","value":"CreateExaminationPlatform"},{"name":"testClass","value":"ExamPageTests"},{"name":"suite","value":"Экзамен"},{"name":"severity","value":"normal"},{"name":"tag","value":"Экзамен"},{"name":"tag","value":"Дежурство"},{"name":"tag","value":"Регресс"},{"name":"resultFormat","value":"allure2"}],"parameters":[{"name":"isAddEduc","value":"true"}],"links":[],"hidden":false,"retry":false,"extra":{"severity":"normal","retries":[{"uid":"ac3a611389670122","status":"broken","statusDetails":"OpenQA.Selenium.WebDriverTimeoutException : Timed out after 30 seconds\n  ----> OpenQA.Selenium.NoSuchElementException : no such element: Unable to locate element: {\"method\":\"xpath\",\"selector\":\"//input[@aria-label='Название*']\"}\n  (Session info: chrome=132.0.6834.83); For documentation on this error, please visit: https://www.selenium.dev/documentation/webdriver/troubleshooting/errors#no-such-element-exception","time":{"start":1737567719376,"stop":1737567754976,"duration":35600}}],"categories":[{"name":"Test defects","matchedStatuses":[],"flaky":false}],"history":{"statistic":{"failed":1,"broken":1,"skipped":0,"passed":47,"unknown":0,"total":49},"items":[{"uid":"517b70645f21fd9e","status":"passed","time":{"start":1737525164013,"stop":1737525175623,"duration":11610}},{"uid":"701237600b18de06","status":"passed","time":{"start":1736951586349,"stop":1736951596067,"duration":9718}},{"uid":"c0ff58be7f3ec9ce","status":"passed","time":{"start":1736923548180,"stop":1736923559986,"duration":11806}},{"uid":"1be428be6edc3c61","status":"passed","time":{"start":1736923548180,"stop":1736923559986,"duration":11806}},{"uid":"b0bf4ecc5f298477","status":"passed","time":{"start":1735130595506,"stop":1735130601910,"duration":6404}},{"uid":"2cef568e6ea53556","status":"passed","time":{"start":1732693362396,"stop":1732693368294,"duration":5898}},{"uid":"446a6bbaa3e62c48","status":"passed","time":{"start":1732118137818,"stop":1732118143740,"duration":5922}},{"uid":"446dc4e9de0cc697","status":"passed","time":{"start":1732033901623,"stop":1732033907166,"duration":5543}},{"uid":"410b60b7ac597940","status":"passed","time":{"start":1731946014630,"stop":1731946020688,"duration":6058}},{"uid":"2730cff7e814d975","status":"passed","time":{"start":1729837228935,"stop":1729837234687,"duration":5752}},{"uid":"979cd4824104dad1","status":"passed","time":{"start":1729747755468,"stop":1729747763043,"duration":7575}},{"uid":"b0d55ce3bbd3f3b8","status":"passed","time":{"start":1729672451253,"stop":1729672458643,"duration":7390}},{"uid":"bf6cdb8e2805ef12","status":"passed","time":{"start":1729611819386,"stop":1729611826508,"duration":7122}},{"uid":"6ffb6e570575e2a9","status":"passed","time":{"start":1729578256253,"stop":1729578261913,"duration":5660}},{"uid":"fbe2e3e297dea4ae","status":"passed","statusDetails":"Cозданиe экзаменационной площадки","time":{"start":1729229008908,"stop":1729229015511,"duration":6603}},{"uid":"2d7a2df4bcb1d31d","status":"passed","statusDetails":"Cозданиe экзаменационной площадки","time":{"start":1728640461526,"stop":1728640468522,"duration":6996}},{"uid":"345165ecee71a4e6","status":"passed","statusDetails":"Cозданиe экзаменационной площадки","time":{"start":1728626042240,"stop":1728626050357,"duration":8117}},{"uid":"d68ba77057080419","status":"passed","statusDetails":"Cозданиe экзаменационной площадки","time":{"start":1727714871131,"stop":1727714878637,"duration":7506}},{"uid":"82be3b95c628dd8","status":"passed","statusDetails":"Cозданиe экзаменационной площадки","time":{"start":1727466523518,"stop":1727466529082,"duration":5564}},{"uid":"7f9dbc89d6da4b40","status":"passed","statusDetails":"Cозданиe экзаменационной площадки","time":{"start":1727440963161,"stop":1727440969070,"duration":5909}}]},"tags":["Регресс","Дежурство","Экзамен"]},"source":"334cd124795392d6.json","parameterValues":["true"]}