{"uid":"35d59918de78bdb8","name":"Можно создать шаблон контрольной, если заполнены обязательные поля","fullName":"OdinUiTests:OdinUiTests.Tests.Activity.TestTemplateCreatingTests.CreateTestActivityTemplate()","historyId":"d839c4208acb48c4715ac0852df5d363","time":{"start":1759818094514,"stop":1759818133315,"duration":38801},"status":"broken","statusMessage":"System.Reflection.TargetInvocationException : Exception has been thrown by the target of an invocation.\n  ----> OpenQA.Selenium.WebDriverTimeoutException : Timed out after 15 seconds\n  ----> OpenQA.Selenium.NoSuchElementException : no such element: Unable to locate element: {\"method\":\"css selector\",\"selector\":\".activity-info__header .page-title\"}\n  (Session info: chrome=140.0.7339.127); For documentation on this error, please visit: https://www.selenium.dev/documentation/webdriver/troubleshooting/errors#no-such-element-exception","statusTrace":"   at System.Reflection.MethodBaseInvoker.InvokeWithManyArgs(Object obj, BindingFlags invokeAttr, Binder binder, Object[] parameters, CultureInfo culture)\n   at Allure.Net.Commons.Steps.AllureStepAspectBase.Around(String name, Object[] args, Func`2 target, MethodBase metadata, Type returnType)\n   at OdinUiTests.Pages.ActivityCommonPage.__a$_around_CheckControlTemplateIsCreated_100666204_w_0(Object[])\n   at OdinUiTests.Pages.ActivityCommonPage.CheckControlTemplateIsCreated(String name)\n   at OdinUiTests.Pages.ActivityCommonPage.CheckControlActivityIsCreated(String name, Boolean isTemplate) in /azp/_work/3/s/Pages/ActivityCommonPage.cs:line 1240\n   at OdinUiTests.Tests.Activity.ActivityCommon.CreateActivityWithControlType(IWebDriver driver, Boolean isTemplate, String id) in /azp/_work/3/s/Tests/Activity/ActivityCommon.cs:line 12\n   at OdinUiTests.Tests.Activity.ActivityCommon.CreateActivityPlanWithControlType(IWebDriver driver, String directoryId) in /azp/_work/3/s/Tests/Activity/ActivityCommon.cs:line 27\n   at OdinUiTests.Tests.Activity.TestTemplateCreatingTests.CreateTestActivityTemplate() in /azp/_work/3/s/Tests/Activity/TestTemplateTests.cs:line 23\n   at System.RuntimeMethodHandle.InvokeMethod(Object target, Void** arguments, Signature sig, Boolean isConstructor)\n   at System.Reflection.MethodBaseInvoker.InvokeWithNoArgs(Object obj, BindingFlags invokeAttr)\n--WebDriverTimeoutException\n   at OpenQA.Selenium.Support.UI.DefaultWait`1.ThrowTimeoutException(String exceptionMessage, Exception lastException)\n   at OpenQA.Selenium.Support.UI.DefaultWait`1.Until[TResult](Func`2 condition, CancellationToken token)\n   at OpenQA.Selenium.Support.UI.DefaultWait`1.Until[TResult](Func`2 condition)\n   at OdinUiTests.Services.CommonService.WaitAndFind(IWebDriver driver, By selector, Int32 timeoutSeconds) in /azp/_work/3/s/Services/CommonService.cs:line 840\n   at OdinUiTests.Pages.ActivityCommonPage.ControlActivityIsCreated(String name) in /azp/_work/3/s/Pages/ActivityCommonPage.cs:line 1221\n   at OdinUiTests.Pages.ActivityCommonPage.__a$_around_CheckControlTemplateIsCreated_100666204_o(String name) in /azp/_work/3/s/Pages/ActivityCommonPage.cs:line 1235\n   at OdinUiTests.Pages.ActivityCommonPage.__a$_around_CheckControlTemplateIsCreated_100666204_u(Object[])\n   at Allure.Net.Commons.Steps.AllureAbstractStepAspect.WrapSync[T](Func`2 target, Object[] args, MethodBase metadata, String stepName, List`1 stepParameters)\n   at InvokeStub_AllureAbstractStepAspect.WrapSync(Object, Span`1)\n   at System.Reflection.MethodBaseInvoker.InvokeWithManyArgs(Object obj, BindingFlags invokeAttr, Binder binder, Object[] parameters, CultureInfo culture)\n--NoSuchElementException\n   at OpenQA.Selenium.WebDriver.UnpackAndThrowOnError(Response errorResponse, String commandToExecute)\n   at OpenQA.Selenium.WebDriver.ExecuteAsync(String driverCommandToExecute, Dictionary`2 parameters)\n   at SeleniumExtras.WaitHelpers.ExpectedConditions.<>c__DisplayClass19_0.<ElementToBeClickable>b__0(IWebDriver driver)\n   at OpenQA.Selenium.Support.UI.DefaultWait`1.Until[TResult](Func`2 condition, CancellationToken token)","flaky":false,"newFailed":false,"newBroken":false,"newPassed":false,"retriesCount":0,"retriesStatusChange":false,"beforeStages":[],"testStage":{"status":"broken","statusMessage":"System.Reflection.TargetInvocationException : Exception has been thrown by the target of an invocation.\n  ----> OpenQA.Selenium.WebDriverTimeoutException : Timed out after 15 seconds\n  ----> OpenQA.Selenium.NoSuchElementException : no such element: Unable to locate element: {\"method\":\"css selector\",\"selector\":\".activity-info__header .page-title\"}\n  (Session info: chrome=140.0.7339.127); For documentation on this error, please visit: https://www.selenium.dev/documentation/webdriver/troubleshooting/errors#no-such-element-exception","statusTrace":"   at System.Reflection.MethodBaseInvoker.InvokeWithManyArgs(Object obj, BindingFlags invokeAttr, Binder binder, Object[] parameters, CultureInfo culture)\n   at Allure.Net.Commons.Steps.AllureStepAspectBase.Around(String name, Object[] args, Func`2 target, MethodBase metadata, Type returnType)\n   at OdinUiTests.Pages.ActivityCommonPage.__a$_around_CheckControlTemplateIsCreated_100666204_w_0(Object[])\n   at OdinUiTests.Pages.ActivityCommonPage.CheckControlTemplateIsCreated(String name)\n   at OdinUiTests.Pages.ActivityCommonPage.CheckControlActivityIsCreated(String name, Boolean isTemplate) in /azp/_work/3/s/Pages/ActivityCommonPage.cs:line 1240\n   at OdinUiTests.Tests.Activity.ActivityCommon.CreateActivityWithControlType(IWebDriver driver, Boolean isTemplate, String id) in /azp/_work/3/s/Tests/Activity/ActivityCommon.cs:line 12\n   at OdinUiTests.Tests.Activity.ActivityCommon.CreateActivityPlanWithControlType(IWebDriver driver, String directoryId) in /azp/_work/3/s/Tests/Activity/ActivityCommon.cs:line 27\n   at OdinUiTests.Tests.Activity.TestTemplateCreatingTests.CreateTestActivityTemplate() in /azp/_work/3/s/Tests/Activity/TestTemplateTests.cs:line 23\n   at System.RuntimeMethodHandle.InvokeMethod(Object target, Void** arguments, Signature sig, Boolean isConstructor)\n   at System.Reflection.MethodBaseInvoker.InvokeWithNoArgs(Object obj, BindingFlags invokeAttr)\n--WebDriverTimeoutException\n   at OpenQA.Selenium.Support.UI.DefaultWait`1.ThrowTimeoutException(String exceptionMessage, Exception lastException)\n   at OpenQA.Selenium.Support.UI.DefaultWait`1.Until[TResult](Func`2 condition, CancellationToken token)\n   at OpenQA.Selenium.Support.UI.DefaultWait`1.Until[TResult](Func`2 condition)\n   at OdinUiTests.Services.CommonService.WaitAndFind(IWebDriver driver, By selector, Int32 timeoutSeconds) in /azp/_work/3/s/Services/CommonService.cs:line 840\n   at OdinUiTests.Pages.ActivityCommonPage.ControlActivityIsCreated(String name) in /azp/_work/3/s/Pages/ActivityCommonPage.cs:line 1221\n   at OdinUiTests.Pages.ActivityCommonPage.__a$_around_CheckControlTemplateIsCreated_100666204_o(String name) in /azp/_work/3/s/Pages/ActivityCommonPage.cs:line 1235\n   at OdinUiTests.Pages.ActivityCommonPage.__a$_around_CheckControlTemplateIsCreated_100666204_u(Object[])\n   at Allure.Net.Commons.Steps.AllureAbstractStepAspect.WrapSync[T](Func`2 target, Object[] args, MethodBase metadata, String stepName, List`1 stepParameters)\n   at InvokeStub_AllureAbstractStepAspect.WrapSync(Object, Span`1)\n   at System.Reflection.MethodBaseInvoker.InvokeWithManyArgs(Object obj, BindingFlags invokeAttr, Binder binder, Object[] parameters, CultureInfo culture)\n--NoSuchElementException\n   at OpenQA.Selenium.WebDriver.UnpackAndThrowOnError(Response errorResponse, String commandToExecute)\n   at OpenQA.Selenium.WebDriver.ExecuteAsync(String driverCommandToExecute, Dictionary`2 parameters)\n   at SeleniumExtras.WaitHelpers.ExpectedConditions.<>c__DisplayClass19_0.<ElementToBeClickable>b__0(IWebDriver driver)\n   at OpenQA.Selenium.Support.UI.DefaultWait`1.Until[TResult](Func`2 condition, CancellationToken token)","steps":[{"name":"Открыть страницу создания шаблона активности","time":{"start":1759818094515,"stop":1759818095819,"duration":1304},"status":"passed","steps":[],"attachments":[],"parameters":[{"name":"directoryId","value":"\"18595\""}],"stepsCount":0,"attachmentsCount":0,"shouldDisplayMessage":false,"hasContent":true},{"name":"В поле 'Тип активности' выбрать значение 'Контрольная'","time":{"start":1759818095819,"stop":1759818108318,"duration":12499},"status":"passed","steps":[],"attachments":[],"parameters":[],"stepsCount":0,"attachmentsCount":0,"shouldDisplayMessage":false,"hasContent":false},{"name":"Ввести значение в поле 'Название'","time":{"start":1759818108318,"stop":1759818110509,"duration":2191},"status":"passed","steps":[],"attachments":[],"parameters":[{"name":"name","value":"\"GF40BAD9DDGDC96\""}],"stepsCount":0,"attachmentsCount":0,"shouldDisplayMessage":false,"hasContent":true},{"name":"Ввести значение в поле 'Описание'","time":{"start":1759818110509,"stop":1759818115218,"duration":4709},"status":"passed","steps":[],"attachments":[],"parameters":[{"name":"description","value":"\"GF40BAD9DDGDC96\""}],"stepsCount":0,"attachmentsCount":0,"shouldDisplayMessage":false,"hasContent":true},{"name":"Нажать на кнопку ‘Сохранить’","time":{"start":1759818115219,"stop":1759818116211,"duration":992},"status":"passed","steps":[{"name":"Нажать на кнопку 'Сохранить'","time":{"start":1759818115219,"stop":1759818116211,"duration":992},"status":"passed","steps":[],"attachments":[],"parameters":[],"stepsCount":0,"attachmentsCount":0,"shouldDisplayMessage":false,"hasContent":false}],"attachments":[],"parameters":[{"name":"isTemplate","value":"true"}],"stepsCount":1,"attachmentsCount":0,"shouldDisplayMessage":false,"hasContent":true},{"name":"Проверка того, что шаблон контрольной успешно создана","time":{"start":1759818116212,"stop":1759818131718,"duration":15506},"status":"broken","statusMessage":"Timed out after 15 seconds","statusTrace":"OpenQA.Selenium.WebDriverTimeoutException: Timed out after 15 seconds\n ---> OpenQA.Selenium.NoSuchElementException: no such element: Unable to locate element: {\"method\":\"css selector\",\"selector\":\".activity-info__header .page-title\"}\n  (Session info: chrome=140.0.7339.127); For documentation on this error, please visit: https://www.selenium.dev/documentation/webdriver/troubleshooting/errors#no-such-element-exception\n   at OpenQA.Selenium.WebDriver.UnpackAndThrowOnError(Response errorResponse, String commandToExecute)\n   at OpenQA.Selenium.WebDriver.ExecuteAsync(String driverCommandToExecute, Dictionary`2 parameters)\n   at SeleniumExtras.WaitHelpers.ExpectedConditions.<>c__DisplayClass19_0.<ElementToBeClickable>b__0(IWebDriver driver)\n   at OpenQA.Selenium.Support.UI.DefaultWait`1.Until[TResult](Func`2 condition, CancellationToken token)\n   --- End of inner exception stack trace ---\n   at OpenQA.Selenium.Support.UI.DefaultWait`1.ThrowTimeoutException(String exceptionMessage, Exception lastException)\n   at OpenQA.Selenium.Support.UI.DefaultWait`1.Until[TResult](Func`2 condition, CancellationToken token)\n   at OpenQA.Selenium.Support.UI.DefaultWait`1.Until[TResult](Func`2 condition)\n   at OdinUiTests.Services.CommonService.WaitAndFind(IWebDriver driver, By selector, Int32 timeoutSeconds) in /azp/_work/3/s/Services/CommonService.cs:line 840\n   at OdinUiTests.Pages.ActivityCommonPage.ControlActivityIsCreated(String name) in /azp/_work/3/s/Pages/ActivityCommonPage.cs:line 1221\n   at OdinUiTests.Pages.ActivityCommonPage.__a$_around_CheckControlTemplateIsCreated_100666204_o(String name) in /azp/_work/3/s/Pages/ActivityCommonPage.cs:line 1235\n   at OdinUiTests.Pages.ActivityCommonPage.__a$_around_CheckControlTemplateIsCreated_100666204_u(Object[])\n   at Allure.Net.Commons.Steps.AllureAbstractStepAspect.WrapSync[T](Func`2 target, Object[] args, MethodBase metadata, String stepName, List`1 stepParameters)","steps":[],"attachments":[],"parameters":[{"name":"name","value":"\"GF40BAD9DDGDC96\""}],"stepsCount":0,"attachmentsCount":0,"shouldDisplayMessage":true,"hasContent":true}],"attachments":[{"uid":"816fee26691ea2e","name":"CreateTestActivityTemplate.jpg","source":"816fee26691ea2e.jpg","type":"image/jpeg","size":118016},{"uid":"224abb6f5188fd1e","name":"Console Output","source":"224abb6f5188fd1e.txt","type":"text/plain","size":55}],"parameters":[],"stepsCount":7,"attachmentsCount":2,"shouldDisplayMessage":true,"hasContent":true},"afterStages":[],"labels":[{"name":"thread","value":"NUnit.Fw.ParallelWorker#3"},{"name":"host","value":"45bb34ff945a"},{"name":"language","value":"C#"},{"name":"framework","value":"NUnit 3"},{"name":"package","value":"OdinUiTests.Tests.Activity"},{"name":"testMethod","value":"CreateTestActivityTemplate"},{"name":"testClass","value":"TestTemplateCreatingTests"},{"name":"parentSuite","value":"Активность"},{"name":"suite","value":"Шаблон активности контрольной"},{"name":"subSuite","value":"Создание шаблона контрольной"},{"name":"severity","value":"normal"},{"name":"tag","value":"Активность"},{"name":"tag","value":"Дежурство"},{"name":"tag","value":"Регресс"},{"name":"resultFormat","value":"allure2"}],"parameters":[],"links":[],"hidden":true,"retry":true,"extra":{"categories":[],"tags":["Регресс","Дежурство","Активность"]},"source":"35d59918de78bdb8.json","parameterValues":[]}