{"uid":"39eaedef13f1e9a0","name":"Можно добавить шаблон активности в шаблон дисциплины, выбрав его из библиотеки","fullName":"OdinUiTests:OdinUiTests.Tests.Discipline.DisTemplateTests.CheckAddActivityInDisTemplate()","historyId":"3690565b203b9994258892728409c610","time":{"start":1744639562585,"stop":1744639602052,"duration":39467},"status":"broken","statusMessage":"System.Reflection.TargetInvocationException : Exception has been thrown by the target of an invocation.\n  ----> OpenQA.Selenium.WebDriverTimeoutException : Timed out after 30 seconds\n  ----> OpenQA.Selenium.NoSuchElementException : no such element: Unable to locate element: {\"method\":\"css selector\",\"selector\":\".rename-input .ellipsis\"}\n  (Session info: chrome=132.0.6834.83); For documentation on this error, please visit: https://www.selenium.dev/documentation/webdriver/troubleshooting/errors#no-such-element-exception","statusTrace":"   at System.Reflection.MethodBaseInvoker.InvokeWithManyArgs(Object obj, BindingFlags invokeAttr, Binder binder, Object[] parameters, CultureInfo culture)\n   at Allure.Net.Commons.Steps.AllureStepAspectBase.Around(String name, Object[] args, Func`2 target, MethodBase metadata, Type returnType)\n   at OdinUiTests.Pages.DisCommonInfoPage.__a$_around_ChooseTemplateByName_100666658_w_0(Object[])\n   at OdinUiTests.Pages.DisCommonInfoPage.ChooseTemplateByName(String templName, Boolean fromInfoPage)\n   at OdinUiTests.Tests.Discipline.DisTemplateTests.CheckAddActivityInDisTemplate() in /azp/_work/2/s/Tests/Discipline/DisTemplateTests.cs:line 100\n   at System.RuntimeMethodHandle.InvokeMethod(Object target, Void** arguments, Signature sig, Boolean isConstructor)\n   at System.Reflection.MethodBaseInvoker.InvokeWithNoArgs(Object obj, BindingFlags invokeAttr)\n--WebDriverTimeoutException\n   at OpenQA.Selenium.Support.UI.DefaultWait`1.ThrowTimeoutException(String exceptionMessage, Exception lastException)\n   at OpenQA.Selenium.Support.UI.DefaultWait`1.Until[TResult](Func`2 condition, CancellationToken token)\n   at OpenQA.Selenium.Support.UI.DefaultWait`1.Until[TResult](Func`2 condition)\n   at OdinUiTests.Services.CommonService.ChooseMaterialByName(IWebDriver driver, List`1 materialName, Boolean fromInfoPage) in /azp/_work/2/s/Services/CommonService.cs:line 182\n   at OdinUiTests.Pages.DisCommonInfoPage.__a$_around_ChooseTemplateByName_100666658_o(String templName, Boolean fromInfoPage) in /azp/_work/2/s/Pages/DisCommonInfoPage.cs:line 486\n   at OdinUiTests.Pages.DisCommonInfoPage.__a$_around_ChooseTemplateByName_100666658_u(Object[])\n   at Allure.Net.Commons.Steps.AllureAbstractStepAspect.WrapSync[T](Func`2 target, Object[] args, MethodBase metadata, String stepName, List`1 stepParameters)\n   at InvokeStub_AllureAbstractStepAspect.WrapSync(Object, Span`1)\n   at System.Reflection.MethodBaseInvoker.InvokeWithManyArgs(Object obj, BindingFlags invokeAttr, Binder binder, Object[] parameters, CultureInfo culture)\n--NoSuchElementException\n   at OpenQA.Selenium.WebDriver.UnpackAndThrowOnError(Response errorResponse, String commandToExecute)\n   at OpenQA.Selenium.WebDriver.ExecuteAsync(String driverCommandToExecute, Dictionary`2 parameters)\n   at SeleniumExtras.WaitHelpers.ExpectedConditions.<>c__DisplayClass19_0.<ElementToBeClickable>b__0(IWebDriver driver)\n   at OpenQA.Selenium.Support.UI.DefaultWait`1.Until[TResult](Func`2 condition, CancellationToken token)","flaky":false,"newFailed":false,"newBroken":true,"newPassed":false,"retriesCount":1,"retriesStatusChange":false,"beforeStages":[],"testStage":{"status":"broken","statusMessage":"System.Reflection.TargetInvocationException : Exception has been thrown by the target of an invocation.\n  ----> OpenQA.Selenium.WebDriverTimeoutException : Timed out after 30 seconds\n  ----> OpenQA.Selenium.NoSuchElementException : no such element: Unable to locate element: {\"method\":\"css selector\",\"selector\":\".rename-input .ellipsis\"}\n  (Session info: chrome=132.0.6834.83); For documentation on this error, please visit: https://www.selenium.dev/documentation/webdriver/troubleshooting/errors#no-such-element-exception","statusTrace":"   at System.Reflection.MethodBaseInvoker.InvokeWithManyArgs(Object obj, BindingFlags invokeAttr, Binder binder, Object[] parameters, CultureInfo culture)\n   at Allure.Net.Commons.Steps.AllureStepAspectBase.Around(String name, Object[] args, Func`2 target, MethodBase metadata, Type returnType)\n   at OdinUiTests.Pages.DisCommonInfoPage.__a$_around_ChooseTemplateByName_100666658_w_0(Object[])\n   at OdinUiTests.Pages.DisCommonInfoPage.ChooseTemplateByName(String templName, Boolean fromInfoPage)\n   at OdinUiTests.Tests.Discipline.DisTemplateTests.CheckAddActivityInDisTemplate() in /azp/_work/2/s/Tests/Discipline/DisTemplateTests.cs:line 100\n   at System.RuntimeMethodHandle.InvokeMethod(Object target, Void** arguments, Signature sig, Boolean isConstructor)\n   at System.Reflection.MethodBaseInvoker.InvokeWithNoArgs(Object obj, BindingFlags invokeAttr)\n--WebDriverTimeoutException\n   at OpenQA.Selenium.Support.UI.DefaultWait`1.ThrowTimeoutException(String exceptionMessage, Exception lastException)\n   at OpenQA.Selenium.Support.UI.DefaultWait`1.Until[TResult](Func`2 condition, CancellationToken token)\n   at OpenQA.Selenium.Support.UI.DefaultWait`1.Until[TResult](Func`2 condition)\n   at OdinUiTests.Services.CommonService.ChooseMaterialByName(IWebDriver driver, List`1 materialName, Boolean fromInfoPage) in /azp/_work/2/s/Services/CommonService.cs:line 182\n   at OdinUiTests.Pages.DisCommonInfoPage.__a$_around_ChooseTemplateByName_100666658_o(String templName, Boolean fromInfoPage) in /azp/_work/2/s/Pages/DisCommonInfoPage.cs:line 486\n   at OdinUiTests.Pages.DisCommonInfoPage.__a$_around_ChooseTemplateByName_100666658_u(Object[])\n   at Allure.Net.Commons.Steps.AllureAbstractStepAspect.WrapSync[T](Func`2 target, Object[] args, MethodBase metadata, String stepName, List`1 stepParameters)\n   at InvokeStub_AllureAbstractStepAspect.WrapSync(Object, Span`1)\n   at System.Reflection.MethodBaseInvoker.InvokeWithManyArgs(Object obj, BindingFlags invokeAttr, Binder binder, Object[] parameters, CultureInfo culture)\n--NoSuchElementException\n   at OpenQA.Selenium.WebDriver.UnpackAndThrowOnError(Response errorResponse, String commandToExecute)\n   at OpenQA.Selenium.WebDriver.ExecuteAsync(String driverCommandToExecute, Dictionary`2 parameters)\n   at SeleniumExtras.WaitHelpers.ExpectedConditions.<>c__DisplayClass19_0.<ElementToBeClickable>b__0(IWebDriver driver)\n   at OpenQA.Selenium.Support.UI.DefaultWait`1.Until[TResult](Func`2 condition, CancellationToken token)","steps":[{"name":"Открыть страницу шаблона дисциплины","time":{"start":1744639563546,"stop":1744639564244,"duration":698},"status":"passed","steps":[],"attachments":[],"parameters":[{"name":"contentId","value":"\"1709708\""}],"stepsCount":0,"attachmentsCount":0,"shouldDisplayMessage":false,"hasContent":true},{"name":"Нажать кнопки ‘Активность’ -> ‘Выбрать шаблон’","time":{"start":1744639564245,"stop":1744639569083,"duration":4838},"status":"passed","steps":[],"attachments":[],"parameters":[],"stepsCount":0,"attachmentsCount":0,"shouldDisplayMessage":false,"hasContent":false},{"name":"Выбрать шаблон из библиотеки по названию и подтвердить выбор","time":{"start":1744639569084,"stop":1744639599646,"duration":30562},"status":"broken","statusMessage":"Timed out after 30 seconds","statusTrace":"OpenQA.Selenium.WebDriverTimeoutException: Timed out after 30 seconds\n ---> OpenQA.Selenium.NoSuchElementException: no such element: Unable to locate element: {\"method\":\"css selector\",\"selector\":\".rename-input .ellipsis\"}\n  (Session info: chrome=132.0.6834.83); For documentation on this error, please visit: https://www.selenium.dev/documentation/webdriver/troubleshooting/errors#no-such-element-exception\n   at OpenQA.Selenium.WebDriver.UnpackAndThrowOnError(Response errorResponse, String commandToExecute)\n   at OpenQA.Selenium.WebDriver.ExecuteAsync(String driverCommandToExecute, Dictionary`2 parameters)\n   at SeleniumExtras.WaitHelpers.ExpectedConditions.<>c__DisplayClass19_0.<ElementToBeClickable>b__0(IWebDriver driver)\n   at OpenQA.Selenium.Support.UI.DefaultWait`1.Until[TResult](Func`2 condition, CancellationToken token)\n   --- End of inner exception stack trace ---\n   at OpenQA.Selenium.Support.UI.DefaultWait`1.ThrowTimeoutException(String exceptionMessage, Exception lastException)\n   at OpenQA.Selenium.Support.UI.DefaultWait`1.Until[TResult](Func`2 condition, CancellationToken token)\n   at OpenQA.Selenium.Support.UI.DefaultWait`1.Until[TResult](Func`2 condition)\n   at OdinUiTests.Services.CommonService.ChooseMaterialByName(IWebDriver driver, List`1 materialName, Boolean fromInfoPage) in /azp/_work/2/s/Services/CommonService.cs:line 182\n   at OdinUiTests.Pages.DisCommonInfoPage.__a$_around_ChooseTemplateByName_100666658_o(String templName, Boolean fromInfoPage) in /azp/_work/2/s/Pages/DisCommonInfoPage.cs:line 486\n   at OdinUiTests.Pages.DisCommonInfoPage.__a$_around_ChooseTemplateByName_100666658_u(Object[])\n   at Allure.Net.Commons.Steps.AllureAbstractStepAspect.WrapSync[T](Func`2 target, Object[] args, MethodBase metadata, String stepName, List`1 stepParameters)","steps":[],"attachments":[],"parameters":[{"name":"templName","value":"\"250B821ADDCE134\""},{"name":"fromInfoPage","value":"true"}],"stepsCount":0,"attachmentsCount":0,"shouldDisplayMessage":true,"hasContent":true}],"attachments":[{"uid":"66417ec1c58902ea","name":"CheckAddActivityInDisTemplate.jpg","source":"66417ec1c58902ea.jpg","type":"image/jpeg","size":128099},{"uid":"2be5680068e121c7","name":"Console Output","source":"2be5680068e121c7.txt","type":"text/plain","size":57}],"parameters":[],"stepsCount":3,"attachmentsCount":2,"shouldDisplayMessage":true,"hasContent":true},"afterStages":[],"labels":[{"name":"thread","value":"NUnit.Fw.ParallelWorker#5"},{"name":"host","value":"18be674a4d97"},{"name":"language","value":"C#"},{"name":"framework","value":"NUnit 3"},{"name":"package","value":"OdinUiTests.Tests.Discipline"},{"name":"testMethod","value":"CheckAddActivityInDisTemplate"},{"name":"testClass","value":"DisTemplateTests"},{"name":"suite","value":"Дисциплина"},{"name":"subSuite","value":"Шаблон дисциплины"},{"name":"severity","value":"normal"},{"name":"tag","value":"Дисциплина"},{"name":"tag","value":"Дежурство"},{"name":"tag","value":"Регресс"},{"name":"resultFormat","value":"allure2"}],"parameters":[],"links":[],"hidden":false,"retry":false,"extra":{"severity":"normal","retries":[{"uid":"74211aa96a5898e0","status":"broken","statusDetails":"System.Reflection.TargetInvocationException : Exception has been thrown by the target of an invocation.\n  ----> OpenQA.Selenium.WebDriverTimeoutException : Timed out after 30 seconds\n  ----> OpenQA.Selenium.NoSuchElementException : no such element: Unable to locate element: {\"method\":\"css selector\",\"selector\":\".rename-input .ellipsis\"}\n  (Session info: chrome=132.0.6834.83); For documentation on this error, please visit: https://www.selenium.dev/documentation/webdriver/troubleshooting/errors#no-such-element-exception","time":{"start":1744638473657,"stop":1744638520656,"duration":46999}}],"categories":[{"name":"Test defects","matchedStatuses":[],"flaky":false}],"history":{"statistic":{"failed":3,"broken":1,"skipped":0,"passed":108,"unknown":0,"total":112},"items":[{"uid":"d2cba440a13b2cdd","status":"passed","time":{"start":1743659265030,"stop":1743659301746,"duration":36716}},{"uid":"2bc1e31ec2595fff","status":"passed","time":{"start":1743058295348,"stop":1743058320036,"duration":24688}},{"uid":"abb2bd0c0102da81","status":"passed","time":{"start":1741890913423,"stop":1741890938234,"duration":24811}},{"uid":"9405dece4759da3a","status":"passed","time":{"start":1741850689655,"stop":1741850723455,"duration":33800}},{"uid":"2c16a52d399f7a28","status":"passed","time":{"start":1741243315163,"stop":1741243333301,"duration":18138}},{"uid":"7e6fa185327ac963","status":"passed","time":{"start":1741141003963,"stop":1741141033350,"duration":29387}},{"uid":"955ab4191aba22b7","status":"passed","time":{"start":1740462975290,"stop":1740462994410,"duration":19120}},{"uid":"d2fc8aa10c27282c","status":"passed","time":{"start":1740121653356,"stop":1740121693156,"duration":39800}},{"uid":"bde0ec27b843d910","status":"passed","time":{"start":1739342351918,"stop":1739342383334,"duration":31416}},{"uid":"41d07c8c4e28e748","status":"passed","time":{"start":1737613526453,"stop":1737613556054,"duration":29601}},{"uid":"d493549a0497e80e","status":"passed","time":{"start":1737567676170,"stop":1737567702968,"duration":26798}},{"uid":"ab1a2a9bd2bdea3d","status":"passed","time":{"start":1737525170424,"stop":1737525194315,"duration":23891}},{"uid":"91933caa9033725c","status":"passed","time":{"start":1736951569357,"stop":1736951586974,"duration":17617}},{"uid":"60f482c23430fa6b","status":"passed","time":{"start":1736923544792,"stop":1736923564270,"duration":19478}},{"uid":"98df3ebe43fc3d80","status":"passed","time":{"start":1736923544792,"stop":1736923564270,"duration":19478}},{"uid":"427104e684fbfdf5","status":"passed","time":{"start":1735130579446,"stop":1735130593293,"duration":13847}},{"uid":"6071c5a821a3032e","status":"passed","time":{"start":1732693368277,"stop":1732693378912,"duration":10635}},{"uid":"544eed7a61cc2984","status":"passed","time":{"start":1732118128814,"stop":1732118141799,"duration":12985}},{"uid":"97e970cd452bf5ed","status":"passed","time":{"start":1732033897395,"stop":1732033910361,"duration":12966}},{"uid":"570f19ac4abec3d","status":"passed","time":{"start":1731946011475,"stop":1731946021733,"duration":10258}}]},"tags":["Регресс","Дежурство","Дисциплина"]},"source":"39eaedef13f1e9a0.json","parameterValues":[]}