{"uid":"3b95a475b0cbcbae","name":"Можно отправить сообщение по нажатию на Enter в миничате группового звонка","fullName":"OdinUiTests:OdinUiTests.Tests.Chat.GroupChatCallTests.CheckSendMessageByTappingEnterInGroupCallChat()","historyId":"0bc91ec1348bce6c73a2117423e16629","time":{"start":1753146734768,"stop":1753146775146,"duration":40378},"status":"broken","statusMessage":"System.Reflection.TargetInvocationException : Exception has been thrown by the target of an invocation.\n  ----> OpenQA.Selenium.WebDriverTimeoutException : Timed out after 30 seconds\n  ----> OpenQA.Selenium.NoSuchElementException : no such element: Unable to locate element: {\"method\":\"css selector\",\"selector\":\"#openCloseChatBtn\"}\n  (Session info: chrome=132.0.6834.83); For documentation on this error, please visit: https://www.selenium.dev/documentation/webdriver/troubleshooting/errors#no-such-element-exception","statusTrace":"   at System.Reflection.MethodBaseInvoker.InvokeWithManyArgs(Object obj, BindingFlags invokeAttr, Binder binder, Object[] parameters, CultureInfo culture)\n   at Allure.Net.Commons.Steps.AllureStepAspectBase.Around(String name, Object[] args, Func`2 target, MethodBase metadata, Type returnType)\n   at OdinUiTests.Pages.CallPage.__a$_around_ClickOnChatButton_100666247_w_0(Object[])\n   at OdinUiTests.Pages.CallPage.ClickOnChatButton()\n   at OdinUiTests.Tests.Chat.GroupChatCallTests.SetUp() in /azp/_work/1/s/Tests/Chat/CallChatTests.cs:line 243\n   at InvokeStub_GroupChatCallTests.SetUp(Object, Object, IntPtr*)\n   at System.Reflection.MethodBaseInvoker.InvokeWithNoArgs(Object obj, BindingFlags invokeAttr)\n--WebDriverTimeoutException\n   at OpenQA.Selenium.Support.UI.DefaultWait`1.ThrowTimeoutException(String exceptionMessage, Exception lastException)\n   at OpenQA.Selenium.Support.UI.DefaultWait`1.Until[TResult](Func`2 condition, CancellationToken token)\n   at OpenQA.Selenium.Support.UI.DefaultWait`1.Until[TResult](Func`2 condition)\n   at OdinUiTests.Pages.CallPage.__a$_around_ClickOnChatButton_100666247_o() in /azp/_work/1/s/Pages/CallPage.cs:line 104\n   at OdinUiTests.Pages.CallPage.__a$_around_ClickOnChatButton_100666247_u(Object[])\n   at Allure.Net.Commons.Steps.AllureAbstractStepAspect.WrapSync[T](Func`2 target, Object[] args, MethodBase metadata, String stepName, List`1 stepParameters)\n   at InvokeStub_AllureAbstractStepAspect.WrapSync(Object, Span`1)\n   at System.Reflection.MethodBaseInvoker.InvokeWithManyArgs(Object obj, BindingFlags invokeAttr, Binder binder, Object[] parameters, CultureInfo culture)\n--NoSuchElementException\n   at OpenQA.Selenium.WebDriver.UnpackAndThrowOnError(Response errorResponse, String commandToExecute)\n   at OpenQA.Selenium.WebDriver.ExecuteAsync(String driverCommandToExecute, Dictionary`2 parameters)\n   at SeleniumExtras.WaitHelpers.ExpectedConditions.<>c__DisplayClass19_0.<ElementToBeClickable>b__0(IWebDriver driver)\n   at OpenQA.Selenium.Support.UI.DefaultWait`1.Until[TResult](Func`2 condition, CancellationToken token)","flaky":false,"newFailed":false,"newBroken":true,"newPassed":false,"retriesCount":0,"retriesStatusChange":false,"beforeStages":[],"testStage":{"status":"broken","statusMessage":"System.Reflection.TargetInvocationException : Exception has been thrown by the target of an invocation.\n  ----> OpenQA.Selenium.WebDriverTimeoutException : Timed out after 30 seconds\n  ----> OpenQA.Selenium.NoSuchElementException : no such element: Unable to locate element: {\"method\":\"css selector\",\"selector\":\"#openCloseChatBtn\"}\n  (Session info: chrome=132.0.6834.83); For documentation on this error, please visit: https://www.selenium.dev/documentation/webdriver/troubleshooting/errors#no-such-element-exception","statusTrace":"   at System.Reflection.MethodBaseInvoker.InvokeWithManyArgs(Object obj, BindingFlags invokeAttr, Binder binder, Object[] parameters, CultureInfo culture)\n   at Allure.Net.Commons.Steps.AllureStepAspectBase.Around(String name, Object[] args, Func`2 target, MethodBase metadata, Type returnType)\n   at OdinUiTests.Pages.CallPage.__a$_around_ClickOnChatButton_100666247_w_0(Object[])\n   at OdinUiTests.Pages.CallPage.ClickOnChatButton()\n   at OdinUiTests.Tests.Chat.GroupChatCallTests.SetUp() in /azp/_work/1/s/Tests/Chat/CallChatTests.cs:line 243\n   at InvokeStub_GroupChatCallTests.SetUp(Object, Object, IntPtr*)\n   at System.Reflection.MethodBaseInvoker.InvokeWithNoArgs(Object obj, BindingFlags invokeAttr)\n--WebDriverTimeoutException\n   at OpenQA.Selenium.Support.UI.DefaultWait`1.ThrowTimeoutException(String exceptionMessage, Exception lastException)\n   at OpenQA.Selenium.Support.UI.DefaultWait`1.Until[TResult](Func`2 condition, CancellationToken token)\n   at OpenQA.Selenium.Support.UI.DefaultWait`1.Until[TResult](Func`2 condition)\n   at OdinUiTests.Pages.CallPage.__a$_around_ClickOnChatButton_100666247_o() in /azp/_work/1/s/Pages/CallPage.cs:line 104\n   at OdinUiTests.Pages.CallPage.__a$_around_ClickOnChatButton_100666247_u(Object[])\n   at Allure.Net.Commons.Steps.AllureAbstractStepAspect.WrapSync[T](Func`2 target, Object[] args, MethodBase metadata, String stepName, List`1 stepParameters)\n   at InvokeStub_AllureAbstractStepAspect.WrapSync(Object, Span`1)\n   at System.Reflection.MethodBaseInvoker.InvokeWithManyArgs(Object obj, BindingFlags invokeAttr, Binder binder, Object[] parameters, CultureInfo culture)\n--NoSuchElementException\n   at OpenQA.Selenium.WebDriver.UnpackAndThrowOnError(Response errorResponse, String commandToExecute)\n   at OpenQA.Selenium.WebDriver.ExecuteAsync(String driverCommandToExecute, Dictionary`2 parameters)\n   at SeleniumExtras.WaitHelpers.ExpectedConditions.<>c__DisplayClass19_0.<ElementToBeClickable>b__0(IWebDriver driver)\n   at OpenQA.Selenium.Support.UI.DefaultWait`1.Until[TResult](Func`2 condition, CancellationToken token)","steps":[{"name":"Открыть страницу звонка по id чата","time":{"start":1753146734768,"stop":1753146736267,"duration":1499},"status":"passed","steps":[],"attachments":[],"parameters":[{"name":"chatId","value":"\"3577\""}],"stepsCount":0,"attachmentsCount":0,"shouldDisplayMessage":false,"hasContent":true},{"name":"Нажать на кнопку 'Присоединиться' в предбаннике","time":{"start":1753146736267,"stop":1753146742345,"duration":6078},"status":"passed","steps":[],"attachments":[],"parameters":[],"stepsCount":0,"attachmentsCount":0,"shouldDisplayMessage":false,"hasContent":false},{"name":"Нажать на кнопку чата в звонке","time":{"start":1753146742345,"stop":1753146772761,"duration":30416},"status":"broken","statusMessage":"Timed out after 30 seconds","statusTrace":"OpenQA.Selenium.WebDriverTimeoutException: Timed out after 30 seconds\n ---> OpenQA.Selenium.NoSuchElementException: no such element: Unable to locate element: {\"method\":\"css selector\",\"selector\":\"#openCloseChatBtn\"}\n  (Session info: chrome=132.0.6834.83); For documentation on this error, please visit: https://www.selenium.dev/documentation/webdriver/troubleshooting/errors#no-such-element-exception\n   at OpenQA.Selenium.WebDriver.UnpackAndThrowOnError(Response errorResponse, String commandToExecute)\n   at OpenQA.Selenium.WebDriver.ExecuteAsync(String driverCommandToExecute, Dictionary`2 parameters)\n   at SeleniumExtras.WaitHelpers.ExpectedConditions.<>c__DisplayClass19_0.<ElementToBeClickable>b__0(IWebDriver driver)\n   at OpenQA.Selenium.Support.UI.DefaultWait`1.Until[TResult](Func`2 condition, CancellationToken token)\n   --- End of inner exception stack trace ---\n   at OpenQA.Selenium.Support.UI.DefaultWait`1.ThrowTimeoutException(String exceptionMessage, Exception lastException)\n   at OpenQA.Selenium.Support.UI.DefaultWait`1.Until[TResult](Func`2 condition, CancellationToken token)\n   at OpenQA.Selenium.Support.UI.DefaultWait`1.Until[TResult](Func`2 condition)\n   at OdinUiTests.Pages.CallPage.__a$_around_ClickOnChatButton_100666247_o() in /azp/_work/1/s/Pages/CallPage.cs:line 104\n   at OdinUiTests.Pages.CallPage.__a$_around_ClickOnChatButton_100666247_u(Object[])\n   at Allure.Net.Commons.Steps.AllureAbstractStepAspect.WrapSync[T](Func`2 target, Object[] args, MethodBase metadata, String stepName, List`1 stepParameters)","steps":[],"attachments":[],"parameters":[],"stepsCount":0,"attachmentsCount":0,"shouldDisplayMessage":true,"hasContent":true}],"attachments":[{"uid":"fd967385057c7b30","name":"CheckSendMessageByTappingEnterInGroupCallChat.jpg","source":"fd967385057c7b30.jpg","type":"image/jpeg","size":28201},{"uid":"43658b3f4ea68e11","name":"Console Output","source":"43658b3f4ea68e11.txt","type":"text/plain","size":44}],"parameters":[],"stepsCount":3,"attachmentsCount":2,"shouldDisplayMessage":true,"hasContent":true},"afterStages":[],"labels":[{"name":"thread","value":"NUnit.Fw.ParallelWorker#3"},{"name":"host","value":"729fdeebefa1"},{"name":"language","value":"C#"},{"name":"framework","value":"NUnit 3"},{"name":"package","value":"OdinUiTests.Tests.Chat"},{"name":"testMethod","value":"CheckSendMessageByTappingEnterInGroupCallChat"},{"name":"testClass","value":"GroupChatCallTests"},{"name":"suite","value":"Чат"},{"name":"subSuite","value":"Миничат группового звонка"},{"name":"severity","value":"normal"},{"name":"tag","value":"Чат"},{"name":"tag","value":"Регресс"},{"name":"resultFormat","value":"allure2"}],"parameters":[],"links":[],"hidden":false,"retry":false,"extra":{"severity":"normal","retries":[],"categories":[{"name":"Test defects","matchedStatuses":[],"flaky":false}],"history":{"statistic":{"failed":1,"broken":1,"skipped":0,"passed":51,"unknown":0,"total":53},"items":[{"uid":"39238335f74b8130","status":"passed","time":{"start":1741889910636,"stop":1741889948840,"duration":38204}},{"uid":"8f230313d6c878e","status":"passed","time":{"start":1741155214149,"stop":1741155258122,"duration":43973}},{"uid":"9e13071d45e33ca","status":"passed","time":{"start":1741139762260,"stop":1741139811263,"duration":49003}},{"uid":"5f8db093d6f3d43a","status":"passed","time":{"start":1737612466753,"stop":1737612514662,"duration":47909}},{"uid":"6d5450b8256b3733","status":"passed","time":{"start":1737566658073,"stop":1737566695659,"duration":37586}},{"uid":"d4ffbe10b828da09","status":"passed","time":{"start":1736950957345,"stop":1736950985852,"duration":28507}},{"uid":"480d33c3afd3ce95","status":"passed","time":{"start":1732117824528,"stop":1732117837680,"duration":13152}},{"uid":"f6db7a7846810a92","status":"passed","time":{"start":1732033584138,"stop":1732033599194,"duration":15056}},{"uid":"cfbb986f76108227","status":"passed","statusDetails":"Можно отправить сообщение по нажатию на Enter в миничате группового звонка","time":{"start":1728640117031,"stop":1728640129664,"duration":12633}},{"uid":"89a2b054ebca3975","status":"passed","statusDetails":"Можно отправить сообщение по нажатию на Enter в миничате группового звонка","time":{"start":1727714536862,"stop":1727714553296,"duration":16434}},{"uid":"12bedfa2ecf486da","status":"passed","statusDetails":"Можно отправить сообщение по нажатию на Enter в миничате группового звонка","time":{"start":1727353000684,"stop":1727353012159,"duration":11475}},{"uid":"d47b28c635eeb5c0","status":"passed","statusDetails":"Можно отправить сообщение по нажатию на Enter в миничате группового звонка","time":{"start":1727072598011,"stop":1727072610289,"duration":12278}},{"uid":"465eb78800d65600","status":"passed","statusDetails":"Можно отправить сообщение по нажатию на Enter в миничате группового звонка","time":{"start":1726128241978,"stop":1726128255667,"duration":13689}},{"uid":"b5749a6dbaff23a2","status":"passed","time":{"start":1725342815819,"stop":1725342835032,"duration":19213}},{"uid":"73a2d1455451fab8","status":"passed","statusDetails":"Можно отправить сообщение по нажатию на Enter в миничате группового звонка","time":{"start":1722214097554,"stop":1722214108068,"duration":10514}},{"uid":"e8bb9b801a6ac5c3","status":"failed","statusDetails":"OpenQA.Selenium.WebDriverTimeoutException : Timed out after 30 seconds\n  ----> OpenQA.Selenium.NoSuchElementException : no such element: Unable to locate element: {\"method\":\"css selector\",\"selector\":\"#openCloseChatBtn\"}\n  (Session info: chrome-headless-shell=126.0.6478.126); For documentation on this error, please visit: https://www.selenium.dev/documentation/webdriver/troubleshooting/errors#no-such-element-exception","time":{"start":1721977331479,"stop":1721977366312,"duration":34833}},{"uid":"4869be4b1f45d230","status":"passed","statusDetails":"Можно отправить сообщение по нажатию на Enter в миничате группового звонка","time":{"start":1721975046355,"stop":1721975060880,"duration":14525}},{"uid":"5603a3707acc121f","status":"passed","statusDetails":"Можно отправить сообщение по нажатию на Enter в миничате группового звонка","time":{"start":1721816000420,"stop":1721816014136,"duration":13716}},{"uid":"ee4aec1420c4c555","status":"passed","statusDetails":"Можно отправить сообщение по нажатию на Enter в миничате группового звонка","time":{"start":1720574391695,"stop":1720574402346,"duration":10651}},{"uid":"564edd8ed6104ebe","status":"passed","statusDetails":"Можно отправить сообщение по нажатию на Enter в миничате группового звонка","time":{"start":1718784668178,"stop":1718784684333,"duration":16155}}]},"tags":["Регресс","Чат"]},"source":"3b95a475b0cbcbae.json","parameterValues":[]}