{"uid":"3c9738807fe93e1c","name":"Можно переключать значения в поле Оценка в контрольной","fullName":"OdinUiTests:OdinUiTests.Tests.Activity.TestActivityEditingTests.CheckEditScoreValueInControlTypeActivity()","historyId":"80a818214aa99d313f2a57267d46d7f0","time":{"start":1741236111997,"stop":1741236161996,"duration":49999},"status":"broken","statusMessage":"System.Reflection.TargetInvocationException : Exception has been thrown by the target of an invocation.\n  ----> OpenQA.Selenium.WebDriverTimeoutException : Timed out after 30 seconds\n  ----> OpenQA.Selenium.NoSuchElementException : no such element: Unable to locate element: {\"method\":\"xpath\",\"selector\":\"//div[contains(text(),'Итоговая оценка')]/following-sibling::span\"}\n  (Session info: chrome=132.0.6834.83); For documentation on this error, please visit: https://www.selenium.dev/documentation/webdriver/troubleshooting/errors#no-such-element-exception","statusTrace":"   at System.Reflection.MethodBaseInvoker.InvokeWithManyArgs(Object obj, BindingFlags invokeAttr, Binder binder, Object[] parameters, CultureInfo culture)\n   at Allure.Net.Commons.Steps.AllureStepAspectBase.Around(String name, Object[] args, Func`2 target, MethodBase metadata, Type returnType)\n   at OdinUiTests.Pages.ActivityCommonPage.__a$_around_CheckActivityScoreIsChanged_100666117_w_0(Object[])\n   at OdinUiTests.Pages.ActivityCommonPage.CheckActivityScoreIsChanged(String score)\n   at OdinUiTests.Pages.ActivityCommonPage.CheckActivityScoreIsChanged(String score, Boolean isTemplate) in /azp/_work/1/s/Pages/ActivityCommonPage.cs:line 868\n   at OdinUiTests.Tests.Activity.ActivityCommon.EditScoreValue(IWebDriver driver, Boolean isTemplate, String id) in /azp/_work/1/s/Tests/Activity/ActivityCommon.cs:line 231\n   at OdinUiTests.Tests.Activity.ActivityCommon.EditScoreValueInActivity(IWebDriver driver, String activityId) in /azp/_work/1/s/Tests/Activity/ActivityCommon.cs:line 238\n   at OdinUiTests.Tests.Activity.TestActivityEditingTests.CheckEditScoreValueInControlTypeActivity() in /azp/_work/1/s/Tests/Activity/TestActivityTests.cs:line 208\n   at System.RuntimeMethodHandle.InvokeMethod(Object target, Void** arguments, Signature sig, Boolean isConstructor)\n   at System.Reflection.MethodBaseInvoker.InvokeWithNoArgs(Object obj, BindingFlags invokeAttr)\n--WebDriverTimeoutException\n   at OpenQA.Selenium.Support.UI.DefaultWait`1.ThrowTimeoutException(String exceptionMessage, Exception lastException)\n   at OpenQA.Selenium.Support.UI.DefaultWait`1.Until[TResult](Func`2 condition, CancellationToken token)\n   at OpenQA.Selenium.Support.UI.DefaultWait`1.Until[TResult](Func`2 condition)\n   at OdinUiTests.Pages.ActivityCommonPage.ActivityScoreIsChanged(String score) in /azp/_work/1/s/Pages/ActivityCommonPage.cs:line 850\n   at OdinUiTests.Pages.ActivityCommonPage.__a$_around_CheckActivityScoreIsChanged_100666117_o(String score) in /azp/_work/1/s/Pages/ActivityCommonPage.cs:line 857\n   at OdinUiTests.Pages.ActivityCommonPage.__a$_around_CheckActivityScoreIsChanged_100666117_u(Object[])\n   at Allure.Net.Commons.Steps.AllureAbstractStepAspect.WrapSync[T](Func`2 target, Object[] args, MethodBase metadata, String stepName, List`1 stepParameters)\n   at InvokeStub_AllureAbstractStepAspect.WrapSync(Object, Span`1)\n   at System.Reflection.MethodBaseInvoker.InvokeWithManyArgs(Object obj, BindingFlags invokeAttr, Binder binder, Object[] parameters, CultureInfo culture)\n--NoSuchElementException\n   at OpenQA.Selenium.WebDriver.UnpackAndThrowOnError(Response errorResponse, String commandToExecute)\n   at OpenQA.Selenium.WebDriver.ExecuteAsync(String driverCommandToExecute, Dictionary`2 parameters)\n   at OpenQA.Selenium.WebDriver.Execute(String driverCommandToExecute, Dictionary`2 parameters)\n   at OpenQA.Selenium.WebDriver.FindElement(String mechanism, String value)\n   at SeleniumExtras.WaitHelpers.ExpectedConditions.<>c__DisplayClass7_0.<ElementIsVisible>b__0(IWebDriver driver)\n   at OpenQA.Selenium.Support.UI.DefaultWait`1.Until[TResult](Func`2 condition, CancellationToken token)","flaky":false,"newFailed":false,"newBroken":false,"newPassed":false,"retriesCount":0,"retriesStatusChange":false,"beforeStages":[],"testStage":{"status":"broken","statusMessage":"System.Reflection.TargetInvocationException : Exception has been thrown by the target of an invocation.\n  ----> OpenQA.Selenium.WebDriverTimeoutException : Timed out after 30 seconds\n  ----> OpenQA.Selenium.NoSuchElementException : no such element: Unable to locate element: {\"method\":\"xpath\",\"selector\":\"//div[contains(text(),'Итоговая оценка')]/following-sibling::span\"}\n  (Session info: chrome=132.0.6834.83); For documentation on this error, please visit: https://www.selenium.dev/documentation/webdriver/troubleshooting/errors#no-such-element-exception","statusTrace":"   at System.Reflection.MethodBaseInvoker.InvokeWithManyArgs(Object obj, BindingFlags invokeAttr, Binder binder, Object[] parameters, CultureInfo culture)\n   at Allure.Net.Commons.Steps.AllureStepAspectBase.Around(String name, Object[] args, Func`2 target, MethodBase metadata, Type returnType)\n   at OdinUiTests.Pages.ActivityCommonPage.__a$_around_CheckActivityScoreIsChanged_100666117_w_0(Object[])\n   at OdinUiTests.Pages.ActivityCommonPage.CheckActivityScoreIsChanged(String score)\n   at OdinUiTests.Pages.ActivityCommonPage.CheckActivityScoreIsChanged(String score, Boolean isTemplate) in /azp/_work/1/s/Pages/ActivityCommonPage.cs:line 868\n   at OdinUiTests.Tests.Activity.ActivityCommon.EditScoreValue(IWebDriver driver, Boolean isTemplate, String id) in /azp/_work/1/s/Tests/Activity/ActivityCommon.cs:line 231\n   at OdinUiTests.Tests.Activity.ActivityCommon.EditScoreValueInActivity(IWebDriver driver, String activityId) in /azp/_work/1/s/Tests/Activity/ActivityCommon.cs:line 238\n   at OdinUiTests.Tests.Activity.TestActivityEditingTests.CheckEditScoreValueInControlTypeActivity() in /azp/_work/1/s/Tests/Activity/TestActivityTests.cs:line 208\n   at System.RuntimeMethodHandle.InvokeMethod(Object target, Void** arguments, Signature sig, Boolean isConstructor)\n   at System.Reflection.MethodBaseInvoker.InvokeWithNoArgs(Object obj, BindingFlags invokeAttr)\n--WebDriverTimeoutException\n   at OpenQA.Selenium.Support.UI.DefaultWait`1.ThrowTimeoutException(String exceptionMessage, Exception lastException)\n   at OpenQA.Selenium.Support.UI.DefaultWait`1.Until[TResult](Func`2 condition, CancellationToken token)\n   at OpenQA.Selenium.Support.UI.DefaultWait`1.Until[TResult](Func`2 condition)\n   at OdinUiTests.Pages.ActivityCommonPage.ActivityScoreIsChanged(String score) in /azp/_work/1/s/Pages/ActivityCommonPage.cs:line 850\n   at OdinUiTests.Pages.ActivityCommonPage.__a$_around_CheckActivityScoreIsChanged_100666117_o(String score) in /azp/_work/1/s/Pages/ActivityCommonPage.cs:line 857\n   at OdinUiTests.Pages.ActivityCommonPage.__a$_around_CheckActivityScoreIsChanged_100666117_u(Object[])\n   at Allure.Net.Commons.Steps.AllureAbstractStepAspect.WrapSync[T](Func`2 target, Object[] args, MethodBase metadata, String stepName, List`1 stepParameters)\n   at InvokeStub_AllureAbstractStepAspect.WrapSync(Object, Span`1)\n   at System.Reflection.MethodBaseInvoker.InvokeWithManyArgs(Object obj, BindingFlags invokeAttr, Binder binder, Object[] parameters, CultureInfo culture)\n--NoSuchElementException\n   at OpenQA.Selenium.WebDriver.UnpackAndThrowOnError(Response errorResponse, String commandToExecute)\n   at OpenQA.Selenium.WebDriver.ExecuteAsync(String driverCommandToExecute, Dictionary`2 parameters)\n   at OpenQA.Selenium.WebDriver.Execute(String driverCommandToExecute, Dictionary`2 parameters)\n   at OpenQA.Selenium.WebDriver.FindElement(String mechanism, String value)\n   at SeleniumExtras.WaitHelpers.ExpectedConditions.<>c__DisplayClass7_0.<ElementIsVisible>b__0(IWebDriver driver)\n   at OpenQA.Selenium.Support.UI.DefaultWait`1.Until[TResult](Func`2 condition, CancellationToken token)","steps":[{"name":"Открыть страницу редактирования активности","time":{"start":1741236111998,"stop":1741236114382,"duration":2384},"status":"passed","steps":[{"name":"Открыть страницу редактирования активности","time":{"start":1741236111998,"stop":1741236114382,"duration":2384},"status":"passed","steps":[],"attachments":[],"parameters":[{"name":"activityId","value":"\"94\""}],"stepsCount":0,"attachmentsCount":0,"shouldDisplayMessage":false,"hasContent":true}],"attachments":[],"parameters":[{"name":"isTemplate","value":"false"},{"name":"id","value":"\"94\""}],"stepsCount":1,"attachmentsCount":0,"shouldDisplayMessage":false,"hasContent":true},{"name":"Переключить значение в поле 'Оценка'","time":{"start":1741236114383,"stop":1741236125198,"duration":10815},"status":"passed","steps":[],"attachments":[],"parameters":[],"stepsCount":0,"attachmentsCount":0,"shouldDisplayMessage":false,"hasContent":false},{"name":"Нажать на кнопку ‘Сохранить’","time":{"start":1741236125198,"stop":1741236128698,"duration":3500},"status":"passed","steps":[{"name":"Нажать на кнопку 'Сохранить' и подтвердить сохранение","time":{"start":1741236125199,"stop":1741236128698,"duration":3499},"status":"passed","steps":[],"attachments":[],"parameters":[],"stepsCount":0,"attachmentsCount":0,"shouldDisplayMessage":false,"hasContent":false}],"attachments":[],"parameters":[{"name":"isTemplate","value":"false"}],"stepsCount":1,"attachmentsCount":0,"shouldDisplayMessage":false,"hasContent":true},{"name":"Проверка того, что на странице активности в поле 'Итоговая оценка' поменялось значение","time":{"start":1741236128698,"stop":1741236158793,"duration":30095},"status":"broken","statusMessage":"Timed out after 30 seconds","statusTrace":"OpenQA.Selenium.WebDriverTimeoutException: Timed out after 30 seconds\n ---> OpenQA.Selenium.NoSuchElementException: no such element: Unable to locate element: {\"method\":\"xpath\",\"selector\":\"//div[contains(text(),'Итоговая оценка')]/following-sibling::span\"}\n  (Session info: chrome=132.0.6834.83); For documentation on this error, please visit: https://www.selenium.dev/documentation/webdriver/troubleshooting/errors#no-such-element-exception\n   at OpenQA.Selenium.WebDriver.UnpackAndThrowOnError(Response errorResponse, String commandToExecute)\n   at OpenQA.Selenium.WebDriver.ExecuteAsync(String driverCommandToExecute, Dictionary`2 parameters)\n   at OpenQA.Selenium.WebDriver.Execute(String driverCommandToExecute, Dictionary`2 parameters)\n   at OpenQA.Selenium.WebDriver.FindElement(String mechanism, String value)\n   at SeleniumExtras.WaitHelpers.ExpectedConditions.<>c__DisplayClass7_0.<ElementIsVisible>b__0(IWebDriver driver)\n   at OpenQA.Selenium.Support.UI.DefaultWait`1.Until[TResult](Func`2 condition, CancellationToken token)\n   --- End of inner exception stack trace ---\n   at OpenQA.Selenium.Support.UI.DefaultWait`1.ThrowTimeoutException(String exceptionMessage, Exception lastException)\n   at OpenQA.Selenium.Support.UI.DefaultWait`1.Until[TResult](Func`2 condition, CancellationToken token)\n   at OpenQA.Selenium.Support.UI.DefaultWait`1.Until[TResult](Func`2 condition)\n   at OdinUiTests.Pages.ActivityCommonPage.ActivityScoreIsChanged(String score) in /azp/_work/1/s/Pages/ActivityCommonPage.cs:line 850\n   at OdinUiTests.Pages.ActivityCommonPage.__a$_around_CheckActivityScoreIsChanged_100666117_o(String score) in /azp/_work/1/s/Pages/ActivityCommonPage.cs:line 857\n   at OdinUiTests.Pages.ActivityCommonPage.__a$_around_CheckActivityScoreIsChanged_100666117_u(Object[])\n   at Allure.Net.Commons.Steps.AllureAbstractStepAspect.WrapSync[T](Func`2 target, Object[] args, MethodBase metadata, String stepName, List`1 stepParameters)","steps":[],"attachments":[],"parameters":[{"name":"score","value":"\"За лучшую попытку\""}],"stepsCount":0,"attachmentsCount":0,"shouldDisplayMessage":true,"hasContent":true}],"attachments":[{"uid":"1cc184a4dcee5f6","name":"CheckEditScoreValueInControlTypeActivity.jpg","source":"1cc184a4dcee5f6.jpg","type":"image/jpeg","size":246938},{"uid":"24dc51a0baaf3595","name":"Console Output","source":"24dc51a0baaf3595.txt","type":"text/plain","size":46}],"parameters":[],"stepsCount":6,"attachmentsCount":2,"shouldDisplayMessage":true,"hasContent":true},"afterStages":[],"labels":[{"name":"thread","value":"NUnit.Fw.ParallelWorker#10"},{"name":"host","value":"2fa946f82c24"},{"name":"language","value":"C#"},{"name":"framework","value":"NUnit 3"},{"name":"package","value":"OdinUiTests.Tests.Activity"},{"name":"testMethod","value":"CheckEditScoreValueInControlTypeActivity"},{"name":"testClass","value":"TestActivityEditingTests"},{"name":"parentSuite","value":"Активность"},{"name":"suite","value":"Контрольная"},{"name":"subSuite","value":"Редактирование контрольной"},{"name":"severity","value":"critical"},{"name":"tag","value":"Активность"},{"name":"tag","value":"Дежурство"},{"name":"tag","value":"Регресс"},{"name":"resultFormat","value":"allure2"}],"parameters":[],"links":[],"hidden":true,"retry":true,"extra":{"categories":[],"tags":["Регресс","Дежурство","Активность"]},"source":"3c9738807fe93e1c.json","parameterValues":[]}