{"uid":"3d4ceac1f20ff141","name":"Начать обсуждение с другим участником в групповом чате","fullName":"OdinUiTests:OdinUiTests.Tests.Chat.GroupChatMessageActionTests.CheckStartDiscussionUnderLeftSideMessageInGroupChat()","historyId":"7fd127ee8856a487c7a6e8d05590b6b0","time":{"start":1737572607573,"stop":1737572671256,"duration":63683},"status":"broken","statusMessage":"OpenQA.Selenium.WebDriverTimeoutException : Timed out after 30 seconds\n  ----> OpenQA.Selenium.NoSuchElementException : no such element: Unable to locate element: {\"method\":\"css selector\",\"selector\":\".thread\\-chat\\-block\"}\n  (Session info: chrome=132.0.6834.83); For documentation on this error, please visit: https://www.selenium.dev/documentation/webdriver/troubleshooting/errors#no-such-element-exception","statusTrace":"   at OpenQA.Selenium.Support.UI.DefaultWait`1.ThrowTimeoutException(String exceptionMessage, Exception lastException)\n   at OpenQA.Selenium.Support.UI.DefaultWait`1.Until[TResult](Func`2 condition, CancellationToken token)\n   at OpenQA.Selenium.Support.UI.DefaultWait`1.Until[TResult](Func`2 condition)\n   at OdinUiTests.Pages.ChatCommonPage.__a$_around_CheckDiscussedMessageIsAppeared_100666335_o(String randomText) in /azp/_work/1/s/Pages/ChatCommonPage.cs:line 1281\n   at OdinUiTests.Pages.ChatCommonPage.__a$_around_CheckDiscussedMessageIsAppeared_100666335_u(Object[])\n   at Allure.Net.Commons.Steps.AllureAbstractStepAspect.WrapSync[T](Func`2 target, Object[] args, MethodBase metadata, String stepName, List`1 stepParameters)\n   at InvokeStub_AllureAbstractStepAspect.WrapSync(Object, Span`1)\n   at System.Reflection.MethodBaseInvoker.InvokeWithManyArgs(Object obj, BindingFlags invokeAttr, Binder binder, Object[] parameters, CultureInfo culture)\n--NoSuchElementException\n   at OpenQA.Selenium.WebDriver.UnpackAndThrowOnError(Response errorResponse, String commandToExecute)\n   at OpenQA.Selenium.WebDriver.ExecuteAsync(String driverCommandToExecute, Dictionary`2 parameters)\n   at SeleniumExtras.WaitHelpers.ExpectedConditions.<>c__DisplayClass19_0.<ElementToBeClickable>b__0(IWebDriver driver)\n   at OpenQA.Selenium.Support.UI.DefaultWait`1.Until[TResult](Func`2 condition, CancellationToken token)","flaky":false,"newFailed":false,"newBroken":true,"newPassed":false,"retriesCount":1,"retriesStatusChange":false,"beforeStages":[],"testStage":{"status":"broken","statusMessage":"OpenQA.Selenium.WebDriverTimeoutException : Timed out after 30 seconds\n  ----> OpenQA.Selenium.NoSuchElementException : no such element: Unable to locate element: {\"method\":\"css selector\",\"selector\":\".thread\\-chat\\-block\"}\n  (Session info: chrome=132.0.6834.83); For documentation on this error, please visit: https://www.selenium.dev/documentation/webdriver/troubleshooting/errors#no-such-element-exception","statusTrace":"   at OpenQA.Selenium.Support.UI.DefaultWait`1.ThrowTimeoutException(String exceptionMessage, Exception lastException)\n   at OpenQA.Selenium.Support.UI.DefaultWait`1.Until[TResult](Func`2 condition, CancellationToken token)\n   at OpenQA.Selenium.Support.UI.DefaultWait`1.Until[TResult](Func`2 condition)\n   at OdinUiTests.Pages.ChatCommonPage.__a$_around_CheckDiscussedMessageIsAppeared_100666335_o(String randomText) in /azp/_work/1/s/Pages/ChatCommonPage.cs:line 1281\n   at OdinUiTests.Pages.ChatCommonPage.__a$_around_CheckDiscussedMessageIsAppeared_100666335_u(Object[])\n   at Allure.Net.Commons.Steps.AllureAbstractStepAspect.WrapSync[T](Func`2 target, Object[] args, MethodBase metadata, String stepName, List`1 stepParameters)\n   at InvokeStub_AllureAbstractStepAspect.WrapSync(Object, Span`1)\n   at System.Reflection.MethodBaseInvoker.InvokeWithManyArgs(Object obj, BindingFlags invokeAttr, Binder binder, Object[] parameters, CultureInfo culture)\n--NoSuchElementException\n   at OpenQA.Selenium.WebDriver.UnpackAndThrowOnError(Response errorResponse, String commandToExecute)\n   at OpenQA.Selenium.WebDriver.ExecuteAsync(String driverCommandToExecute, Dictionary`2 parameters)\n   at SeleniumExtras.WaitHelpers.ExpectedConditions.<>c__DisplayClass19_0.<ElementToBeClickable>b__0(IWebDriver driver)\n   at OpenQA.Selenium.Support.UI.DefaultWait`1.Until[TResult](Func`2 condition, CancellationToken token)","steps":[{"name":"Открыть чат по прямой ссылке","time":{"start":1737572607661,"stop":1737572610873,"duration":3212},"status":"passed","steps":[],"attachments":[],"parameters":[{"name":"chatId","value":"\"6330\""}],"stepsCount":0,"attachmentsCount":0,"shouldDisplayMessage":false,"hasContent":true},{"name":"Убедиться, что в чате имеются сообщения от участников чата","time":{"start":1737572610874,"stop":1737572622683,"duration":11809},"status":"passed","steps":[],"attachments":[],"parameters":[],"stepsCount":0,"attachmentsCount":0,"shouldDisplayMessage":false,"hasContent":false},{"name":"В меню над сообщением выбрать 'Ответить в обсуждении'","time":{"start":1737572622759,"stop":1737572623466,"duration":707},"status":"passed","steps":[],"attachments":[],"parameters":[],"stepsCount":0,"attachmentsCount":0,"shouldDisplayMessage":false,"hasContent":false},{"name":"В строке ввода панели обсуждения ввести текст","time":{"start":1737572623467,"stop":1737572626056,"duration":2589},"status":"passed","steps":[],"attachments":[],"parameters":[{"name":"randomText","value":"\"2ED2E7F580C182A\""}],"stepsCount":0,"attachmentsCount":0,"shouldDisplayMessage":false,"hasContent":true},{"name":"Нажать на значок отправки сообщения в панели обсуждения","time":{"start":1737572626056,"stop":1737572626655,"duration":599},"status":"passed","steps":[],"attachments":[],"parameters":[],"stepsCount":0,"attachmentsCount":0,"shouldDisplayMessage":false,"hasContent":false},{"name":"Проверка того, что появилось обсуждение","time":{"start":1737572626656,"stop":1737572668086,"duration":41430},"status":"broken","statusMessage":"Timed out after 30 seconds","statusTrace":"OpenQA.Selenium.WebDriverTimeoutException: Timed out after 30 seconds\n ---> OpenQA.Selenium.NoSuchElementException: no such element: Unable to locate element: {\"method\":\"css selector\",\"selector\":\".thread\\-chat\\-block\"}\n  (Session info: chrome=132.0.6834.83); For documentation on this error, please visit: https://www.selenium.dev/documentation/webdriver/troubleshooting/errors#no-such-element-exception\n   at OpenQA.Selenium.WebDriver.UnpackAndThrowOnError(Response errorResponse, String commandToExecute)\n   at OpenQA.Selenium.WebDriver.ExecuteAsync(String driverCommandToExecute, Dictionary`2 parameters)\n   at SeleniumExtras.WaitHelpers.ExpectedConditions.<>c__DisplayClass19_0.<ElementToBeClickable>b__0(IWebDriver driver)\n   at OpenQA.Selenium.Support.UI.DefaultWait`1.Until[TResult](Func`2 condition, CancellationToken token)\n   --- End of inner exception stack trace ---\n   at OpenQA.Selenium.Support.UI.DefaultWait`1.ThrowTimeoutException(String exceptionMessage, Exception lastException)\n   at OpenQA.Selenium.Support.UI.DefaultWait`1.Until[TResult](Func`2 condition, CancellationToken token)\n   at OpenQA.Selenium.Support.UI.DefaultWait`1.Until[TResult](Func`2 condition)\n   at OdinUiTests.Pages.ChatCommonPage.__a$_around_CheckDiscussedMessageIsAppeared_100666335_o(String randomText) in /azp/_work/1/s/Pages/ChatCommonPage.cs:line 1281\n   at OdinUiTests.Pages.ChatCommonPage.__a$_around_CheckDiscussedMessageIsAppeared_100666335_u(Object[])\n   at Allure.Net.Commons.Steps.AllureAbstractStepAspect.WrapSync[T](Func`2 target, Object[] args, MethodBase metadata, String stepName, List`1 stepParameters)","steps":[],"attachments":[],"parameters":[{"name":"randomText","value":"\"2ED2E7F580C182A\""}],"stepsCount":0,"attachmentsCount":0,"shouldDisplayMessage":true,"hasContent":true}],"attachments":[{"uid":"4d53dab6bae85583","name":"CheckStartDiscussionUnderLeftSideMessageInGroupChat.jpg","source":"4d53dab6bae85583.jpg","type":"image/jpeg","size":791920},{"uid":"ff50b94b58073ac","name":"Console Output","source":"ff50b94b58073ac.txt","type":"text/plain","size":39}],"parameters":[],"stepsCount":6,"attachmentsCount":2,"shouldDisplayMessage":true,"hasContent":true},"afterStages":[],"labels":[{"name":"thread","value":"ParallelWorker#2"},{"name":"host","value":"b27e178fb93a"},{"name":"language","value":"C#"},{"name":"framework","value":"NUnit 3"},{"name":"package","value":"OdinUiTests.Tests.Chat"},{"name":"testMethod","value":"CheckStartDiscussionUnderLeftSideMessageInGroupChat"},{"name":"testClass","value":"GroupChatMessageActionTests"},{"name":"suite","value":"Чат"},{"name":"subSuite","value":"Групповой чат"},{"name":"severity","value":"normal"},{"name":"tag","value":"Чат"},{"name":"tag","value":"Дежурство"},{"name":"tag","value":"Регресс"},{"name":"resultFormat","value":"allure2"}],"parameters":[],"links":[],"hidden":false,"retry":false,"extra":{"severity":"normal","retries":[{"uid":"64eafc3fdff66d32","status":"broken","statusDetails":"OpenQA.Selenium.WebDriverTimeoutException : Timed out after 30 seconds\n  ----> OpenQA.Selenium.NoSuchElementException : no such element: Unable to locate element: {\"method\":\"css selector\",\"selector\":\".thread\\-chat\\-block\"}\n  (Session info: chrome=132.0.6834.83); For documentation on this error, please visit: https://www.selenium.dev/documentation/webdriver/troubleshooting/errors#no-such-element-exception","time":{"start":1737566703780,"stop":1737566772366,"duration":68586}}],"categories":[{"name":"Test defects","matchedStatuses":[],"flaky":false}],"history":{"statistic":{"failed":8,"broken":2,"skipped":0,"passed":47,"unknown":0,"total":57},"items":[{"uid":"b57e4582da4591a6","status":"passed","time":{"start":1737524765515,"stop":1737524796215,"duration":30700}},{"uid":"f32aff32a49f2147","status":"passed","time":{"start":1736950889767,"stop":1736950924656,"duration":34889}},{"uid":"1de2ae4ead673002","status":"passed","time":{"start":1736923113166,"stop":1736923141575,"duration":28409}},{"uid":"371cb28f66f41447","status":"passed","time":{"start":1736923113166,"stop":1736923141575,"duration":28409}},{"uid":"5aea27bb4b4ee508","status":"passed","time":{"start":1735130375302,"stop":1735130387099,"duration":11797}},{"uid":"fa0f5da007a16282","status":"passed","time":{"start":1732693187766,"stop":1732693197719,"duration":9953}},{"uid":"63c847016b561cc6","status":"passed","time":{"start":1732117806861,"stop":1732117820151,"duration":13290}},{"uid":"9c9d9bfa2958cfea","status":"passed","time":{"start":1732034547483,"stop":1732034558531,"duration":11048}},{"uid":"90de602d8081315c","status":"passed","time":{"start":1731945846838,"stop":1731945855309,"duration":8471}},{"uid":"3df39945fe9503af","status":"passed","time":{"start":1729837064962,"stop":1729837074843,"duration":9881}},{"uid":"69663de3b7b444a","status":"passed","time":{"start":1729747525494,"stop":1729747539108,"duration":13614}},{"uid":"d6cef614d337c764","status":"passed","time":{"start":1729672227315,"stop":1729672238393,"duration":11078}},{"uid":"4a3310b0039e289e","status":"broken","statusDetails":"System.InvalidOperationException : Sequence contains no elements","time":{"start":1729611613024,"stop":1729611624309,"duration":11285}},{"uid":"7bb9efd6edaa933d","status":"passed","time":{"start":1729578091630,"stop":1729578100790,"duration":9160}},{"uid":"ede0b6fcf85497af","status":"passed","statusDetails":"Начать обсуждение с другим участником в групповом чате","time":{"start":1729228824847,"stop":1729228835915,"duration":11068}},{"uid":"21123a1a7ee96a56","status":"passed","statusDetails":"Начать обсуждение с другим участником в групповом чате","time":{"start":1728640103133,"stop":1728640117720,"duration":14587}},{"uid":"29547e31c40aedd2","status":"passed","statusDetails":"Начать обсуждение с другим участником в групповом чате","time":{"start":1728625854704,"stop":1728625865782,"duration":11078}},{"uid":"158609975806b9ac","status":"failed","statusDetails":"OpenQA.Selenium.WebDriverTimeoutException : Timed out after 30 seconds\n  ----> OpenQA.Selenium.NoSuchElementException : no such element: Unable to locate element: {\"method\":\"css selector\",\"selector\":\".thread\\-chat\\-block\"}\n  (Session info: chrome-headless-shell=126.0.6478.126); For documentation on this error, please visit: https://www.selenium.dev/documentation/webdriver/troubleshooting/errors#no-such-element-exception","time":{"start":1727715632614,"stop":1727715674255,"duration":41641}},{"uid":"a75c4c431e4d2c4f","status":"failed","statusDetails":"OpenQA.Selenium.WebDriverTimeoutException : Timed out after 30 seconds\n  ----> OpenQA.Selenium.NoSuchElementException : no such element: Unable to locate element: {\"method\":\"css selector\",\"selector\":\".thread\\-chat\\-block\"}\n  (Session info: chrome-headless-shell=126.0.6478.126); For documentation on this error, please visit: https://www.selenium.dev/documentation/webdriver/troubleshooting/errors#no-such-element-exception","time":{"start":1727467049716,"stop":1727467090412,"duration":40696}},{"uid":"af1e768421237e19","status":"passed","statusDetails":"Начать обсуждение с другим участником в групповом чате","time":{"start":1727440732789,"stop":1727440744248,"duration":11459}}]},"tags":["Регресс","Дежурство","Чат"]},"source":"3d4ceac1f20ff141.json","parameterValues":[]}