{"uid":"408afeea7745a4ba","name":"Конструктор теста-тренажера: можно переименовать блок","fullName":"OdinUiTests:OdinUiTests.Tests.Library.TestTrainBlocksAndVariantsValidationTests.EditTestTrainBlockName()","historyId":"2b9a6a9e91a548af658f83e095773df8","time":{"start":1759215729619,"stop":1759215796733,"duration":67114},"status":"broken","statusMessage":"System.Reflection.TargetInvocationException : Exception has been thrown by the target of an invocation.\n  ----> OpenQA.Selenium.WebDriverTimeoutException : Timed out after 30 seconds\n  ----> OpenQA.Selenium.NoSuchElementException : no such element: Unable to locate element: {\"method\":\"css selector\",\"selector\":\".test-tabs__body .block-title\"}\n  (Session info: chrome=140.0.7339.127); For documentation on this error, please visit: https://www.selenium.dev/documentation/webdriver/troubleshooting/errors#no-such-element-exception","statusTrace":"   at System.Reflection.MethodBaseInvoker.InvokeWithManyArgs(Object obj, BindingFlags invokeAttr, Binder binder, Object[] parameters, CultureInfo culture)\n   at Allure.Net.Commons.Steps.AllureStepAspectBase.Around(String name, Object[] args, Func`2 target, MethodBase metadata, Type returnType)\n   at OdinUiTests.Pages.ContentInfoPage.__a$_around_CheckFirstBlockIsRenamed_100666577_w_0(Object[])\n   at OdinUiTests.Pages.ContentInfoPage.CheckFirstBlockIsRenamed(String blockName)\n   at OdinUiTests.Tests.Library.TestCreateEditCommon.EditBlockName(IWebDriver driver, Boolean isTestTrain, String id, String name) in /azp/_work/1/s/Tests/Library/TestCreateEditCommon.cs:line 199\n   at OdinUiTests.Tests.Library.TestTrainBlocksAndVariantsValidationTests.EditTestTrainBlockName() in /azp/_work/1/s/Tests/Library/TestTrainCreateEditTests.cs:line 149\n   at System.RuntimeMethodHandle.InvokeMethod(Object target, Void** arguments, Signature sig, Boolean isConstructor)\n   at System.Reflection.MethodBaseInvoker.InvokeWithNoArgs(Object obj, BindingFlags invokeAttr)\n--WebDriverTimeoutException\n   at OpenQA.Selenium.Support.UI.DefaultWait`1.ThrowTimeoutException(String exceptionMessage, Exception lastException)\n   at OpenQA.Selenium.Support.UI.DefaultWait`1.Until[TResult](Func`2 condition, CancellationToken token)\n   at OpenQA.Selenium.Support.UI.DefaultWait`1.Until[TResult](Func`2 condition)\n   at OdinUiTests.Pages.ContentInfoPage.__a$_around_CheckFirstBlockIsRenamed_100666577_o(String blockName) in /azp/_work/1/s/Pages/ContentInfoPage.cs:line 384\n   at OdinUiTests.Pages.ContentInfoPage.__a$_around_CheckFirstBlockIsRenamed_100666577_u(Object[])\n   at Allure.Net.Commons.Steps.AllureAbstractStepAspect.WrapSync[T](Func`2 target, Object[] args, MethodBase metadata, String stepName, List`1 stepParameters)\n   at System.RuntimeMethodHandle.InvokeMethod(Object target, Void** arguments, Signature sig, Boolean isConstructor)\n   at System.Reflection.MethodBaseInvoker.InvokeWithManyArgs(Object obj, BindingFlags invokeAttr, Binder binder, Object[] parameters, CultureInfo culture)\n--NoSuchElementException\n   at OpenQA.Selenium.WebDriver.UnpackAndThrowOnError(Response errorResponse, String commandToExecute)\n   at OpenQA.Selenium.WebDriver.ExecuteAsync(String driverCommandToExecute, Dictionary`2 parameters)\n   at SeleniumExtras.WaitHelpers.ExpectedConditions.<>c__DisplayClass19_0.<ElementToBeClickable>b__0(IWebDriver driver)\n   at OpenQA.Selenium.Support.UI.DefaultWait`1.Until[TResult](Func`2 condition, CancellationToken token)","flaky":false,"newFailed":false,"newBroken":false,"newPassed":false,"retriesCount":0,"retriesStatusChange":false,"beforeStages":[],"testStage":{"status":"broken","statusMessage":"System.Reflection.TargetInvocationException : Exception has been thrown by the target of an invocation.\n  ----> OpenQA.Selenium.WebDriverTimeoutException : Timed out after 30 seconds\n  ----> OpenQA.Selenium.NoSuchElementException : no such element: Unable to locate element: {\"method\":\"css selector\",\"selector\":\".test-tabs__body .block-title\"}\n  (Session info: chrome=140.0.7339.127); For documentation on this error, please visit: https://www.selenium.dev/documentation/webdriver/troubleshooting/errors#no-such-element-exception","statusTrace":"   at System.Reflection.MethodBaseInvoker.InvokeWithManyArgs(Object obj, BindingFlags invokeAttr, Binder binder, Object[] parameters, CultureInfo culture)\n   at Allure.Net.Commons.Steps.AllureStepAspectBase.Around(String name, Object[] args, Func`2 target, MethodBase metadata, Type returnType)\n   at OdinUiTests.Pages.ContentInfoPage.__a$_around_CheckFirstBlockIsRenamed_100666577_w_0(Object[])\n   at OdinUiTests.Pages.ContentInfoPage.CheckFirstBlockIsRenamed(String blockName)\n   at OdinUiTests.Tests.Library.TestCreateEditCommon.EditBlockName(IWebDriver driver, Boolean isTestTrain, String id, String name) in /azp/_work/1/s/Tests/Library/TestCreateEditCommon.cs:line 199\n   at OdinUiTests.Tests.Library.TestTrainBlocksAndVariantsValidationTests.EditTestTrainBlockName() in /azp/_work/1/s/Tests/Library/TestTrainCreateEditTests.cs:line 149\n   at System.RuntimeMethodHandle.InvokeMethod(Object target, Void** arguments, Signature sig, Boolean isConstructor)\n   at System.Reflection.MethodBaseInvoker.InvokeWithNoArgs(Object obj, BindingFlags invokeAttr)\n--WebDriverTimeoutException\n   at OpenQA.Selenium.Support.UI.DefaultWait`1.ThrowTimeoutException(String exceptionMessage, Exception lastException)\n   at OpenQA.Selenium.Support.UI.DefaultWait`1.Until[TResult](Func`2 condition, CancellationToken token)\n   at OpenQA.Selenium.Support.UI.DefaultWait`1.Until[TResult](Func`2 condition)\n   at OdinUiTests.Pages.ContentInfoPage.__a$_around_CheckFirstBlockIsRenamed_100666577_o(String blockName) in /azp/_work/1/s/Pages/ContentInfoPage.cs:line 384\n   at OdinUiTests.Pages.ContentInfoPage.__a$_around_CheckFirstBlockIsRenamed_100666577_u(Object[])\n   at Allure.Net.Commons.Steps.AllureAbstractStepAspect.WrapSync[T](Func`2 target, Object[] args, MethodBase metadata, String stepName, List`1 stepParameters)\n   at System.RuntimeMethodHandle.InvokeMethod(Object target, Void** arguments, Signature sig, Boolean isConstructor)\n   at System.Reflection.MethodBaseInvoker.InvokeWithManyArgs(Object obj, BindingFlags invokeAttr, Binder binder, Object[] parameters, CultureInfo culture)\n--NoSuchElementException\n   at OpenQA.Selenium.WebDriver.UnpackAndThrowOnError(Response errorResponse, String commandToExecute)\n   at OpenQA.Selenium.WebDriver.ExecuteAsync(String driverCommandToExecute, Dictionary`2 parameters)\n   at SeleniumExtras.WaitHelpers.ExpectedConditions.<>c__DisplayClass19_0.<ElementToBeClickable>b__0(IWebDriver driver)\n   at OpenQA.Selenium.Support.UI.DefaultWait`1.Until[TResult](Func`2 condition, CancellationToken token)","steps":[{"name":"Открыть страницу редактирования теста-тренажера","time":{"start":1759215729621,"stop":1759215733109,"duration":3488},"status":"passed","steps":[],"attachments":[],"parameters":[],"stepsCount":0,"attachmentsCount":0,"shouldDisplayMessage":false,"hasContent":false},{"name":"Нажать на кнопку “карандаш” для переименования блока","time":{"start":1759215733110,"stop":1759215755215,"duration":22105},"status":"passed","steps":[],"attachments":[],"parameters":[],"stepsCount":0,"attachmentsCount":0,"shouldDisplayMessage":false,"hasContent":false},{"name":"Переименовать название блока","time":{"start":1759215755216,"stop":1759215762630,"duration":7414},"status":"passed","steps":[],"attachments":[],"parameters":[{"name":"name","value":"\"721CG7D00D\""}],"stepsCount":0,"attachmentsCount":0,"shouldDisplayMessage":false,"hasContent":true},{"name":"Подождать пока появится слово “Сохранено”","time":{"start":1759215762630,"stop":1759215765602,"duration":2972},"status":"passed","steps":[],"attachments":[],"parameters":[],"stepsCount":0,"attachmentsCount":0,"shouldDisplayMessage":false,"hasContent":false},{"name":"Нажать на последнюю хлебную крошку для перехода на страницу материала","time":{"start":1759215765703,"stop":1759215766412,"duration":709},"status":"passed","steps":[],"attachments":[{"uid":"ddcc46f426a2d854","name":"EditTestTrainBlockName-BeforeClickOnBreadCrumbs.jpg","source":"ddcc46f426a2d854.jpg","type":"image/jpeg","size":80470}],"parameters":[],"stepsCount":0,"attachmentsCount":1,"shouldDisplayMessage":false,"hasContent":true},{"name":"Проверка того, что блок был переименован","time":{"start":1759215766414,"stop":1759215796601,"duration":30187},"status":"broken","statusMessage":"Timed out after 30 seconds","statusTrace":"OpenQA.Selenium.WebDriverTimeoutException: Timed out after 30 seconds\n ---> OpenQA.Selenium.NoSuchElementException: no such element: Unable to locate element: {\"method\":\"css selector\",\"selector\":\".test-tabs__body .block-title\"}\n  (Session info: chrome=140.0.7339.127); For documentation on this error, please visit: https://www.selenium.dev/documentation/webdriver/troubleshooting/errors#no-such-element-exception\n   at OpenQA.Selenium.WebDriver.UnpackAndThrowOnError(Response errorResponse, String commandToExecute)\n   at OpenQA.Selenium.WebDriver.ExecuteAsync(String driverCommandToExecute, Dictionary`2 parameters)\n   at SeleniumExtras.WaitHelpers.ExpectedConditions.<>c__DisplayClass19_0.<ElementToBeClickable>b__0(IWebDriver driver)\n   at OpenQA.Selenium.Support.UI.DefaultWait`1.Until[TResult](Func`2 condition, CancellationToken token)\n   --- End of inner exception stack trace ---\n   at OpenQA.Selenium.Support.UI.DefaultWait`1.ThrowTimeoutException(String exceptionMessage, Exception lastException)\n   at OpenQA.Selenium.Support.UI.DefaultWait`1.Until[TResult](Func`2 condition, CancellationToken token)\n   at OpenQA.Selenium.Support.UI.DefaultWait`1.Until[TResult](Func`2 condition)\n   at OdinUiTests.Pages.ContentInfoPage.__a$_around_CheckFirstBlockIsRenamed_100666577_o(String blockName) in /azp/_work/1/s/Pages/ContentInfoPage.cs:line 384\n   at OdinUiTests.Pages.ContentInfoPage.__a$_around_CheckFirstBlockIsRenamed_100666577_u(Object[])\n   at Allure.Net.Commons.Steps.AllureAbstractStepAspect.WrapSync[T](Func`2 target, Object[] args, MethodBase metadata, String stepName, List`1 stepParameters)","steps":[],"attachments":[],"parameters":[{"name":"blockName","value":"\"721CG7D00D\""}],"stepsCount":0,"attachmentsCount":0,"shouldDisplayMessage":true,"hasContent":true}],"attachments":[{"uid":"69a49f0ef0c2a222","name":"EditTestTrainBlockName.jpg","source":"69a49f0ef0c2a222.jpg","type":"image/jpeg","size":91841},{"uid":"41c6f1cbc4ad5499","name":"Console Output","source":"41c6f1cbc4ad5499.txt","type":"text/plain","size":48}],"parameters":[],"stepsCount":6,"attachmentsCount":3,"shouldDisplayMessage":true,"hasContent":true},"afterStages":[],"labels":[{"name":"thread","value":"NUnit.Fw.ParallelWorker#9"},{"name":"host","value":"1c5023cb9f3b"},{"name":"language","value":"C#"},{"name":"framework","value":"NUnit 3"},{"name":"package","value":"OdinUiTests.Tests.Library"},{"name":"testMethod","value":"EditTestTrainBlockName"},{"name":"testClass","value":"TestTrainBlocksAndVariantsValidationTests"},{"name":"suite","value":"Материал"},{"name":"subSuite","value":"Конструктор тест-тренажера"},{"name":"severity","value":"normal"},{"name":"tag","value":"Материал"},{"name":"tag","value":"Дежурство"},{"name":"tag","value":"Регресс"},{"name":"resultFormat","value":"allure2"}],"parameters":[],"links":[],"hidden":true,"retry":true,"extra":{"categories":[],"tags":["Регресс","Дежурство","Материал"]},"source":"408afeea7745a4ba.json","parameterValues":[]}