{"uid":"40f9e67f0a2a35a8","name":"Можно создать дисциплину ВО с ИОТ","fullName":"OdinUiTests:OdinUiTests.Tests.Discipline.IOTDisciplineCreationTests.CheckCreatDisciplineWithIOT(System.String,System.Boolean)","historyId":"127c2fe1fe6d4d000dc8aa8b3d0a76d7","time":{"start":1737572678380,"stop":1737572711509,"duration":33129},"status":"broken","statusMessage":"OpenQA.Selenium.WebDriverTimeoutException : Timed out after 30 seconds\n  ----> OpenQA.Selenium.NoSuchElementException : no such element: Unable to locate element: {\"method\":\"xpath\",\"selector\":\"//input[@aria-label='Название*']\"}\n  (Session info: chrome=132.0.6834.83); For documentation on this error, please visit: https://www.selenium.dev/documentation/webdriver/troubleshooting/errors#no-such-element-exception","statusTrace":"   at OpenQA.Selenium.Support.UI.DefaultWait`1.ThrowTimeoutException(String exceptionMessage, Exception lastException)\n   at OpenQA.Selenium.Support.UI.DefaultWait`1.Until[TResult](Func`2 condition, CancellationToken token)\n   at OpenQA.Selenium.Support.UI.DefaultWait`1.Until[TResult](Func`2 condition)\n   at OdinUiTests.Services.CommonService.ClearValuesInTextInputFields(IWebDriver driver, By selector, Boolean valueFromAttribute) in /azp/_work/1/s/Services/CommonService.cs:line 400\n   at OdinUiTests.Pages.DisCommonEditPage.__a$_around_SetName_100666564_o(String name) in /azp/_work/1/s/Pages/DisCommonEditPage.cs:line 132\n   at OdinUiTests.Pages.DisCommonEditPage.__a$_around_SetName_100666564_u(Object[])\n   at Allure.Net.Commons.Steps.AllureAbstractStepAspect.WrapSync[T](Func`2 target, Object[] args, MethodBase metadata, String stepName, List`1 stepParameters)\n   at InvokeStub_AllureAbstractStepAspect.WrapSync(Object, Span`1)\n   at System.Reflection.MethodBaseInvoker.InvokeWithManyArgs(Object obj, BindingFlags invokeAttr, Binder binder, Object[] parameters, CultureInfo culture)\n--NoSuchElementException\n   at OpenQA.Selenium.WebDriver.UnpackAndThrowOnError(Response errorResponse, String commandToExecute)\n   at OpenQA.Selenium.WebDriver.ExecuteAsync(String driverCommandToExecute, Dictionary`2 parameters)\n   at SeleniumExtras.WaitHelpers.ExpectedConditions.<>c__DisplayClass19_0.<ElementToBeClickable>b__0(IWebDriver driver)\n   at OpenQA.Selenium.Support.UI.DefaultWait`1.Until[TResult](Func`2 condition, CancellationToken token)","flaky":false,"newFailed":false,"newBroken":true,"newPassed":false,"retriesCount":1,"retriesStatusChange":false,"beforeStages":[],"testStage":{"status":"broken","statusMessage":"OpenQA.Selenium.WebDriverTimeoutException : Timed out after 30 seconds\n  ----> OpenQA.Selenium.NoSuchElementException : no such element: Unable to locate element: {\"method\":\"xpath\",\"selector\":\"//input[@aria-label='Название*']\"}\n  (Session info: chrome=132.0.6834.83); For documentation on this error, please visit: https://www.selenium.dev/documentation/webdriver/troubleshooting/errors#no-such-element-exception","statusTrace":"   at OpenQA.Selenium.Support.UI.DefaultWait`1.ThrowTimeoutException(String exceptionMessage, Exception lastException)\n   at OpenQA.Selenium.Support.UI.DefaultWait`1.Until[TResult](Func`2 condition, CancellationToken token)\n   at OpenQA.Selenium.Support.UI.DefaultWait`1.Until[TResult](Func`2 condition)\n   at OdinUiTests.Services.CommonService.ClearValuesInTextInputFields(IWebDriver driver, By selector, Boolean valueFromAttribute) in /azp/_work/1/s/Services/CommonService.cs:line 400\n   at OdinUiTests.Pages.DisCommonEditPage.__a$_around_SetName_100666564_o(String name) in /azp/_work/1/s/Pages/DisCommonEditPage.cs:line 132\n   at OdinUiTests.Pages.DisCommonEditPage.__a$_around_SetName_100666564_u(Object[])\n   at Allure.Net.Commons.Steps.AllureAbstractStepAspect.WrapSync[T](Func`2 target, Object[] args, MethodBase metadata, String stepName, List`1 stepParameters)\n   at InvokeStub_AllureAbstractStepAspect.WrapSync(Object, Span`1)\n   at System.Reflection.MethodBaseInvoker.InvokeWithManyArgs(Object obj, BindingFlags invokeAttr, Binder binder, Object[] parameters, CultureInfo culture)\n--NoSuchElementException\n   at OpenQA.Selenium.WebDriver.UnpackAndThrowOnError(Response errorResponse, String commandToExecute)\n   at OpenQA.Selenium.WebDriver.ExecuteAsync(String driverCommandToExecute, Dictionary`2 parameters)\n   at SeleniumExtras.WaitHelpers.ExpectedConditions.<>c__DisplayClass19_0.<ElementToBeClickable>b__0(IWebDriver driver)\n   at OpenQA.Selenium.Support.UI.DefaultWait`1.Until[TResult](Func`2 condition, CancellationToken token)","steps":[{"name":"Открыть страницу создания дисциплины","time":{"start":1737572678461,"stop":1737572680558,"duration":2097},"status":"passed","steps":[],"attachments":[],"parameters":[{"name":"isVO","value":"true"},{"name":"id","value":"\"39\""}],"stepsCount":0,"attachmentsCount":0,"shouldDisplayMessage":false,"hasContent":true},{"name":"Заполнение обязательных полей для создании дисциплины","time":{"start":1737572680559,"stop":1737572710842,"duration":30283},"status":"broken","statusMessage":"Exception has been thrown by the target of an invocation.","statusTrace":"System.Reflection.TargetInvocationException: Exception has been thrown by the target of an invocation.\n ---> OpenQA.Selenium.WebDriverTimeoutException: Timed out after 30 seconds\n ---> OpenQA.Selenium.NoSuchElementException: no such element: Unable to locate element: {\"method\":\"xpath\",\"selector\":\"//input[@aria-label='Название*']\"}\n  (Session info: chrome=132.0.6834.83); For documentation on this error, please visit: https://www.selenium.dev/documentation/webdriver/troubleshooting/errors#no-such-element-exception\n   at OpenQA.Selenium.WebDriver.UnpackAndThrowOnError(Response errorResponse, String commandToExecute)\n   at OpenQA.Selenium.WebDriver.ExecuteAsync(String driverCommandToExecute, Dictionary`2 parameters)\n   at SeleniumExtras.WaitHelpers.ExpectedConditions.<>c__DisplayClass19_0.<ElementToBeClickable>b__0(IWebDriver driver)\n   at OpenQA.Selenium.Support.UI.DefaultWait`1.Until[TResult](Func`2 condition, CancellationToken token)\n   --- End of inner exception stack trace ---\n   at OpenQA.Selenium.Support.UI.DefaultWait`1.ThrowTimeoutException(String exceptionMessage, Exception lastException)\n   at OpenQA.Selenium.Support.UI.DefaultWait`1.Until[TResult](Func`2 condition, CancellationToken token)\n   at OpenQA.Selenium.Support.UI.DefaultWait`1.Until[TResult](Func`2 condition)\n   at OdinUiTests.Services.CommonService.ClearValuesInTextInputFields(IWebDriver driver, By selector, Boolean valueFromAttribute) in /azp/_work/1/s/Services/CommonService.cs:line 400\n   at OdinUiTests.Pages.DisCommonEditPage.__a$_around_SetName_100666564_o(String name) in /azp/_work/1/s/Pages/DisCommonEditPage.cs:line 132\n   at OdinUiTests.Pages.DisCommonEditPage.__a$_around_SetName_100666564_u(Object[])\n   at Allure.Net.Commons.Steps.AllureAbstractStepAspect.WrapSync[T](Func`2 target, Object[] args, MethodBase metadata, String stepName, List`1 stepParameters)\n   at InvokeStub_AllureAbstractStepAspect.WrapSync(Object, Span`1)\n   at System.Reflection.MethodBaseInvoker.InvokeWithManyArgs(Object obj, BindingFlags invokeAttr, Binder binder, Object[] parameters, CultureInfo culture)\n   --- End of inner exception stack trace ---\n   at System.Reflection.MethodBaseInvoker.InvokeWithManyArgs(Object obj, BindingFlags invokeAttr, Binder binder, Object[] parameters, CultureInfo culture)\n   at Allure.Net.Commons.Steps.AllureStepAspectBase.Around(String name, Object[] args, Func`2 target, MethodBase metadata, Type returnType)\n   at OdinUiTests.Pages.DisCommonEditPage.__a$_around_SetName_100666564_w_0(Object[])\n   at OdinUiTests.Pages.DisCommonEditPage.SetName(String name)\n   at OdinUiTests.Pages.DisCommonEditPage.__a$_around_FillRequiredFieldForCreation_100666571_o(String text) in /azp/_work/1/s/Pages/DisCommonEditPage.cs:line 194\n   at OdinUiTests.Pages.DisCommonEditPage.__a$_around_FillRequiredFieldForCreation_100666571_u(Object[])\n   at Allure.Net.Commons.Steps.AllureAbstractStepAspect.WrapSync[T](Func`2 target, Object[] args, MethodBase metadata, String stepName, List`1 stepParameters)","steps":[{"name":"Редактировать название дисциплины","time":{"start":1737572680559,"stop":1737572710842,"duration":30283},"status":"broken","statusMessage":"Timed out after 30 seconds","statusTrace":"OpenQA.Selenium.WebDriverTimeoutException: Timed out after 30 seconds\n ---> OpenQA.Selenium.NoSuchElementException: no such element: Unable to locate element: {\"method\":\"xpath\",\"selector\":\"//input[@aria-label='Название*']\"}\n  (Session info: chrome=132.0.6834.83); For documentation on this error, please visit: https://www.selenium.dev/documentation/webdriver/troubleshooting/errors#no-such-element-exception\n   at OpenQA.Selenium.WebDriver.UnpackAndThrowOnError(Response errorResponse, String commandToExecute)\n   at OpenQA.Selenium.WebDriver.ExecuteAsync(String driverCommandToExecute, Dictionary`2 parameters)\n   at SeleniumExtras.WaitHelpers.ExpectedConditions.<>c__DisplayClass19_0.<ElementToBeClickable>b__0(IWebDriver driver)\n   at OpenQA.Selenium.Support.UI.DefaultWait`1.Until[TResult](Func`2 condition, CancellationToken token)\n   --- End of inner exception stack trace ---\n   at OpenQA.Selenium.Support.UI.DefaultWait`1.ThrowTimeoutException(String exceptionMessage, Exception lastException)\n   at OpenQA.Selenium.Support.UI.DefaultWait`1.Until[TResult](Func`2 condition, CancellationToken token)\n   at OpenQA.Selenium.Support.UI.DefaultWait`1.Until[TResult](Func`2 condition)\n   at OdinUiTests.Services.CommonService.ClearValuesInTextInputFields(IWebDriver driver, By selector, Boolean valueFromAttribute) in /azp/_work/1/s/Services/CommonService.cs:line 400\n   at OdinUiTests.Pages.DisCommonEditPage.__a$_around_SetName_100666564_o(String name) in /azp/_work/1/s/Pages/DisCommonEditPage.cs:line 132\n   at OdinUiTests.Pages.DisCommonEditPage.__a$_around_SetName_100666564_u(Object[])\n   at Allure.Net.Commons.Steps.AllureAbstractStepAspect.WrapSync[T](Func`2 target, Object[] args, MethodBase metadata, String stepName, List`1 stepParameters)","steps":[],"attachments":[],"parameters":[{"name":"name","value":"\"B8CFF415A7CG87A\""}],"stepsCount":0,"attachmentsCount":0,"shouldDisplayMessage":true,"hasContent":true}],"attachments":[],"parameters":[{"name":"text","value":"\"B8CFF415A7CG87A\""}],"stepsCount":1,"attachmentsCount":0,"shouldDisplayMessage":true,"hasContent":true}],"attachments":[{"uid":"d647b432a419728d","name":"CheckCreatDisciplineWithIOT.jpg","source":"d647b432a419728d.jpg","type":"image/jpeg","size":45796},{"uid":"831d56265aaf2fe4","name":"Console Output","source":"831d56265aaf2fe4.txt","type":"text/plain","size":62}],"parameters":[],"stepsCount":3,"attachmentsCount":2,"shouldDisplayMessage":true,"hasContent":true},"afterStages":[],"labels":[{"name":"thread","value":"ParallelWorker#1"},{"name":"host","value":"b27e178fb93a"},{"name":"language","value":"C#"},{"name":"framework","value":"NUnit 3"},{"name":"package","value":"OdinUiTests.Tests.Discipline"},{"name":"testMethod","value":"CheckCreatDisciplineWithIOT"},{"name":"testClass","value":"IOTDisciplineCreationTests"},{"name":"suite","value":"Дисциплина"},{"name":"subSuite","value":"Дисциплина с ИОТ"},{"name":"severity","value":"critical"},{"name":"tag","value":"Дисциплина"},{"name":"tag","value":"Регресс"},{"name":"resultFormat","value":"allure2"}],"parameters":[{"name":"cohort","value":"\"39\""},{"name":"isVO","value":"true"}],"links":[],"hidden":false,"retry":false,"extra":{"severity":"critical","retries":[{"uid":"b0046297e13de7ae","status":"broken","statusDetails":"OpenQA.Selenium.WebDriverTimeoutException : Timed out after 30 seconds\n  ----> OpenQA.Selenium.NoSuchElementException : no such element: Unable to locate element: {\"method\":\"xpath\",\"selector\":\"//input[@aria-label='Название*']\"}\n  (Session info: chrome=132.0.6834.83); For documentation on this error, please visit: https://www.selenium.dev/documentation/webdriver/troubleshooting/errors#no-such-element-exception","time":{"start":1737567599477,"stop":1737567636068,"duration":36591}}],"categories":[{"name":"Test defects","matchedStatuses":[],"flaky":false}],"history":{"statistic":{"failed":0,"broken":1,"skipped":0,"passed":47,"unknown":0,"total":48},"items":[{"uid":"ee8a0f461e3833e9","status":"passed","time":{"start":1736951519369,"stop":1736951537362,"duration":17993}},{"uid":"25b7acf396d2354e","status":"passed","time":{"start":1732118109684,"stop":1732118120299,"duration":10615}},{"uid":"532956ed63f50e71","status":"passed","time":{"start":1732033868951,"stop":1732033881806,"duration":12855}},{"uid":"dd0b7bac56cc8e51","status":"passed","statusDetails":"Можно создать дисциплину ВО с ИОТ","time":{"start":1728641106959,"stop":1728641120219,"duration":13260}},{"uid":"d8254b83f4f3c13a","status":"passed","statusDetails":"Можно создать дисциплину ВО с ИОТ","time":{"start":1727714829532,"stop":1727714842406,"duration":12874}},{"uid":"89116731ed094749","status":"passed","statusDetails":"Можно создать дисциплину ВО с ИОТ","time":{"start":1727353294358,"stop":1727353303766,"duration":9408}},{"uid":"2fd2f73d68a836f1","status":"passed","statusDetails":"Можно создать дисциплину ВО с ИОТ","time":{"start":1727072930138,"stop":1727072943607,"duration":13469}},{"uid":"fb328973ec6ab2d3","status":"passed","statusDetails":"Можно создать дисциплину ВО с ИОТ","time":{"start":1726128561612,"stop":1726128575874,"duration":14262}},{"uid":"7c2ceeaaf35bd4a3","status":"passed","time":{"start":1725343167039,"stop":1725343179643,"duration":12604}},{"uid":"a836c3a85f9ae786","status":"passed","statusDetails":"Можно создать дисциплину ВО с ИОТ","time":{"start":1722214336941,"stop":1722214345692,"duration":8751}},{"uid":"979c33b9e5bcace8","status":"passed","statusDetails":"Можно создать дисциплину ВО с ИОТ","time":{"start":1721977583436,"stop":1721977595914,"duration":12478}},{"uid":"c109620a23cccb28","status":"passed","statusDetails":"Можно создать дисциплину ВО с ИОТ","time":{"start":1721975301671,"stop":1721975315135,"duration":13464}},{"uid":"cb3493013d4d1374","status":"passed","statusDetails":"Можно создать дисциплину ВО с ИОТ","time":{"start":1721816290568,"stop":1721816300255,"duration":9687}},{"uid":"2c97cf57bbc0f6a8","status":"passed","statusDetails":"Можно создать дисциплину ВО с ИОТ","time":{"start":1720574682639,"stop":1720574694438,"duration":11799}},{"uid":"6a0b97ec41c967f3","status":"passed","statusDetails":"Можно создать дисциплину ВО с ИОТ","time":{"start":1718784968856,"stop":1718784984918,"duration":16062}},{"uid":"71716b9bbc6fed8c","status":"passed","statusDetails":"Можно создать дисциплину ВО с ИОТ","time":{"start":1718092779213,"stop":1718092787544,"duration":8331}},{"uid":"4dd9aef171f2e9be","status":"passed","statusDetails":"Можно создать дисциплину ВО с ИОТ","time":{"start":1718083510974,"stop":1718083519276,"duration":8302}},{"uid":"16d6124dd8b1c2de","status":"passed","statusDetails":"Можно создать дисциплину ВО с ИОТ","time":{"start":1717741377279,"stop":1717741390032,"duration":12753}},{"uid":"8dba3cebb2160763","status":"passed","statusDetails":"Можно создать дисциплину ВО с ИОТ","time":{"start":1717604154737,"stop":1717604165800,"duration":11063}},{"uid":"5d6bf66681f6a60d","status":"passed","statusDetails":"Можно создать дисциплину ВО с ИОТ","time":{"start":1717571418497,"stop":1717571427478,"duration":8981}}]},"tags":["Регресс","Дисциплина"]},"source":"40f9e67f0a2a35a8.json","parameterValues":["\"39\"","true"]}