{"uid":"417c1720c0d64a01","name":"Страница дисциплины с ИОТ: между блоками можно добавить ещё один дочерний блок","fullName":"OdinUiTests:OdinUiTests.Tests.Discipline.IOTGraphTests.CheckAddChildBlockBetweenBlocks()","historyId":"05c2ba916f9f83238826a78f8b9ea168","time":{"start":1741141011958,"stop":1741141033759,"duration":21801},"status":"broken","statusMessage":"System.Reflection.TargetInvocationException : Exception has been thrown by the target of an invocation.\n  ----> System.Reflection.TargetInvocationException : Exception has been thrown by the target of an invocation.\n  ----> OpenQA.Selenium.StaleElementReferenceException : stale element reference: stale element not found in the current frame\n  (Session info: chrome=132.0.6834.83); For documentation on this error, please visit: https://www.selenium.dev/documentation/webdriver/troubleshooting/errors#stale-element-reference-exception","statusTrace":"   at System.Reflection.MethodBaseInvoker.InvokeWithManyArgs(Object obj, BindingFlags invokeAttr, Binder binder, Object[] parameters, CultureInfo culture)\n   at Allure.Net.Commons.Steps.AllureStepAspectBase.Around(String name, Object[] args, Func`2 target, MethodBase metadata, Type returnType)\n   at OdinUiTests.Pages.DisCommonInfoPage.__a$_around_AddRandomPickedBlock_100666645_w_0(Object[])\n   at OdinUiTests.Pages.DisCommonInfoPage.AddRandomPickedBlock(String location, Boolean insideBlock, String kindOfBlock, String randomText, String parameter)\n   at OdinUiTests.Tests.Discipline.IOTGraphTests.CheckAddChildBlockBetweenBlocks() in /azp/_work/2/s/Tests/Discipline/DisCreateEditTests.cs:line 416\n   at System.RuntimeMethodHandle.InvokeMethod(Object target, Void** arguments, Signature sig, Boolean isConstructor)\n   at System.Reflection.MethodBaseInvoker.InvokeWithNoArgs(Object obj, BindingFlags invokeAttr)\n--TargetInvocationException\n   at System.Reflection.MethodBaseInvoker.InvokeWithManyArgs(Object obj, BindingFlags invokeAttr, Binder binder, Object[] parameters, CultureInfo culture)\n   at Allure.Net.Commons.Steps.AllureStepAspectBase.Around(String name, Object[] args, Func`2 target, MethodBase metadata, Type returnType)\n   at OdinUiTests.Pages.DisCommonInfoPage.__a$_around_CheckBlockIsAdded_100666710_w_0(Object[])\n   at OdinUiTests.Pages.DisCommonInfoPage.CheckBlockIsAdded(String kindOfBlock, String randomText, Boolean withRefresh, String nameOfBlock, String parameter)\n   at OdinUiTests.Pages.DisCommonInfoPage.__a$_around_AddRandomPickedBlock_100666645_o(String location, Boolean insideBlock, String kindOfBlock, String randomText, String parameter) in /azp/_work/2/s/Pages/DisCommonInfoPage.cs:line 467\n   at OdinUiTests.Pages.DisCommonInfoPage.__a$_around_AddRandomPickedBlock_100666645_u(Object[])\n   at Allure.Net.Commons.Steps.AllureAbstractStepAspect.WrapSync[T](Func`2 target, Object[] args, MethodBase metadata, String stepName, List`1 stepParameters)\n   at InvokeStub_AllureAbstractStepAspect.WrapSync(Object, Span`1)\n   at System.Reflection.MethodBaseInvoker.InvokeWithManyArgs(Object obj, BindingFlags invokeAttr, Binder binder, Object[] parameters, CultureInfo culture)\n--StaleElementReferenceException\n   at OpenQA.Selenium.WebDriver.UnpackAndThrowOnError(Response errorResponse, String commandToExecute)\n   at OpenQA.Selenium.WebDriver.ExecuteAsync(String driverCommandToExecute, Dictionary`2 parameters)\n   at OpenQA.Selenium.WebDriver.InternalExecute(String driverCommandToExecute, Dictionary`2 parameters)\n   at OpenQA.Selenium.WebElement.get_Displayed()\n   at SeleniumExtras.WaitHelpers.ExpectedConditions.<>c__DisplayClass19_0.<ElementToBeClickable>b__0(IWebDriver driver)\n   at OpenQA.Selenium.Support.UI.DefaultWait`1.Until[TResult](Func`2 condition, CancellationToken token)\n   at OpenQA.Selenium.Support.UI.DefaultWait`1.Until[TResult](Func`2 condition)\n   at OdinUiTests.Pages.DisCommonInfoPage.__a$_around_CheckBlockIsAdded_100666710_o(String kindOfBlock, String randomText, Boolean withRefresh, String nameOfBlock, String parameter) in /azp/_work/2/s/Pages/DisCommonInfoPage.cs:line 1395\n   at OdinUiTests.Pages.DisCommonInfoPage.__a$_around_CheckBlockIsAdded_100666710_u(Object[])\n   at Allure.Net.Commons.Steps.AllureAbstractStepAspect.WrapSync[T](Func`2 target, Object[] args, MethodBase metadata, String stepName, List`1 stepParameters)\n   at InvokeStub_AllureAbstractStepAspect.WrapSync(Object, Span`1)\n   at System.Reflection.MethodBaseInvoker.InvokeWithManyArgs(Object obj, BindingFlags invokeAttr, Binder binder, Object[] parameters, CultureInfo culture)","flaky":false,"newFailed":false,"newBroken":false,"newPassed":false,"retriesCount":0,"retriesStatusChange":false,"beforeStages":[],"testStage":{"status":"broken","statusMessage":"System.Reflection.TargetInvocationException : Exception has been thrown by the target of an invocation.\n  ----> System.Reflection.TargetInvocationException : Exception has been thrown by the target of an invocation.\n  ----> OpenQA.Selenium.StaleElementReferenceException : stale element reference: stale element not found in the current frame\n  (Session info: chrome=132.0.6834.83); For documentation on this error, please visit: https://www.selenium.dev/documentation/webdriver/troubleshooting/errors#stale-element-reference-exception","statusTrace":"   at System.Reflection.MethodBaseInvoker.InvokeWithManyArgs(Object obj, BindingFlags invokeAttr, Binder binder, Object[] parameters, CultureInfo culture)\n   at Allure.Net.Commons.Steps.AllureStepAspectBase.Around(String name, Object[] args, Func`2 target, MethodBase metadata, Type returnType)\n   at OdinUiTests.Pages.DisCommonInfoPage.__a$_around_AddRandomPickedBlock_100666645_w_0(Object[])\n   at OdinUiTests.Pages.DisCommonInfoPage.AddRandomPickedBlock(String location, Boolean insideBlock, String kindOfBlock, String randomText, String parameter)\n   at OdinUiTests.Tests.Discipline.IOTGraphTests.CheckAddChildBlockBetweenBlocks() in /azp/_work/2/s/Tests/Discipline/DisCreateEditTests.cs:line 416\n   at System.RuntimeMethodHandle.InvokeMethod(Object target, Void** arguments, Signature sig, Boolean isConstructor)\n   at System.Reflection.MethodBaseInvoker.InvokeWithNoArgs(Object obj, BindingFlags invokeAttr)\n--TargetInvocationException\n   at System.Reflection.MethodBaseInvoker.InvokeWithManyArgs(Object obj, BindingFlags invokeAttr, Binder binder, Object[] parameters, CultureInfo culture)\n   at Allure.Net.Commons.Steps.AllureStepAspectBase.Around(String name, Object[] args, Func`2 target, MethodBase metadata, Type returnType)\n   at OdinUiTests.Pages.DisCommonInfoPage.__a$_around_CheckBlockIsAdded_100666710_w_0(Object[])\n   at OdinUiTests.Pages.DisCommonInfoPage.CheckBlockIsAdded(String kindOfBlock, String randomText, Boolean withRefresh, String nameOfBlock, String parameter)\n   at OdinUiTests.Pages.DisCommonInfoPage.__a$_around_AddRandomPickedBlock_100666645_o(String location, Boolean insideBlock, String kindOfBlock, String randomText, String parameter) in /azp/_work/2/s/Pages/DisCommonInfoPage.cs:line 467\n   at OdinUiTests.Pages.DisCommonInfoPage.__a$_around_AddRandomPickedBlock_100666645_u(Object[])\n   at Allure.Net.Commons.Steps.AllureAbstractStepAspect.WrapSync[T](Func`2 target, Object[] args, MethodBase metadata, String stepName, List`1 stepParameters)\n   at InvokeStub_AllureAbstractStepAspect.WrapSync(Object, Span`1)\n   at System.Reflection.MethodBaseInvoker.InvokeWithManyArgs(Object obj, BindingFlags invokeAttr, Binder binder, Object[] parameters, CultureInfo culture)\n--StaleElementReferenceException\n   at OpenQA.Selenium.WebDriver.UnpackAndThrowOnError(Response errorResponse, String commandToExecute)\n   at OpenQA.Selenium.WebDriver.ExecuteAsync(String driverCommandToExecute, Dictionary`2 parameters)\n   at OpenQA.Selenium.WebDriver.InternalExecute(String driverCommandToExecute, Dictionary`2 parameters)\n   at OpenQA.Selenium.WebElement.get_Displayed()\n   at SeleniumExtras.WaitHelpers.ExpectedConditions.<>c__DisplayClass19_0.<ElementToBeClickable>b__0(IWebDriver driver)\n   at OpenQA.Selenium.Support.UI.DefaultWait`1.Until[TResult](Func`2 condition, CancellationToken token)\n   at OpenQA.Selenium.Support.UI.DefaultWait`1.Until[TResult](Func`2 condition)\n   at OdinUiTests.Pages.DisCommonInfoPage.__a$_around_CheckBlockIsAdded_100666710_o(String kindOfBlock, String randomText, Boolean withRefresh, String nameOfBlock, String parameter) in /azp/_work/2/s/Pages/DisCommonInfoPage.cs:line 1395\n   at OdinUiTests.Pages.DisCommonInfoPage.__a$_around_CheckBlockIsAdded_100666710_u(Object[])\n   at Allure.Net.Commons.Steps.AllureAbstractStepAspect.WrapSync[T](Func`2 target, Object[] args, MethodBase metadata, String stepName, List`1 stepParameters)\n   at InvokeStub_AllureAbstractStepAspect.WrapSync(Object, Span`1)\n   at System.Reflection.MethodBaseInvoker.InvokeWithManyArgs(Object obj, BindingFlags invokeAttr, Binder binder, Object[] parameters, CultureInfo culture)","steps":[{"name":"Рандомна получить вид блока для добавления","time":{"start":1741141011965,"stop":1741141011965,"duration":0},"status":"passed","steps":[],"attachments":[],"parameters":[{"name":"countOfBlock","value":"3"}],"stepsCount":0,"attachmentsCount":0,"shouldDisplayMessage":false,"hasContent":true},{"name":"Открыть страницу дисциплины","time":{"start":1741141011965,"stop":1741141014062,"duration":2097},"status":"passed","steps":[],"attachments":[],"parameters":[{"name":"disciplineId","value":"\"111655\""}],"stepsCount":0,"attachmentsCount":0,"shouldDisplayMessage":false,"hasContent":true},{"name":"Добавить второй блок в дисциплину с ИОТ если она отсутствует","time":{"start":1741141014062,"stop":1741141018864,"duration":4802},"status":"passed","steps":[{"name":"Добавить блок в дисциплину с ИОТ если она отсутствует","time":{"start":1741141014062,"stop":1741141017049,"duration":2987},"status":"passed","steps":[{"name":"Рандомна получить вид блока для добавления","time":{"start":1741141014062,"stop":1741141014062,"duration":0},"status":"passed","steps":[],"attachments":[],"parameters":[{"name":"countOfBlock","value":"3"}],"stepsCount":0,"attachmentsCount":0,"shouldDisplayMessage":false,"hasContent":true}],"attachments":[],"parameters":[{"name":"disId","value":"\"111655\""}],"stepsCount":1,"attachmentsCount":0,"shouldDisplayMessage":false,"hasContent":true},{"name":"Рандомна получить вид блока для добавления","time":{"start":1741141018853,"stop":1741141018853,"duration":0},"status":"passed","steps":[],"attachments":[],"parameters":[{"name":"countOfBlock","value":"3"}],"stepsCount":0,"attachmentsCount":0,"shouldDisplayMessage":false,"hasContent":true}],"attachments":[],"parameters":[{"name":"disId","value":"\"111655\""}],"stepsCount":3,"attachmentsCount":0,"shouldDisplayMessage":false,"hasContent":true},{"name":"Нажать на кнопку добавления блока указав нужную кнопку","time":{"start":1741141018864,"stop":1741141026349,"duration":7485},"status":"passed","steps":[],"attachments":[],"parameters":[{"name":"location","value":"\"betweenChild\""}],"stepsCount":0,"attachmentsCount":0,"shouldDisplayMessage":false,"hasContent":true},{"name":"Добавления блока в указанное место в дисциплину с ИОТ","time":{"start":1741141026349,"stop":1741141030762,"duration":4413},"status":"broken","statusMessage":"Exception has been thrown by the target of an invocation.","statusTrace":"System.Reflection.TargetInvocationException: Exception has been thrown by the target of an invocation.\n ---> OpenQA.Selenium.StaleElementReferenceException: stale element reference: stale element not found in the current frame\n  (Session info: chrome=132.0.6834.83); For documentation on this error, please visit: https://www.selenium.dev/documentation/webdriver/troubleshooting/errors#stale-element-reference-exception\n   at OpenQA.Selenium.WebDriver.UnpackAndThrowOnError(Response errorResponse, String commandToExecute)\n   at OpenQA.Selenium.WebDriver.ExecuteAsync(String driverCommandToExecute, Dictionary`2 parameters)\n   at OpenQA.Selenium.WebDriver.InternalExecute(String driverCommandToExecute, Dictionary`2 parameters)\n   at OpenQA.Selenium.WebElement.get_Displayed()\n   at SeleniumExtras.WaitHelpers.ExpectedConditions.<>c__DisplayClass19_0.<ElementToBeClickable>b__0(IWebDriver driver)\n   at OpenQA.Selenium.Support.UI.DefaultWait`1.Until[TResult](Func`2 condition, CancellationToken token)\n   at OpenQA.Selenium.Support.UI.DefaultWait`1.Until[TResult](Func`2 condition)\n   at OdinUiTests.Pages.DisCommonInfoPage.__a$_around_CheckBlockIsAdded_100666710_o(String kindOfBlock, String randomText, Boolean withRefresh, String nameOfBlock, String parameter) in /azp/_work/2/s/Pages/DisCommonInfoPage.cs:line 1395\n   at OdinUiTests.Pages.DisCommonInfoPage.__a$_around_CheckBlockIsAdded_100666710_u(Object[])\n   at Allure.Net.Commons.Steps.AllureAbstractStepAspect.WrapSync[T](Func`2 target, Object[] args, MethodBase metadata, String stepName, List`1 stepParameters)\n   at InvokeStub_AllureAbstractStepAspect.WrapSync(Object, Span`1)\n   at System.Reflection.MethodBaseInvoker.InvokeWithManyArgs(Object obj, BindingFlags invokeAttr, Binder binder, Object[] parameters, CultureInfo culture)\n   --- End of inner exception stack trace ---\n   at System.Reflection.MethodBaseInvoker.InvokeWithManyArgs(Object obj, BindingFlags invokeAttr, Binder binder, Object[] parameters, CultureInfo culture)\n   at Allure.Net.Commons.Steps.AllureStepAspectBase.Around(String name, Object[] args, Func`2 target, MethodBase metadata, Type returnType)\n   at OdinUiTests.Pages.DisCommonInfoPage.__a$_around_CheckBlockIsAdded_100666710_w_0(Object[])\n   at OdinUiTests.Pages.DisCommonInfoPage.CheckBlockIsAdded(String kindOfBlock, String randomText, Boolean withRefresh, String nameOfBlock, String parameter)\n   at OdinUiTests.Pages.DisCommonInfoPage.__a$_around_AddRandomPickedBlock_100666645_o(String location, Boolean insideBlock, String kindOfBlock, String randomText, String parameter) in /azp/_work/2/s/Pages/DisCommonInfoPage.cs:line 467\n   at OdinUiTests.Pages.DisCommonInfoPage.__a$_around_AddRandomPickedBlock_100666645_u(Object[])\n   at Allure.Net.Commons.Steps.AllureAbstractStepAspect.WrapSync[T](Func`2 target, Object[] args, MethodBase metadata, String stepName, List`1 stepParameters)","steps":[{"name":"Проверка того что блок был добавлен в дисциплину с ИОТ","time":{"start":1741141030357,"stop":1741141030761,"duration":404},"status":"broken","statusMessage":"stale element reference: stale element not found in the current frame\n  (Session info: chrome=132.0.6834.83); For documentation on this error, please visit: https://www.selenium.dev/documentation/webdriver/troubleshooting/errors#stale-element-reference-exception","statusTrace":"OpenQA.Selenium.StaleElementReferenceException: stale element reference: stale element not found in the current frame\n  (Session info: chrome=132.0.6834.83); For documentation on this error, please visit: https://www.selenium.dev/documentation/webdriver/troubleshooting/errors#stale-element-reference-exception\n   at OpenQA.Selenium.WebDriver.UnpackAndThrowOnError(Response errorResponse, String commandToExecute)\n   at OpenQA.Selenium.WebDriver.ExecuteAsync(String driverCommandToExecute, Dictionary`2 parameters)\n   at OpenQA.Selenium.WebDriver.InternalExecute(String driverCommandToExecute, Dictionary`2 parameters)\n   at OpenQA.Selenium.WebElement.get_Displayed()\n   at SeleniumExtras.WaitHelpers.ExpectedConditions.<>c__DisplayClass19_0.<ElementToBeClickable>b__0(IWebDriver driver)\n   at OpenQA.Selenium.Support.UI.DefaultWait`1.Until[TResult](Func`2 condition, CancellationToken token)\n   at OpenQA.Selenium.Support.UI.DefaultWait`1.Until[TResult](Func`2 condition)\n   at OdinUiTests.Pages.DisCommonInfoPage.__a$_around_CheckBlockIsAdded_100666710_o(String kindOfBlock, String randomText, Boolean withRefresh, String nameOfBlock, String parameter) in /azp/_work/2/s/Pages/DisCommonInfoPage.cs:line 1395\n   at OdinUiTests.Pages.DisCommonInfoPage.__a$_around_CheckBlockIsAdded_100666710_u(Object[])\n   at Allure.Net.Commons.Steps.AllureAbstractStepAspect.WrapSync[T](Func`2 target, Object[] args, MethodBase metadata, String stepName, List`1 stepParameters)","steps":[],"attachments":[],"parameters":[{"name":"kindOfBlock","value":"\"Тема\""},{"name":"randomText","value":"\"0D316AG7E23A70E\""},{"name":"withRefresh","value":"false"},{"name":"nameOfBlock","value":"\"\""},{"name":"parameter","value":"\"\""}],"stepsCount":0,"attachmentsCount":0,"shouldDisplayMessage":true,"hasContent":true}],"attachments":[],"parameters":[{"name":"location","value":"\"bottom\""},{"name":"insideBlock","value":"false"},{"name":"kindOfBlock","value":"\"Тема\""},{"name":"randomText","value":"\"0D316AG7E23A70E\""},{"name":"parameter","value":"\"\""}],"stepsCount":1,"attachmentsCount":0,"shouldDisplayMessage":true,"hasContent":true}],"attachments":[{"uid":"199bb75cc3c1ae80","name":"CheckAddChildBlockBetweenBlocks.jpg","source":"199bb75cc3c1ae80.jpg","type":"image/jpeg","size":180398},{"uid":"9b56505a34f66a04","name":"Console Output","source":"9b56505a34f66a04.txt","type":"text/plain","size":52}],"parameters":[],"stepsCount":9,"attachmentsCount":2,"shouldDisplayMessage":true,"hasContent":true},"afterStages":[],"labels":[{"name":"thread","value":"NUnit.Fw.ParallelWorker#9"},{"name":"host","value":"6306f9e1682f"},{"name":"language","value":"C#"},{"name":"framework","value":"NUnit 3"},{"name":"package","value":"OdinUiTests.Tests.Discipline"},{"name":"testMethod","value":"CheckAddChildBlockBetweenBlocks"},{"name":"testClass","value":"IOTGraphTests"},{"name":"suite","value":"Дисциплина"},{"name":"subSuite","value":"Дисциплина с ИОТ"},{"name":"severity","value":"critical"},{"name":"tag","value":"Дисциплина"},{"name":"tag","value":"Регресс"},{"name":"resultFormat","value":"allure2"}],"parameters":[],"links":[],"hidden":true,"retry":true,"extra":{"categories":[],"tags":["Регресс","Дисциплина"]},"source":"417c1720c0d64a01.json","parameterValues":[]}