{"uid":"42d1755389011500","name":"Можно найти отправленное сообщение в чате дисциплины","fullName":"OdinUiTests:OdinUiTests.Tests.Chat.DisciplineChatTests.CheckFindSentMessageInDisciplineChat()","historyId":"fb9f9d1f5802463961188ef27f7d52a0","time":{"start":1735131422203,"stop":1735131476064,"duration":53861},"status":"broken","statusMessage":"OpenQA.Selenium.WebDriverTimeoutException : Timed out after 50 seconds\n  ----> OpenQA.Selenium.NoSuchElementException : no such element: Unable to locate element: {\"method\":\"css selector\",\"selector\":\"[class*='text-message ellipsis']\"}\n  (Session info: chrome-headless-shell=126.0.6478.126); For documentation on this error, please visit: https://www.selenium.dev/documentation/webdriver/troubleshooting/errors#no-such-element-exception","statusTrace":"   at OpenQA.Selenium.Support.UI.DefaultWait`1.ThrowTimeoutException(String exceptionMessage, Exception lastException)\n   at OpenQA.Selenium.Support.UI.DefaultWait`1.Until[TResult](Func`2 condition, CancellationToken token)\n   at OpenQA.Selenium.Support.UI.DefaultWait`1.Until[TResult](Func`2 condition)\n   at OdinUiTests.Pages.ChatCommonPage.__a$_around_CheckMessageIsFound_100666338_o(Boolean isMinichat, String message) in /azp/_work/2/s/Pages/ChatCommonPage.cs:line 1321\n   at OdinUiTests.Pages.ChatCommonPage.__a$_around_CheckMessageIsFound_100666338_u(Object[])\n   at Allure.Net.Commons.Steps.AllureAbstractStepAspect.WrapSync[T](Func`2 target, Object[] args, MethodBase metadata, String stepName, List`1 stepParameters)\n   at System.RuntimeMethodHandle.InvokeMethod(Object target, Void** arguments, Signature sig, Boolean isConstructor)\n   at System.Reflection.MethodBaseInvoker.InvokeWithManyArgs(Object obj, BindingFlags invokeAttr, Binder binder, Object[] parameters, CultureInfo culture)\n--NoSuchElementException\n   at OpenQA.Selenium.WebDriver.UnpackAndThrowOnError(Response errorResponse, String commandToExecute)\n   at OpenQA.Selenium.WebDriver.ExecuteAsync(String driverCommandToExecute, Dictionary`2 parameters)\n   at SeleniumExtras.WaitHelpers.ExpectedConditions.<>c__DisplayClass19_0.<ElementToBeClickable>b__0(IWebDriver driver)\n   at OpenQA.Selenium.Support.UI.DefaultWait`1.Until[TResult](Func`2 condition, CancellationToken token)","flaky":false,"newFailed":false,"newBroken":false,"newPassed":false,"retriesCount":1,"retriesStatusChange":false,"beforeStages":[],"testStage":{"status":"broken","statusMessage":"OpenQA.Selenium.WebDriverTimeoutException : Timed out after 50 seconds\n  ----> OpenQA.Selenium.NoSuchElementException : no such element: Unable to locate element: {\"method\":\"css selector\",\"selector\":\"[class*='text-message ellipsis']\"}\n  (Session info: chrome-headless-shell=126.0.6478.126); For documentation on this error, please visit: https://www.selenium.dev/documentation/webdriver/troubleshooting/errors#no-such-element-exception","statusTrace":"   at OpenQA.Selenium.Support.UI.DefaultWait`1.ThrowTimeoutException(String exceptionMessage, Exception lastException)\n   at OpenQA.Selenium.Support.UI.DefaultWait`1.Until[TResult](Func`2 condition, CancellationToken token)\n   at OpenQA.Selenium.Support.UI.DefaultWait`1.Until[TResult](Func`2 condition)\n   at OdinUiTests.Pages.ChatCommonPage.__a$_around_CheckMessageIsFound_100666338_o(Boolean isMinichat, String message) in /azp/_work/2/s/Pages/ChatCommonPage.cs:line 1321\n   at OdinUiTests.Pages.ChatCommonPage.__a$_around_CheckMessageIsFound_100666338_u(Object[])\n   at Allure.Net.Commons.Steps.AllureAbstractStepAspect.WrapSync[T](Func`2 target, Object[] args, MethodBase metadata, String stepName, List`1 stepParameters)\n   at System.RuntimeMethodHandle.InvokeMethod(Object target, Void** arguments, Signature sig, Boolean isConstructor)\n   at System.Reflection.MethodBaseInvoker.InvokeWithManyArgs(Object obj, BindingFlags invokeAttr, Binder binder, Object[] parameters, CultureInfo culture)\n--NoSuchElementException\n   at OpenQA.Selenium.WebDriver.UnpackAndThrowOnError(Response errorResponse, String commandToExecute)\n   at OpenQA.Selenium.WebDriver.ExecuteAsync(String driverCommandToExecute, Dictionary`2 parameters)\n   at SeleniumExtras.WaitHelpers.ExpectedConditions.<>c__DisplayClass19_0.<ElementToBeClickable>b__0(IWebDriver driver)\n   at OpenQA.Selenium.Support.UI.DefaultWait`1.Until[TResult](Func`2 condition, CancellationToken token)","steps":[{"name":"Открыть чат по прямой ссылке","time":{"start":1735131422418,"stop":1735131422840,"duration":422},"status":"passed","steps":[],"attachments":[],"parameters":[{"name":"chatId","value":"\"1768\""}],"stepsCount":0,"attachmentsCount":0,"shouldDisplayMessage":false,"hasContent":true},{"name":"Нажать на тридот меню и выбрать 'Поиск'","time":{"start":1735131422841,"stop":1735131425571,"duration":2730},"status":"passed","steps":[],"attachments":[],"parameters":[],"stepsCount":0,"attachmentsCount":0,"shouldDisplayMessage":false,"hasContent":false},{"name":"В строке поиска ввести текст ранее отправленного сообщения","time":{"start":1735131425572,"stop":1735131425630,"duration":58},"status":"passed","steps":[],"attachments":[],"parameters":[{"name":"message","value":"\"4BACA420FD55D7B\""}],"stepsCount":0,"attachmentsCount":0,"shouldDisplayMessage":false,"hasContent":true},{"name":"Проверка того, что отправленное сообщение было найдено","time":{"start":1735131425631,"stop":1735131475744,"duration":50113},"status":"broken","statusMessage":"Timed out after 50 seconds","statusTrace":"OpenQA.Selenium.WebDriverTimeoutException: Timed out after 50 seconds\n ---> OpenQA.Selenium.NoSuchElementException: no such element: Unable to locate element: {\"method\":\"css selector\",\"selector\":\"[class*='text-message ellipsis']\"}\n  (Session info: chrome-headless-shell=126.0.6478.126); For documentation on this error, please visit: https://www.selenium.dev/documentation/webdriver/troubleshooting/errors#no-such-element-exception\n   at OpenQA.Selenium.WebDriver.UnpackAndThrowOnError(Response errorResponse, String commandToExecute)\n   at OpenQA.Selenium.WebDriver.ExecuteAsync(String driverCommandToExecute, Dictionary`2 parameters)\n   at SeleniumExtras.WaitHelpers.ExpectedConditions.<>c__DisplayClass19_0.<ElementToBeClickable>b__0(IWebDriver driver)\n   at OpenQA.Selenium.Support.UI.DefaultWait`1.Until[TResult](Func`2 condition, CancellationToken token)\n   --- End of inner exception stack trace ---\n   at OpenQA.Selenium.Support.UI.DefaultWait`1.ThrowTimeoutException(String exceptionMessage, Exception lastException)\n   at OpenQA.Selenium.Support.UI.DefaultWait`1.Until[TResult](Func`2 condition, CancellationToken token)\n   at OpenQA.Selenium.Support.UI.DefaultWait`1.Until[TResult](Func`2 condition)\n   at OdinUiTests.Pages.ChatCommonPage.__a$_around_CheckMessageIsFound_100666338_o(Boolean isMinichat, String message) in /azp/_work/2/s/Pages/ChatCommonPage.cs:line 1321\n   at OdinUiTests.Pages.ChatCommonPage.__a$_around_CheckMessageIsFound_100666338_u(Object[])\n   at Allure.Net.Commons.Steps.AllureAbstractStepAspect.WrapSync[T](Func`2 target, Object[] args, MethodBase metadata, String stepName, List`1 stepParameters)","steps":[],"attachments":[],"parameters":[{"name":"isMinichat","value":"false"},{"name":"message","value":"\"4BACA420FD55D7B\""}],"stepsCount":0,"attachmentsCount":0,"shouldDisplayMessage":true,"hasContent":true}],"attachments":[{"uid":"689d7a589ed95d62","name":"CheckFindSentMessageInDisciplineChat.jpg","source":"689d7a589ed95d62.jpg","type":"image/jpeg","size":522271},{"uid":"96e097d8b843af82","name":"Console Output","source":"96e097d8b843af82.txt","type":"text/plain","size":39}],"parameters":[],"stepsCount":4,"attachmentsCount":2,"shouldDisplayMessage":true,"hasContent":true},"afterStages":[],"labels":[{"name":"thread","value":"ParallelWorker#4"},{"name":"host","value":"89505369bbaf"},{"name":"language","value":"C#"},{"name":"framework","value":"NUnit 3"},{"name":"package","value":"OdinUiTests.Tests.Chat"},{"name":"testMethod","value":"CheckFindSentMessageInDisciplineChat"},{"name":"testClass","value":"DisciplineChatTests"},{"name":"suite","value":"Чат"},{"name":"subSuite","value":"Чат дисциплины"},{"name":"severity","value":"normal"},{"name":"tag","value":"Чат"},{"name":"tag","value":"Дежурство"},{"name":"tag","value":"Регресс"},{"name":"resultFormat","value":"allure2"}],"parameters":[],"links":[],"hidden":false,"retry":false,"extra":{"severity":"normal","retries":[{"uid":"dc369787adda251f","status":"broken","statusDetails":"OpenQA.Selenium.WebDriverTimeoutException : Timed out after 50 seconds\n  ----> OpenQA.Selenium.NoSuchElementException : no such element: Unable to locate element: {\"method\":\"css selector\",\"selector\":\"[class*='text-message ellipsis']\"}\n  (Session info: chrome-headless-shell=126.0.6478.126); For documentation on this error, please visit: https://www.selenium.dev/documentation/webdriver/troubleshooting/errors#no-such-element-exception","time":{"start":1735130362091,"stop":1735130415864,"duration":53773}}],"categories":[{"name":"Test defects","matchedStatuses":[],"flaky":false}],"history":{"statistic":{"failed":4,"broken":7,"skipped":0,"passed":85,"unknown":0,"total":96},"items":[{"uid":"9bd26c5e9c5b8074","status":"broken","statusDetails":"OpenQA.Selenium.WebDriverTimeoutException : Timed out after 50 seconds\n  ----> OpenQA.Selenium.NoSuchElementException : no such element: Unable to locate element: {\"method\":\"css selector\",\"selector\":\"[class*='text-message ellipsis']\"}\n  (Session info: chrome-headless-shell=126.0.6478.126); For documentation on this error, please visit: https://www.selenium.dev/documentation/webdriver/troubleshooting/errors#no-such-element-exception","time":{"start":1732693983768,"stop":1732694037614,"duration":53846}},{"uid":"72dd760c5825a44","status":"passed","time":{"start":1732117784109,"stop":1732117788993,"duration":4884}},{"uid":"f5acd8f96ffc05e2","status":"passed","time":{"start":1732033487747,"stop":1732033502214,"duration":14467}},{"uid":"9267dd13048b81e5","status":"broken","statusDetails":"OpenQA.Selenium.WebDriverTimeoutException : Timed out after 50 seconds\n  ----> OpenQA.Selenium.NoSuchElementException : no such element: Unable to locate element: {\"method\":\"css selector\",\"selector\":\"[class*='text-message ellipsis']\"}\n  (Session info: chrome-headless-shell=126.0.6478.126); For documentation on this error, please visit: https://www.selenium.dev/documentation/webdriver/troubleshooting/errors#no-such-element-exception","time":{"start":1731947041444,"stop":1731947094994,"duration":53550}},{"uid":"d446905c77bb809b","status":"passed","time":{"start":1729838011789,"stop":1729838016431,"duration":4642}},{"uid":"af3f42ab8925da8d","status":"broken","statusDetails":"OpenQA.Selenium.WebDriverTimeoutException : Timed out after 50 seconds\n  ----> OpenQA.Selenium.NoSuchElementException : no such element: Unable to locate element: {\"method\":\"css selector\",\"selector\":\"[class*='text-message ellipsis']\"}\n  (Session info: chrome-headless-shell=126.0.6478.126); For documentation on this error, please visit: https://www.selenium.dev/documentation/webdriver/troubleshooting/errors#no-such-element-exception","time":{"start":1729748520396,"stop":1729748576673,"duration":56277}},{"uid":"36faf98c234c21e5","status":"broken","statusDetails":"OpenQA.Selenium.WebDriverTimeoutException : Timed out after 50 seconds\n  ----> OpenQA.Selenium.NoSuchElementException : no such element: Unable to locate element: {\"method\":\"css selector\",\"selector\":\"[class*='text-message ellipsis']\"}\n  (Session info: chrome-headless-shell=126.0.6478.126); For documentation on this error, please visit: https://www.selenium.dev/documentation/webdriver/troubleshooting/errors#no-such-element-exception","time":{"start":1729673275824,"stop":1729673331946,"duration":56122}},{"uid":"a42afa85bc7cfc88","status":"broken","statusDetails":"OpenQA.Selenium.WebDriverTimeoutException : Timed out after 50 seconds\n  ----> OpenQA.Selenium.NoSuchElementException : no such element: Unable to locate element: {\"method\":\"css selector\",\"selector\":\"[class*='text-message ellipsis']\"}\n  (Session info: chrome-headless-shell=126.0.6478.126); For documentation on this error, please visit: https://www.selenium.dev/documentation/webdriver/troubleshooting/errors#no-such-element-exception","time":{"start":1729611603679,"stop":1729611657186,"duration":53507}},{"uid":"f0c24a3cf281d72d","status":"broken","statusDetails":"OpenQA.Selenium.WebDriverTimeoutException : Timed out after 50 seconds\n  ----> OpenQA.Selenium.NoSuchElementException : no such element: Unable to locate element: {\"method\":\"css selector\",\"selector\":\"[class*='text-message ellipsis']\"}\n  (Session info: chrome-headless-shell=126.0.6478.126); For documentation on this error, please visit: https://www.selenium.dev/documentation/webdriver/troubleshooting/errors#no-such-element-exception","time":{"start":1729578093895,"stop":1729578146582,"duration":52687}},{"uid":"2811633202b0e916","status":"failed","statusDetails":"OpenQA.Selenium.WebDriverTimeoutException : Timed out after 50 seconds\n  ----> OpenQA.Selenium.NoSuchElementException : no such element: Unable to locate element: {\"method\":\"css selector\",\"selector\":\"[class*='text-message ellipsis']\"}\n  (Session info: chrome-headless-shell=126.0.6478.126); For documentation on this error, please visit: https://www.selenium.dev/documentation/webdriver/troubleshooting/errors#no-such-element-exception","time":{"start":1729229705853,"stop":1729229760630,"duration":54777}},{"uid":"6e4eb02c562b3aad","status":"passed","statusDetails":"Можно найти отправленное сообщение в чате дисциплины","time":{"start":1728640040446,"stop":1728640045418,"duration":4972}},{"uid":"83d702d4a02770ca","status":"passed","statusDetails":"Можно найти отправленное сообщение в чате дисциплины","time":{"start":1728625845656,"stop":1728625849958,"duration":4302}},{"uid":"cdcab150606208d2","status":"failed","statusDetails":"OpenQA.Selenium.WebDriverTimeoutException : Timed out after 50 seconds\n  ----> OpenQA.Selenium.NoSuchElementException : no such element: Unable to locate element: {\"method\":\"css selector\",\"selector\":\"[class*='text-message ellipsis']\"}\n  (Session info: chrome-headless-shell=126.0.6478.126); For documentation on this error, please visit: https://www.selenium.dev/documentation/webdriver/troubleshooting/errors#no-such-element-exception","time":{"start":1727715614627,"stop":1727715669344,"duration":54717}},{"uid":"13f28072315c720d","status":"passed","statusDetails":"Можно найти отправленное сообщение в чате дисциплины","time":{"start":1727466356366,"stop":1727466360877,"duration":4511}},{"uid":"d5fa025e655b95dd","status":"passed","statusDetails":"Можно найти отправленное сообщение в чате дисциплины","time":{"start":1727441647701,"stop":1727441659667,"duration":11966}},{"uid":"b0db4d309579ed09","status":"failed","statusDetails":"OpenQA.Selenium.WebDriverTimeoutException : Timed out after 50 seconds\n  ----> OpenQA.Selenium.NoSuchElementException : no such element: Unable to locate element: {\"method\":\"css selector\",\"selector\":\"[class*='text-message ellipsis']\"}\n  (Session info: chrome-headless-shell=126.0.6478.126); For documentation on this error, please visit: https://www.selenium.dev/documentation/webdriver/troubleshooting/errors#no-such-element-exception","time":{"start":1727437942899,"stop":1727437996427,"duration":53528}},{"uid":"9275ee91ce359c2f","status":"passed","statusDetails":"Можно найти отправленное сообщение в чате дисциплины","time":{"start":1727354064320,"stop":1727354068705,"duration":4385}},{"uid":"ac42e67b070fbbd3","status":"failed","statusDetails":"OpenQA.Selenium.WebDriverTimeoutException : Timed out after 50 seconds\n  ----> OpenQA.Selenium.NoSuchElementException : no such element: Unable to locate element: {\"method\":\"css selector\",\"selector\":\"[class*='text-message ellipsis']\"}\n  (Session info: chrome-headless-shell=126.0.6478.126); For documentation on this error, please visit: https://www.selenium.dev/documentation/webdriver/troubleshooting/errors#no-such-element-exception","time":{"start":1727314922962,"stop":1727314976583,"duration":53621}},{"uid":"2affc66014196f34","status":"passed","statusDetails":"Можно найти отправленное сообщение в чате дисциплины","time":{"start":1727243981695,"stop":1727243986563,"duration":4868}},{"uid":"8b17bf7ed17a6164","status":"passed","statusDetails":"Можно найти отправленное сообщение в чате дисциплины","time":{"start":1727241231381,"stop":1727241237501,"duration":6120}}]},"tags":["Регресс","Дежурство","Чат"]},"source":"42d1755389011500.json","parameterValues":[]}