{"uid":"48ca006851636de6","name":"Страница дисциплины с ИОТ: внутри темы можно создать активность","fullName":"OdinUiTests:OdinUiTests.Tests.Discipline.IOTThemesAndModulesTests.CheckCreateActivityInsideTopic()","historyId":"4642bdd6b5515130552b511b4615509a","time":{"start":1759284065994,"stop":1759284126322,"duration":60328},"status":"broken","statusMessage":"System.Reflection.TargetInvocationException : Exception has been thrown by the target of an invocation.\n  ----> System.Reflection.TargetInvocationException : Exception has been thrown by the target of an invocation.\n  ----> OpenQA.Selenium.NoSuchElementException : no such element: Unable to locate element: {\"method\":\"css selector\",\"selector\":\".add\\-button\"}\n  (Session info: chrome=140.0.7339.127); For documentation on this error, please visit: https://www.selenium.dev/documentation/webdriver/troubleshooting/errors#no-such-element-exception","statusTrace":"   at System.Reflection.MethodBaseInvoker.InvokeWithManyArgs(Object obj, BindingFlags invokeAttr, Binder binder, Object[] parameters, CultureInfo culture)\n   at Allure.Net.Commons.Steps.AllureStepAspectBase.Around(String name, Object[] args, Func`2 target, MethodBase metadata, Type returnType)\n   at OdinUiTests.Pages.DisCommonInfoPage.__a$_around_AddDesiredBlockIfNotExist_100666698_w_0(Object[])\n   at OdinUiTests.Pages.DisCommonInfoPage.AddDesiredBlockIfNotExist(String kindOfBlock)\n   at OdinUiTests.Tests.Discipline.IOTThemesAndModulesTests.CheckCreateActivityInsideTopic() in /azp/_work/1/s/Tests/Discipline/DisCreateEditTests.cs:line 299\n   at System.RuntimeMethodHandle.InvokeMethod(Object target, Void** arguments, Signature sig, Boolean isConstructor)\n   at System.Reflection.MethodBaseInvoker.InvokeWithNoArgs(Object obj, BindingFlags invokeAttr)\n--TargetInvocationException\n   at System.Reflection.MethodBaseInvoker.InvokeWithManyArgs(Object obj, BindingFlags invokeAttr, Binder binder, Object[] parameters, CultureInfo culture)\n   at Allure.Net.Commons.Steps.AllureStepAspectBase.Around(String name, Object[] args, Func`2 target, MethodBase metadata, Type returnType)\n   at OdinUiTests.Pages.DisCommonInfoPage.__a$_around_ClickAddButtonByLocation_100666694_w_0(Object[])\n   at OdinUiTests.Pages.DisCommonInfoPage.ClickAddButtonByLocation(String location)\n   at OdinUiTests.Pages.DisCommonInfoPage.__a$_around_AddDesiredBlockIfNotExist_100666698_o(String kindOfBlock) in /azp/_work/1/s/Pages/DisCommonInfoPage.cs:line 512\n   at OdinUiTests.Pages.DisCommonInfoPage.__a$_around_AddDesiredBlockIfNotExist_100666698_u(Object[])\n   at Allure.Net.Commons.Steps.AllureAbstractStepAspect.WrapSync[T](Func`2 target, Object[] args, MethodBase metadata, String stepName, List`1 stepParameters)\n   at InvokeStub_AllureAbstractStepAspect.WrapSync(Object, Span`1)\n   at System.Reflection.MethodBaseInvoker.InvokeWithManyArgs(Object obj, BindingFlags invokeAttr, Binder binder, Object[] parameters, CultureInfo culture)\n--NoSuchElementException\n   at OpenQA.Selenium.WebDriver.UnpackAndThrowOnError(Response errorResponse, String commandToExecute)\n   at OpenQA.Selenium.WebDriver.ExecuteAsync(String driverCommandToExecute, Dictionary`2 parameters)\n   at OpenQA.Selenium.WebDriver.Execute(String driverCommandToExecute, Dictionary`2 parameters)\n   at OpenQA.Selenium.WebDriver.FindElement(String mechanism, String value)\n   at OdinUiTests.Pages.DisCommonInfoPage.__a$_around_ClickAddButtonByLocation_100666694_o(String location) in /azp/_work/1/s/Pages/DisCommonInfoPage.cs:line 428\n   at OdinUiTests.Pages.DisCommonInfoPage.__a$_around_ClickAddButtonByLocation_100666694_u(Object[])\n   at Allure.Net.Commons.Steps.AllureAbstractStepAspect.WrapSync[T](Func`2 target, Object[] args, MethodBase metadata, String stepName, List`1 stepParameters)\n   at InvokeStub_AllureAbstractStepAspect.WrapSync(Object, Span`1)\n   at System.Reflection.MethodBaseInvoker.InvokeWithManyArgs(Object obj, BindingFlags invokeAttr, Binder binder, Object[] parameters, CultureInfo culture)","flaky":false,"newFailed":false,"newBroken":false,"newPassed":false,"retriesCount":0,"retriesStatusChange":false,"beforeStages":[],"testStage":{"status":"broken","statusMessage":"System.Reflection.TargetInvocationException : Exception has been thrown by the target of an invocation.\n  ----> System.Reflection.TargetInvocationException : Exception has been thrown by the target of an invocation.\n  ----> OpenQA.Selenium.NoSuchElementException : no such element: Unable to locate element: {\"method\":\"css selector\",\"selector\":\".add\\-button\"}\n  (Session info: chrome=140.0.7339.127); For documentation on this error, please visit: https://www.selenium.dev/documentation/webdriver/troubleshooting/errors#no-such-element-exception","statusTrace":"   at System.Reflection.MethodBaseInvoker.InvokeWithManyArgs(Object obj, BindingFlags invokeAttr, Binder binder, Object[] parameters, CultureInfo culture)\n   at Allure.Net.Commons.Steps.AllureStepAspectBase.Around(String name, Object[] args, Func`2 target, MethodBase metadata, Type returnType)\n   at OdinUiTests.Pages.DisCommonInfoPage.__a$_around_AddDesiredBlockIfNotExist_100666698_w_0(Object[])\n   at OdinUiTests.Pages.DisCommonInfoPage.AddDesiredBlockIfNotExist(String kindOfBlock)\n   at OdinUiTests.Tests.Discipline.IOTThemesAndModulesTests.CheckCreateActivityInsideTopic() in /azp/_work/1/s/Tests/Discipline/DisCreateEditTests.cs:line 299\n   at System.RuntimeMethodHandle.InvokeMethod(Object target, Void** arguments, Signature sig, Boolean isConstructor)\n   at System.Reflection.MethodBaseInvoker.InvokeWithNoArgs(Object obj, BindingFlags invokeAttr)\n--TargetInvocationException\n   at System.Reflection.MethodBaseInvoker.InvokeWithManyArgs(Object obj, BindingFlags invokeAttr, Binder binder, Object[] parameters, CultureInfo culture)\n   at Allure.Net.Commons.Steps.AllureStepAspectBase.Around(String name, Object[] args, Func`2 target, MethodBase metadata, Type returnType)\n   at OdinUiTests.Pages.DisCommonInfoPage.__a$_around_ClickAddButtonByLocation_100666694_w_0(Object[])\n   at OdinUiTests.Pages.DisCommonInfoPage.ClickAddButtonByLocation(String location)\n   at OdinUiTests.Pages.DisCommonInfoPage.__a$_around_AddDesiredBlockIfNotExist_100666698_o(String kindOfBlock) in /azp/_work/1/s/Pages/DisCommonInfoPage.cs:line 512\n   at OdinUiTests.Pages.DisCommonInfoPage.__a$_around_AddDesiredBlockIfNotExist_100666698_u(Object[])\n   at Allure.Net.Commons.Steps.AllureAbstractStepAspect.WrapSync[T](Func`2 target, Object[] args, MethodBase metadata, String stepName, List`1 stepParameters)\n   at InvokeStub_AllureAbstractStepAspect.WrapSync(Object, Span`1)\n   at System.Reflection.MethodBaseInvoker.InvokeWithManyArgs(Object obj, BindingFlags invokeAttr, Binder binder, Object[] parameters, CultureInfo culture)\n--NoSuchElementException\n   at OpenQA.Selenium.WebDriver.UnpackAndThrowOnError(Response errorResponse, String commandToExecute)\n   at OpenQA.Selenium.WebDriver.ExecuteAsync(String driverCommandToExecute, Dictionary`2 parameters)\n   at OpenQA.Selenium.WebDriver.Execute(String driverCommandToExecute, Dictionary`2 parameters)\n   at OpenQA.Selenium.WebDriver.FindElement(String mechanism, String value)\n   at OdinUiTests.Pages.DisCommonInfoPage.__a$_around_ClickAddButtonByLocation_100666694_o(String location) in /azp/_work/1/s/Pages/DisCommonInfoPage.cs:line 428\n   at OdinUiTests.Pages.DisCommonInfoPage.__a$_around_ClickAddButtonByLocation_100666694_u(Object[])\n   at Allure.Net.Commons.Steps.AllureAbstractStepAspect.WrapSync[T](Func`2 target, Object[] args, MethodBase metadata, String stepName, List`1 stepParameters)\n   at InvokeStub_AllureAbstractStepAspect.WrapSync(Object, Span`1)\n   at System.Reflection.MethodBaseInvoker.InvokeWithManyArgs(Object obj, BindingFlags invokeAttr, Binder binder, Object[] parameters, CultureInfo culture)","steps":[{"name":"Открыть страницу дисциплины","time":{"start":1759284065998,"stop":1759284066275,"duration":277},"status":"passed","steps":[],"attachments":[],"parameters":[{"name":"disciplineId","value":"\"146981\""}],"stepsCount":0,"attachmentsCount":0,"shouldDisplayMessage":false,"hasContent":true},{"name":"Добавить нужный блок в дисциплину с ИОТ если она отсутствует","time":{"start":1759284066275,"stop":1759284126199,"duration":59924},"status":"broken","statusMessage":"Exception has been thrown by the target of an invocation.","statusTrace":"System.Reflection.TargetInvocationException: Exception has been thrown by the target of an invocation.\n ---> OpenQA.Selenium.NoSuchElementException: no such element: Unable to locate element: {\"method\":\"css selector\",\"selector\":\".add\\-button\"}\n  (Session info: chrome=140.0.7339.127); For documentation on this error, please visit: https://www.selenium.dev/documentation/webdriver/troubleshooting/errors#no-such-element-exception\n   at OpenQA.Selenium.WebDriver.UnpackAndThrowOnError(Response errorResponse, String commandToExecute)\n   at OpenQA.Selenium.WebDriver.ExecuteAsync(String driverCommandToExecute, Dictionary`2 parameters)\n   at OpenQA.Selenium.WebDriver.Execute(String driverCommandToExecute, Dictionary`2 parameters)\n   at OpenQA.Selenium.WebDriver.FindElement(String mechanism, String value)\n   at OdinUiTests.Pages.DisCommonInfoPage.__a$_around_ClickAddButtonByLocation_100666694_o(String location) in /azp/_work/1/s/Pages/DisCommonInfoPage.cs:line 428\n   at OdinUiTests.Pages.DisCommonInfoPage.__a$_around_ClickAddButtonByLocation_100666694_u(Object[])\n   at Allure.Net.Commons.Steps.AllureAbstractStepAspect.WrapSync[T](Func`2 target, Object[] args, MethodBase metadata, String stepName, List`1 stepParameters)\n   at InvokeStub_AllureAbstractStepAspect.WrapSync(Object, Span`1)\n   at System.Reflection.MethodBaseInvoker.InvokeWithManyArgs(Object obj, BindingFlags invokeAttr, Binder binder, Object[] parameters, CultureInfo culture)\n   --- End of inner exception stack trace ---\n   at System.Reflection.MethodBaseInvoker.InvokeWithManyArgs(Object obj, BindingFlags invokeAttr, Binder binder, Object[] parameters, CultureInfo culture)\n   at Allure.Net.Commons.Steps.AllureStepAspectBase.Around(String name, Object[] args, Func`2 target, MethodBase metadata, Type returnType)\n   at OdinUiTests.Pages.DisCommonInfoPage.__a$_around_ClickAddButtonByLocation_100666694_w_0(Object[])\n   at OdinUiTests.Pages.DisCommonInfoPage.ClickAddButtonByLocation(String location)\n   at OdinUiTests.Pages.DisCommonInfoPage.__a$_around_AddDesiredBlockIfNotExist_100666698_o(String kindOfBlock) in /azp/_work/1/s/Pages/DisCommonInfoPage.cs:line 512\n   at OdinUiTests.Pages.DisCommonInfoPage.__a$_around_AddDesiredBlockIfNotExist_100666698_u(Object[])\n   at Allure.Net.Commons.Steps.AllureAbstractStepAspect.WrapSync[T](Func`2 target, Object[] args, MethodBase metadata, String stepName, List`1 stepParameters)","steps":[{"name":"Нажать на кнопку добавления блока указав нужную кнопку","time":{"start":1759284092976,"stop":1759284126198,"duration":33222},"status":"broken","statusMessage":"no such element: Unable to locate element: {\"method\":\"css selector\",\"selector\":\".add\\-button\"}\n  (Session info: chrome=140.0.7339.127); For documentation on this error, please visit: https://www.selenium.dev/documentation/webdriver/troubleshooting/errors#no-such-element-exception","statusTrace":"OpenQA.Selenium.NoSuchElementException: no such element: Unable to locate element: {\"method\":\"css selector\",\"selector\":\".add\\-button\"}\n  (Session info: chrome=140.0.7339.127); For documentation on this error, please visit: https://www.selenium.dev/documentation/webdriver/troubleshooting/errors#no-such-element-exception\n   at OpenQA.Selenium.WebDriver.UnpackAndThrowOnError(Response errorResponse, String commandToExecute)\n   at OpenQA.Selenium.WebDriver.ExecuteAsync(String driverCommandToExecute, Dictionary`2 parameters)\n   at OpenQA.Selenium.WebDriver.Execute(String driverCommandToExecute, Dictionary`2 parameters)\n   at OpenQA.Selenium.WebDriver.FindElement(String mechanism, String value)\n   at OdinUiTests.Pages.DisCommonInfoPage.__a$_around_ClickAddButtonByLocation_100666694_o(String location) in /azp/_work/1/s/Pages/DisCommonInfoPage.cs:line 428\n   at OdinUiTests.Pages.DisCommonInfoPage.__a$_around_ClickAddButtonByLocation_100666694_u(Object[])\n   at Allure.Net.Commons.Steps.AllureAbstractStepAspect.WrapSync[T](Func`2 target, Object[] args, MethodBase metadata, String stepName, List`1 stepParameters)","steps":[],"attachments":[],"parameters":[{"name":"location","value":"\"main\""}],"stepsCount":0,"attachmentsCount":0,"shouldDisplayMessage":true,"hasContent":true}],"attachments":[],"parameters":[{"name":"kindOfBlock","value":"\"Тема\""}],"stepsCount":1,"attachmentsCount":0,"shouldDisplayMessage":true,"hasContent":true}],"attachments":[{"uid":"c0c94d985aede068","name":"CheckCreateActivityInsideTopic.jpg","source":"c0c94d985aede068.jpg","type":"image/jpeg","size":97741},{"uid":"12122f8b144ba23f","name":"Console Output","source":"12122f8b144ba23f.txt","type":"text/plain","size":52}],"parameters":[],"stepsCount":3,"attachmentsCount":2,"shouldDisplayMessage":true,"hasContent":true},"afterStages":[],"labels":[{"name":"thread","value":"NUnit.Fw.ParallelWorker#7"},{"name":"host","value":"1d7dcfde372c"},{"name":"language","value":"C#"},{"name":"framework","value":"NUnit 3"},{"name":"package","value":"OdinUiTests.Tests.Discipline"},{"name":"testMethod","value":"CheckCreateActivityInsideTopic"},{"name":"testClass","value":"IOTThemesAndModulesTests"},{"name":"suite","value":"Дисциплина"},{"name":"subSuite","value":"Дисциплина с ИОТ"},{"name":"severity","value":"critical"},{"name":"tag","value":"Дисциплина"},{"name":"tag","value":"Регресс"},{"name":"resultFormat","value":"allure2"}],"parameters":[],"links":[],"hidden":true,"retry":true,"extra":{"categories":[],"tags":["Регресс","Дисциплина"]},"source":"48ca006851636de6.json","parameterValues":[]}