{"uid":"4c7c52438136c0f8","name":"Можно отправить сообщение по нажатию на Enter в миничате обсуждении решения","fullName":"OdinUiTests:OdinUiTests.Tests.Chat.TaskMiniChatTests.CheckSendMessageByTappingEnterInTaskMiniChat()","historyId":"931eedd47a5c7c901713b8c1d52586c5","time":{"start":1753147230654,"stop":1753147285546,"duration":54892},"status":"broken","statusMessage":"System.Reflection.TargetInvocationException : Exception has been thrown by the target of an invocation.\n  ----> OpenQA.Selenium.WebDriverTimeoutException : Timed out after 30 seconds\n  ----> OpenQA.Selenium.NoSuchElementException : no such element: Unable to locate element: {\"method\":\"xpath\",\"selector\":\"//div[contains(@class,'items-center q-ml-sm') and contains(text(),'Пучеглазов Антон')]\"}\n  (Session info: chrome=132.0.6834.83); For documentation on this error, please visit: https://www.selenium.dev/documentation/webdriver/troubleshooting/errors#no-such-element-exception","statusTrace":"   at System.Reflection.MethodBaseInvoker.InvokeWithManyArgs(Object obj, BindingFlags invokeAttr, Binder binder, Object[] parameters, CultureInfo culture)\n   at Allure.Net.Commons.Steps.AllureStepAspectBase.Around(String name, Object[] args, Func`2 target, MethodBase metadata, Type returnType)\n   at OdinUiTests.Pages.ChatCommonPage.__a$_around_OpenTaskChatWithName_100666262_w_0(Object[])\n   at OdinUiTests.Pages.ChatCommonPage.OpenTaskChatWithName(String chatName, String studentName)\n   at OdinUiTests.Tests.Chat.TaskMiniChatTests.SetUp() in /azp/_work/1/s/Tests/Chat/MiniChatTests.cs:line 375\n   at InvokeStub_TaskMiniChatTests.SetUp(Object, Object, IntPtr*)\n   at System.Reflection.MethodBaseInvoker.InvokeWithNoArgs(Object obj, BindingFlags invokeAttr)\n--WebDriverTimeoutException\n   at OpenQA.Selenium.Support.UI.DefaultWait`1.ThrowTimeoutException(String exceptionMessage, Exception lastException)\n   at OpenQA.Selenium.Support.UI.DefaultWait`1.Until[TResult](Func`2 condition, CancellationToken token)\n   at OpenQA.Selenium.Support.UI.DefaultWait`1.Until[TResult](Func`2 condition)\n   at OdinUiTests.Pages.ChatCommonPage.__a$_around_OpenTaskChatWithName_100666262_o(String chatName, String studentName) in /azp/_work/1/s/Pages/ChatCommonPage.cs:line 225\n   at OdinUiTests.Pages.ChatCommonPage.__a$_around_OpenTaskChatWithName_100666262_u(Object[])\n   at Allure.Net.Commons.Steps.AllureAbstractStepAspect.WrapSync[T](Func`2 target, Object[] args, MethodBase metadata, String stepName, List`1 stepParameters)\n   at InvokeStub_AllureAbstractStepAspect.WrapSync(Object, Span`1)\n   at System.Reflection.MethodBaseInvoker.InvokeWithManyArgs(Object obj, BindingFlags invokeAttr, Binder binder, Object[] parameters, CultureInfo culture)\n--NoSuchElementException\n   at OpenQA.Selenium.WebDriver.UnpackAndThrowOnError(Response errorResponse, String commandToExecute)\n   at OpenQA.Selenium.WebDriver.ExecuteAsync(String driverCommandToExecute, Dictionary`2 parameters)\n   at SeleniumExtras.WaitHelpers.ExpectedConditions.<>c__DisplayClass19_0.<ElementToBeClickable>b__0(IWebDriver driver)\n   at OpenQA.Selenium.Support.UI.DefaultWait`1.Until[TResult](Func`2 condition, CancellationToken token)","flaky":false,"newFailed":false,"newBroken":true,"newPassed":false,"retriesCount":0,"retriesStatusChange":false,"beforeStages":[],"testStage":{"status":"broken","statusMessage":"System.Reflection.TargetInvocationException : Exception has been thrown by the target of an invocation.\n  ----> OpenQA.Selenium.WebDriverTimeoutException : Timed out after 30 seconds\n  ----> OpenQA.Selenium.NoSuchElementException : no such element: Unable to locate element: {\"method\":\"xpath\",\"selector\":\"//div[contains(@class,'items-center q-ml-sm') and contains(text(),'Пучеглазов Антон')]\"}\n  (Session info: chrome=132.0.6834.83); For documentation on this error, please visit: https://www.selenium.dev/documentation/webdriver/troubleshooting/errors#no-such-element-exception","statusTrace":"   at System.Reflection.MethodBaseInvoker.InvokeWithManyArgs(Object obj, BindingFlags invokeAttr, Binder binder, Object[] parameters, CultureInfo culture)\n   at Allure.Net.Commons.Steps.AllureStepAspectBase.Around(String name, Object[] args, Func`2 target, MethodBase metadata, Type returnType)\n   at OdinUiTests.Pages.ChatCommonPage.__a$_around_OpenTaskChatWithName_100666262_w_0(Object[])\n   at OdinUiTests.Pages.ChatCommonPage.OpenTaskChatWithName(String chatName, String studentName)\n   at OdinUiTests.Tests.Chat.TaskMiniChatTests.SetUp() in /azp/_work/1/s/Tests/Chat/MiniChatTests.cs:line 375\n   at InvokeStub_TaskMiniChatTests.SetUp(Object, Object, IntPtr*)\n   at System.Reflection.MethodBaseInvoker.InvokeWithNoArgs(Object obj, BindingFlags invokeAttr)\n--WebDriverTimeoutException\n   at OpenQA.Selenium.Support.UI.DefaultWait`1.ThrowTimeoutException(String exceptionMessage, Exception lastException)\n   at OpenQA.Selenium.Support.UI.DefaultWait`1.Until[TResult](Func`2 condition, CancellationToken token)\n   at OpenQA.Selenium.Support.UI.DefaultWait`1.Until[TResult](Func`2 condition)\n   at OdinUiTests.Pages.ChatCommonPage.__a$_around_OpenTaskChatWithName_100666262_o(String chatName, String studentName) in /azp/_work/1/s/Pages/ChatCommonPage.cs:line 225\n   at OdinUiTests.Pages.ChatCommonPage.__a$_around_OpenTaskChatWithName_100666262_u(Object[])\n   at Allure.Net.Commons.Steps.AllureAbstractStepAspect.WrapSync[T](Func`2 target, Object[] args, MethodBase metadata, String stepName, List`1 stepParameters)\n   at InvokeStub_AllureAbstractStepAspect.WrapSync(Object, Span`1)\n   at System.Reflection.MethodBaseInvoker.InvokeWithManyArgs(Object obj, BindingFlags invokeAttr, Binder binder, Object[] parameters, CultureInfo culture)\n--NoSuchElementException\n   at OpenQA.Selenium.WebDriver.UnpackAndThrowOnError(Response errorResponse, String commandToExecute)\n   at OpenQA.Selenium.WebDriver.ExecuteAsync(String driverCommandToExecute, Dictionary`2 parameters)\n   at SeleniumExtras.WaitHelpers.ExpectedConditions.<>c__DisplayClass19_0.<ElementToBeClickable>b__0(IWebDriver driver)\n   at OpenQA.Selenium.Support.UI.DefaultWait`1.Until[TResult](Func`2 condition, CancellationToken token)","steps":[{"name":"Открыть страницу Дашборда","time":{"start":1753147230654,"stop":1753147232366,"duration":1712},"status":"passed","steps":[],"attachments":[],"parameters":[],"stepsCount":0,"attachmentsCount":0,"shouldDisplayMessage":false,"hasContent":false},{"name":"Нажать на кнопку 'Чат' для открытия миничата, если миничат еще не открыт","time":{"start":1753147232366,"stop":1753147238761,"duration":6395},"status":"passed","steps":[],"attachments":[],"parameters":[],"stepsCount":0,"attachmentsCount":0,"shouldDisplayMessage":false,"hasContent":false},{"name":"В панели чатов найти дисциплину по названию и открыть его","time":{"start":1753147238761,"stop":1753147248359,"duration":9598},"status":"passed","steps":[],"attachments":[],"parameters":[{"name":"chatName","value":"\"Основы ООП\""}],"stepsCount":0,"attachmentsCount":0,"shouldDisplayMessage":false,"hasContent":true},{"name":"Нажать на выпадающий список комнат","time":{"start":1753147248359,"stop":1753147249341,"duration":982},"status":"passed","steps":[],"attachments":[],"parameters":[],"stepsCount":0,"attachmentsCount":0,"shouldDisplayMessage":false,"hasContent":false},{"name":"Открыть решения и выбрать чат студента по названию","time":{"start":1753147249341,"stop":1753147281667,"duration":32326},"status":"broken","statusMessage":"Timed out after 30 seconds","statusTrace":"OpenQA.Selenium.WebDriverTimeoutException: Timed out after 30 seconds\n ---> OpenQA.Selenium.NoSuchElementException: no such element: Unable to locate element: {\"method\":\"xpath\",\"selector\":\"//div[contains(@class,'items-center q-ml-sm') and contains(text(),'Пучеглазов Антон')]\"}\n  (Session info: chrome=132.0.6834.83); For documentation on this error, please visit: https://www.selenium.dev/documentation/webdriver/troubleshooting/errors#no-such-element-exception\n   at OpenQA.Selenium.WebDriver.UnpackAndThrowOnError(Response errorResponse, String commandToExecute)\n   at OpenQA.Selenium.WebDriver.ExecuteAsync(String driverCommandToExecute, Dictionary`2 parameters)\n   at SeleniumExtras.WaitHelpers.ExpectedConditions.<>c__DisplayClass19_0.<ElementToBeClickable>b__0(IWebDriver driver)\n   at OpenQA.Selenium.Support.UI.DefaultWait`1.Until[TResult](Func`2 condition, CancellationToken token)\n   --- End of inner exception stack trace ---\n   at OpenQA.Selenium.Support.UI.DefaultWait`1.ThrowTimeoutException(String exceptionMessage, Exception lastException)\n   at OpenQA.Selenium.Support.UI.DefaultWait`1.Until[TResult](Func`2 condition, CancellationToken token)\n   at OpenQA.Selenium.Support.UI.DefaultWait`1.Until[TResult](Func`2 condition)\n   at OdinUiTests.Pages.ChatCommonPage.__a$_around_OpenTaskChatWithName_100666262_o(String chatName, String studentName) in /azp/_work/1/s/Pages/ChatCommonPage.cs:line 225\n   at OdinUiTests.Pages.ChatCommonPage.__a$_around_OpenTaskChatWithName_100666262_u(Object[])\n   at Allure.Net.Commons.Steps.AllureAbstractStepAspect.WrapSync[T](Func`2 target, Object[] args, MethodBase metadata, String stepName, List`1 stepParameters)","steps":[],"attachments":[],"parameters":[{"name":"chatName","value":"\"Test задание\""},{"name":"studentName","value":"\"Пучеглазов Антон\""}],"stepsCount":0,"attachmentsCount":0,"shouldDisplayMessage":true,"hasContent":true}],"attachments":[{"uid":"aca60f18b7517986","name":"CheckSendMessageByTappingEnterInTaskMiniChat.jpg","source":"aca60f18b7517986.jpg","type":"image/jpeg","size":951344},{"uid":"3e071fdc9a55401a","name":"Console Output","source":"3e071fdc9a55401a.txt","type":"text/plain","size":29}],"parameters":[],"stepsCount":5,"attachmentsCount":2,"shouldDisplayMessage":true,"hasContent":true},"afterStages":[],"labels":[{"name":"thread","value":"NUnit.Fw.ParallelWorker#6"},{"name":"host","value":"729fdeebefa1"},{"name":"language","value":"C#"},{"name":"framework","value":"NUnit 3"},{"name":"package","value":"OdinUiTests.Tests.Chat"},{"name":"testMethod","value":"CheckSendMessageByTappingEnterInTaskMiniChat"},{"name":"testClass","value":"TaskMiniChatTests"},{"name":"suite","value":"Чат"},{"name":"subSuite","value":"Миничат обсуждение решения"},{"name":"severity","value":"critical"},{"name":"tag","value":"Чат"},{"name":"tag","value":"Регресс"},{"name":"resultFormat","value":"allure2"}],"parameters":[],"links":[],"hidden":false,"retry":false,"extra":{"severity":"critical","retries":[],"categories":[{"name":"Test defects","matchedStatuses":[],"flaky":false}],"history":{"statistic":{"failed":0,"broken":1,"skipped":0,"passed":52,"unknown":0,"total":53},"items":[{"uid":"d56cb229181e8461","status":"passed","time":{"start":1741890408531,"stop":1741890442127,"duration":33596}},{"uid":"3040f4aa773a28f6","status":"passed","time":{"start":1741155648932,"stop":1741155659768,"duration":10836}},{"uid":"afefbf37fbaf0b53","status":"passed","time":{"start":1741140402954,"stop":1741140443467,"duration":40513}},{"uid":"3d25d72be36f0d8a","status":"passed","time":{"start":1737613026048,"stop":1737613060255,"duration":34207}},{"uid":"fecd4386557e1ed5","status":"passed","time":{"start":1737567149863,"stop":1737567182077,"duration":32214}},{"uid":"704f4fe483fe1098","status":"passed","time":{"start":1736951276159,"stop":1736951297060,"duration":20901}},{"uid":"eb6b28608a2d2268","status":"passed","time":{"start":1732117983880,"stop":1732117993314,"duration":9434}},{"uid":"7c66c5fcd4edd4f0","status":"passed","time":{"start":1732033751422,"stop":1732033761582,"duration":10160}},{"uid":"49face26b58496b","status":"passed","statusDetails":"Можно отправить сообщение по нажатию на Enter в миничате обсуждении решения","time":{"start":1728640263387,"stop":1728640273283,"duration":9896}},{"uid":"2f5806d3e4f3fd78","status":"passed","statusDetails":"Можно отправить сообщение по нажатию на Enter в миничате обсуждении решения","time":{"start":1727714725473,"stop":1727714739033,"duration":13560}},{"uid":"5c215a78c4aa02c4","status":"passed","statusDetails":"Можно отправить сообщение по нажатию на Enter в миничате обсуждении решения","time":{"start":1727353153664,"stop":1727353163018,"duration":9354}},{"uid":"18c76153a0d610a2","status":"passed","statusDetails":"Можно отправить сообщение по нажатию на Enter в миничате обсуждении решения","time":{"start":1727072728843,"stop":1727072738377,"duration":9534}},{"uid":"a47b9f1cea2b57bb","status":"passed","statusDetails":"Можно отправить сообщение по нажатию на Enter в миничате обсуждении решения","time":{"start":1726128400971,"stop":1726128417833,"duration":16862}},{"uid":"ab88b3850057614","status":"passed","time":{"start":1725343005209,"stop":1725343016804,"duration":11595}},{"uid":"b7eb7aa19fb3acfb","status":"passed","statusDetails":"Можно отправить сообщение по нажатию на Enter в миничате обсуждении решения","time":{"start":1722214209845,"stop":1722214218075,"duration":8230}},{"uid":"1a1ddd34de48319f","status":"passed","statusDetails":"Можно отправить сообщение по нажатию на Enter в миничате обсуждении решения","time":{"start":1721977505282,"stop":1721977516402,"duration":11120}},{"uid":"ab32204e7751939b","status":"passed","statusDetails":"Можно отправить сообщение по нажатию на Enter в миничате обсуждении решения","time":{"start":1721976038697,"stop":1721976049193,"duration":10496}},{"uid":"a207033bf87b369b","status":"passed","statusDetails":"Можно отправить сообщение по нажатию на Enter в миничате обсуждении решения","time":{"start":1721816140271,"stop":1721816151924,"duration":11653}},{"uid":"81a13dd6ee720fb0","status":"passed","statusDetails":"Можно отправить сообщение по нажатию на Enter в миничате обсуждении решения","time":{"start":1720581422932,"stop":1720581431989,"duration":9057}},{"uid":"9fdfbd217195d3b5","status":"passed","statusDetails":"Можно отправить сообщение по нажатию на Enter в миничате обсуждении решения","time":{"start":1718784826571,"stop":1718784842426,"duration":15855}}]},"tags":["Регресс","Чат"]},"source":"4c7c52438136c0f8.json","parameterValues":[]}