{"uid":"4cea78b3936a4a1c","name":"Можно найти отправленное сообщение в чате для заметок","fullName":"OdinUiTests:OdinUiTests.Tests.Chat.NotesChatTests.CheckFindSentMessageInNotesChat()","historyId":"3f0153f87e7645fc17b69d13ccc313d3","time":{"start":1735130365239,"stop":1735130419504,"duration":54265},"status":"broken","statusMessage":"OpenQA.Selenium.WebDriverTimeoutException : Timed out after 50 seconds\n  ----> OpenQA.Selenium.NoSuchElementException : no such element: Unable to locate element: {\"method\":\"css selector\",\"selector\":\"[class*='text-message ellipsis']\"}\n  (Session info: chrome-headless-shell=126.0.6478.126); For documentation on this error, please visit: https://www.selenium.dev/documentation/webdriver/troubleshooting/errors#no-such-element-exception","statusTrace":"   at OpenQA.Selenium.Support.UI.DefaultWait`1.ThrowTimeoutException(String exceptionMessage, Exception lastException)\n   at OpenQA.Selenium.Support.UI.DefaultWait`1.Until[TResult](Func`2 condition, CancellationToken token)\n   at OpenQA.Selenium.Support.UI.DefaultWait`1.Until[TResult](Func`2 condition)\n   at OdinUiTests.Pages.ChatCommonPage.__a$_around_CheckMessageIsFound_100666338_o(Boolean isMinichat, String message) in /azp/_work/1/s/Pages/ChatCommonPage.cs:line 1321\n   at OdinUiTests.Pages.ChatCommonPage.__a$_around_CheckMessageIsFound_100666338_u(Object[])\n   at Allure.Net.Commons.Steps.AllureAbstractStepAspect.WrapSync[T](Func`2 target, Object[] args, MethodBase metadata, String stepName, List`1 stepParameters)\n   at InvokeStub_AllureAbstractStepAspect.WrapSync(Object, Span`1)\n   at System.Reflection.MethodBaseInvoker.InvokeWithManyArgs(Object obj, BindingFlags invokeAttr, Binder binder, Object[] parameters, CultureInfo culture)\n--NoSuchElementException\n   at OpenQA.Selenium.WebDriver.UnpackAndThrowOnError(Response errorResponse, String commandToExecute)\n   at OpenQA.Selenium.WebDriver.ExecuteAsync(String driverCommandToExecute, Dictionary`2 parameters)\n   at SeleniumExtras.WaitHelpers.ExpectedConditions.<>c__DisplayClass19_0.<ElementToBeClickable>b__0(IWebDriver driver)\n   at OpenQA.Selenium.Support.UI.DefaultWait`1.Until[TResult](Func`2 condition, CancellationToken token)","flaky":false,"newFailed":false,"newBroken":false,"newPassed":false,"retriesCount":0,"retriesStatusChange":false,"beforeStages":[],"testStage":{"status":"broken","statusMessage":"OpenQA.Selenium.WebDriverTimeoutException : Timed out after 50 seconds\n  ----> OpenQA.Selenium.NoSuchElementException : no such element: Unable to locate element: {\"method\":\"css selector\",\"selector\":\"[class*='text-message ellipsis']\"}\n  (Session info: chrome-headless-shell=126.0.6478.126); For documentation on this error, please visit: https://www.selenium.dev/documentation/webdriver/troubleshooting/errors#no-such-element-exception","statusTrace":"   at OpenQA.Selenium.Support.UI.DefaultWait`1.ThrowTimeoutException(String exceptionMessage, Exception lastException)\n   at OpenQA.Selenium.Support.UI.DefaultWait`1.Until[TResult](Func`2 condition, CancellationToken token)\n   at OpenQA.Selenium.Support.UI.DefaultWait`1.Until[TResult](Func`2 condition)\n   at OdinUiTests.Pages.ChatCommonPage.__a$_around_CheckMessageIsFound_100666338_o(Boolean isMinichat, String message) in /azp/_work/1/s/Pages/ChatCommonPage.cs:line 1321\n   at OdinUiTests.Pages.ChatCommonPage.__a$_around_CheckMessageIsFound_100666338_u(Object[])\n   at Allure.Net.Commons.Steps.AllureAbstractStepAspect.WrapSync[T](Func`2 target, Object[] args, MethodBase metadata, String stepName, List`1 stepParameters)\n   at InvokeStub_AllureAbstractStepAspect.WrapSync(Object, Span`1)\n   at System.Reflection.MethodBaseInvoker.InvokeWithManyArgs(Object obj, BindingFlags invokeAttr, Binder binder, Object[] parameters, CultureInfo culture)\n--NoSuchElementException\n   at OpenQA.Selenium.WebDriver.UnpackAndThrowOnError(Response errorResponse, String commandToExecute)\n   at OpenQA.Selenium.WebDriver.ExecuteAsync(String driverCommandToExecute, Dictionary`2 parameters)\n   at SeleniumExtras.WaitHelpers.ExpectedConditions.<>c__DisplayClass19_0.<ElementToBeClickable>b__0(IWebDriver driver)\n   at OpenQA.Selenium.Support.UI.DefaultWait`1.Until[TResult](Func`2 condition, CancellationToken token)","steps":[{"name":"Открыть личный чат для заметок","time":{"start":1735130365251,"stop":1735130367521,"duration":2270},"status":"passed","steps":[],"attachments":[],"parameters":[],"stepsCount":0,"attachmentsCount":0,"shouldDisplayMessage":false,"hasContent":false},{"name":"Нажать на тридот меню и выбрать 'Поиск'","time":{"start":1735130367521,"stop":1735130368667,"duration":1146},"status":"passed","steps":[],"attachments":[],"parameters":[],"stepsCount":0,"attachmentsCount":0,"shouldDisplayMessage":false,"hasContent":false},{"name":"В строке поиска ввести текст ранее отправленного сообщения","time":{"start":1735130368667,"stop":1735130368826,"duration":159},"status":"passed","steps":[],"attachments":[],"parameters":[{"name":"message","value":"\"AEF42A91GCC3D8B\""}],"stepsCount":0,"attachmentsCount":0,"shouldDisplayMessage":false,"hasContent":true},{"name":"Проверка того, что отправленное сообщение было найдено","time":{"start":1735130368826,"stop":1735130419113,"duration":50287},"status":"broken","statusMessage":"Timed out after 50 seconds","statusTrace":"OpenQA.Selenium.WebDriverTimeoutException: Timed out after 50 seconds\n ---> OpenQA.Selenium.NoSuchElementException: no such element: Unable to locate element: {\"method\":\"css selector\",\"selector\":\"[class*='text-message ellipsis']\"}\n  (Session info: chrome-headless-shell=126.0.6478.126); For documentation on this error, please visit: https://www.selenium.dev/documentation/webdriver/troubleshooting/errors#no-such-element-exception\n   at OpenQA.Selenium.WebDriver.UnpackAndThrowOnError(Response errorResponse, String commandToExecute)\n   at OpenQA.Selenium.WebDriver.ExecuteAsync(String driverCommandToExecute, Dictionary`2 parameters)\n   at SeleniumExtras.WaitHelpers.ExpectedConditions.<>c__DisplayClass19_0.<ElementToBeClickable>b__0(IWebDriver driver)\n   at OpenQA.Selenium.Support.UI.DefaultWait`1.Until[TResult](Func`2 condition, CancellationToken token)\n   --- End of inner exception stack trace ---\n   at OpenQA.Selenium.Support.UI.DefaultWait`1.ThrowTimeoutException(String exceptionMessage, Exception lastException)\n   at OpenQA.Selenium.Support.UI.DefaultWait`1.Until[TResult](Func`2 condition, CancellationToken token)\n   at OpenQA.Selenium.Support.UI.DefaultWait`1.Until[TResult](Func`2 condition)\n   at OdinUiTests.Pages.ChatCommonPage.__a$_around_CheckMessageIsFound_100666338_o(Boolean isMinichat, String message) in /azp/_work/1/s/Pages/ChatCommonPage.cs:line 1321\n   at OdinUiTests.Pages.ChatCommonPage.__a$_around_CheckMessageIsFound_100666338_u(Object[])\n   at Allure.Net.Commons.Steps.AllureAbstractStepAspect.WrapSync[T](Func`2 target, Object[] args, MethodBase metadata, String stepName, List`1 stepParameters)","steps":[],"attachments":[],"parameters":[{"name":"isMinichat","value":"false"},{"name":"message","value":"\"AEF42A91GCC3D8B\""}],"stepsCount":0,"attachmentsCount":0,"shouldDisplayMessage":true,"hasContent":true}],"attachments":[{"uid":"e18445d7effcd182","name":"CheckFindSentMessageInNotesChat.jpg","source":"e18445d7effcd182.jpg","type":"image/jpeg","size":526944},{"uid":"25c853523cb0bced","name":"Console Output","source":"25c853523cb0bced.txt","type":"text/plain","size":41}],"parameters":[],"stepsCount":4,"attachmentsCount":2,"shouldDisplayMessage":true,"hasContent":true},"afterStages":[],"labels":[{"name":"thread","value":"ParallelWorker#2"},{"name":"host","value":"ddaf0371fecb"},{"name":"language","value":"C#"},{"name":"framework","value":"NUnit 3"},{"name":"package","value":"OdinUiTests.Tests.Chat"},{"name":"testMethod","value":"CheckFindSentMessageInNotesChat"},{"name":"testClass","value":"NotesChatTests"},{"name":"suite","value":"Чат"},{"name":"subSuite","value":"Чат для заметок"},{"name":"severity","value":"normal"},{"name":"tag","value":"Чат"},{"name":"tag","value":"Дежурство"},{"name":"tag","value":"Регресс"},{"name":"resultFormat","value":"allure2"}],"parameters":[],"links":[],"hidden":true,"retry":true,"extra":{"categories":[],"tags":["Регресс","Дежурство","Чат"]},"source":"4cea78b3936a4a1c.json","parameterValues":[]}