{"uid":"5477e262d1c1f09c","name":"Страница дисциплины с ИОТ: внутри темы можно создать активность","fullName":"OdinUiTests:OdinUiTests.Tests.Discipline.IOTThemesAndModulesTests.CheckCreateActivityInsideTopic()","historyId":"4642bdd6b5515130552b511b4615509a","time":{"start":1741890980237,"stop":1741891039032,"duration":58795},"status":"broken","statusMessage":"System.Reflection.TargetInvocationException : Exception has been thrown by the target of an invocation.\n  ----> System.Reflection.TargetInvocationException : Exception has been thrown by the target of an invocation.\n  ----> OpenQA.Selenium.WebDriverTimeoutException : Timed out after 30 seconds\n  ----> OpenQA.Selenium.NoSuchElementException : no such element: Unable to locate element: {\"method\":\"xpath\",\"selector\":\"(//iframe)[1]\"}\n  (Session info: chrome=132.0.6834.83); For documentation on this error, please visit: https://www.selenium.dev/documentation/webdriver/troubleshooting/errors#no-such-element-exception","statusTrace":"   at System.Reflection.MethodBaseInvoker.InvokeWithManyArgs(Object obj, BindingFlags invokeAttr, Binder binder, Object[] parameters, CultureInfo culture)\n   at Allure.Net.Commons.Steps.AllureStepAspectBase.Around(String name, Object[] args, Func`2 target, MethodBase metadata, Type returnType)\n   at OdinUiTests.Pages.DisCommonInfoPage.__a$_around_AddRandomPickedBlock_100666645_w_0(Object[])\n   at OdinUiTests.Pages.DisCommonInfoPage.AddRandomPickedBlock(String location, Boolean insideBlock, String kindOfBlock, String randomText, String parameter)\n   at OdinUiTests.Tests.Discipline.IOTThemesAndModulesTests.CheckCreateActivityInsideTopic() in /azp/_work/3/s/Tests/Discipline/DisCreateEditTests.cs:line 303\n   at System.RuntimeMethodHandle.InvokeMethod(Object target, Void** arguments, Signature sig, Boolean isConstructor)\n   at System.Reflection.MethodBaseInvoker.InvokeWithNoArgs(Object obj, BindingFlags invokeAttr)\n--TargetInvocationException\n   at System.Reflection.MethodBaseInvoker.InvokeWithManyArgs(Object obj, BindingFlags invokeAttr, Binder binder, Object[] parameters, CultureInfo culture)\n   at Allure.Net.Commons.Steps.AllureStepAspectBase.Around(String name, Object[] args, Func`2 target, MethodBase metadata, Type returnType)\n   at OdinUiTests.Pages.ActivityCommonEditPage.__a$_around_FillDescriptionField_100665949_w_0(Object[])\n   at OdinUiTests.Pages.ActivityCommonEditPage.FillDescriptionField(String description)\n   at OdinUiTests.Pages.DisCommonInfoPage.__a$_around_AddRandomPickedBlock_100666645_o(String location, Boolean insideBlock, String kindOfBlock, String randomText, String parameter) in /azp/_work/3/s/Pages/DisCommonInfoPage.cs:line 452\n   at OdinUiTests.Pages.DisCommonInfoPage.__a$_around_AddRandomPickedBlock_100666645_u(Object[])\n   at Allure.Net.Commons.Steps.AllureAbstractStepAspect.WrapSync[T](Func`2 target, Object[] args, MethodBase metadata, String stepName, List`1 stepParameters)\n   at InvokeStub_AllureAbstractStepAspect.WrapSync(Object, Span`1)\n   at System.Reflection.MethodBaseInvoker.InvokeWithManyArgs(Object obj, BindingFlags invokeAttr, Binder binder, Object[] parameters, CultureInfo culture)\n--WebDriverTimeoutException\n   at OpenQA.Selenium.Support.UI.DefaultWait`1.ThrowTimeoutException(String exceptionMessage, Exception lastException)\n   at OpenQA.Selenium.Support.UI.DefaultWait`1.Until[TResult](Func`2 condition, CancellationToken token)\n   at OpenQA.Selenium.Support.UI.DefaultWait`1.Until[TResult](Func`2 condition)\n   at OdinUiTests.Services.CommonService.SetTextInTinymceEditorField(IWebDriver driver, String text) in /azp/_work/3/s/Services/CommonService.cs:line 370\n   at OdinUiTests.Pages.ActivityCommonEditPage.__a$_around_FillDescriptionField_100665949_o(String description) in /azp/_work/3/s/Pages/ActivityCommonEditPage.cs:line 188\n   at OdinUiTests.Pages.ActivityCommonEditPage.__a$_around_FillDescriptionField_100665949_u(Object[])\n   at Allure.Net.Commons.Steps.AllureAbstractStepAspect.WrapSync[T](Func`2 target, Object[] args, MethodBase metadata, String stepName, List`1 stepParameters)\n   at InvokeStub_AllureAbstractStepAspect.WrapSync(Object, Span`1)\n   at System.Reflection.MethodBaseInvoker.InvokeWithManyArgs(Object obj, BindingFlags invokeAttr, Binder binder, Object[] parameters, CultureInfo culture)\n--NoSuchElementException\n   at OpenQA.Selenium.WebDriver.UnpackAndThrowOnError(Response errorResponse, String commandToExecute)\n   at OpenQA.Selenium.WebDriver.ExecuteAsync(String driverCommandToExecute, Dictionary`2 parameters)\n   at OpenQA.Selenium.WebDriver.Execute(String driverCommandToExecute, Dictionary`2 parameters)\n   at OpenQA.Selenium.WebDriver.FindElement(String mechanism, String value)\n   at SeleniumExtras.WaitHelpers.ExpectedConditions.<>c__DisplayClass16_0.<FrameToBeAvailableAndSwitchToIt>b__0(IWebDriver driver)\n   at OpenQA.Selenium.Support.UI.DefaultWait`1.Until[TResult](Func`2 condition, CancellationToken token)","flaky":false,"newFailed":false,"newBroken":true,"newPassed":false,"retriesCount":0,"retriesStatusChange":false,"beforeStages":[],"testStage":{"status":"broken","statusMessage":"System.Reflection.TargetInvocationException : Exception has been thrown by the target of an invocation.\n  ----> System.Reflection.TargetInvocationException : Exception has been thrown by the target of an invocation.\n  ----> OpenQA.Selenium.WebDriverTimeoutException : Timed out after 30 seconds\n  ----> OpenQA.Selenium.NoSuchElementException : no such element: Unable to locate element: {\"method\":\"xpath\",\"selector\":\"(//iframe)[1]\"}\n  (Session info: chrome=132.0.6834.83); For documentation on this error, please visit: https://www.selenium.dev/documentation/webdriver/troubleshooting/errors#no-such-element-exception","statusTrace":"   at System.Reflection.MethodBaseInvoker.InvokeWithManyArgs(Object obj, BindingFlags invokeAttr, Binder binder, Object[] parameters, CultureInfo culture)\n   at Allure.Net.Commons.Steps.AllureStepAspectBase.Around(String name, Object[] args, Func`2 target, MethodBase metadata, Type returnType)\n   at OdinUiTests.Pages.DisCommonInfoPage.__a$_around_AddRandomPickedBlock_100666645_w_0(Object[])\n   at OdinUiTests.Pages.DisCommonInfoPage.AddRandomPickedBlock(String location, Boolean insideBlock, String kindOfBlock, String randomText, String parameter)\n   at OdinUiTests.Tests.Discipline.IOTThemesAndModulesTests.CheckCreateActivityInsideTopic() in /azp/_work/3/s/Tests/Discipline/DisCreateEditTests.cs:line 303\n   at System.RuntimeMethodHandle.InvokeMethod(Object target, Void** arguments, Signature sig, Boolean isConstructor)\n   at System.Reflection.MethodBaseInvoker.InvokeWithNoArgs(Object obj, BindingFlags invokeAttr)\n--TargetInvocationException\n   at System.Reflection.MethodBaseInvoker.InvokeWithManyArgs(Object obj, BindingFlags invokeAttr, Binder binder, Object[] parameters, CultureInfo culture)\n   at Allure.Net.Commons.Steps.AllureStepAspectBase.Around(String name, Object[] args, Func`2 target, MethodBase metadata, Type returnType)\n   at OdinUiTests.Pages.ActivityCommonEditPage.__a$_around_FillDescriptionField_100665949_w_0(Object[])\n   at OdinUiTests.Pages.ActivityCommonEditPage.FillDescriptionField(String description)\n   at OdinUiTests.Pages.DisCommonInfoPage.__a$_around_AddRandomPickedBlock_100666645_o(String location, Boolean insideBlock, String kindOfBlock, String randomText, String parameter) in /azp/_work/3/s/Pages/DisCommonInfoPage.cs:line 452\n   at OdinUiTests.Pages.DisCommonInfoPage.__a$_around_AddRandomPickedBlock_100666645_u(Object[])\n   at Allure.Net.Commons.Steps.AllureAbstractStepAspect.WrapSync[T](Func`2 target, Object[] args, MethodBase metadata, String stepName, List`1 stepParameters)\n   at InvokeStub_AllureAbstractStepAspect.WrapSync(Object, Span`1)\n   at System.Reflection.MethodBaseInvoker.InvokeWithManyArgs(Object obj, BindingFlags invokeAttr, Binder binder, Object[] parameters, CultureInfo culture)\n--WebDriverTimeoutException\n   at OpenQA.Selenium.Support.UI.DefaultWait`1.ThrowTimeoutException(String exceptionMessage, Exception lastException)\n   at OpenQA.Selenium.Support.UI.DefaultWait`1.Until[TResult](Func`2 condition, CancellationToken token)\n   at OpenQA.Selenium.Support.UI.DefaultWait`1.Until[TResult](Func`2 condition)\n   at OdinUiTests.Services.CommonService.SetTextInTinymceEditorField(IWebDriver driver, String text) in /azp/_work/3/s/Services/CommonService.cs:line 370\n   at OdinUiTests.Pages.ActivityCommonEditPage.__a$_around_FillDescriptionField_100665949_o(String description) in /azp/_work/3/s/Pages/ActivityCommonEditPage.cs:line 188\n   at OdinUiTests.Pages.ActivityCommonEditPage.__a$_around_FillDescriptionField_100665949_u(Object[])\n   at Allure.Net.Commons.Steps.AllureAbstractStepAspect.WrapSync[T](Func`2 target, Object[] args, MethodBase metadata, String stepName, List`1 stepParameters)\n   at InvokeStub_AllureAbstractStepAspect.WrapSync(Object, Span`1)\n   at System.Reflection.MethodBaseInvoker.InvokeWithManyArgs(Object obj, BindingFlags invokeAttr, Binder binder, Object[] parameters, CultureInfo culture)\n--NoSuchElementException\n   at OpenQA.Selenium.WebDriver.UnpackAndThrowOnError(Response errorResponse, String commandToExecute)\n   at OpenQA.Selenium.WebDriver.ExecuteAsync(String driverCommandToExecute, Dictionary`2 parameters)\n   at OpenQA.Selenium.WebDriver.Execute(String driverCommandToExecute, Dictionary`2 parameters)\n   at OpenQA.Selenium.WebDriver.FindElement(String mechanism, String value)\n   at SeleniumExtras.WaitHelpers.ExpectedConditions.<>c__DisplayClass16_0.<FrameToBeAvailableAndSwitchToIt>b__0(IWebDriver driver)\n   at OpenQA.Selenium.Support.UI.DefaultWait`1.Until[TResult](Func`2 condition, CancellationToken token)","steps":[{"name":"Открыть страницу дисциплины","time":{"start":1741890980319,"stop":1741890981826,"duration":1507},"status":"passed","steps":[],"attachments":[],"parameters":[{"name":"disciplineId","value":"\"111816\""}],"stepsCount":0,"attachmentsCount":0,"shouldDisplayMessage":false,"hasContent":true},{"name":"Добавить нужный блок в дисциплину с ИОТ если она отсутствует","time":{"start":1741890981826,"stop":1741890986723,"duration":4897},"status":"passed","steps":[],"attachments":[],"parameters":[{"name":"kindOfBlock","value":"\"Тема\""}],"stepsCount":0,"attachmentsCount":0,"shouldDisplayMessage":false,"hasContent":true},{"name":"Открыть нужный блок","time":{"start":1741890986723,"stop":1741890992524,"duration":5801},"status":"passed","steps":[],"attachments":[],"parameters":[{"name":"kindOfBlock","value":"\"Тема\""}],"stepsCount":0,"attachmentsCount":0,"shouldDisplayMessage":false,"hasContent":true},{"name":"Нажать на кнопку добавления блока указав нужную кнопку","time":{"start":1741890992524,"stop":1741890996228,"duration":3704},"status":"passed","steps":[],"attachments":[],"parameters":[{"name":"location","value":"\"main\""}],"stepsCount":0,"attachmentsCount":0,"shouldDisplayMessage":false,"hasContent":true},{"name":"Добавления блока в указанное место в дисциплину с ИОТ","time":{"start":1741890996228,"stop":1741891036736,"duration":40508},"status":"broken","statusMessage":"Exception has been thrown by the target of an invocation.","statusTrace":"System.Reflection.TargetInvocationException: Exception has been thrown by the target of an invocation.\n ---> OpenQA.Selenium.WebDriverTimeoutException: Timed out after 30 seconds\n ---> OpenQA.Selenium.NoSuchElementException: no such element: Unable to locate element: {\"method\":\"xpath\",\"selector\":\"(//iframe)[1]\"}\n  (Session info: chrome=132.0.6834.83); For documentation on this error, please visit: https://www.selenium.dev/documentation/webdriver/troubleshooting/errors#no-such-element-exception\n   at OpenQA.Selenium.WebDriver.UnpackAndThrowOnError(Response errorResponse, String commandToExecute)\n   at OpenQA.Selenium.WebDriver.ExecuteAsync(String driverCommandToExecute, Dictionary`2 parameters)\n   at OpenQA.Selenium.WebDriver.Execute(String driverCommandToExecute, Dictionary`2 parameters)\n   at OpenQA.Selenium.WebDriver.FindElement(String mechanism, String value)\n   at SeleniumExtras.WaitHelpers.ExpectedConditions.<>c__DisplayClass16_0.<FrameToBeAvailableAndSwitchToIt>b__0(IWebDriver driver)\n   at OpenQA.Selenium.Support.UI.DefaultWait`1.Until[TResult](Func`2 condition, CancellationToken token)\n   --- End of inner exception stack trace ---\n   at OpenQA.Selenium.Support.UI.DefaultWait`1.ThrowTimeoutException(String exceptionMessage, Exception lastException)\n   at OpenQA.Selenium.Support.UI.DefaultWait`1.Until[TResult](Func`2 condition, CancellationToken token)\n   at OpenQA.Selenium.Support.UI.DefaultWait`1.Until[TResult](Func`2 condition)\n   at OdinUiTests.Services.CommonService.SetTextInTinymceEditorField(IWebDriver driver, String text) in /azp/_work/3/s/Services/CommonService.cs:line 370\n   at OdinUiTests.Pages.ActivityCommonEditPage.__a$_around_FillDescriptionField_100665949_o(String description) in /azp/_work/3/s/Pages/ActivityCommonEditPage.cs:line 188\n   at OdinUiTests.Pages.ActivityCommonEditPage.__a$_around_FillDescriptionField_100665949_u(Object[])\n   at Allure.Net.Commons.Steps.AllureAbstractStepAspect.WrapSync[T](Func`2 target, Object[] args, MethodBase metadata, String stepName, List`1 stepParameters)\n   at InvokeStub_AllureAbstractStepAspect.WrapSync(Object, Span`1)\n   at System.Reflection.MethodBaseInvoker.InvokeWithManyArgs(Object obj, BindingFlags invokeAttr, Binder binder, Object[] parameters, CultureInfo culture)\n   --- End of inner exception stack trace ---\n   at System.Reflection.MethodBaseInvoker.InvokeWithManyArgs(Object obj, BindingFlags invokeAttr, Binder binder, Object[] parameters, CultureInfo culture)\n   at Allure.Net.Commons.Steps.AllureStepAspectBase.Around(String name, Object[] args, Func`2 target, MethodBase metadata, Type returnType)\n   at OdinUiTests.Pages.ActivityCommonEditPage.__a$_around_FillDescriptionField_100665949_w_0(Object[])\n   at OdinUiTests.Pages.ActivityCommonEditPage.FillDescriptionField(String description)\n   at OdinUiTests.Pages.DisCommonInfoPage.__a$_around_AddRandomPickedBlock_100666645_o(String location, Boolean insideBlock, String kindOfBlock, String randomText, String parameter) in /azp/_work/3/s/Pages/DisCommonInfoPage.cs:line 452\n   at OdinUiTests.Pages.DisCommonInfoPage.__a$_around_AddRandomPickedBlock_100666645_u(Object[])\n   at Allure.Net.Commons.Steps.AllureAbstractStepAspect.WrapSync[T](Func`2 target, Object[] args, MethodBase metadata, String stepName, List`1 stepParameters)","steps":[{"name":"Ввести значение в поле 'Название активности'","time":{"start":1741890998143,"stop":1741891003531,"duration":5388},"status":"passed","steps":[],"attachments":[],"parameters":[{"name":"name","value":"\"2E7D5D78C7F5FF9\""}],"stepsCount":0,"attachmentsCount":0,"shouldDisplayMessage":false,"hasContent":true},{"name":"Ввести значение в поле 'Описание'","time":{"start":1741891003532,"stop":1741891036736,"duration":33204},"status":"broken","statusMessage":"Timed out after 30 seconds","statusTrace":"OpenQA.Selenium.WebDriverTimeoutException: Timed out after 30 seconds\n ---> OpenQA.Selenium.NoSuchElementException: no such element: Unable to locate element: {\"method\":\"xpath\",\"selector\":\"(//iframe)[1]\"}\n  (Session info: chrome=132.0.6834.83); For documentation on this error, please visit: https://www.selenium.dev/documentation/webdriver/troubleshooting/errors#no-such-element-exception\n   at OpenQA.Selenium.WebDriver.UnpackAndThrowOnError(Response errorResponse, String commandToExecute)\n   at OpenQA.Selenium.WebDriver.ExecuteAsync(String driverCommandToExecute, Dictionary`2 parameters)\n   at OpenQA.Selenium.WebDriver.Execute(String driverCommandToExecute, Dictionary`2 parameters)\n   at OpenQA.Selenium.WebDriver.FindElement(String mechanism, String value)\n   at SeleniumExtras.WaitHelpers.ExpectedConditions.<>c__DisplayClass16_0.<FrameToBeAvailableAndSwitchToIt>b__0(IWebDriver driver)\n   at OpenQA.Selenium.Support.UI.DefaultWait`1.Until[TResult](Func`2 condition, CancellationToken token)\n   --- End of inner exception stack trace ---\n   at OpenQA.Selenium.Support.UI.DefaultWait`1.ThrowTimeoutException(String exceptionMessage, Exception lastException)\n   at OpenQA.Selenium.Support.UI.DefaultWait`1.Until[TResult](Func`2 condition, CancellationToken token)\n   at OpenQA.Selenium.Support.UI.DefaultWait`1.Until[TResult](Func`2 condition)\n   at OdinUiTests.Services.CommonService.SetTextInTinymceEditorField(IWebDriver driver, String text) in /azp/_work/3/s/Services/CommonService.cs:line 370\n   at OdinUiTests.Pages.ActivityCommonEditPage.__a$_around_FillDescriptionField_100665949_o(String description) in /azp/_work/3/s/Pages/ActivityCommonEditPage.cs:line 188\n   at OdinUiTests.Pages.ActivityCommonEditPage.__a$_around_FillDescriptionField_100665949_u(Object[])\n   at Allure.Net.Commons.Steps.AllureAbstractStepAspect.WrapSync[T](Func`2 target, Object[] args, MethodBase metadata, String stepName, List`1 stepParameters)","steps":[],"attachments":[],"parameters":[{"name":"description","value":"\"2E7D5D78C7F5FF9\""}],"stepsCount":0,"attachmentsCount":0,"shouldDisplayMessage":true,"hasContent":true}],"attachments":[],"parameters":[{"name":"location","value":"\"main\""},{"name":"insideBlock","value":"true"},{"name":"kindOfBlock","value":"\"Активность\""},{"name":"randomText","value":"\"2E7D5D78C7F5FF9\""},{"name":"parameter","value":"\"\""}],"stepsCount":2,"attachmentsCount":0,"shouldDisplayMessage":true,"hasContent":true}],"attachments":[{"uid":"48a79f4922742067","name":"CheckCreateActivityInsideTopic.jpg","source":"48a79f4922742067.jpg","type":"image/jpeg","size":213818},{"uid":"6998a33801efbb8f","name":"Console Output","source":"6998a33801efbb8f.txt","type":"text/plain","size":121}],"parameters":[],"stepsCount":7,"attachmentsCount":2,"shouldDisplayMessage":true,"hasContent":true},"afterStages":[],"labels":[{"name":"thread","value":"NUnit.Fw.ParallelWorker#7"},{"name":"host","value":"6ac935c0ed16"},{"name":"language","value":"C#"},{"name":"framework","value":"NUnit 3"},{"name":"package","value":"OdinUiTests.Tests.Discipline"},{"name":"testMethod","value":"CheckCreateActivityInsideTopic"},{"name":"testClass","value":"IOTThemesAndModulesTests"},{"name":"suite","value":"Дисциплина"},{"name":"subSuite","value":"Дисциплина с ИОТ"},{"name":"severity","value":"critical"},{"name":"tag","value":"Дисциплина"},{"name":"tag","value":"Регресс"},{"name":"resultFormat","value":"allure2"}],"parameters":[],"links":[],"hidden":false,"retry":false,"extra":{"severity":"critical","retries":[],"categories":[{"name":"Test defects","matchedStatuses":[],"flaky":false}],"history":{"statistic":{"failed":0,"broken":1,"skipped":0,"passed":52,"unknown":0,"total":53},"items":[{"uid":"93c2b41111074199","status":"passed","time":{"start":1741243352733,"stop":1741243373817,"duration":21084}},{"uid":"f1ca39ff656bd3dc","status":"passed","time":{"start":1741140971364,"stop":1741141018461,"duration":47097}},{"uid":"a00b0510d4f6727d","status":"passed","time":{"start":1740463020542,"stop":1740463043748,"duration":23206}},{"uid":"cc4fd754955f5b74","status":"passed","time":{"start":1737613555363,"stop":1737613605549,"duration":50186}},{"uid":"9fef2fd719c9b9d6","status":"passed","time":{"start":1737567724388,"stop":1737567764466,"duration":40078}},{"uid":"79e50a931033cbc4","status":"passed","time":{"start":1736951598256,"stop":1736951633746,"duration":35490}},{"uid":"cb921d9c4a3de5ac","status":"passed","time":{"start":1732118160844,"stop":1732118184427,"duration":23583}},{"uid":"1398feeddc968e2c","status":"passed","time":{"start":1732033927769,"stop":1732033955401,"duration":27632}},{"uid":"aa9ce01b7e4365c7","status":"passed","statusDetails":"Страница дисциплины с ИОТ: внутри темы можно создать активность","time":{"start":1728640487710,"stop":1728640514079,"duration":26369}},{"uid":"6b11d3e822271cb","status":"passed","statusDetails":"Страница дисциплины с ИОТ: внутри темы можно создать активность","time":{"start":1727714897476,"stop":1727714925706,"duration":28230}},{"uid":"d96d789db9a98cea","status":"passed","statusDetails":"Страница дисциплины с ИОТ: внутри темы можно создать активность","time":{"start":1727353343781,"stop":1727353367292,"duration":23511}},{"uid":"f1d7748e794b4024","status":"passed","statusDetails":"Страница дисциплины с ИОТ: внутри темы можно создать активность","time":{"start":1727073002171,"stop":1727073030378,"duration":28207}},{"uid":"b035864a465e9a83","status":"passed","statusDetails":"Страница дисциплины с ИОТ: внутри темы можно создать активность","time":{"start":1726128631126,"stop":1726128659587,"duration":28461}},{"uid":"6d6e26ac71e63893","status":"passed","time":{"start":1725343239723,"stop":1725343270319,"duration":30596}},{"uid":"5beb9d8dffc118a4","status":"passed","statusDetails":"Страница дисциплины с ИОТ: внутри темы можно создать активность","time":{"start":1722214399667,"stop":1722214421864,"duration":22197}},{"uid":"a15e099364e9a342","status":"passed","statusDetails":"Страница дисциплины с ИОТ: внутри темы можно создать активность","time":{"start":1721977652516,"stop":1721977678768,"duration":26252}},{"uid":"e5e2b5d49a2e55a5","status":"passed","statusDetails":"Страница дисциплины с ИОТ: внутри темы можно создать активность","time":{"start":1721975379171,"stop":1721975409568,"duration":30397}},{"uid":"3d8cd4217fc540fd","status":"passed","statusDetails":"Страница дисциплины с ИОТ: внутри темы можно создать активность","time":{"start":1721816339033,"stop":1721816364109,"duration":25076}},{"uid":"63766ae320d43b27","status":"passed","statusDetails":"Страница дисциплины с ИОТ: внутри темы можно создать активность","time":{"start":1720574739570,"stop":1720574760867,"duration":21297}},{"uid":"53cac326e69fb34a","status":"passed","statusDetails":"Страница дисциплины с ИОТ: внутри темы можно создать активность","time":{"start":1718785045909,"stop":1718785077131,"duration":31222}}]},"tags":["Регресс","Дисциплина"]},"source":"5477e262d1c1f09c.json","parameterValues":[]}