{"uid":"57f5b5408f35b947","name":"Создание экзамена ВНЖ","fullName":"OdinUiTests:OdinUiTests.Tests.Exams.ExamCreateEditTests.CreateExamVNG()","historyId":"8ffaa6856d6a985ab350728118538b52","time":{"start":1729673433487,"stop":1729673468167,"duration":34680},"status":"broken","statusMessage":"OpenQA.Selenium.WebDriverTimeoutException : Timed out after 30 seconds\n  ----> OpenQA.Selenium.NoSuchElementException : no such element: Unable to locate element: {\"method\":\"xpath\",\"selector\":\"//div[text()='Тип активности']/parent::div\"}\n  (Session info: chrome-headless-shell=126.0.6478.126); For documentation on this error, please visit: https://www.selenium.dev/documentation/webdriver/troubleshooting/errors#no-such-element-exception","statusTrace":"   at OpenQA.Selenium.Support.UI.DefaultWait`1.ThrowTimeoutException(String exceptionMessage, Exception lastException)\n   at OpenQA.Selenium.Support.UI.DefaultWait`1.Until[TResult](Func`2 condition, CancellationToken token)\n   at OpenQA.Selenium.Support.UI.DefaultWait`1.Until[TResult](Func`2 condition)\n   at OdinUiTests.Services.CommonService.SelectValueFromDropdown(IWebDriver driver, String type) in /azp/_work/1/s/Services/CommonService.cs:line 764\n   at OdinUiTests.Pages.CohortCreateEditPage.<>c__DisplayClass66_0.<SetExamType>b__0() in /azp/_work/1/s/Pages/CohortCreateEditPage.cs:line 302\n   at Allure.Net.Commons.AllureApi.<>c__DisplayClass34_0.<Step>b__0()\n   at Allure.Net.Commons.AllureApi.ExecuteAction[T](String name, Action`1 start, Func`1 action, Action`1 resolve)\n   at Allure.Net.Commons.AllureApi.ExecuteStep[T](String name, Func`1 action)\n   at Allure.Net.Commons.AllureApi.Step(String name, Action action)\n   at OdinUiTests.Pages.CohortCreateEditPage.SetExamType(String type) in /azp/_work/1/s/Pages/CohortCreateEditPage.cs:line 298\n   at OdinUiTests.Tests.Exams.ExamCreateEditTests.CreateExamVNG() in /azp/_work/1/s/Tests/Exams/TestCenterTests.cs:line 152\n   at System.RuntimeMethodHandle.InvokeMethod(Object target, Void** arguments, Signature sig, Boolean isConstructor)\n   at System.Reflection.MethodBaseInvoker.InvokeWithNoArgs(Object obj, BindingFlags invokeAttr)\n--NoSuchElementException\n   at OpenQA.Selenium.WebDriver.UnpackAndThrowOnError(Response errorResponse, String commandToExecute)\n   at OpenQA.Selenium.WebDriver.ExecuteAsync(String driverCommandToExecute, Dictionary`2 parameters)\n   at SeleniumExtras.WaitHelpers.ExpectedConditions.<>c__DisplayClass19_0.<ElementToBeClickable>b__0(IWebDriver driver)\n   at OpenQA.Selenium.Support.UI.DefaultWait`1.Until[TResult](Func`2 condition, CancellationToken token)","flaky":false,"newFailed":false,"newBroken":false,"newPassed":false,"retriesCount":1,"retriesStatusChange":false,"beforeStages":[],"testStage":{"status":"broken","statusMessage":"OpenQA.Selenium.WebDriverTimeoutException : Timed out after 30 seconds\n  ----> OpenQA.Selenium.NoSuchElementException : no such element: Unable to locate element: {\"method\":\"xpath\",\"selector\":\"//div[text()='Тип активности']/parent::div\"}\n  (Session info: chrome-headless-shell=126.0.6478.126); For documentation on this error, please visit: https://www.selenium.dev/documentation/webdriver/troubleshooting/errors#no-such-element-exception","statusTrace":"   at OpenQA.Selenium.Support.UI.DefaultWait`1.ThrowTimeoutException(String exceptionMessage, Exception lastException)\n   at OpenQA.Selenium.Support.UI.DefaultWait`1.Until[TResult](Func`2 condition, CancellationToken token)\n   at OpenQA.Selenium.Support.UI.DefaultWait`1.Until[TResult](Func`2 condition)\n   at OdinUiTests.Services.CommonService.SelectValueFromDropdown(IWebDriver driver, String type) in /azp/_work/1/s/Services/CommonService.cs:line 764\n   at OdinUiTests.Pages.CohortCreateEditPage.<>c__DisplayClass66_0.<SetExamType>b__0() in /azp/_work/1/s/Pages/CohortCreateEditPage.cs:line 302\n   at Allure.Net.Commons.AllureApi.<>c__DisplayClass34_0.<Step>b__0()\n   at Allure.Net.Commons.AllureApi.ExecuteAction[T](String name, Action`1 start, Func`1 action, Action`1 resolve)\n   at Allure.Net.Commons.AllureApi.ExecuteStep[T](String name, Func`1 action)\n   at Allure.Net.Commons.AllureApi.Step(String name, Action action)\n   at OdinUiTests.Pages.CohortCreateEditPage.SetExamType(String type) in /azp/_work/1/s/Pages/CohortCreateEditPage.cs:line 298\n   at OdinUiTests.Tests.Exams.ExamCreateEditTests.CreateExamVNG() in /azp/_work/1/s/Tests/Exams/TestCenterTests.cs:line 152\n   at System.RuntimeMethodHandle.InvokeMethod(Object target, Void** arguments, Signature sig, Boolean isConstructor)\n   at System.Reflection.MethodBaseInvoker.InvokeWithNoArgs(Object obj, BindingFlags invokeAttr)\n--NoSuchElementException\n   at OpenQA.Selenium.WebDriver.UnpackAndThrowOnError(Response errorResponse, String commandToExecute)\n   at OpenQA.Selenium.WebDriver.ExecuteAsync(String driverCommandToExecute, Dictionary`2 parameters)\n   at SeleniumExtras.WaitHelpers.ExpectedConditions.<>c__DisplayClass19_0.<ElementToBeClickable>b__0(IWebDriver driver)\n   at OpenQA.Selenium.Support.UI.DefaultWait`1.Until[TResult](Func`2 condition, CancellationToken token)","steps":[{"name":"Открыть страницу образовательной программы","time":{"start":1729673433487,"stop":1729673433849,"duration":362},"status":"passed","steps":[],"attachments":[],"parameters":[{"name":"programId","value":"\"17251\""}],"stepsCount":0,"attachmentsCount":0,"shouldDisplayMessage":false,"hasContent":true},{"name":"Нажать на кнопку 'Добавить' для добавления потока","time":{"start":1729673433849,"stop":1729673437207,"duration":3358},"status":"passed","steps":[],"attachments":[],"parameters":[],"stepsCount":0,"attachmentsCount":0,"shouldDisplayMessage":false,"hasContent":false},{"name":"В поле 'Тип экзамена' выбрать значение 'ВНЖ'","time":{"start":1729673437207,"stop":1729673467999,"duration":30792},"status":"broken","statusMessage":"Timed out after 30 seconds","statusTrace":"OpenQA.Selenium.WebDriverTimeoutException: Timed out after 30 seconds\n ---> OpenQA.Selenium.NoSuchElementException: no such element: Unable to locate element: {\"method\":\"xpath\",\"selector\":\"//div[text()='Тип активности']/parent::div\"}\n  (Session info: chrome-headless-shell=126.0.6478.126); For documentation on this error, please visit: https://www.selenium.dev/documentation/webdriver/troubleshooting/errors#no-such-element-exception\n   at OpenQA.Selenium.WebDriver.UnpackAndThrowOnError(Response errorResponse, String commandToExecute)\n   at OpenQA.Selenium.WebDriver.ExecuteAsync(String driverCommandToExecute, Dictionary`2 parameters)\n   at SeleniumExtras.WaitHelpers.ExpectedConditions.<>c__DisplayClass19_0.<ElementToBeClickable>b__0(IWebDriver driver)\n   at OpenQA.Selenium.Support.UI.DefaultWait`1.Until[TResult](Func`2 condition, CancellationToken token)\n   --- End of inner exception stack trace ---\n   at OpenQA.Selenium.Support.UI.DefaultWait`1.ThrowTimeoutException(String exceptionMessage, Exception lastException)\n   at OpenQA.Selenium.Support.UI.DefaultWait`1.Until[TResult](Func`2 condition, CancellationToken token)\n   at OpenQA.Selenium.Support.UI.DefaultWait`1.Until[TResult](Func`2 condition)\n   at OdinUiTests.Services.CommonService.SelectValueFromDropdown(IWebDriver driver, String type) in /azp/_work/1/s/Services/CommonService.cs:line 764\n   at OdinUiTests.Pages.CohortCreateEditPage.<>c__DisplayClass66_0.<SetExamType>b__0() in /azp/_work/1/s/Pages/CohortCreateEditPage.cs:line 302\n   at Allure.Net.Commons.AllureApi.<>c__DisplayClass34_0.<Step>b__0()\n   at Allure.Net.Commons.AllureApi.ExecuteAction[T](String name, Action`1 start, Func`1 action, Action`1 resolve)\n   at Allure.Net.Commons.AllureApi.ExecuteStep[T](String name, Func`1 action)\n   at Allure.Net.Commons.AllureApi.Step(String name, Action action)\n   at OdinUiTests.Pages.CohortCreateEditPage.SetExamType(String type) in /azp/_work/1/s/Pages/CohortCreateEditPage.cs:line 298\n   at OdinUiTests.Tests.Exams.ExamCreateEditTests.CreateExamVNG() in /azp/_work/1/s/Tests/Exams/TestCenterTests.cs:line 152\n   at System.RuntimeMethodHandle.InvokeMethod(Object target, Void** arguments, Signature sig, Boolean isConstructor)\n   at System.Reflection.MethodBaseInvoker.InvokeWithNoArgs(Object obj, BindingFlags invokeAttr)","steps":[],"attachments":[],"parameters":[],"stepsCount":0,"attachmentsCount":0,"shouldDisplayMessage":true,"hasContent":true}],"attachments":[{"uid":"9f4650b0c8bbb4c6","name":"CreateExamVNG.jpg","source":"9f4650b0c8bbb4c6.jpg","type":"image/jpeg","size":52234},{"uid":"a1eaef8e4d37a84b","name":"Console Output","source":"a1eaef8e4d37a84b.txt","type":"text/plain","size":91}],"parameters":[],"stepsCount":3,"attachmentsCount":2,"shouldDisplayMessage":true,"hasContent":true},"afterStages":[],"labels":[{"name":"thread","value":"ParallelWorker#6"},{"name":"host","value":"07410f714a69"},{"name":"language","value":"C#"},{"name":"framework","value":"NUnit 3"},{"name":"package","value":"OdinUiTests.Tests.Exams"},{"name":"testMethod","value":"CreateExamVNG"},{"name":"testClass","value":"ExamCreateEditTests"},{"name":"suite","value":"Экзамен"},{"name":"severity","value":"normal"},{"name":"tag","value":"Экзамен"},{"name":"tag","value":"Дежурство"},{"name":"tag","value":"Регресс"},{"name":"resultFormat","value":"allure2"}],"parameters":[],"links":[],"hidden":false,"retry":false,"extra":{"severity":"normal","retries":[{"uid":"bcf489a44a5c293e","status":"broken","statusDetails":"OpenQA.Selenium.WebDriverTimeoutException : Timed out after 30 seconds\n  ----> OpenQA.Selenium.NoSuchElementException : no such element: Unable to locate element: {\"method\":\"xpath\",\"selector\":\"//div[text()='Тип активности']/parent::div\"}\n  (Session info: chrome-headless-shell=126.0.6478.126); For documentation on this error, please visit: https://www.selenium.dev/documentation/webdriver/troubleshooting/errors#no-such-element-exception","time":{"start":1729672509734,"stop":1729672543444,"duration":33710}}],"categories":[{"name":"Test defects","matchedStatuses":[],"flaky":false}],"history":{"statistic":{"failed":0,"broken":3,"skipped":0,"passed":33,"unknown":0,"total":36},"items":[{"uid":"11030366f1aa4a7e","status":"broken","statusDetails":"OpenQA.Selenium.WebDriverTimeoutException : Timed out after 30 seconds\n  ----> OpenQA.Selenium.NoSuchElementException : no such element: Unable to locate element: {\"method\":\"xpath\",\"selector\":\"//div[text()='Тип активности']/parent::div\"}\n  (Session info: chrome-headless-shell=126.0.6478.126); For documentation on this error, please visit: https://www.selenium.dev/documentation/webdriver/troubleshooting/errors#no-such-element-exception","time":{"start":1729611885826,"stop":1729611919983,"duration":34157}},{"uid":"2f9f443542d5b6f5","status":"broken","statusDetails":"OpenQA.Selenium.WebDriverTimeoutException : Timed out after 30 seconds\n  ----> OpenQA.Selenium.NoSuchElementException : no such element: Unable to locate element: {\"method\":\"xpath\",\"selector\":\"//div[text()='Тип активности']/parent::div\"}\n  (Session info: chrome-headless-shell=126.0.6478.126); For documentation on this error, please visit: https://www.selenium.dev/documentation/webdriver/troubleshooting/errors#no-such-element-exception","time":{"start":1729578321648,"stop":1729578355020,"duration":33372}},{"uid":"eb87dd0a26f065ba","status":"passed","statusDetails":"Создание экзамена ВНЖ","time":{"start":1729229038494,"stop":1729229048859,"duration":10365}},{"uid":"fbeaf137a5471934","status":"passed","statusDetails":"Создание экзамена ВНЖ","time":{"start":1728640484647,"stop":1728640496540,"duration":11893}},{"uid":"365defcb39cbfe65","status":"passed","statusDetails":"Создание экзамена ВНЖ","time":{"start":1728626063674,"stop":1728626074521,"duration":10847}},{"uid":"5341d7470387dcc5","status":"passed","statusDetails":"Создание экзамена ВНЖ","time":{"start":1727714902263,"stop":1727714916391,"duration":14128}},{"uid":"d85133d9e5a35034","status":"passed","statusDetails":"Создание экзамена ВНЖ","time":{"start":1727466538448,"stop":1727466547887,"duration":9439}},{"uid":"42ea759dca38406e","status":"passed","statusDetails":"Создание экзамена ВНЖ","time":{"start":1727440974972,"stop":1727440984914,"duration":9942}},{"uid":"f09e932e510bf79b","status":"passed","statusDetails":"Создание экзамена ВНЖ","time":{"start":1727438213160,"stop":1727438223708,"duration":10548}},{"uid":"a9614769ad9f0964","status":"passed","statusDetails":"Создание экзамена ВНЖ","time":{"start":1727353363749,"stop":1727353374748,"duration":10999}},{"uid":"74a55c711f458bb6","status":"passed","statusDetails":"Создание экзамена ВНЖ","time":{"start":1727314355101,"stop":1727314365180,"duration":10079}},{"uid":"fe9c3c61dc77d1f3","status":"passed","statusDetails":"Создание экзамена ВНЖ","time":{"start":1727244221509,"stop":1727244236920,"duration":15411}},{"uid":"1c8fcc4f04ca5ea2","status":"passed","statusDetails":"Создание экзамена ВНЖ","time":{"start":1727241468040,"stop":1727241480051,"duration":12011}},{"uid":"390c031255df270c","status":"passed","statusDetails":"Создание экзамена ВНЖ","time":{"start":1727073009936,"stop":1727073024258,"duration":14322}},{"uid":"11144e6524037ea","status":"passed","statusDetails":"Создание экзамена ВНЖ","time":{"start":1726129436421,"stop":1726129447302,"duration":10881}},{"uid":"ac468ade844a3280","status":"passed","time":{"start":1725343255135,"stop":1725343272596,"duration":17461}},{"uid":"b05ef7fc206588a","status":"passed","statusDetails":"Создание экзамена ВНЖ","time":{"start":1722214386234,"stop":1722214395769,"duration":9535}},{"uid":"184ddfad62bdb83","status":"passed","statusDetails":"Создание экзамена ВНЖ","time":{"start":1721977648059,"stop":1721977664430,"duration":16371}},{"uid":"f16a279682681a39","status":"passed","statusDetails":"Создание экзамена ВНЖ","time":{"start":1721975373340,"stop":1721975388837,"duration":15497}},{"uid":"80512fd35a4fa4cc","status":"passed","statusDetails":"Создание экзамена ВНЖ","time":{"start":1721816351897,"stop":1721816362534,"duration":10637}}]},"tags":["Регресс","Дежурство","Экзамен"]},"source":"57f5b5408f35b947.json","parameterValues":[]}