{"uid":"6016b03a8759cee2","name":"Результат тестирования в попытках зависит от настройки За последнюю попытку в командной контрольной","fullName":"OdinUiTests:OdinUiTests.Tests.Activity.TestActivityStatusWithTwoOrMoreAttemptsTests.CheckResultOfPassingDependOnSettings(System.String,System.Int32,System.String)","historyId":"a581e28f423431f0348286317ed61667","time":{"start":1744637886066,"stop":1744637905763,"duration":19697},"status":"broken","statusMessage":"System.Reflection.TargetInvocationException : Exception has been thrown by the target of an invocation.\n  ----> System.Reflection.TargetInvocationException : Exception has been thrown by the target of an invocation.\n  ----> OpenQA.Selenium.ElementClickInterceptedException : element click intercepted: Element <div data-v-6d0566a9=\"\">...</div> is not clickable at point (2011, 415). Other element would receive the click: <div data-v-270590f2=\"\" class=\"call-notifications-component full-window window-height window-width\">...</div>\n  (Session info: chrome=132.0.6834.83)","statusTrace":"   at System.Reflection.MethodBaseInvoker.InvokeWithManyArgs(Object obj, BindingFlags invokeAttr, Binder binder, Object[] parameters, CultureInfo culture)\n   at Allure.Net.Commons.Steps.AllureStepAspectBase.Around(String name, Object[] args, Func`2 target, MethodBase metadata, Type returnType)\n   at OdinUiTests.Pages.ActivityCommonPage.__a$_around_PassOneTestAttempt_100666057_w_0(Object[])\n   at OdinUiTests.Pages.ActivityCommonPage.PassOneTestAttempt()\n   at OdinUiTests.Tests.Activity.TestActivityStatusWithTwoOrMoreAttemptsTests.CheckResultOfPassingDependOnSettings(String actId, Int32 evaluation, String attemptSetting) in /azp/_work/2/s/Tests/Activity/TestActivityTests.cs:line 697\n   at InvokeStub_TestActivityStatusWithTwoOrMoreAttemptsTests.CheckResultOfPassingDependOnSettings(Object, Span`1)\n   at System.Reflection.MethodBaseInvoker.InvokeWithFewArgs(Object obj, BindingFlags invokeAttr, Binder binder, Object[] parameters, CultureInfo culture)\n--TargetInvocationException\n   at System.Reflection.MethodBaseInvoker.InvokeWithManyArgs(Object obj, BindingFlags invokeAttr, Binder binder, Object[] parameters, CultureInfo culture)\n   at Allure.Net.Commons.Steps.AllureStepAspectBase.Around(String name, Object[] args, Func`2 target, MethodBase metadata, Type returnType)\n   at OdinUiTests.Pages.ActivityCommonPage.__a$_around_ClickOnGotoTestButton_100666074_w_0(Object[])\n   at OdinUiTests.Pages.ActivityCommonPage.ClickOnGotoTestButton()\n   at OdinUiTests.Pages.ActivityCommonPage.__a$_around_PassOneTestAttempt_100666057_o() in /azp/_work/2/s/Pages/ActivityCommonPage.cs:line 149\n   at OdinUiTests.Pages.ActivityCommonPage.__a$_around_PassOneTestAttempt_100666057_u(Object[])\n   at Allure.Net.Commons.Steps.AllureAbstractStepAspect.WrapSync[T](Func`2 target, Object[] args, MethodBase metadata, String stepName, List`1 stepParameters)\n   at InvokeStub_AllureAbstractStepAspect.WrapSync(Object, Span`1)\n   at System.Reflection.MethodBaseInvoker.InvokeWithManyArgs(Object obj, BindingFlags invokeAttr, Binder binder, Object[] parameters, CultureInfo culture)\n--ElementClickInterceptedException\n   at OpenQA.Selenium.WebDriver.UnpackAndThrowOnError(Response errorResponse, String commandToExecute)\n   at OpenQA.Selenium.WebDriver.ExecuteAsync(String driverCommandToExecute, Dictionary`2 parameters)\n   at OpenQA.Selenium.WebDriver.InternalExecute(String driverCommandToExecute, Dictionary`2 parameters)\n   at OpenQA.Selenium.WebElement.Click()\n   at OdinUiTests.Pages.ActivityCommonPage.__a$_around_ClickOnGotoTestButton_100666074_o() in /azp/_work/2/s/Pages/ActivityCommonPage.cs:line 314\n   at OdinUiTests.Pages.ActivityCommonPage.__a$_around_ClickOnGotoTestButton_100666074_u(Object[])\n   at Allure.Net.Commons.Steps.AllureAbstractStepAspect.WrapSync[T](Func`2 target, Object[] args, MethodBase metadata, String stepName, List`1 stepParameters)\n   at InvokeStub_AllureAbstractStepAspect.WrapSync(Object, Span`1)\n   at System.Reflection.MethodBaseInvoker.InvokeWithManyArgs(Object obj, BindingFlags invokeAttr, Binder binder, Object[] parameters, CultureInfo culture)","flaky":false,"newFailed":false,"newBroken":false,"newPassed":false,"retriesCount":0,"retriesStatusChange":false,"beforeStages":[],"testStage":{"status":"broken","statusMessage":"System.Reflection.TargetInvocationException : Exception has been thrown by the target of an invocation.\n  ----> System.Reflection.TargetInvocationException : Exception has been thrown by the target of an invocation.\n  ----> OpenQA.Selenium.ElementClickInterceptedException : element click intercepted: Element <div data-v-6d0566a9=\"\">...</div> is not clickable at point (2011, 415). Other element would receive the click: <div data-v-270590f2=\"\" class=\"call-notifications-component full-window window-height window-width\">...</div>\n  (Session info: chrome=132.0.6834.83)","statusTrace":"   at System.Reflection.MethodBaseInvoker.InvokeWithManyArgs(Object obj, BindingFlags invokeAttr, Binder binder, Object[] parameters, CultureInfo culture)\n   at Allure.Net.Commons.Steps.AllureStepAspectBase.Around(String name, Object[] args, Func`2 target, MethodBase metadata, Type returnType)\n   at OdinUiTests.Pages.ActivityCommonPage.__a$_around_PassOneTestAttempt_100666057_w_0(Object[])\n   at OdinUiTests.Pages.ActivityCommonPage.PassOneTestAttempt()\n   at OdinUiTests.Tests.Activity.TestActivityStatusWithTwoOrMoreAttemptsTests.CheckResultOfPassingDependOnSettings(String actId, Int32 evaluation, String attemptSetting) in /azp/_work/2/s/Tests/Activity/TestActivityTests.cs:line 697\n   at InvokeStub_TestActivityStatusWithTwoOrMoreAttemptsTests.CheckResultOfPassingDependOnSettings(Object, Span`1)\n   at System.Reflection.MethodBaseInvoker.InvokeWithFewArgs(Object obj, BindingFlags invokeAttr, Binder binder, Object[] parameters, CultureInfo culture)\n--TargetInvocationException\n   at System.Reflection.MethodBaseInvoker.InvokeWithManyArgs(Object obj, BindingFlags invokeAttr, Binder binder, Object[] parameters, CultureInfo culture)\n   at Allure.Net.Commons.Steps.AllureStepAspectBase.Around(String name, Object[] args, Func`2 target, MethodBase metadata, Type returnType)\n   at OdinUiTests.Pages.ActivityCommonPage.__a$_around_ClickOnGotoTestButton_100666074_w_0(Object[])\n   at OdinUiTests.Pages.ActivityCommonPage.ClickOnGotoTestButton()\n   at OdinUiTests.Pages.ActivityCommonPage.__a$_around_PassOneTestAttempt_100666057_o() in /azp/_work/2/s/Pages/ActivityCommonPage.cs:line 149\n   at OdinUiTests.Pages.ActivityCommonPage.__a$_around_PassOneTestAttempt_100666057_u(Object[])\n   at Allure.Net.Commons.Steps.AllureAbstractStepAspect.WrapSync[T](Func`2 target, Object[] args, MethodBase metadata, String stepName, List`1 stepParameters)\n   at InvokeStub_AllureAbstractStepAspect.WrapSync(Object, Span`1)\n   at System.Reflection.MethodBaseInvoker.InvokeWithManyArgs(Object obj, BindingFlags invokeAttr, Binder binder, Object[] parameters, CultureInfo culture)\n--ElementClickInterceptedException\n   at OpenQA.Selenium.WebDriver.UnpackAndThrowOnError(Response errorResponse, String commandToExecute)\n   at OpenQA.Selenium.WebDriver.ExecuteAsync(String driverCommandToExecute, Dictionary`2 parameters)\n   at OpenQA.Selenium.WebDriver.InternalExecute(String driverCommandToExecute, Dictionary`2 parameters)\n   at OpenQA.Selenium.WebElement.Click()\n   at OdinUiTests.Pages.ActivityCommonPage.__a$_around_ClickOnGotoTestButton_100666074_o() in /azp/_work/2/s/Pages/ActivityCommonPage.cs:line 314\n   at OdinUiTests.Pages.ActivityCommonPage.__a$_around_ClickOnGotoTestButton_100666074_u(Object[])\n   at Allure.Net.Commons.Steps.AllureAbstractStepAspect.WrapSync[T](Func`2 target, Object[] args, MethodBase metadata, String stepName, List`1 stepParameters)\n   at InvokeStub_AllureAbstractStepAspect.WrapSync(Object, Span`1)\n   at System.Reflection.MethodBaseInvoker.InvokeWithManyArgs(Object obj, BindingFlags invokeAttr, Binder binder, Object[] parameters, CultureInfo culture)","steps":[{"name":"Открыть страницу активности","time":{"start":1744637887744,"stop":1744637890349,"duration":2605},"status":"passed","steps":[],"attachments":[],"parameters":[{"name":"activityId","value":"\"571\""}],"stepsCount":0,"attachmentsCount":0,"shouldDisplayMessage":false,"hasContent":true},{"name":"Пройти одну попытку прохождения теста","time":{"start":1744637890349,"stop":1744637902352,"duration":12003},"status":"broken","statusMessage":"Exception has been thrown by the target of an invocation.","statusTrace":"System.Reflection.TargetInvocationException: Exception has been thrown by the target of an invocation.\n ---> OpenQA.Selenium.ElementClickInterceptedException: element click intercepted: Element <div data-v-6d0566a9=\"\">...</div> is not clickable at point (2011, 415). Other element would receive the click: <div data-v-270590f2=\"\" class=\"call-notifications-component full-window window-height window-width\">...</div>\n  (Session info: chrome=132.0.6834.83)\n   at OpenQA.Selenium.WebDriver.UnpackAndThrowOnError(Response errorResponse, String commandToExecute)\n   at OpenQA.Selenium.WebDriver.ExecuteAsync(String driverCommandToExecute, Dictionary`2 parameters)\n   at OpenQA.Selenium.WebDriver.InternalExecute(String driverCommandToExecute, Dictionary`2 parameters)\n   at OpenQA.Selenium.WebElement.Click()\n   at OdinUiTests.Pages.ActivityCommonPage.__a$_around_ClickOnGotoTestButton_100666074_o() in /azp/_work/2/s/Pages/ActivityCommonPage.cs:line 314\n   at OdinUiTests.Pages.ActivityCommonPage.__a$_around_ClickOnGotoTestButton_100666074_u(Object[])\n   at Allure.Net.Commons.Steps.AllureAbstractStepAspect.WrapSync[T](Func`2 target, Object[] args, MethodBase metadata, String stepName, List`1 stepParameters)\n   at InvokeStub_AllureAbstractStepAspect.WrapSync(Object, Span`1)\n   at System.Reflection.MethodBaseInvoker.InvokeWithManyArgs(Object obj, BindingFlags invokeAttr, Binder binder, Object[] parameters, CultureInfo culture)\n   --- End of inner exception stack trace ---\n   at System.Reflection.MethodBaseInvoker.InvokeWithManyArgs(Object obj, BindingFlags invokeAttr, Binder binder, Object[] parameters, CultureInfo culture)\n   at Allure.Net.Commons.Steps.AllureStepAspectBase.Around(String name, Object[] args, Func`2 target, MethodBase metadata, Type returnType)\n   at OdinUiTests.Pages.ActivityCommonPage.__a$_around_ClickOnGotoTestButton_100666074_w_0(Object[])\n   at OdinUiTests.Pages.ActivityCommonPage.ClickOnGotoTestButton()\n   at OdinUiTests.Pages.ActivityCommonPage.__a$_around_PassOneTestAttempt_100666057_o() in /azp/_work/2/s/Pages/ActivityCommonPage.cs:line 149\n   at OdinUiTests.Pages.ActivityCommonPage.__a$_around_PassOneTestAttempt_100666057_u(Object[])\n   at Allure.Net.Commons.Steps.AllureAbstractStepAspect.WrapSync[T](Func`2 target, Object[] args, MethodBase metadata, String stepName, List`1 stepParameters)","steps":[{"name":"Нажать на кнопку 'Перейти к тесту' со страницы активности","time":{"start":1744637890349,"stop":1744637902351,"duration":12002},"status":"broken","statusMessage":"element click intercepted: Element <div data-v-6d0566a9=\"\">...</div> is not clickable at point (2011, 415). Other element would receive the click: <div data-v-270590f2=\"\" class=\"call-notifications-component full-window window-height window-width\">...</div>\n  (Session info: chrome=132.0.6834.83)","statusTrace":"OpenQA.Selenium.ElementClickInterceptedException: element click intercepted: Element <div data-v-6d0566a9=\"\">...</div> is not clickable at point (2011, 415). Other element would receive the click: <div data-v-270590f2=\"\" class=\"call-notifications-component full-window window-height window-width\">...</div>\n  (Session info: chrome=132.0.6834.83)\n   at OpenQA.Selenium.WebDriver.UnpackAndThrowOnError(Response errorResponse, String commandToExecute)\n   at OpenQA.Selenium.WebDriver.ExecuteAsync(String driverCommandToExecute, Dictionary`2 parameters)\n   at OpenQA.Selenium.WebDriver.InternalExecute(String driverCommandToExecute, Dictionary`2 parameters)\n   at OpenQA.Selenium.WebElement.Click()\n   at OdinUiTests.Pages.ActivityCommonPage.__a$_around_ClickOnGotoTestButton_100666074_o() in /azp/_work/2/s/Pages/ActivityCommonPage.cs:line 314\n   at OdinUiTests.Pages.ActivityCommonPage.__a$_around_ClickOnGotoTestButton_100666074_u(Object[])\n   at Allure.Net.Commons.Steps.AllureAbstractStepAspect.WrapSync[T](Func`2 target, Object[] args, MethodBase metadata, String stepName, List`1 stepParameters)","steps":[],"attachments":[],"parameters":[],"stepsCount":0,"attachmentsCount":0,"shouldDisplayMessage":true,"hasContent":true}],"attachments":[],"parameters":[],"stepsCount":1,"attachmentsCount":0,"shouldDisplayMessage":true,"hasContent":true}],"attachments":[{"uid":"b3eb456ca1ee99b9","name":"CheckResultOfPassingDependOnSettings.jpg","source":"b3eb456ca1ee99b9.jpg","type":"image/jpeg","size":241720},{"uid":"18e48e7afd82a1d7","name":"Console Output","source":"18e48e7afd82a1d7.txt","type":"text/plain","size":47}],"parameters":[],"stepsCount":3,"attachmentsCount":2,"shouldDisplayMessage":true,"hasContent":true},"afterStages":[],"labels":[{"name":"thread","value":"NUnit.Fw.ParallelWorker#4"},{"name":"host","value":"18be674a4d97"},{"name":"language","value":"C#"},{"name":"framework","value":"NUnit 3"},{"name":"package","value":"OdinUiTests.Tests.Activity"},{"name":"testMethod","value":"CheckResultOfPassingDependOnSettings"},{"name":"testClass","value":"TestActivityStatusWithTwoOrMoreAttemptsTests"},{"name":"parentSuite","value":"Активность"},{"name":"suite","value":"Контрольная"},{"name":"subSuite","value":"Прохождение теста"},{"name":"severity","value":"critical"},{"name":"tag","value":"Активность"},{"name":"tag","value":"Дежурство"},{"name":"tag","value":"Регресс"},{"name":"resultFormat","value":"allure2"}],"parameters":[{"name":"actId","value":"\"571\""},{"name":"attemptSetting","value":"\"lastTry\""},{"name":"evaluation","value":"2"}],"links":[],"hidden":true,"retry":true,"extra":{"categories":[],"tags":["Регресс","Дежурство","Активность"]},"source":"6016b03a8759cee2.json","parameterValues":["\"571\"","\"lastTry\"","2"]}