{"uid":"6050bff27fafea12","name":"Можно задать значения критериям (заполнены поля Значения критерия и Баллов)","fullName":"OdinUiTests:OdinUiTests.Tests.Activity.TaskActivityMulticriteriaTests.CheckCreateTaskWithValuesInCriteria()","historyId":"ae4d28529a5a635d506d37a413020566","time":{"start":1729673426719,"stop":1729673457212,"duration":30493},"status":"broken","statusMessage":"OpenQA.Selenium.WebDriverTimeoutException : Timed out after 30 seconds\n  ----> OpenQA.Selenium.NoSuchElementException : no such element: Unable to locate element: {\"method\":\"xpath\",\"selector\":\"//div[text()='Тип активности']/parent::div\"}\n  (Session info: chrome-headless-shell=126.0.6478.126); For documentation on this error, please visit: https://www.selenium.dev/documentation/webdriver/troubleshooting/errors#no-such-element-exception","statusTrace":"   at OpenQA.Selenium.Support.UI.DefaultWait`1.ThrowTimeoutException(String exceptionMessage, Exception lastException)\n   at OpenQA.Selenium.Support.UI.DefaultWait`1.Until[TResult](Func`2 condition, CancellationToken token)\n   at OpenQA.Selenium.Support.UI.DefaultWait`1.Until[TResult](Func`2 condition)\n   at OdinUiTests.Services.CommonService.SelectValueFromDropdown(IWebDriver driver, String type) in /azp/_work/1/s/Services/CommonService.cs:line 764\n   at OdinUiTests.Pages.ActivityCommonEditPage.<>c__DisplayClass93_0.<SetActivityType>b__0() in /azp/_work/1/s/Pages/ActivityCommonEditPage.cs:line 347\n   at Allure.Net.Commons.AllureApi.<>c__DisplayClass34_0.<Step>b__0()\n   at Allure.Net.Commons.AllureApi.ExecuteAction[T](String name, Action`1 start, Func`1 action, Action`1 resolve)\n   at Allure.Net.Commons.AllureApi.ExecuteStep[T](String name, Func`1 action)\n   at Allure.Net.Commons.AllureApi.Step(String name, Action action)\n   at OdinUiTests.Pages.ActivityCommonEditPage.SetActivityType(String type) in /azp/_work/1/s/Pages/ActivityCommonEditPage.cs:line 345\n   at OdinUiTests.Tests.Activity.TaskActivityMulticriteriaTests.Setup() in /azp/_work/1/s/Tests/Activity/TaskActivityTests.cs:line 490\n   at InvokeStub_TaskActivityMulticriteriaTests.Setup(Object, Object, IntPtr*)\n   at System.Reflection.MethodBaseInvoker.InvokeWithNoArgs(Object obj, BindingFlags invokeAttr)\n--NoSuchElementException\n   at OpenQA.Selenium.WebDriver.UnpackAndThrowOnError(Response errorResponse, String commandToExecute)\n   at OpenQA.Selenium.WebDriver.ExecuteAsync(String driverCommandToExecute, Dictionary`2 parameters)\n   at SeleniumExtras.WaitHelpers.ExpectedConditions.<>c__DisplayClass19_0.<ElementToBeClickable>b__0(IWebDriver driver)\n   at OpenQA.Selenium.Support.UI.DefaultWait`1.Until[TResult](Func`2 condition, CancellationToken token)","flaky":false,"newFailed":false,"newBroken":false,"newPassed":false,"retriesCount":1,"retriesStatusChange":false,"beforeStages":[],"testStage":{"status":"broken","statusMessage":"OpenQA.Selenium.WebDriverTimeoutException : Timed out after 30 seconds\n  ----> OpenQA.Selenium.NoSuchElementException : no such element: Unable to locate element: {\"method\":\"xpath\",\"selector\":\"//div[text()='Тип активности']/parent::div\"}\n  (Session info: chrome-headless-shell=126.0.6478.126); For documentation on this error, please visit: https://www.selenium.dev/documentation/webdriver/troubleshooting/errors#no-such-element-exception","statusTrace":"   at OpenQA.Selenium.Support.UI.DefaultWait`1.ThrowTimeoutException(String exceptionMessage, Exception lastException)\n   at OpenQA.Selenium.Support.UI.DefaultWait`1.Until[TResult](Func`2 condition, CancellationToken token)\n   at OpenQA.Selenium.Support.UI.DefaultWait`1.Until[TResult](Func`2 condition)\n   at OdinUiTests.Services.CommonService.SelectValueFromDropdown(IWebDriver driver, String type) in /azp/_work/1/s/Services/CommonService.cs:line 764\n   at OdinUiTests.Pages.ActivityCommonEditPage.<>c__DisplayClass93_0.<SetActivityType>b__0() in /azp/_work/1/s/Pages/ActivityCommonEditPage.cs:line 347\n   at Allure.Net.Commons.AllureApi.<>c__DisplayClass34_0.<Step>b__0()\n   at Allure.Net.Commons.AllureApi.ExecuteAction[T](String name, Action`1 start, Func`1 action, Action`1 resolve)\n   at Allure.Net.Commons.AllureApi.ExecuteStep[T](String name, Func`1 action)\n   at Allure.Net.Commons.AllureApi.Step(String name, Action action)\n   at OdinUiTests.Pages.ActivityCommonEditPage.SetActivityType(String type) in /azp/_work/1/s/Pages/ActivityCommonEditPage.cs:line 345\n   at OdinUiTests.Tests.Activity.TaskActivityMulticriteriaTests.Setup() in /azp/_work/1/s/Tests/Activity/TaskActivityTests.cs:line 490\n   at InvokeStub_TaskActivityMulticriteriaTests.Setup(Object, Object, IntPtr*)\n   at System.Reflection.MethodBaseInvoker.InvokeWithNoArgs(Object obj, BindingFlags invokeAttr)\n--NoSuchElementException\n   at OpenQA.Selenium.WebDriver.UnpackAndThrowOnError(Response errorResponse, String commandToExecute)\n   at OpenQA.Selenium.WebDriver.ExecuteAsync(String driverCommandToExecute, Dictionary`2 parameters)\n   at SeleniumExtras.WaitHelpers.ExpectedConditions.<>c__DisplayClass19_0.<ElementToBeClickable>b__0(IWebDriver driver)\n   at OpenQA.Selenium.Support.UI.DefaultWait`1.Until[TResult](Func`2 condition, CancellationToken token)","steps":[{"name":"Открыть страницу создания активности","time":{"start":1729673426719,"stop":1729673426993,"duration":274},"status":"passed","steps":[],"attachments":[],"parameters":[{"name":"disciplineId","value":"\"203\""}],"stepsCount":0,"attachmentsCount":0,"shouldDisplayMessage":false,"hasContent":true},{"name":"В поле 'Тип активности' выбрать значение 'Задание'","time":{"start":1729673426993,"stop":1729673457019,"duration":30026},"status":"broken","statusMessage":"Timed out after 30 seconds","statusTrace":"OpenQA.Selenium.WebDriverTimeoutException: Timed out after 30 seconds\n ---> OpenQA.Selenium.NoSuchElementException: no such element: Unable to locate element: {\"method\":\"xpath\",\"selector\":\"//div[text()='Тип активности']/parent::div\"}\n  (Session info: chrome-headless-shell=126.0.6478.126); For documentation on this error, please visit: https://www.selenium.dev/documentation/webdriver/troubleshooting/errors#no-such-element-exception\n   at OpenQA.Selenium.WebDriver.UnpackAndThrowOnError(Response errorResponse, String commandToExecute)\n   at OpenQA.Selenium.WebDriver.ExecuteAsync(String driverCommandToExecute, Dictionary`2 parameters)\n   at SeleniumExtras.WaitHelpers.ExpectedConditions.<>c__DisplayClass19_0.<ElementToBeClickable>b__0(IWebDriver driver)\n   at OpenQA.Selenium.Support.UI.DefaultWait`1.Until[TResult](Func`2 condition, CancellationToken token)\n   --- End of inner exception stack trace ---\n   at OpenQA.Selenium.Support.UI.DefaultWait`1.ThrowTimeoutException(String exceptionMessage, Exception lastException)\n   at OpenQA.Selenium.Support.UI.DefaultWait`1.Until[TResult](Func`2 condition, CancellationToken token)\n   at OpenQA.Selenium.Support.UI.DefaultWait`1.Until[TResult](Func`2 condition)\n   at OdinUiTests.Services.CommonService.SelectValueFromDropdown(IWebDriver driver, String type) in /azp/_work/1/s/Services/CommonService.cs:line 764\n   at OdinUiTests.Pages.ActivityCommonEditPage.<>c__DisplayClass93_0.<SetActivityType>b__0() in /azp/_work/1/s/Pages/ActivityCommonEditPage.cs:line 347\n   at Allure.Net.Commons.AllureApi.<>c__DisplayClass34_0.<Step>b__0()\n   at Allure.Net.Commons.AllureApi.ExecuteAction[T](String name, Action`1 start, Func`1 action, Action`1 resolve)\n   at Allure.Net.Commons.AllureApi.ExecuteStep[T](String name, Func`1 action)\n   at Allure.Net.Commons.AllureApi.Step(String name, Action action)\n   at OdinUiTests.Pages.ActivityCommonEditPage.SetActivityType(String type) in /azp/_work/1/s/Pages/ActivityCommonEditPage.cs:line 345\n   at OdinUiTests.Tests.Activity.TaskActivityMulticriteriaTests.Setup() in /azp/_work/1/s/Tests/Activity/TaskActivityTests.cs:line 490\n   at InvokeStub_TaskActivityMulticriteriaTests.Setup(Object, Object, IntPtr*)\n   at System.Reflection.MethodBaseInvoker.InvokeWithNoArgs(Object obj, BindingFlags invokeAttr)","steps":[],"attachments":[],"parameters":[],"stepsCount":0,"attachmentsCount":0,"shouldDisplayMessage":true,"hasContent":true}],"attachments":[{"uid":"856b677b1a742bed","name":"CheckCreateTaskWithValuesInCriteria.jpg","source":"856b677b1a742bed.jpg","type":"image/jpeg","size":102756},{"uid":"fabec183dcebf342","name":"Console Output","source":"fabec183dcebf342.txt","type":"text/plain","size":75}],"parameters":[],"stepsCount":2,"attachmentsCount":2,"shouldDisplayMessage":true,"hasContent":true},"afterStages":[],"labels":[{"name":"thread","value":"ParallelWorker#2"},{"name":"host","value":"07410f714a69"},{"name":"language","value":"C#"},{"name":"framework","value":"NUnit 3"},{"name":"package","value":"OdinUiTests.Tests.Activity"},{"name":"testMethod","value":"CheckCreateTaskWithValuesInCriteria"},{"name":"testClass","value":"TaskActivityMulticriteriaTests"},{"name":"parentSuite","value":"Активность"},{"name":"suite","value":"Задание"},{"name":"subSuite","value":"Создание задания"},{"name":"severity","value":"critical"},{"name":"tag","value":"Активность"},{"name":"tag","value":"Дежурство"},{"name":"tag","value":"Регресс"},{"name":"resultFormat","value":"allure2"}],"parameters":[],"links":[],"hidden":false,"retry":false,"extra":{"severity":"critical","retries":[{"uid":"11ff6645a1b6870","status":"broken","statusDetails":"OpenQA.Selenium.WebDriverTimeoutException : Timed out after 30 seconds\n  ----> OpenQA.Selenium.NoSuchElementException : no such element: Unable to locate element: {\"method\":\"xpath\",\"selector\":\"//div[text()='Тип активности']/parent::div\"}\n  (Session info: chrome-headless-shell=126.0.6478.126); For documentation on this error, please visit: https://www.selenium.dev/documentation/webdriver/troubleshooting/errors#no-such-element-exception","time":{"start":1729672073487,"stop":1729672104035,"duration":30548}}],"categories":[{"name":"Test defects","matchedStatuses":[],"flaky":false}],"history":{"statistic":{"failed":0,"broken":3,"skipped":0,"passed":86,"unknown":0,"total":89},"items":[{"uid":"c66278051f249ccd","status":"broken","statusDetails":"OpenQA.Selenium.WebDriverTimeoutException : Timed out after 30 seconds\n  ----> OpenQA.Selenium.NoSuchElementException : no such element: Unable to locate element: {\"method\":\"xpath\",\"selector\":\"//div[text()='Тип активности']/parent::div\"}\n  (Session info: chrome-headless-shell=126.0.6478.126); For documentation on this error, please visit: https://www.selenium.dev/documentation/webdriver/troubleshooting/errors#no-such-element-exception","time":{"start":1729611492006,"stop":1729611522702,"duration":30696}},{"uid":"10e24d03e80b80bd","status":"broken","statusDetails":"OpenQA.Selenium.WebDriverTimeoutException : Timed out after 30 seconds\n  ----> OpenQA.Selenium.NoSuchElementException : no such element: Unable to locate element: {\"method\":\"xpath\",\"selector\":\"//div[text()='Тип активности']/parent::div\"}\n  (Session info: chrome-headless-shell=126.0.6478.126); For documentation on this error, please visit: https://www.selenium.dev/documentation/webdriver/troubleshooting/errors#no-such-element-exception","time":{"start":1729578036938,"stop":1729578067649,"duration":30711}},{"uid":"9ad30a11eed2523e","status":"passed","statusDetails":"Можно задать значения критериям (заполнены поля Значения критерия и Баллов)","time":{"start":1729228643306,"stop":1729228657814,"duration":14508}},{"uid":"28b926326812e4de","status":"passed","statusDetails":"Можно задать значения критериям (заполнены поля Значения критерия и Баллов)","time":{"start":1728639862428,"stop":1728639878139,"duration":15711}},{"uid":"1bf876aa4477b8a6","status":"passed","statusDetails":"Можно задать значения критериям (заполнены поля Значения критерия и Баллов)","time":{"start":1728625690757,"stop":1728625704753,"duration":13996}},{"uid":"1a9cf75d9e0d277d","status":"passed","statusDetails":"Можно задать значения критериям (заполнены поля Значения критерия и Баллов)","time":{"start":1727714171594,"stop":1727714184735,"duration":13141}},{"uid":"2d0043d0210f3428","status":"passed","statusDetails":"Можно задать значения критериям (заполнены поля Значения критерия и Баллов)","time":{"start":1727466152416,"stop":1727466171140,"duration":18724}},{"uid":"4223ebee30a48de4","status":"passed","statusDetails":"Можно задать значения критериям (заполнены поля Значения критерия и Баллов)","time":{"start":1727440550933,"stop":1727440565858,"duration":14925}},{"uid":"636a3650952e0687","status":"passed","statusDetails":"Можно задать значения критериям (заполнены поля Значения критерия и Баллов)","time":{"start":1727437759544,"stop":1727437773878,"duration":14334}},{"uid":"df283889795ec088","status":"passed","statusDetails":"Можно задать значения критериям (заполнены поля Значения критерия и Баллов)","time":{"start":1727352711818,"stop":1727352726877,"duration":15059}},{"uid":"f905061a50728e22","status":"passed","statusDetails":"Можно задать значения критериям (заполнены поля Значения критерия и Баллов)","time":{"start":1727313940397,"stop":1727313953033,"duration":12636}},{"uid":"f2d393899d4b6e67","status":"passed","statusDetails":"Можно задать значения критериям (заполнены поля Значения критерия и Баллов)","time":{"start":1727243699353,"stop":1727243714425,"duration":15072}},{"uid":"1c5c4239b35f5099","status":"passed","statusDetails":"Можно задать значения критериям (заполнены поля Значения критерия и Баллов)","time":{"start":1727241046144,"stop":1727241059514,"duration":13370}},{"uid":"5edd183d75e38eea","status":"passed","statusDetails":"Можно задать значения критериям (заполнены поля Значения критерия и Баллов)","time":{"start":1727072336389,"stop":1727072350757,"duration":14368}},{"uid":"4f251c5d3df32ef6","status":"passed","statusDetails":"Можно задать значения критериям (заполнены поля Значения критерия и Баллов)","time":{"start":1726127899377,"stop":1726127922568,"duration":23191}},{"uid":"5a9d737dd2b13d57","status":"passed","time":{"start":1725342438886,"stop":1725342467722,"duration":28836}},{"uid":"dfb902a5a160588a","status":"passed","statusDetails":"Можно задать значения критериям (заполнены поля Значения критерия и Баллов)","time":{"start":1722213877428,"stop":1722213889598,"duration":12170}},{"uid":"2491f14226db6b73","status":"passed","statusDetails":"Можно задать значения критериям (заполнены поля Значения критерия и Баллов)","time":{"start":1721976994196,"stop":1721977007965,"duration":13769}},{"uid":"3f1aa1c724ec28e8","status":"passed","statusDetails":"Можно задать значения критериям (заполнены поля Значения критерия и Баллов)","time":{"start":1721974680604,"stop":1721974695091,"duration":14487}},{"uid":"b4d0d23049ddf525","status":"passed","statusDetails":"Можно задать значения критериям (заполнены поля Значения критерия и Баллов)","time":{"start":1721815710646,"stop":1721815728806,"duration":18160}}]},"tags":["Регресс","Дежурство","Активность"]},"source":"6050bff27fafea12.json","parameterValues":[]}