{"uid":"60e8fe68064ce2c7","name":"Можно добавить SCORM-пакет из Библиотеки в контрольную","fullName":"OdinUiTests:OdinUiTests.Tests.Activity.TestActivityAddingTests.CheckAddScormPackageToControlTypeActivity()","historyId":"16044095ea30f40f1b23ed70b8aeaaf6","time":{"start":1744637736046,"stop":1744637784862,"duration":48816},"status":"broken","statusMessage":"OpenQA.Selenium.WebDriverTimeoutException : Timed out after 30 seconds\n  ----> OpenQA.Selenium.NoSuchElementException : no such element: Unable to locate element: {\"method\":\"css selector\",\"selector\":\".rename-input .ellipsis\"}\n  (Session info: chrome=132.0.6834.83); For documentation on this error, please visit: https://www.selenium.dev/documentation/webdriver/troubleshooting/errors#no-such-element-exception","statusTrace":"   at OpenQA.Selenium.Support.UI.DefaultWait`1.ThrowTimeoutException(String exceptionMessage, Exception lastException)\n   at OpenQA.Selenium.Support.UI.DefaultWait`1.Until[TResult](Func`2 condition, CancellationToken token)\n   at OpenQA.Selenium.Support.UI.DefaultWait`1.Until[TResult](Func`2 condition)\n   at OdinUiTests.Services.CommonService.ChooseMaterialByName(IWebDriver driver, List`1 materialName, Boolean fromInfoPage) in /azp/_work/2/s/Services/CommonService.cs:line 182\n   at OdinUiTests.Pages.ActivityCommonEditPage.<>c__DisplayClass99_0.<AddMaterialByName>b__0() in /azp/_work/2/s/Pages/ActivityCommonEditPage.cs:line 395\n   at Allure.Net.Commons.AllureApi.ExecuteAction[T](String name, Action`1 start, Func`1 action, Action`1 resolve)\n   at Allure.Net.Commons.AllureApi.Step(String name, Action action)\n   at OdinUiTests.Pages.ActivityCommonEditPage.AddMaterialByName(String type, String name) in /azp/_work/2/s/Pages/ActivityCommonEditPage.cs:line 393\n   at OdinUiTests.Tests.Activity.ActivityCommon.AddMaterialFromLibrary(IWebDriver driver, Boolean isTemplate, String id, String type, String name) in /azp/_work/2/s/Tests/Activity/ActivityCommon.cs:line 84\n   at OdinUiTests.Tests.Activity.ActivityCommon.AddScormPackageToActivity(IWebDriver driver, String activityId) in /azp/_work/2/s/Tests/Activity/ActivityCommon.cs:line 147\n   at OdinUiTests.Tests.Activity.TestActivityAddingTests.CheckAddScormPackageToControlTypeActivity() in /azp/_work/2/s/Tests/Activity/TestActivityTests.cs:line 146\n   at System.RuntimeMethodHandle.InvokeMethod(Object target, Void** arguments, Signature sig, Boolean isConstructor)\n   at System.Reflection.MethodBaseInvoker.InvokeWithNoArgs(Object obj, BindingFlags invokeAttr)\n--NoSuchElementException\n   at OpenQA.Selenium.WebDriver.UnpackAndThrowOnError(Response errorResponse, String commandToExecute)\n   at OpenQA.Selenium.WebDriver.ExecuteAsync(String driverCommandToExecute, Dictionary`2 parameters)\n   at SeleniumExtras.WaitHelpers.ExpectedConditions.<>c__DisplayClass19_0.<ElementToBeClickable>b__0(IWebDriver driver)\n   at OpenQA.Selenium.Support.UI.DefaultWait`1.Until[TResult](Func`2 condition, CancellationToken token)","flaky":false,"newFailed":false,"newBroken":false,"newPassed":false,"retriesCount":0,"retriesStatusChange":false,"beforeStages":[],"testStage":{"status":"broken","statusMessage":"OpenQA.Selenium.WebDriverTimeoutException : Timed out after 30 seconds\n  ----> OpenQA.Selenium.NoSuchElementException : no such element: Unable to locate element: {\"method\":\"css selector\",\"selector\":\".rename-input .ellipsis\"}\n  (Session info: chrome=132.0.6834.83); For documentation on this error, please visit: https://www.selenium.dev/documentation/webdriver/troubleshooting/errors#no-such-element-exception","statusTrace":"   at OpenQA.Selenium.Support.UI.DefaultWait`1.ThrowTimeoutException(String exceptionMessage, Exception lastException)\n   at OpenQA.Selenium.Support.UI.DefaultWait`1.Until[TResult](Func`2 condition, CancellationToken token)\n   at OpenQA.Selenium.Support.UI.DefaultWait`1.Until[TResult](Func`2 condition)\n   at OdinUiTests.Services.CommonService.ChooseMaterialByName(IWebDriver driver, List`1 materialName, Boolean fromInfoPage) in /azp/_work/2/s/Services/CommonService.cs:line 182\n   at OdinUiTests.Pages.ActivityCommonEditPage.<>c__DisplayClass99_0.<AddMaterialByName>b__0() in /azp/_work/2/s/Pages/ActivityCommonEditPage.cs:line 395\n   at Allure.Net.Commons.AllureApi.ExecuteAction[T](String name, Action`1 start, Func`1 action, Action`1 resolve)\n   at Allure.Net.Commons.AllureApi.Step(String name, Action action)\n   at OdinUiTests.Pages.ActivityCommonEditPage.AddMaterialByName(String type, String name) in /azp/_work/2/s/Pages/ActivityCommonEditPage.cs:line 393\n   at OdinUiTests.Tests.Activity.ActivityCommon.AddMaterialFromLibrary(IWebDriver driver, Boolean isTemplate, String id, String type, String name) in /azp/_work/2/s/Tests/Activity/ActivityCommon.cs:line 84\n   at OdinUiTests.Tests.Activity.ActivityCommon.AddScormPackageToActivity(IWebDriver driver, String activityId) in /azp/_work/2/s/Tests/Activity/ActivityCommon.cs:line 147\n   at OdinUiTests.Tests.Activity.TestActivityAddingTests.CheckAddScormPackageToControlTypeActivity() in /azp/_work/2/s/Tests/Activity/TestActivityTests.cs:line 146\n   at System.RuntimeMethodHandle.InvokeMethod(Object target, Void** arguments, Signature sig, Boolean isConstructor)\n   at System.Reflection.MethodBaseInvoker.InvokeWithNoArgs(Object obj, BindingFlags invokeAttr)\n--NoSuchElementException\n   at OpenQA.Selenium.WebDriver.UnpackAndThrowOnError(Response errorResponse, String commandToExecute)\n   at OpenQA.Selenium.WebDriver.ExecuteAsync(String driverCommandToExecute, Dictionary`2 parameters)\n   at SeleniumExtras.WaitHelpers.ExpectedConditions.<>c__DisplayClass19_0.<ElementToBeClickable>b__0(IWebDriver driver)\n   at OpenQA.Selenium.Support.UI.DefaultWait`1.Until[TResult](Func`2 condition, CancellationToken token)","steps":[{"name":"Открыть страницу редактирования активности","time":{"start":1744637738745,"stop":1744637740649,"duration":1904},"status":"passed","steps":[{"name":"Открыть страницу редактирования активности","time":{"start":1744637738745,"stop":1744637740649,"duration":1904},"status":"passed","steps":[],"attachments":[],"parameters":[{"name":"activityId","value":"\"10085\""}],"stepsCount":0,"attachmentsCount":0,"shouldDisplayMessage":false,"hasContent":true}],"attachments":[],"parameters":[{"name":"isTemplate","value":"false"},{"name":"id","value":"\"10085\""}],"stepsCount":1,"attachmentsCount":0,"shouldDisplayMessage":false,"hasContent":true},{"name":"Нажать на кнопку 'Добавить материалы'","time":{"start":1744637740649,"stop":1744637751365,"duration":10716},"status":"passed","steps":[],"attachments":[],"parameters":[],"stepsCount":0,"attachmentsCount":0,"shouldDisplayMessage":false,"hasContent":false},{"name":"Выбрать материал типа 'SCORM-пакет' из Библиотеки по названию и подтвердить выбор","time":{"start":1744637751366,"stop":1744637781845,"duration":30479},"status":"broken","statusMessage":"Timed out after 30 seconds","statusTrace":"OpenQA.Selenium.WebDriverTimeoutException: Timed out after 30 seconds\n ---> OpenQA.Selenium.NoSuchElementException: no such element: Unable to locate element: {\"method\":\"css selector\",\"selector\":\".rename-input .ellipsis\"}\n  (Session info: chrome=132.0.6834.83); For documentation on this error, please visit: https://www.selenium.dev/documentation/webdriver/troubleshooting/errors#no-such-element-exception\n   at OpenQA.Selenium.WebDriver.UnpackAndThrowOnError(Response errorResponse, String commandToExecute)\n   at OpenQA.Selenium.WebDriver.ExecuteAsync(String driverCommandToExecute, Dictionary`2 parameters)\n   at SeleniumExtras.WaitHelpers.ExpectedConditions.<>c__DisplayClass19_0.<ElementToBeClickable>b__0(IWebDriver driver)\n   at OpenQA.Selenium.Support.UI.DefaultWait`1.Until[TResult](Func`2 condition, CancellationToken token)\n   --- End of inner exception stack trace ---\n   at OpenQA.Selenium.Support.UI.DefaultWait`1.ThrowTimeoutException(String exceptionMessage, Exception lastException)\n   at OpenQA.Selenium.Support.UI.DefaultWait`1.Until[TResult](Func`2 condition, CancellationToken token)\n   at OpenQA.Selenium.Support.UI.DefaultWait`1.Until[TResult](Func`2 condition)\n   at OdinUiTests.Services.CommonService.ChooseMaterialByName(IWebDriver driver, List`1 materialName, Boolean fromInfoPage) in /azp/_work/2/s/Services/CommonService.cs:line 182\n   at OdinUiTests.Pages.ActivityCommonEditPage.<>c__DisplayClass99_0.<AddMaterialByName>b__0() in /azp/_work/2/s/Pages/ActivityCommonEditPage.cs:line 395\n   at Allure.Net.Commons.AllureApi.ExecuteAction[T](String name, Action`1 start, Func`1 action, Action`1 resolve)\n   at Allure.Net.Commons.AllureApi.Step(String name, Action action)\n   at OdinUiTests.Pages.ActivityCommonEditPage.AddMaterialByName(String type, String name) in /azp/_work/2/s/Pages/ActivityCommonEditPage.cs:line 393\n   at OdinUiTests.Tests.Activity.ActivityCommon.AddMaterialFromLibrary(IWebDriver driver, Boolean isTemplate, String id, String type, String name) in /azp/_work/2/s/Tests/Activity/ActivityCommon.cs:line 84\n   at OdinUiTests.Tests.Activity.ActivityCommon.AddScormPackageToActivity(IWebDriver driver, String activityId) in /azp/_work/2/s/Tests/Activity/ActivityCommon.cs:line 147\n   at OdinUiTests.Tests.Activity.TestActivityAddingTests.CheckAddScormPackageToControlTypeActivity() in /azp/_work/2/s/Tests/Activity/TestActivityTests.cs:line 146\n   at System.RuntimeMethodHandle.InvokeMethod(Object target, Void** arguments, Signature sig, Boolean isConstructor)\n   at System.Reflection.MethodBaseInvoker.InvokeWithNoArgs(Object obj, BindingFlags invokeAttr)","steps":[],"attachments":[],"parameters":[],"stepsCount":0,"attachmentsCount":0,"shouldDisplayMessage":true,"hasContent":true}],"attachments":[{"uid":"2e5a64494c22ceeb","name":"CheckAddScormPackageToControlTypeActivity.jpg","source":"2e5a64494c22ceeb.jpg","type":"image/jpeg","size":132649},{"uid":"95d5675795fec60b","name":"Console Output","source":"95d5675795fec60b.txt","type":"text/plain","size":49}],"parameters":[],"stepsCount":4,"attachmentsCount":2,"shouldDisplayMessage":true,"hasContent":true},"afterStages":[],"labels":[{"name":"thread","value":"NUnit.Fw.ParallelWorker#9"},{"name":"host","value":"18be674a4d97"},{"name":"language","value":"C#"},{"name":"framework","value":"NUnit 3"},{"name":"package","value":"OdinUiTests.Tests.Activity"},{"name":"testMethod","value":"CheckAddScormPackageToControlTypeActivity"},{"name":"testClass","value":"TestActivityAddingTests"},{"name":"parentSuite","value":"Активность"},{"name":"suite","value":"Контрольная"},{"name":"subSuite","value":"Редактирование контрольной"},{"name":"severity","value":"critical"},{"name":"tag","value":"Активность"},{"name":"tag","value":"Дежурство"},{"name":"tag","value":"Регресс"},{"name":"resultFormat","value":"allure2"}],"parameters":[],"links":[],"hidden":true,"retry":true,"extra":{"categories":[],"tags":["Регресс","Дежурство","Активность"]},"source":"60e8fe68064ce2c7.json","parameterValues":[]}