{"uid":"612f952ebf056549","name":"Можно переключать значения в поле Тип активности","fullName":"OdinUiTests:OdinUiTests.Tests.Activity.TemplateEditingTests.CheckEditTypeInActivityTemplate()","historyId":"f9bc10b15aa04a38d0291c28196487ef","time":{"start":1760920052492,"stop":1760920082832,"duration":30340},"status":"broken","statusMessage":"System.Reflection.TargetInvocationException : Exception has been thrown by the target of an invocation.\n  ----> OpenQA.Selenium.WebDriverTimeoutException : Timed out after 15 seconds\n  ----> OpenQA.Selenium.NoSuchElementException : no such element: Unable to locate element: {\"method\":\"css selector\",\"selector\":\".info-block .text-tag\"}\n  (Session info: chrome=140.0.7339.127); For documentation on this error, please visit: https://www.selenium.dev/documentation/webdriver/troubleshooting/errors#no-such-element-exception","statusTrace":"   at System.Reflection.MethodBaseInvoker.InvokeWithManyArgs(Object obj, BindingFlags invokeAttr, Binder binder, Object[] parameters, CultureInfo culture)\n   at Allure.Net.Commons.Steps.AllureStepAspectBase.Around(String name, Object[] args, Func`2 target, MethodBase metadata, Type returnType)\n   at OdinUiTests.Pages.ActivityCommonPage.__a$_around_CheckTemplateTypeIsChanged_100666140_w_0(Object[])\n   at OdinUiTests.Pages.ActivityCommonPage.CheckTemplateTypeIsChanged(String type)\n   at OdinUiTests.Pages.ActivityCommonPage.CheckActivityTypeIsChanged(String type, Boolean isTemplate) in /azp/_work/1/s/Pages/ActivityCommonPage.cs:line 554\n   at OdinUiTests.Tests.Activity.ActivityCommon.EditType(IWebDriver driver, Boolean isTemplate, String id) in /azp/_work/1/s/Tests/Activity/ActivityCommon.cs:line 383\n   at OdinUiTests.Tests.Activity.ActivityCommon.EditActivityPlanType(IWebDriver driver, String contentId) in /azp/_work/1/s/Tests/Activity/ActivityCommon.cs:line 394\n   at OdinUiTests.Tests.Activity.TemplateEditingTests.CheckEditTypeInActivityTemplate() in /azp/_work/1/s/Tests/Activity/TemplateTests.cs:line 30\n   at System.RuntimeMethodHandle.InvokeMethod(Object target, Void** arguments, Signature sig, Boolean isConstructor)\n   at System.Reflection.MethodBaseInvoker.InvokeWithNoArgs(Object obj, BindingFlags invokeAttr)\n--WebDriverTimeoutException\n   at OpenQA.Selenium.Support.UI.DefaultWait`1.ThrowTimeoutException(String exceptionMessage, Exception lastException)\n   at OpenQA.Selenium.Support.UI.DefaultWait`1.Until[TResult](Func`2 condition, CancellationToken token)\n   at OpenQA.Selenium.Support.UI.DefaultWait`1.Until[TResult](Func`2 condition)\n   at OdinUiTests.Services.CommonService.WaitAndFind(IWebDriver driver, By selector, Int32 timeoutSeconds) in /azp/_work/1/s/Services/CommonService.cs:line 840\n   at OdinUiTests.Pages.ActivityCommonPage.__a$_around_CheckTemplateTypeIsChanged_100666140_o(String type) in /azp/_work/1/s/Pages/ActivityCommonPage.cs:line 549\n   at OdinUiTests.Pages.ActivityCommonPage.__a$_around_CheckTemplateTypeIsChanged_100666140_u(Object[])\n   at Allure.Net.Commons.Steps.AllureAbstractStepAspect.WrapSync[T](Func`2 target, Object[] args, MethodBase metadata, String stepName, List`1 stepParameters)\n   at InvokeStub_AllureAbstractStepAspect.WrapSync(Object, Span`1)\n   at System.Reflection.MethodBaseInvoker.InvokeWithManyArgs(Object obj, BindingFlags invokeAttr, Binder binder, Object[] parameters, CultureInfo culture)\n--NoSuchElementException\n   at OpenQA.Selenium.WebDriver.UnpackAndThrowOnError(Response errorResponse, String commandToExecute)\n   at OpenQA.Selenium.WebDriver.ExecuteAsync(String driverCommandToExecute, Dictionary`2 parameters)\n   at SeleniumExtras.WaitHelpers.ExpectedConditions.<>c__DisplayClass19_0.<ElementToBeClickable>b__0(IWebDriver driver)\n   at OpenQA.Selenium.Support.UI.DefaultWait`1.Until[TResult](Func`2 condition, CancellationToken token)","flaky":false,"newFailed":false,"newBroken":false,"newPassed":false,"retriesCount":0,"retriesStatusChange":false,"beforeStages":[],"testStage":{"status":"broken","statusMessage":"System.Reflection.TargetInvocationException : Exception has been thrown by the target of an invocation.\n  ----> OpenQA.Selenium.WebDriverTimeoutException : Timed out after 15 seconds\n  ----> OpenQA.Selenium.NoSuchElementException : no such element: Unable to locate element: {\"method\":\"css selector\",\"selector\":\".info-block .text-tag\"}\n  (Session info: chrome=140.0.7339.127); For documentation on this error, please visit: https://www.selenium.dev/documentation/webdriver/troubleshooting/errors#no-such-element-exception","statusTrace":"   at System.Reflection.MethodBaseInvoker.InvokeWithManyArgs(Object obj, BindingFlags invokeAttr, Binder binder, Object[] parameters, CultureInfo culture)\n   at Allure.Net.Commons.Steps.AllureStepAspectBase.Around(String name, Object[] args, Func`2 target, MethodBase metadata, Type returnType)\n   at OdinUiTests.Pages.ActivityCommonPage.__a$_around_CheckTemplateTypeIsChanged_100666140_w_0(Object[])\n   at OdinUiTests.Pages.ActivityCommonPage.CheckTemplateTypeIsChanged(String type)\n   at OdinUiTests.Pages.ActivityCommonPage.CheckActivityTypeIsChanged(String type, Boolean isTemplate) in /azp/_work/1/s/Pages/ActivityCommonPage.cs:line 554\n   at OdinUiTests.Tests.Activity.ActivityCommon.EditType(IWebDriver driver, Boolean isTemplate, String id) in /azp/_work/1/s/Tests/Activity/ActivityCommon.cs:line 383\n   at OdinUiTests.Tests.Activity.ActivityCommon.EditActivityPlanType(IWebDriver driver, String contentId) in /azp/_work/1/s/Tests/Activity/ActivityCommon.cs:line 394\n   at OdinUiTests.Tests.Activity.TemplateEditingTests.CheckEditTypeInActivityTemplate() in /azp/_work/1/s/Tests/Activity/TemplateTests.cs:line 30\n   at System.RuntimeMethodHandle.InvokeMethod(Object target, Void** arguments, Signature sig, Boolean isConstructor)\n   at System.Reflection.MethodBaseInvoker.InvokeWithNoArgs(Object obj, BindingFlags invokeAttr)\n--WebDriverTimeoutException\n   at OpenQA.Selenium.Support.UI.DefaultWait`1.ThrowTimeoutException(String exceptionMessage, Exception lastException)\n   at OpenQA.Selenium.Support.UI.DefaultWait`1.Until[TResult](Func`2 condition, CancellationToken token)\n   at OpenQA.Selenium.Support.UI.DefaultWait`1.Until[TResult](Func`2 condition)\n   at OdinUiTests.Services.CommonService.WaitAndFind(IWebDriver driver, By selector, Int32 timeoutSeconds) in /azp/_work/1/s/Services/CommonService.cs:line 840\n   at OdinUiTests.Pages.ActivityCommonPage.__a$_around_CheckTemplateTypeIsChanged_100666140_o(String type) in /azp/_work/1/s/Pages/ActivityCommonPage.cs:line 549\n   at OdinUiTests.Pages.ActivityCommonPage.__a$_around_CheckTemplateTypeIsChanged_100666140_u(Object[])\n   at Allure.Net.Commons.Steps.AllureAbstractStepAspect.WrapSync[T](Func`2 target, Object[] args, MethodBase metadata, String stepName, List`1 stepParameters)\n   at InvokeStub_AllureAbstractStepAspect.WrapSync(Object, Span`1)\n   at System.Reflection.MethodBaseInvoker.InvokeWithManyArgs(Object obj, BindingFlags invokeAttr, Binder binder, Object[] parameters, CultureInfo culture)\n--NoSuchElementException\n   at OpenQA.Selenium.WebDriver.UnpackAndThrowOnError(Response errorResponse, String commandToExecute)\n   at OpenQA.Selenium.WebDriver.ExecuteAsync(String driverCommandToExecute, Dictionary`2 parameters)\n   at SeleniumExtras.WaitHelpers.ExpectedConditions.<>c__DisplayClass19_0.<ElementToBeClickable>b__0(IWebDriver driver)\n   at OpenQA.Selenium.Support.UI.DefaultWait`1.Until[TResult](Func`2 condition, CancellationToken token)","steps":[{"name":"Открыть страницу редактирования активности","time":{"start":1760920052493,"stop":1760920053713,"duration":1220},"status":"passed","steps":[{"name":"Открыть страницу редактирования шаблона активности","time":{"start":1760920052493,"stop":1760920053713,"duration":1220},"status":"passed","steps":[],"attachments":[],"parameters":[{"name":"contentId","value":"\"1340\""}],"stepsCount":0,"attachmentsCount":0,"shouldDisplayMessage":false,"hasContent":true}],"attachments":[],"parameters":[{"name":"isTemplate","value":"true"},{"name":"id","value":"\"1340\""}],"stepsCount":1,"attachmentsCount":0,"shouldDisplayMessage":false,"hasContent":true},{"name":"Поменять тип активности (выбрать рандомный тип)","time":{"start":1760920053713,"stop":1760920066368,"duration":12655},"status":"passed","steps":[],"attachments":[],"parameters":[],"stepsCount":0,"attachmentsCount":0,"shouldDisplayMessage":false,"hasContent":false},{"name":"Нажать на кнопку ‘Сохранить’","time":{"start":1760920066368,"stop":1760920067531,"duration":1163},"status":"passed","steps":[{"name":"Нажать на кнопку 'Сохранить'","time":{"start":1760920066368,"stop":1760920067530,"duration":1162},"status":"passed","steps":[],"attachments":[],"parameters":[],"stepsCount":0,"attachmentsCount":0,"shouldDisplayMessage":false,"hasContent":false}],"attachments":[],"parameters":[{"name":"isTemplate","value":"true"}],"stepsCount":1,"attachmentsCount":0,"shouldDisplayMessage":false,"hasContent":true},{"name":"Проверка того, что тип поменялся на странице шаблона активности","time":{"start":1760920067531,"stop":1760920082582,"duration":15051},"status":"broken","statusMessage":"Timed out after 15 seconds","statusTrace":"OpenQA.Selenium.WebDriverTimeoutException: Timed out after 15 seconds\n ---> OpenQA.Selenium.NoSuchElementException: no such element: Unable to locate element: {\"method\":\"css selector\",\"selector\":\".info-block .text-tag\"}\n  (Session info: chrome=140.0.7339.127); For documentation on this error, please visit: https://www.selenium.dev/documentation/webdriver/troubleshooting/errors#no-such-element-exception\n   at OpenQA.Selenium.WebDriver.UnpackAndThrowOnError(Response errorResponse, String commandToExecute)\n   at OpenQA.Selenium.WebDriver.ExecuteAsync(String driverCommandToExecute, Dictionary`2 parameters)\n   at SeleniumExtras.WaitHelpers.ExpectedConditions.<>c__DisplayClass19_0.<ElementToBeClickable>b__0(IWebDriver driver)\n   at OpenQA.Selenium.Support.UI.DefaultWait`1.Until[TResult](Func`2 condition, CancellationToken token)\n   --- End of inner exception stack trace ---\n   at OpenQA.Selenium.Support.UI.DefaultWait`1.ThrowTimeoutException(String exceptionMessage, Exception lastException)\n   at OpenQA.Selenium.Support.UI.DefaultWait`1.Until[TResult](Func`2 condition, CancellationToken token)\n   at OpenQA.Selenium.Support.UI.DefaultWait`1.Until[TResult](Func`2 condition)\n   at OdinUiTests.Services.CommonService.WaitAndFind(IWebDriver driver, By selector, Int32 timeoutSeconds) in /azp/_work/1/s/Services/CommonService.cs:line 840\n   at OdinUiTests.Pages.ActivityCommonPage.__a$_around_CheckTemplateTypeIsChanged_100666140_o(String type) in /azp/_work/1/s/Pages/ActivityCommonPage.cs:line 549\n   at OdinUiTests.Pages.ActivityCommonPage.__a$_around_CheckTemplateTypeIsChanged_100666140_u(Object[])\n   at Allure.Net.Commons.Steps.AllureAbstractStepAspect.WrapSync[T](Func`2 target, Object[] args, MethodBase metadata, String stepName, List`1 stepParameters)","steps":[],"attachments":[],"parameters":[{"name":"type","value":"\"Контрольная\""}],"stepsCount":0,"attachmentsCount":0,"shouldDisplayMessage":true,"hasContent":true}],"attachments":[{"uid":"b845524fb19bfbe","name":"CheckEditTypeInActivityTemplate.jpg","source":"b845524fb19bfbe.jpg","type":"image/jpeg","size":81296},{"uid":"e4b5e5a1accbc384","name":"Console Output","source":"e4b5e5a1accbc384.txt","type":"text/plain","size":52}],"parameters":[],"stepsCount":6,"attachmentsCount":2,"shouldDisplayMessage":true,"hasContent":true},"afterStages":[],"labels":[{"name":"thread","value":"NUnit.Fw.ParallelWorker#2"},{"name":"host","value":"8b272fed8d2b"},{"name":"language","value":"C#"},{"name":"framework","value":"NUnit 3"},{"name":"package","value":"OdinUiTests.Tests.Activity"},{"name":"testMethod","value":"CheckEditTypeInActivityTemplate"},{"name":"testClass","value":"TemplateEditingTests"},{"name":"suite","value":"Активность"},{"name":"subSuite","value":"Обычный шаблон активности"},{"name":"severity","value":"normal"},{"name":"tag","value":"Активность"},{"name":"tag","value":"Дежурство"},{"name":"tag","value":"Регресс"},{"name":"resultFormat","value":"allure2"}],"parameters":[],"links":[],"hidden":true,"retry":true,"extra":{"categories":[],"tags":["Регресс","Дежурство","Активность"]},"source":"612f952ebf056549.json","parameterValues":[]}