{"uid":"6f829ed300e45a78","name":"Страница библиотеки: можно удалить шаблон дисциплины по которому была создана дисциплина","fullName":"OdinUiTests:OdinUiTests.Tests.Library.RemovingTemplatesTests.CheckDeleteDisciplineTemplateFromWhichDisciplineIsCreated()","historyId":"bc4f47aa481c86be9ca81629edb16228","time":{"start":1757993746403,"stop":1757993797068,"duration":50665},"status":"broken","statusMessage":"System.Reflection.TargetInvocationException : Exception has been thrown by the target of an invocation.\n  ----> OpenQA.Selenium.WebDriverTimeoutException : Timed out after 30 seconds\n  ----> OpenQA.Selenium.NoSuchElementException : no such element: Unable to locate element: {\"method\":\"xpath\",\"selector\":\"//div[contains(@class,'content-item')]//span[contains(text(),'Lorem ipsum dolor sit amet, consectetur adipiscing elit. Etiam pulvinar, est vel iaculis fringilla, eros libero lobortis diam, et cursus arcu ex ut dui.')]\"}\n  (Session info: chrome=140.0.7339.127); For documentation on this error, please visit: https://www.selenium.dev/documentation/webdriver/troubleshooting/errors#no-such-element-exception","statusTrace":"   at System.Reflection.MethodBaseInvoker.InvokeWithManyArgs(Object obj, BindingFlags invokeAttr, Binder binder, Object[] parameters, CultureInfo culture)\n   at Allure.Net.Commons.Steps.AllureStepAspectBase.Around(String name, Object[] args, Func`2 target, MethodBase metadata, Type returnType)\n   at OdinUiTests.Pages.LibraryPage.__a$_around_RemoveMaterial_100666910_w_0(Object[])\n   at OdinUiTests.Pages.LibraryPage.RemoveMaterial(String materialName, Boolean withRightClick)\n   at OdinUiTests.Tests.Library.RemovingTemplatesTests.CheckDeleteDisciplineTemplateFromWhichDisciplineIsCreated() in /azp/_work/1/s/Tests/Library/UserLibraryTests.cs:line 580\n   at System.RuntimeMethodHandle.InvokeMethod(Object target, Void** arguments, Signature sig, Boolean isConstructor)\n   at System.Reflection.MethodBaseInvoker.InvokeWithNoArgs(Object obj, BindingFlags invokeAttr)\n--WebDriverTimeoutException\n   at OpenQA.Selenium.Support.UI.DefaultWait`1.ThrowTimeoutException(String exceptionMessage, Exception lastException)\n   at OpenQA.Selenium.Support.UI.DefaultWait`1.Until[TResult](Func`2 condition, CancellationToken token)\n   at OpenQA.Selenium.Support.UI.DefaultWait`1.Until[TResult](Func`2 condition)\n   at OdinUiTests.Pages.LibraryPage.ScrollUntilMaterialOrCatalogIsInView(Boolean isMaterial, String name) in /azp/_work/1/s/Pages/LibraryPage.cs:line 555\n   at OdinUiTests.Pages.LibraryPage.__a$_around_RemoveMaterial_100666910_o(String materialName, Boolean withRightClick) in /azp/_work/1/s/Pages/LibraryPage.cs:line 139\n   at OdinUiTests.Pages.LibraryPage.__a$_around_RemoveMaterial_100666910_u(Object[])\n   at Allure.Net.Commons.Steps.AllureAbstractStepAspect.WrapSync[T](Func`2 target, Object[] args, MethodBase metadata, String stepName, List`1 stepParameters)\n   at InvokeStub_AllureAbstractStepAspect.WrapSync(Object, Span`1)\n   at System.Reflection.MethodBaseInvoker.InvokeWithManyArgs(Object obj, BindingFlags invokeAttr, Binder binder, Object[] parameters, CultureInfo culture)\n--NoSuchElementException\n   at OpenQA.Selenium.WebDriver.UnpackAndThrowOnError(Response errorResponse, String commandToExecute)\n   at OpenQA.Selenium.WebDriver.ExecuteAsync(String driverCommandToExecute, Dictionary`2 parameters)\n   at SeleniumExtras.WaitHelpers.ExpectedConditions.<>c__DisplayClass19_0.<ElementToBeClickable>b__0(IWebDriver driver)\n   at OpenQA.Selenium.Support.UI.DefaultWait`1.Until[TResult](Func`2 condition, CancellationToken token)","flaky":false,"newFailed":false,"newBroken":false,"newPassed":false,"retriesCount":0,"retriesStatusChange":false,"beforeStages":[],"testStage":{"status":"broken","statusMessage":"System.Reflection.TargetInvocationException : Exception has been thrown by the target of an invocation.\n  ----> OpenQA.Selenium.WebDriverTimeoutException : Timed out after 30 seconds\n  ----> OpenQA.Selenium.NoSuchElementException : no such element: Unable to locate element: {\"method\":\"xpath\",\"selector\":\"//div[contains(@class,'content-item')]//span[contains(text(),'Lorem ipsum dolor sit amet, consectetur adipiscing elit. Etiam pulvinar, est vel iaculis fringilla, eros libero lobortis diam, et cursus arcu ex ut dui.')]\"}\n  (Session info: chrome=140.0.7339.127); For documentation on this error, please visit: https://www.selenium.dev/documentation/webdriver/troubleshooting/errors#no-such-element-exception","statusTrace":"   at System.Reflection.MethodBaseInvoker.InvokeWithManyArgs(Object obj, BindingFlags invokeAttr, Binder binder, Object[] parameters, CultureInfo culture)\n   at Allure.Net.Commons.Steps.AllureStepAspectBase.Around(String name, Object[] args, Func`2 target, MethodBase metadata, Type returnType)\n   at OdinUiTests.Pages.LibraryPage.__a$_around_RemoveMaterial_100666910_w_0(Object[])\n   at OdinUiTests.Pages.LibraryPage.RemoveMaterial(String materialName, Boolean withRightClick)\n   at OdinUiTests.Tests.Library.RemovingTemplatesTests.CheckDeleteDisciplineTemplateFromWhichDisciplineIsCreated() in /azp/_work/1/s/Tests/Library/UserLibraryTests.cs:line 580\n   at System.RuntimeMethodHandle.InvokeMethod(Object target, Void** arguments, Signature sig, Boolean isConstructor)\n   at System.Reflection.MethodBaseInvoker.InvokeWithNoArgs(Object obj, BindingFlags invokeAttr)\n--WebDriverTimeoutException\n   at OpenQA.Selenium.Support.UI.DefaultWait`1.ThrowTimeoutException(String exceptionMessage, Exception lastException)\n   at OpenQA.Selenium.Support.UI.DefaultWait`1.Until[TResult](Func`2 condition, CancellationToken token)\n   at OpenQA.Selenium.Support.UI.DefaultWait`1.Until[TResult](Func`2 condition)\n   at OdinUiTests.Pages.LibraryPage.ScrollUntilMaterialOrCatalogIsInView(Boolean isMaterial, String name) in /azp/_work/1/s/Pages/LibraryPage.cs:line 555\n   at OdinUiTests.Pages.LibraryPage.__a$_around_RemoveMaterial_100666910_o(String materialName, Boolean withRightClick) in /azp/_work/1/s/Pages/LibraryPage.cs:line 139\n   at OdinUiTests.Pages.LibraryPage.__a$_around_RemoveMaterial_100666910_u(Object[])\n   at Allure.Net.Commons.Steps.AllureAbstractStepAspect.WrapSync[T](Func`2 target, Object[] args, MethodBase metadata, String stepName, List`1 stepParameters)\n   at InvokeStub_AllureAbstractStepAspect.WrapSync(Object, Span`1)\n   at System.Reflection.MethodBaseInvoker.InvokeWithManyArgs(Object obj, BindingFlags invokeAttr, Binder binder, Object[] parameters, CultureInfo culture)\n--NoSuchElementException\n   at OpenQA.Selenium.WebDriver.UnpackAndThrowOnError(Response errorResponse, String commandToExecute)\n   at OpenQA.Selenium.WebDriver.ExecuteAsync(String driverCommandToExecute, Dictionary`2 parameters)\n   at SeleniumExtras.WaitHelpers.ExpectedConditions.<>c__DisplayClass19_0.<ElementToBeClickable>b__0(IWebDriver driver)\n   at OpenQA.Selenium.Support.UI.DefaultWait`1.Until[TResult](Func`2 condition, CancellationToken token)","steps":[{"name":"Открыть страницу Библиотеки","time":{"start":1757993752817,"stop":1757993753192,"duration":375},"status":"passed","steps":[],"attachments":[],"parameters":[{"name":"id","value":"\"345\""}],"stepsCount":0,"attachmentsCount":0,"shouldDisplayMessage":false,"hasContent":true},{"name":"Открыть каталог по названию","time":{"start":1757993753192,"stop":1757993755560,"duration":2368},"status":"passed","steps":[],"attachments":[],"parameters":[{"name":"dirName","value":"\"Lorem ipsum dolor sit amet, consectetur adipiscing elit. Etiam pulvinar, est vel iaculis fringilla, eros libero lobortis diam, et cursus arcu ex ut dui.\""}],"stepsCount":0,"attachmentsCount":0,"shouldDisplayMessage":false,"hasContent":true},{"name":"Удалить материал из Библиотеки","time":{"start":1757993755560,"stop":1757993760992,"duration":5432},"status":"passed","steps":[],"attachments":[],"parameters":[{"name":"materialName","value":"\"Lorem ipsum dolor sit amet, consectetur adipiscing elit. Etiam pulvinar, est vel iaculis fringilla, eros libero lobortis diam, et cursus arcu ex ut dui.\""},{"name":"withRightClick","value":"true"}],"stepsCount":0,"attachmentsCount":0,"shouldDisplayMessage":false,"hasContent":true},{"name":"Открыть страницу Библиотеки","time":{"start":1757993760993,"stop":1757993761374,"duration":381},"status":"passed","steps":[],"attachments":[],"parameters":[{"name":"id","value":"\"18927\""}],"stepsCount":0,"attachmentsCount":0,"shouldDisplayMessage":false,"hasContent":true},{"name":"Открыть каталог по названию","time":{"start":1757993761374,"stop":1757993763198,"duration":1824},"status":"passed","steps":[],"attachments":[],"parameters":[{"name":"dirName","value":"\"Lorem ipsum dolor sit amet, consectetur adipiscing elit. Etiam pulvinar, est vel iaculis fringilla, eros libero lobortis diam, et cursus arcu ex ut dui.\""}],"stepsCount":0,"attachmentsCount":0,"shouldDisplayMessage":false,"hasContent":true},{"name":"Удалить материал из Библиотеки","time":{"start":1757993763198,"stop":1757993796640,"duration":33442},"status":"broken","statusMessage":"Timed out after 30 seconds","statusTrace":"OpenQA.Selenium.WebDriverTimeoutException: Timed out after 30 seconds\n ---> OpenQA.Selenium.NoSuchElementException: no such element: Unable to locate element: {\"method\":\"xpath\",\"selector\":\"//div[contains(@class,'content-item')]//span[contains(text(),'Lorem ipsum dolor sit amet, consectetur adipiscing elit. Etiam pulvinar, est vel iaculis fringilla, eros libero lobortis diam, et cursus arcu ex ut dui.')]\"}\n  (Session info: chrome=140.0.7339.127); For documentation on this error, please visit: https://www.selenium.dev/documentation/webdriver/troubleshooting/errors#no-such-element-exception\n   at OpenQA.Selenium.WebDriver.UnpackAndThrowOnError(Response errorResponse, String commandToExecute)\n   at OpenQA.Selenium.WebDriver.ExecuteAsync(String driverCommandToExecute, Dictionary`2 parameters)\n   at SeleniumExtras.WaitHelpers.ExpectedConditions.<>c__DisplayClass19_0.<ElementToBeClickable>b__0(IWebDriver driver)\n   at OpenQA.Selenium.Support.UI.DefaultWait`1.Until[TResult](Func`2 condition, CancellationToken token)\n   --- End of inner exception stack trace ---\n   at OpenQA.Selenium.Support.UI.DefaultWait`1.ThrowTimeoutException(String exceptionMessage, Exception lastException)\n   at OpenQA.Selenium.Support.UI.DefaultWait`1.Until[TResult](Func`2 condition, CancellationToken token)\n   at OpenQA.Selenium.Support.UI.DefaultWait`1.Until[TResult](Func`2 condition)\n   at OdinUiTests.Pages.LibraryPage.ScrollUntilMaterialOrCatalogIsInView(Boolean isMaterial, String name) in /azp/_work/1/s/Pages/LibraryPage.cs:line 555\n   at OdinUiTests.Pages.LibraryPage.__a$_around_RemoveMaterial_100666910_o(String materialName, Boolean withRightClick) in /azp/_work/1/s/Pages/LibraryPage.cs:line 139\n   at OdinUiTests.Pages.LibraryPage.__a$_around_RemoveMaterial_100666910_u(Object[])\n   at Allure.Net.Commons.Steps.AllureAbstractStepAspect.WrapSync[T](Func`2 target, Object[] args, MethodBase metadata, String stepName, List`1 stepParameters)","steps":[],"attachments":[],"parameters":[{"name":"materialName","value":"\"Lorem ipsum dolor sit amet, consectetur adipiscing elit. Etiam pulvinar, est vel iaculis fringilla, eros libero lobortis diam, et cursus arcu ex ut dui.\""},{"name":"withRightClick","value":"true"}],"stepsCount":0,"attachmentsCount":0,"shouldDisplayMessage":true,"hasContent":true}],"attachments":[{"uid":"5d2ab3956189067d","name":"CheckDeleteDisciplineTemplateFromWhichDisciplineIsCreated.jpg","source":"5d2ab3956189067d.jpg","type":"image/jpeg","size":62788},{"uid":"deb6772e978d2585","name":"Console Output","source":"deb6772e978d2585.txt","type":"text/plain","size":59}],"parameters":[],"stepsCount":6,"attachmentsCount":2,"shouldDisplayMessage":true,"hasContent":true},"afterStages":[],"labels":[{"name":"thread","value":"NUnit.Fw.ParallelWorker#4"},{"name":"host","value":"3661a239562d"},{"name":"language","value":"C#"},{"name":"framework","value":"NUnit 3"},{"name":"package","value":"OdinUiTests.Tests.Library"},{"name":"testMethod","value":"CheckDeleteDisciplineTemplateFromWhichDisciplineIsCreated"},{"name":"testClass","value":"RemovingTemplatesTests"},{"name":"suite","value":"Библиотека"},{"name":"severity","value":"critical"},{"name":"tag","value":"Библиотека"},{"name":"tag","value":"Дежурство"},{"name":"tag","value":"Регресс"},{"name":"resultFormat","value":"allure2"}],"parameters":[],"links":[],"hidden":true,"retry":true,"extra":{"categories":[],"tags":["Регресс","Дежурство","Библиотека"]},"source":"6f829ed300e45a78.json","parameterValues":[]}