{"uid":"6f916ea3f84d2dd9","name":"Можно создать контрольную, если заполнены обязательные поля","fullName":"OdinUiTests:OdinUiTests.Tests.Activity.TestActivityCreatingTests.CheckCreateControlTypeActivity()","historyId":"3027fbf7f22139050b724aac6656a903","time":{"start":1741889145334,"stop":1741889182021,"duration":36687},"status":"broken","statusMessage":"OpenQA.Selenium.WebDriverTimeoutException : Timed out after 30 seconds\n  ----> OpenQA.Selenium.NoSuchElementException : no such element: Unable to locate element: {\"method\":\"xpath\",\"selector\":\"//div[contains(text(),'Тип активности')]/parent::div\"}\n  (Session info: chrome=132.0.6834.83); For documentation on this error, please visit: https://www.selenium.dev/documentation/webdriver/troubleshooting/errors#no-such-element-exception","statusTrace":"   at OpenQA.Selenium.Support.UI.DefaultWait`1.ThrowTimeoutException(String exceptionMessage, Exception lastException)\n   at OpenQA.Selenium.Support.UI.DefaultWait`1.Until[TResult](Func`2 condition, CancellationToken token)\n   at OpenQA.Selenium.Support.UI.DefaultWait`1.Until[TResult](Func`2 condition)\n   at OdinUiTests.Services.CommonService.SelectValueFromDropdown(IWebDriver driver, By selector, String value) in /azp/_work/3/s/Services/CommonService.cs:line 761\n   at OdinUiTests.Pages.ActivityCommonEditPage.<>c__DisplayClass93_0.<SetActivityType>b__0() in /azp/_work/3/s/Pages/ActivityCommonEditPage.cs:line 347\n   at Allure.Net.Commons.AllureApi.<>c__DisplayClass34_0.<Step>b__0()\n   at Allure.Net.Commons.AllureApi.ExecuteAction[T](String name, Action`1 start, Func`1 action, Action`1 resolve)\n   at Allure.Net.Commons.AllureApi.ExecuteStep[T](String name, Func`1 action)\n   at Allure.Net.Commons.AllureApi.Step(String name, Action action)\n   at OdinUiTests.Pages.ActivityCommonEditPage.SetActivityType(String type) in /azp/_work/3/s/Pages/ActivityCommonEditPage.cs:line 345\n   at OdinUiTests.Tests.Activity.ActivityCommon.CreateActivityWithControlType(IWebDriver driver, Boolean isTemplate, String id) in /azp/_work/3/s/Tests/Activity/ActivityCommon.cs:line 12\n   at OdinUiTests.Tests.Activity.ActivityCommon.CreateActivityWithControlType(IWebDriver driver, String disciplineId) in /azp/_work/3/s/Tests/Activity/ActivityCommon.cs:line 23\n   at OdinUiTests.Tests.Activity.TestActivityCreatingTests.CheckCreateControlTypeActivity() in /azp/_work/3/s/Tests/Activity/TestActivityTests.cs:line 28\n   at System.RuntimeMethodHandle.InvokeMethod(Object target, Void** arguments, Signature sig, Boolean isConstructor)\n   at System.Reflection.MethodBaseInvoker.InvokeWithNoArgs(Object obj, BindingFlags invokeAttr)\n--NoSuchElementException\n   at OpenQA.Selenium.WebDriver.UnpackAndThrowOnError(Response errorResponse, String commandToExecute)\n   at OpenQA.Selenium.WebDriver.ExecuteAsync(String driverCommandToExecute, Dictionary`2 parameters)\n   at SeleniumExtras.WaitHelpers.ExpectedConditions.<>c__DisplayClass19_0.<ElementToBeClickable>b__0(IWebDriver driver)\n   at OpenQA.Selenium.Support.UI.DefaultWait`1.Until[TResult](Func`2 condition, CancellationToken token)","flaky":false,"newFailed":false,"newBroken":true,"newPassed":false,"retriesCount":0,"retriesStatusChange":false,"beforeStages":[],"testStage":{"status":"broken","statusMessage":"OpenQA.Selenium.WebDriverTimeoutException : Timed out after 30 seconds\n  ----> OpenQA.Selenium.NoSuchElementException : no such element: Unable to locate element: {\"method\":\"xpath\",\"selector\":\"//div[contains(text(),'Тип активности')]/parent::div\"}\n  (Session info: chrome=132.0.6834.83); For documentation on this error, please visit: https://www.selenium.dev/documentation/webdriver/troubleshooting/errors#no-such-element-exception","statusTrace":"   at OpenQA.Selenium.Support.UI.DefaultWait`1.ThrowTimeoutException(String exceptionMessage, Exception lastException)\n   at OpenQA.Selenium.Support.UI.DefaultWait`1.Until[TResult](Func`2 condition, CancellationToken token)\n   at OpenQA.Selenium.Support.UI.DefaultWait`1.Until[TResult](Func`2 condition)\n   at OdinUiTests.Services.CommonService.SelectValueFromDropdown(IWebDriver driver, By selector, String value) in /azp/_work/3/s/Services/CommonService.cs:line 761\n   at OdinUiTests.Pages.ActivityCommonEditPage.<>c__DisplayClass93_0.<SetActivityType>b__0() in /azp/_work/3/s/Pages/ActivityCommonEditPage.cs:line 347\n   at Allure.Net.Commons.AllureApi.<>c__DisplayClass34_0.<Step>b__0()\n   at Allure.Net.Commons.AllureApi.ExecuteAction[T](String name, Action`1 start, Func`1 action, Action`1 resolve)\n   at Allure.Net.Commons.AllureApi.ExecuteStep[T](String name, Func`1 action)\n   at Allure.Net.Commons.AllureApi.Step(String name, Action action)\n   at OdinUiTests.Pages.ActivityCommonEditPage.SetActivityType(String type) in /azp/_work/3/s/Pages/ActivityCommonEditPage.cs:line 345\n   at OdinUiTests.Tests.Activity.ActivityCommon.CreateActivityWithControlType(IWebDriver driver, Boolean isTemplate, String id) in /azp/_work/3/s/Tests/Activity/ActivityCommon.cs:line 12\n   at OdinUiTests.Tests.Activity.ActivityCommon.CreateActivityWithControlType(IWebDriver driver, String disciplineId) in /azp/_work/3/s/Tests/Activity/ActivityCommon.cs:line 23\n   at OdinUiTests.Tests.Activity.TestActivityCreatingTests.CheckCreateControlTypeActivity() in /azp/_work/3/s/Tests/Activity/TestActivityTests.cs:line 28\n   at System.RuntimeMethodHandle.InvokeMethod(Object target, Void** arguments, Signature sig, Boolean isConstructor)\n   at System.Reflection.MethodBaseInvoker.InvokeWithNoArgs(Object obj, BindingFlags invokeAttr)\n--NoSuchElementException\n   at OpenQA.Selenium.WebDriver.UnpackAndThrowOnError(Response errorResponse, String commandToExecute)\n   at OpenQA.Selenium.WebDriver.ExecuteAsync(String driverCommandToExecute, Dictionary`2 parameters)\n   at SeleniumExtras.WaitHelpers.ExpectedConditions.<>c__DisplayClass19_0.<ElementToBeClickable>b__0(IWebDriver driver)\n   at OpenQA.Selenium.Support.UI.DefaultWait`1.Until[TResult](Func`2 condition, CancellationToken token)","steps":[{"name":"Открыть страницу создания активности","time":{"start":1741889145334,"stop":1741889148429,"duration":3095},"status":"passed","steps":[],"attachments":[],"parameters":[{"name":"disciplineId","value":"\"5038\""}],"stepsCount":0,"attachmentsCount":0,"shouldDisplayMessage":false,"hasContent":true},{"name":"В поле 'Тип активности' выбрать значение 'Контрольная работа'","time":{"start":1741889148429,"stop":1741889178937,"duration":30508},"status":"broken","statusMessage":"Timed out after 30 seconds","statusTrace":"OpenQA.Selenium.WebDriverTimeoutException: Timed out after 30 seconds\n ---> OpenQA.Selenium.NoSuchElementException: no such element: Unable to locate element: {\"method\":\"xpath\",\"selector\":\"//div[contains(text(),'Тип активности')]/parent::div\"}\n  (Session info: chrome=132.0.6834.83); For documentation on this error, please visit: https://www.selenium.dev/documentation/webdriver/troubleshooting/errors#no-such-element-exception\n   at OpenQA.Selenium.WebDriver.UnpackAndThrowOnError(Response errorResponse, String commandToExecute)\n   at OpenQA.Selenium.WebDriver.ExecuteAsync(String driverCommandToExecute, Dictionary`2 parameters)\n   at SeleniumExtras.WaitHelpers.ExpectedConditions.<>c__DisplayClass19_0.<ElementToBeClickable>b__0(IWebDriver driver)\n   at OpenQA.Selenium.Support.UI.DefaultWait`1.Until[TResult](Func`2 condition, CancellationToken token)\n   --- End of inner exception stack trace ---\n   at OpenQA.Selenium.Support.UI.DefaultWait`1.ThrowTimeoutException(String exceptionMessage, Exception lastException)\n   at OpenQA.Selenium.Support.UI.DefaultWait`1.Until[TResult](Func`2 condition, CancellationToken token)\n   at OpenQA.Selenium.Support.UI.DefaultWait`1.Until[TResult](Func`2 condition)\n   at OdinUiTests.Services.CommonService.SelectValueFromDropdown(IWebDriver driver, By selector, String value) in /azp/_work/3/s/Services/CommonService.cs:line 761\n   at OdinUiTests.Pages.ActivityCommonEditPage.<>c__DisplayClass93_0.<SetActivityType>b__0() in /azp/_work/3/s/Pages/ActivityCommonEditPage.cs:line 347\n   at Allure.Net.Commons.AllureApi.<>c__DisplayClass34_0.<Step>b__0()\n   at Allure.Net.Commons.AllureApi.ExecuteAction[T](String name, Action`1 start, Func`1 action, Action`1 resolve)\n   at Allure.Net.Commons.AllureApi.ExecuteStep[T](String name, Func`1 action)\n   at Allure.Net.Commons.AllureApi.Step(String name, Action action)\n   at OdinUiTests.Pages.ActivityCommonEditPage.SetActivityType(String type) in /azp/_work/3/s/Pages/ActivityCommonEditPage.cs:line 345\n   at OdinUiTests.Tests.Activity.ActivityCommon.CreateActivityWithControlType(IWebDriver driver, Boolean isTemplate, String id) in /azp/_work/3/s/Tests/Activity/ActivityCommon.cs:line 12\n   at OdinUiTests.Tests.Activity.ActivityCommon.CreateActivityWithControlType(IWebDriver driver, String disciplineId) in /azp/_work/3/s/Tests/Activity/ActivityCommon.cs:line 23\n   at OdinUiTests.Tests.Activity.TestActivityCreatingTests.CheckCreateControlTypeActivity() in /azp/_work/3/s/Tests/Activity/TestActivityTests.cs:line 28\n   at System.RuntimeMethodHandle.InvokeMethod(Object target, Void** arguments, Signature sig, Boolean isConstructor)\n   at System.Reflection.MethodBaseInvoker.InvokeWithNoArgs(Object obj, BindingFlags invokeAttr)","steps":[],"attachments":[],"parameters":[],"stepsCount":0,"attachmentsCount":0,"shouldDisplayMessage":true,"hasContent":true}],"attachments":[{"uid":"dc2167710f399bf6","name":"CheckCreateControlTypeActivity.jpg","source":"dc2167710f399bf6.jpg","type":"image/jpeg","size":29138},{"uid":"a1af0b1f85596157","name":"Console Output","source":"a1af0b1f85596157.txt","type":"text/plain","size":76}],"parameters":[],"stepsCount":2,"attachmentsCount":2,"shouldDisplayMessage":true,"hasContent":true},"afterStages":[],"labels":[{"name":"thread","value":"NUnit.Fw.ParallelWorker#8"},{"name":"host","value":"6ac935c0ed16"},{"name":"language","value":"C#"},{"name":"framework","value":"NUnit 3"},{"name":"package","value":"OdinUiTests.Tests.Activity"},{"name":"testMethod","value":"CheckCreateControlTypeActivity"},{"name":"testClass","value":"TestActivityCreatingTests"},{"name":"parentSuite","value":"Активность"},{"name":"suite","value":"Контрольная"},{"name":"subSuite","value":"Создание контрольной"},{"name":"severity","value":"critical"},{"name":"tag","value":"Активность"},{"name":"tag","value":"Дежурство"},{"name":"tag","value":"Регресс"},{"name":"resultFormat","value":"allure2"}],"parameters":[],"links":[],"hidden":false,"retry":false,"extra":{"severity":"critical","retries":[],"categories":[{"name":"Test defects","matchedStatuses":[],"flaky":false}],"history":{"statistic":{"failed":0,"broken":4,"skipped":0,"passed":106,"unknown":0,"total":110},"items":[{"uid":"42bc810048c9b7c2","status":"passed","time":{"start":1741849511554,"stop":1741849563237,"duration":51683}},{"uid":"d7a76920b6e714b1","status":"passed","time":{"start":1741235957691,"stop":1741236004080,"duration":46389}},{"uid":"dd706f2c36ff3d21","status":"passed","time":{"start":1741138859358,"stop":1741138912447,"duration":53089}},{"uid":"3777ca327105f544","status":"passed","time":{"start":1740538813327,"stop":1740538863541,"duration":50214}},{"uid":"26b80f7230fd8472","status":"passed","time":{"start":1740533299481,"stop":1740533329270,"duration":29789}},{"uid":"c38787f6e5c30e91","status":"passed","time":{"start":1740120220745,"stop":1740120282245,"duration":61500}},{"uid":"e570156d3446e028","status":"passed","time":{"start":1739341195436,"stop":1739341242319,"duration":46883}},{"uid":"f57379252b59eaa2","status":"passed","time":{"start":1737611702459,"stop":1737611749145,"duration":46686}},{"uid":"199acf8586f73554","status":"passed","time":{"start":1737565882371,"stop":1737565930556,"duration":48185}},{"uid":"860ed92a79590582","status":"passed","time":{"start":1737524339613,"stop":1737524377808,"duration":38195}},{"uid":"a773e006f43aef4a","status":"passed","time":{"start":1736950479865,"stop":1736950507267,"duration":27402}},{"uid":"921e891ba44c3e5","status":"passed","time":{"start":1736922708667,"stop":1736922743080,"duration":34413}},{"uid":"151d42bf06a6eed3","status":"passed","time":{"start":1736922708667,"stop":1736922743080,"duration":34413}},{"uid":"d58677c37c8332e7","status":"passed","time":{"start":1735130171966,"stop":1735130187529,"duration":15563}},{"uid":"e3fd2dab836becc2","status":"passed","time":{"start":1732693032372,"stop":1732693045105,"duration":12733}},{"uid":"b560b09aacbdf8fe","status":"passed","time":{"start":1732117580609,"stop":1732117606832,"duration":26223}},{"uid":"ebc3d0107624dac4","status":"passed","time":{"start":1732033265459,"stop":1732033304802,"duration":39343}},{"uid":"2b60cc3911fdf3ce","status":"passed","time":{"start":1731945666076,"stop":1731945689692,"duration":23616}},{"uid":"c5a79e7cfedc9e56","status":"passed","time":{"start":1729836908423,"stop":1729836926827,"duration":18404}},{"uid":"5dcadd3119601d6f","status":"passed","time":{"start":1729747272400,"stop":1729747307393,"duration":34993}}]},"tags":["Регресс","Дежурство","Активность"]},"source":"6f916ea3f84d2dd9.json","parameterValues":[]}