{"uid":"70a9d66528d5473a","name":"Библиотека, плиточный вид: можно скопировать материал в другой каталог","fullName":"OdinUiTests:OdinUiTests.Tests.Library.LibraryInTileViewTests.CheckCopyMaterialToCatalogInTileView()","historyId":"142a9860dc9cd7cabb090510b8403359","time":{"start":1740123132844,"stop":1740123173267,"duration":40423},"status":"broken","statusMessage":"System.Reflection.TargetInvocationException : Exception has been thrown by the target of an invocation.\n  ----> OpenQA.Selenium.WebDriverTimeoutException : Timed out after 30 seconds\n  ----> OpenQA.Selenium.NoSuchElementException : no such element: Unable to locate element: {\"method\":\"css selector\",\"selector\":\".dz\\-button\"}\n  (Session info: chrome=132.0.6834.83); For documentation on this error, please visit: https://www.selenium.dev/documentation/webdriver/troubleshooting/errors#no-such-element-exception","statusTrace":"   at System.Reflection.MethodBaseInvoker.InvokeWithManyArgs(Object obj, BindingFlags invokeAttr, Binder binder, Object[] parameters, CultureInfo culture)\n   at Allure.Net.Commons.Steps.AllureStepAspectBase.Around(String name, Object[] args, Func`2 target, MethodBase metadata, Type returnType)\n   at OdinUiTests.Pages.LibraryPage.__a$_around_AddNewFileInLibrary_100666864_w_0(Object[])\n   at OdinUiTests.Pages.LibraryPage.AddNewFileInLibrary(String fileName)\n   at OdinUiTests.Pages.LibraryPage.GetInfoAboutExistingMaterial() in /azp/_work/5/s/Pages/LibraryPage.cs:line 680\n   at OdinUiTests.Pages.LibraryPage.GetNameOfExistingMaterial() in /azp/_work/5/s/Pages/LibraryPage.cs:line 598\n   at OdinUiTests.Tests.Library.LibraryInTileViewTests.CheckCopyMaterialToCatalogInTileView() in /azp/_work/5/s/Tests/Library/UserLibraryTests.cs:line 262\n   at System.RuntimeMethodHandle.InvokeMethod(Object target, Void** arguments, Signature sig, Boolean isConstructor)\n   at System.Reflection.MethodBaseInvoker.InvokeWithNoArgs(Object obj, BindingFlags invokeAttr)\n--WebDriverTimeoutException\n   at OpenQA.Selenium.Support.UI.DefaultWait`1.ThrowTimeoutException(String exceptionMessage, Exception lastException)\n   at OpenQA.Selenium.Support.UI.DefaultWait`1.Until[TResult](Func`2 condition, CancellationToken token)\n   at OpenQA.Selenium.Support.UI.DefaultWait`1.Until[TResult](Func`2 condition)\n   at OdinUiTests.Pages.LibraryPage.__a$_around_AddNewFileInLibrary_100666864_o(String fileName) in /azp/_work/5/s/Pages/LibraryPage.cs:line 279\n   at OdinUiTests.Pages.LibraryPage.__a$_around_AddNewFileInLibrary_100666864_u(Object[])\n   at Allure.Net.Commons.Steps.AllureAbstractStepAspect.WrapSync[T](Func`2 target, Object[] args, MethodBase metadata, String stepName, List`1 stepParameters)\n   at InvokeStub_AllureAbstractStepAspect.WrapSync(Object, Span`1)\n   at System.Reflection.MethodBaseInvoker.InvokeWithManyArgs(Object obj, BindingFlags invokeAttr, Binder binder, Object[] parameters, CultureInfo culture)\n--NoSuchElementException\n   at OpenQA.Selenium.WebDriver.UnpackAndThrowOnError(Response errorResponse, String commandToExecute)\n   at OpenQA.Selenium.WebDriver.ExecuteAsync(String driverCommandToExecute, Dictionary`2 parameters)\n   at SeleniumExtras.WaitHelpers.ExpectedConditions.<>c__DisplayClass19_0.<ElementToBeClickable>b__0(IWebDriver driver)\n   at OpenQA.Selenium.Support.UI.DefaultWait`1.Until[TResult](Func`2 condition, CancellationToken token)","flaky":false,"newFailed":false,"newBroken":true,"newPassed":false,"retriesCount":1,"retriesStatusChange":false,"beforeStages":[],"testStage":{"status":"broken","statusMessage":"System.Reflection.TargetInvocationException : Exception has been thrown by the target of an invocation.\n  ----> OpenQA.Selenium.WebDriverTimeoutException : Timed out after 30 seconds\n  ----> OpenQA.Selenium.NoSuchElementException : no such element: Unable to locate element: {\"method\":\"css selector\",\"selector\":\".dz\\-button\"}\n  (Session info: chrome=132.0.6834.83); For documentation on this error, please visit: https://www.selenium.dev/documentation/webdriver/troubleshooting/errors#no-such-element-exception","statusTrace":"   at System.Reflection.MethodBaseInvoker.InvokeWithManyArgs(Object obj, BindingFlags invokeAttr, Binder binder, Object[] parameters, CultureInfo culture)\n   at Allure.Net.Commons.Steps.AllureStepAspectBase.Around(String name, Object[] args, Func`2 target, MethodBase metadata, Type returnType)\n   at OdinUiTests.Pages.LibraryPage.__a$_around_AddNewFileInLibrary_100666864_w_0(Object[])\n   at OdinUiTests.Pages.LibraryPage.AddNewFileInLibrary(String fileName)\n   at OdinUiTests.Pages.LibraryPage.GetInfoAboutExistingMaterial() in /azp/_work/5/s/Pages/LibraryPage.cs:line 680\n   at OdinUiTests.Pages.LibraryPage.GetNameOfExistingMaterial() in /azp/_work/5/s/Pages/LibraryPage.cs:line 598\n   at OdinUiTests.Tests.Library.LibraryInTileViewTests.CheckCopyMaterialToCatalogInTileView() in /azp/_work/5/s/Tests/Library/UserLibraryTests.cs:line 262\n   at System.RuntimeMethodHandle.InvokeMethod(Object target, Void** arguments, Signature sig, Boolean isConstructor)\n   at System.Reflection.MethodBaseInvoker.InvokeWithNoArgs(Object obj, BindingFlags invokeAttr)\n--WebDriverTimeoutException\n   at OpenQA.Selenium.Support.UI.DefaultWait`1.ThrowTimeoutException(String exceptionMessage, Exception lastException)\n   at OpenQA.Selenium.Support.UI.DefaultWait`1.Until[TResult](Func`2 condition, CancellationToken token)\n   at OpenQA.Selenium.Support.UI.DefaultWait`1.Until[TResult](Func`2 condition)\n   at OdinUiTests.Pages.LibraryPage.__a$_around_AddNewFileInLibrary_100666864_o(String fileName) in /azp/_work/5/s/Pages/LibraryPage.cs:line 279\n   at OdinUiTests.Pages.LibraryPage.__a$_around_AddNewFileInLibrary_100666864_u(Object[])\n   at Allure.Net.Commons.Steps.AllureAbstractStepAspect.WrapSync[T](Func`2 target, Object[] args, MethodBase metadata, String stepName, List`1 stepParameters)\n   at InvokeStub_AllureAbstractStepAspect.WrapSync(Object, Span`1)\n   at System.Reflection.MethodBaseInvoker.InvokeWithManyArgs(Object obj, BindingFlags invokeAttr, Binder binder, Object[] parameters, CultureInfo culture)\n--NoSuchElementException\n   at OpenQA.Selenium.WebDriver.UnpackAndThrowOnError(Response errorResponse, String commandToExecute)\n   at OpenQA.Selenium.WebDriver.ExecuteAsync(String driverCommandToExecute, Dictionary`2 parameters)\n   at SeleniumExtras.WaitHelpers.ExpectedConditions.<>c__DisplayClass19_0.<ElementToBeClickable>b__0(IWebDriver driver)\n   at OpenQA.Selenium.Support.UI.DefaultWait`1.Until[TResult](Func`2 condition, CancellationToken token)","steps":[{"name":"Открыть страницу Библиотеки","time":{"start":1740123132865,"stop":1740123134637,"duration":1772},"status":"passed","steps":[],"attachments":[],"parameters":[{"name":"id","value":"\"18927\""}],"stepsCount":0,"attachmentsCount":0,"shouldDisplayMessage":false,"hasContent":true},{"name":"Добавление файла в Библиотеку","time":{"start":1740123139357,"stop":1740123172545,"duration":33188},"status":"broken","statusMessage":"Timed out after 30 seconds","statusTrace":"OpenQA.Selenium.WebDriverTimeoutException: Timed out after 30 seconds\n ---> OpenQA.Selenium.NoSuchElementException: no such element: Unable to locate element: {\"method\":\"css selector\",\"selector\":\".dz\\-button\"}\n  (Session info: chrome=132.0.6834.83); For documentation on this error, please visit: https://www.selenium.dev/documentation/webdriver/troubleshooting/errors#no-such-element-exception\n   at OpenQA.Selenium.WebDriver.UnpackAndThrowOnError(Response errorResponse, String commandToExecute)\n   at OpenQA.Selenium.WebDriver.ExecuteAsync(String driverCommandToExecute, Dictionary`2 parameters)\n   at SeleniumExtras.WaitHelpers.ExpectedConditions.<>c__DisplayClass19_0.<ElementToBeClickable>b__0(IWebDriver driver)\n   at OpenQA.Selenium.Support.UI.DefaultWait`1.Until[TResult](Func`2 condition, CancellationToken token)\n   --- End of inner exception stack trace ---\n   at OpenQA.Selenium.Support.UI.DefaultWait`1.ThrowTimeoutException(String exceptionMessage, Exception lastException)\n   at OpenQA.Selenium.Support.UI.DefaultWait`1.Until[TResult](Func`2 condition, CancellationToken token)\n   at OpenQA.Selenium.Support.UI.DefaultWait`1.Until[TResult](Func`2 condition)\n   at OdinUiTests.Pages.LibraryPage.__a$_around_AddNewFileInLibrary_100666864_o(String fileName) in /azp/_work/5/s/Pages/LibraryPage.cs:line 279\n   at OdinUiTests.Pages.LibraryPage.__a$_around_AddNewFileInLibrary_100666864_u(Object[])\n   at Allure.Net.Commons.Steps.AllureAbstractStepAspect.WrapSync[T](Func`2 target, Object[] args, MethodBase metadata, String stepName, List`1 stepParameters)","steps":[],"attachments":[],"parameters":[{"name":"fileName","value":"\"download.jpg\""}],"stepsCount":0,"attachmentsCount":0,"shouldDisplayMessage":true,"hasContent":true}],"attachments":[{"uid":"33c80fe7592758bc","name":"CheckCopyMaterialToCatalogInTileView.jpg","source":"33c80fe7592758bc.jpg","type":"image/jpeg","size":84773},{"uid":"15736e67d7b51cde","name":"Console Output","source":"15736e67d7b51cde.txt","type":"text/plain","size":51}],"parameters":[],"stepsCount":2,"attachmentsCount":2,"shouldDisplayMessage":true,"hasContent":true},"afterStages":[],"labels":[{"name":"thread","value":"NUnit.Fw.ParallelWorker#2"},{"name":"host","value":"af25acd2fc0e"},{"name":"language","value":"C#"},{"name":"framework","value":"NUnit 3"},{"name":"package","value":"OdinUiTests.Tests.Library"},{"name":"testMethod","value":"CheckCopyMaterialToCatalogInTileView"},{"name":"testClass","value":"LibraryInTileViewTests"},{"name":"suite","value":"Библиотека"},{"name":"severity","value":"critical"},{"name":"tag","value":"Библиотека"},{"name":"tag","value":"Дежурство"},{"name":"tag","value":"Регресс"},{"name":"resultFormat","value":"allure2"}],"parameters":[],"links":[],"hidden":false,"retry":false,"extra":{"severity":"critical","retries":[{"uid":"fcde0790c76e5a1c","status":"broken","statusDetails":"System.Reflection.TargetInvocationException : Exception has been thrown by the target of an invocation.\n  ----> OpenQA.Selenium.WebDriverTimeoutException : Timed out after 30 seconds\n  ----> OpenQA.Selenium.NoSuchElementException : no such element: Unable to locate element: {\"method\":\"css selector\",\"selector\":\".dz\\-button\"}\n  (Session info: chrome=132.0.6834.83); For documentation on this error, please visit: https://www.selenium.dev/documentation/webdriver/troubleshooting/errors#no-such-element-exception","time":{"start":1740121810952,"stop":1740121855645,"duration":44693}}],"categories":[{"name":"Test defects","matchedStatuses":[],"flaky":false}],"history":{"statistic":{"failed":3,"broken":3,"skipped":0,"passed":100,"unknown":0,"total":106},"items":[{"uid":"eaaa10a489040515","status":"passed","time":{"start":1739342519616,"stop":1739342560129,"duration":40513}},{"uid":"69d0698f088f0ee7","status":"passed","time":{"start":1737613710455,"stop":1737613755347,"duration":44892}},{"uid":"79696781ea3f0f43","status":"passed","time":{"start":1737567865764,"stop":1737567903260,"duration":37496}},{"uid":"f307ba5454341c15","status":"passed","time":{"start":1737525337221,"stop":1737525373715,"duration":36494}},{"uid":"1600a45203785b7b","status":"passed","time":{"start":1736951676970,"stop":1736951710266,"duration":33296}},{"uid":"ca072c4ebdfec5a6","status":"passed","time":{"start":1736923688804,"stop":1736923726389,"duration":37585}},{"uid":"68f8ea0606f48c9a","status":"passed","time":{"start":1736923688804,"stop":1736923726389,"duration":37585}},{"uid":"fc61b882fa51b113","status":"passed","time":{"start":1735130671485,"stop":1735130700596,"duration":29111}},{"uid":"5517743d6ff869b1","status":"passed","time":{"start":1732693435399,"stop":1732693460723,"duration":25324}},{"uid":"21caaf1eba434c97","status":"passed","time":{"start":1732118201518,"stop":1732118227255,"duration":25737}},{"uid":"7ac1eff472de2571","status":"passed","time":{"start":1732033965889,"stop":1732033990242,"duration":24353}},{"uid":"c3026c072d59d8cd","status":"passed","time":{"start":1731946078285,"stop":1731946100854,"duration":22569}},{"uid":"22736b2fd2e31619","status":"broken","statusDetails":"System.Exception : Текст сообщения не соответствует ожидаемому","time":{"start":1731471508451,"stop":1731471519062,"duration":10611}},{"uid":"2a0f2124f48e29a4","status":"broken","statusDetails":"System.Exception : Текст сообщения не соответствует ожидаемому","time":{"start":1731471080521,"stop":1731471091238,"duration":10717}},{"uid":"fe17b027bd13e425","status":"passed","time":{"start":1729837294554,"stop":1729837319640,"duration":25086}},{"uid":"7ca338e3a8250a12","status":"passed","time":{"start":1729747833419,"stop":1729747860466,"duration":27047}},{"uid":"174b598271a28cfc","status":"passed","time":{"start":1729672528888,"stop":1729672556896,"duration":28008}},{"uid":"54d8b72ff84b3c8b","status":"passed","time":{"start":1729611903613,"stop":1729611930160,"duration":26547}},{"uid":"af5f6e0a1edfd5da","status":"passed","time":{"start":1729578330697,"stop":1729578354878,"duration":24181}},{"uid":"ef289ebbde0e6aa5","status":"passed","statusDetails":"Библиотека, плиточный вид: можно скопировать материал в другой каталог","time":{"start":1729229087733,"stop":1729229112771,"duration":25038}}]},"tags":["Регресс","Дежурство","Библиотека"]},"source":"70a9d66528d5473a.json","parameterValues":[]}