{"uid":"7273330b1ec3c60f","name":"Можно найти отправленное сообщение в групповом чате","fullName":"OdinUiTests:OdinUiTests.Tests.Chat.GroupChatMessageTests.CheckFindSentMessageInGroupChat()","historyId":"ff0084b63a9e3fd873386b9d49365cdd","time":{"start":1735131426122,"stop":1735131479401,"duration":53279},"status":"broken","statusMessage":"OpenQA.Selenium.WebDriverTimeoutException : Timed out after 50 seconds\n  ----> OpenQA.Selenium.NoSuchElementException : no such element: Unable to locate element: {\"method\":\"css selector\",\"selector\":\"[class*='text-message ellipsis']\"}\n  (Session info: chrome-headless-shell=126.0.6478.126); For documentation on this error, please visit: https://www.selenium.dev/documentation/webdriver/troubleshooting/errors#no-such-element-exception","statusTrace":"   at OpenQA.Selenium.Support.UI.DefaultWait`1.ThrowTimeoutException(String exceptionMessage, Exception lastException)\n   at OpenQA.Selenium.Support.UI.DefaultWait`1.Until[TResult](Func`2 condition, CancellationToken token)\n   at OpenQA.Selenium.Support.UI.DefaultWait`1.Until[TResult](Func`2 condition)\n   at OdinUiTests.Pages.ChatCommonPage.__a$_around_CheckMessageIsFound_100666338_o(Boolean isMinichat, String message) in /azp/_work/2/s/Pages/ChatCommonPage.cs:line 1321\n   at OdinUiTests.Pages.ChatCommonPage.__a$_around_CheckMessageIsFound_100666338_u(Object[])\n   at Allure.Net.Commons.Steps.AllureAbstractStepAspect.WrapSync[T](Func`2 target, Object[] args, MethodBase metadata, String stepName, List`1 stepParameters)\n   at InvokeStub_AllureAbstractStepAspect.WrapSync(Object, Span`1)\n   at System.Reflection.MethodBaseInvoker.InvokeWithManyArgs(Object obj, BindingFlags invokeAttr, Binder binder, Object[] parameters, CultureInfo culture)\n--NoSuchElementException\n   at OpenQA.Selenium.WebDriver.UnpackAndThrowOnError(Response errorResponse, String commandToExecute)\n   at OpenQA.Selenium.WebDriver.ExecuteAsync(String driverCommandToExecute, Dictionary`2 parameters)\n   at SeleniumExtras.WaitHelpers.ExpectedConditions.<>c__DisplayClass19_0.<ElementToBeClickable>b__0(IWebDriver driver)\n   at OpenQA.Selenium.Support.UI.DefaultWait`1.Until[TResult](Func`2 condition, CancellationToken token)","flaky":false,"newFailed":false,"newBroken":true,"newPassed":false,"retriesCount":1,"retriesStatusChange":false,"beforeStages":[],"testStage":{"status":"broken","statusMessage":"OpenQA.Selenium.WebDriverTimeoutException : Timed out after 50 seconds\n  ----> OpenQA.Selenium.NoSuchElementException : no such element: Unable to locate element: {\"method\":\"css selector\",\"selector\":\"[class*='text-message ellipsis']\"}\n  (Session info: chrome-headless-shell=126.0.6478.126); For documentation on this error, please visit: https://www.selenium.dev/documentation/webdriver/troubleshooting/errors#no-such-element-exception","statusTrace":"   at OpenQA.Selenium.Support.UI.DefaultWait`1.ThrowTimeoutException(String exceptionMessage, Exception lastException)\n   at OpenQA.Selenium.Support.UI.DefaultWait`1.Until[TResult](Func`2 condition, CancellationToken token)\n   at OpenQA.Selenium.Support.UI.DefaultWait`1.Until[TResult](Func`2 condition)\n   at OdinUiTests.Pages.ChatCommonPage.__a$_around_CheckMessageIsFound_100666338_o(Boolean isMinichat, String message) in /azp/_work/2/s/Pages/ChatCommonPage.cs:line 1321\n   at OdinUiTests.Pages.ChatCommonPage.__a$_around_CheckMessageIsFound_100666338_u(Object[])\n   at Allure.Net.Commons.Steps.AllureAbstractStepAspect.WrapSync[T](Func`2 target, Object[] args, MethodBase metadata, String stepName, List`1 stepParameters)\n   at InvokeStub_AllureAbstractStepAspect.WrapSync(Object, Span`1)\n   at System.Reflection.MethodBaseInvoker.InvokeWithManyArgs(Object obj, BindingFlags invokeAttr, Binder binder, Object[] parameters, CultureInfo culture)\n--NoSuchElementException\n   at OpenQA.Selenium.WebDriver.UnpackAndThrowOnError(Response errorResponse, String commandToExecute)\n   at OpenQA.Selenium.WebDriver.ExecuteAsync(String driverCommandToExecute, Dictionary`2 parameters)\n   at SeleniumExtras.WaitHelpers.ExpectedConditions.<>c__DisplayClass19_0.<ElementToBeClickable>b__0(IWebDriver driver)\n   at OpenQA.Selenium.Support.UI.DefaultWait`1.Until[TResult](Func`2 condition, CancellationToken token)","steps":[{"name":"Открыть чат по прямой ссылке","time":{"start":1735131426132,"stop":1735131426508,"duration":376},"status":"passed","steps":[],"attachments":[],"parameters":[{"name":"chatId","value":"\"1406\""}],"stepsCount":0,"attachmentsCount":0,"shouldDisplayMessage":false,"hasContent":true},{"name":"Нажать на тридот меню и выбрать 'Поиск'","time":{"start":1735131426508,"stop":1735131428894,"duration":2386},"status":"passed","steps":[],"attachments":[],"parameters":[],"stepsCount":0,"attachmentsCount":0,"shouldDisplayMessage":false,"hasContent":false},{"name":"В строке поиска ввести текст ранее отправленного сообщения","time":{"start":1735131428894,"stop":1735131428944,"duration":50},"status":"passed","steps":[],"attachments":[],"parameters":[{"name":"message","value":"\"97D8C8A8239817C\""}],"stepsCount":0,"attachmentsCount":0,"shouldDisplayMessage":false,"hasContent":true},{"name":"Проверка того, что отправленное сообщение было найдено","time":{"start":1735131428944,"stop":1735131479052,"duration":50108},"status":"broken","statusMessage":"Timed out after 50 seconds","statusTrace":"OpenQA.Selenium.WebDriverTimeoutException: Timed out after 50 seconds\n ---> OpenQA.Selenium.NoSuchElementException: no such element: Unable to locate element: {\"method\":\"css selector\",\"selector\":\"[class*='text-message ellipsis']\"}\n  (Session info: chrome-headless-shell=126.0.6478.126); For documentation on this error, please visit: https://www.selenium.dev/documentation/webdriver/troubleshooting/errors#no-such-element-exception\n   at OpenQA.Selenium.WebDriver.UnpackAndThrowOnError(Response errorResponse, String commandToExecute)\n   at OpenQA.Selenium.WebDriver.ExecuteAsync(String driverCommandToExecute, Dictionary`2 parameters)\n   at SeleniumExtras.WaitHelpers.ExpectedConditions.<>c__DisplayClass19_0.<ElementToBeClickable>b__0(IWebDriver driver)\n   at OpenQA.Selenium.Support.UI.DefaultWait`1.Until[TResult](Func`2 condition, CancellationToken token)\n   --- End of inner exception stack trace ---\n   at OpenQA.Selenium.Support.UI.DefaultWait`1.ThrowTimeoutException(String exceptionMessage, Exception lastException)\n   at OpenQA.Selenium.Support.UI.DefaultWait`1.Until[TResult](Func`2 condition, CancellationToken token)\n   at OpenQA.Selenium.Support.UI.DefaultWait`1.Until[TResult](Func`2 condition)\n   at OdinUiTests.Pages.ChatCommonPage.__a$_around_CheckMessageIsFound_100666338_o(Boolean isMinichat, String message) in /azp/_work/2/s/Pages/ChatCommonPage.cs:line 1321\n   at OdinUiTests.Pages.ChatCommonPage.__a$_around_CheckMessageIsFound_100666338_u(Object[])\n   at Allure.Net.Commons.Steps.AllureAbstractStepAspect.WrapSync[T](Func`2 target, Object[] args, MethodBase metadata, String stepName, List`1 stepParameters)","steps":[],"attachments":[],"parameters":[{"name":"isMinichat","value":"false"},{"name":"message","value":"\"97D8C8A8239817C\""}],"stepsCount":0,"attachmentsCount":0,"shouldDisplayMessage":true,"hasContent":true}],"attachments":[{"uid":"782c6b3423d1014e","name":"CheckFindSentMessageInGroupChat.jpg","source":"782c6b3423d1014e.jpg","type":"image/jpeg","size":561888},{"uid":"9f96230a4ef06b80","name":"Console Output","source":"9f96230a4ef06b80.txt","type":"text/plain","size":39}],"parameters":[],"stepsCount":4,"attachmentsCount":2,"shouldDisplayMessage":true,"hasContent":true},"afterStages":[],"labels":[{"name":"thread","value":"ParallelWorker#5"},{"name":"host","value":"89505369bbaf"},{"name":"language","value":"C#"},{"name":"framework","value":"NUnit 3"},{"name":"package","value":"OdinUiTests.Tests.Chat"},{"name":"testMethod","value":"CheckFindSentMessageInGroupChat"},{"name":"testClass","value":"GroupChatMessageTests"},{"name":"suite","value":"Чат"},{"name":"subSuite","value":"Групповой чат"},{"name":"severity","value":"normal"},{"name":"tag","value":"Чат"},{"name":"tag","value":"Дежурство"},{"name":"tag","value":"Регресс"},{"name":"resultFormat","value":"allure2"}],"parameters":[],"links":[],"hidden":false,"retry":false,"extra":{"severity":"normal","retries":[{"uid":"61aea862d01e68c","status":"broken","statusDetails":"OpenQA.Selenium.WebDriverTimeoutException : Timed out after 50 seconds\n  ----> OpenQA.Selenium.NoSuchElementException : no such element: Unable to locate element: {\"method\":\"css selector\",\"selector\":\"[class*='text-message ellipsis']\"}\n  (Session info: chrome-headless-shell=126.0.6478.126); For documentation on this error, please visit: https://www.selenium.dev/documentation/webdriver/troubleshooting/errors#no-such-element-exception","time":{"start":1735130332983,"stop":1735130386924,"duration":53941}}],"categories":[{"name":"Test defects","matchedStatuses":[],"flaky":false}],"history":{"statistic":{"failed":2,"broken":3,"skipped":0,"passed":51,"unknown":0,"total":56},"items":[{"uid":"730b67c0c7df34a6","status":"passed","time":{"start":1732693158111,"stop":1732693164317,"duration":6206}},{"uid":"86edb25512124c27","status":"passed","time":{"start":1732117814680,"stop":1732117819478,"duration":4798}},{"uid":"c51ccf42e968b63","status":"passed","time":{"start":1732033555465,"stop":1732033561247,"duration":5782}},{"uid":"6c0681b1bbf22be","status":"passed","time":{"start":1731945807169,"stop":1731945811110,"duration":3941}},{"uid":"7123a90d62d374cc","status":"passed","time":{"start":1729837027438,"stop":1729837031477,"duration":4039}},{"uid":"c301a4643b0a0969","status":"passed","time":{"start":1729747450850,"stop":1729747456042,"duration":5192}},{"uid":"283ed8cef6a5d191","status":"passed","time":{"start":1729672188745,"stop":1729672195283,"duration":6538}},{"uid":"3f0278ab5c1d8c13","status":"broken","statusDetails":"OpenQA.Selenium.WebDriverTimeoutException : Timed out after 50 seconds\n  ----> OpenQA.Selenium.NoSuchElementException : no such element: Unable to locate element: {\"method\":\"css selector\",\"selector\":\"[class*='text-message ellipsis']\"}\n  (Session info: chrome-headless-shell=126.0.6478.126); For documentation on this error, please visit: https://www.selenium.dev/documentation/webdriver/troubleshooting/errors#no-such-element-exception","time":{"start":1729611561057,"stop":1729611615246,"duration":54189}},{"uid":"aa87a115f3719c6b","status":"passed","time":{"start":1729578056522,"stop":1729578060108,"duration":3586}},{"uid":"32890e07c0bda348","status":"passed","statusDetails":"Можно найти отправленное сообщение в групповом чате","time":{"start":1729228798012,"stop":1729228805179,"duration":7167}},{"uid":"ff2b8485ef40cebc","status":"passed","statusDetails":"Можно найти отправленное сообщение в групповом чате","time":{"start":1728640094612,"stop":1728640099805,"duration":5193}},{"uid":"a92edcc0adbbd0d","status":"passed","statusDetails":"Можно найти отправленное сообщение в групповом чате","time":{"start":1728625817988,"stop":1728625821940,"duration":3952}},{"uid":"9e45e9edd4c37777","status":"passed","statusDetails":"Можно найти отправленное сообщение в групповом чате","time":{"start":1727714469508,"stop":1727714473069,"duration":3561}},{"uid":"ef799a27e3266250","status":"passed","statusDetails":"Можно найти отправленное сообщение в групповом чате","time":{"start":1727466311636,"stop":1727466316437,"duration":4801}},{"uid":"5c85a681bf156b42","status":"passed","statusDetails":"Можно найти отправленное сообщение в групповом чате","time":{"start":1727440703871,"stop":1727440707372,"duration":3501}},{"uid":"edb78e467d5ac148","status":"passed","statusDetails":"Можно найти отправленное сообщение в групповом чате","time":{"start":1727437926015,"stop":1727437932053,"duration":6038}},{"uid":"9388f09786ae41e9","status":"passed","statusDetails":"Можно найти отправленное сообщение в групповом чате","time":{"start":1727353000297,"stop":1727353004086,"duration":3789}},{"uid":"a4d82396e7294c52","status":"passed","statusDetails":"Можно найти отправленное сообщение в групповом чате","time":{"start":1727314109322,"stop":1727314117354,"duration":8032}},{"uid":"add18c56f62e250","status":"passed","statusDetails":"Можно найти отправленное сообщение в групповом чате","time":{"start":1727243900315,"stop":1727243904575,"duration":4260}},{"uid":"b9955634971c8361","status":"passed","statusDetails":"Можно найти отправленное сообщение в групповом чате","time":{"start":1727241190486,"stop":1727241196526,"duration":6040}}]},"tags":["Регресс","Дежурство","Чат"]},"source":"7273330b1ec3c60f.json","parameterValues":[]}