{"uid":"73a1da77fca6b4d1","name":"Видимость материала во время проведения активности","fullName":"OdinUiTests:OdinUiTests.Tests.Activity.ActivityContentVisibilityTests.CheckVisibilityMaterialDuringActivity()","historyId":"c308e9125d965eeb48b4433c168717ec","time":{"start":1741142075949,"stop":1741142117261,"duration":41312},"status":"broken","statusMessage":"System.Reflection.TargetInvocationException : Exception has been thrown by the target of an invocation.\n  ----> OpenQA.Selenium.WebDriverTimeoutException : Timed out after 30 seconds\n  ----> OpenQA.Selenium.NoSuchElementException : no such element: Unable to locate element: {\"method\":\"css selector\",\"selector\":\".date [type='text']\"}\n  (Session info: chrome=132.0.6834.83); For documentation on this error, please visit: https://www.selenium.dev/documentation/webdriver/troubleshooting/errors#no-such-element-exception","statusTrace":"   at System.Reflection.MethodBaseInvoker.InvokeWithManyArgs(Object obj, BindingFlags invokeAttr, Binder binder, Object[] parameters, CultureInfo culture)\n   at Allure.Net.Commons.Steps.AllureStepAspectBase.Around(String name, Object[] args, Func`2 target, MethodBase metadata, Type returnType)\n   at OdinUiTests.Pages.ActivityCommonEditPage.__a$_around_AddStartDate_100665975_w_0(Object[])\n   at OdinUiTests.Pages.ActivityCommonEditPage.AddStartDate(String startDate)\n   at OdinUiTests.Tests.Activity.ActivityContentVisibilityTests.SetUp() in /azp/_work/2/s/Tests/Activity/ActivityTests.cs:line 434\n   at System.RuntimeMethodHandle.InvokeMethod(Object target, Void** arguments, Signature sig, Boolean isConstructor)\n   at System.Reflection.MethodBaseInvoker.InvokeWithNoArgs(Object obj, BindingFlags invokeAttr)\n--WebDriverTimeoutException\n   at OpenQA.Selenium.Support.UI.DefaultWait`1.ThrowTimeoutException(String exceptionMessage, Exception lastException)\n   at OpenQA.Selenium.Support.UI.DefaultWait`1.Until[TResult](Func`2 condition, CancellationToken token)\n   at OpenQA.Selenium.Support.UI.DefaultWait`1.Until[TResult](Func`2 condition)\n   at OdinUiTests.Services.CommonService.AddDate(IWebDriver driver, Boolean isCohort, Boolean isStartDate, Boolean onlyOneDate, String date) in /azp/_work/2/s/Services/CommonService.cs:line 214\n   at OdinUiTests.Pages.ActivityCommonEditPage.__a$_around_AddStartDate_100665975_o(String startDate) in /azp/_work/2/s/Pages/ActivityCommonEditPage.cs:line 448\n   at OdinUiTests.Pages.ActivityCommonEditPage.__a$_around_AddStartDate_100665975_u(Object[])\n   at Allure.Net.Commons.Steps.AllureAbstractStepAspect.WrapSync[T](Func`2 target, Object[] args, MethodBase metadata, String stepName, List`1 stepParameters)\n   at InvokeStub_AllureAbstractStepAspect.WrapSync(Object, Span`1)\n   at System.Reflection.MethodBaseInvoker.InvokeWithManyArgs(Object obj, BindingFlags invokeAttr, Binder binder, Object[] parameters, CultureInfo culture)\n--NoSuchElementException\n   at OpenQA.Selenium.WebDriver.UnpackAndThrowOnError(Response errorResponse, String commandToExecute)\n   at OpenQA.Selenium.WebDriver.ExecuteAsync(String driverCommandToExecute, Dictionary`2 parameters)\n   at SeleniumExtras.WaitHelpers.ExpectedConditions.<>c__DisplayClass19_0.<ElementToBeClickable>b__0(IWebDriver driver)\n   at OpenQA.Selenium.Support.UI.DefaultWait`1.Until[TResult](Func`2 condition, CancellationToken token)","flaky":false,"newFailed":false,"newBroken":true,"newPassed":false,"retriesCount":1,"retriesStatusChange":false,"beforeStages":[],"testStage":{"status":"broken","statusMessage":"System.Reflection.TargetInvocationException : Exception has been thrown by the target of an invocation.\n  ----> OpenQA.Selenium.WebDriverTimeoutException : Timed out after 30 seconds\n  ----> OpenQA.Selenium.NoSuchElementException : no such element: Unable to locate element: {\"method\":\"css selector\",\"selector\":\".date [type='text']\"}\n  (Session info: chrome=132.0.6834.83); For documentation on this error, please visit: https://www.selenium.dev/documentation/webdriver/troubleshooting/errors#no-such-element-exception","statusTrace":"   at System.Reflection.MethodBaseInvoker.InvokeWithManyArgs(Object obj, BindingFlags invokeAttr, Binder binder, Object[] parameters, CultureInfo culture)\n   at Allure.Net.Commons.Steps.AllureStepAspectBase.Around(String name, Object[] args, Func`2 target, MethodBase metadata, Type returnType)\n   at OdinUiTests.Pages.ActivityCommonEditPage.__a$_around_AddStartDate_100665975_w_0(Object[])\n   at OdinUiTests.Pages.ActivityCommonEditPage.AddStartDate(String startDate)\n   at OdinUiTests.Tests.Activity.ActivityContentVisibilityTests.SetUp() in /azp/_work/2/s/Tests/Activity/ActivityTests.cs:line 434\n   at System.RuntimeMethodHandle.InvokeMethod(Object target, Void** arguments, Signature sig, Boolean isConstructor)\n   at System.Reflection.MethodBaseInvoker.InvokeWithNoArgs(Object obj, BindingFlags invokeAttr)\n--WebDriverTimeoutException\n   at OpenQA.Selenium.Support.UI.DefaultWait`1.ThrowTimeoutException(String exceptionMessage, Exception lastException)\n   at OpenQA.Selenium.Support.UI.DefaultWait`1.Until[TResult](Func`2 condition, CancellationToken token)\n   at OpenQA.Selenium.Support.UI.DefaultWait`1.Until[TResult](Func`2 condition)\n   at OdinUiTests.Services.CommonService.AddDate(IWebDriver driver, Boolean isCohort, Boolean isStartDate, Boolean onlyOneDate, String date) in /azp/_work/2/s/Services/CommonService.cs:line 214\n   at OdinUiTests.Pages.ActivityCommonEditPage.__a$_around_AddStartDate_100665975_o(String startDate) in /azp/_work/2/s/Pages/ActivityCommonEditPage.cs:line 448\n   at OdinUiTests.Pages.ActivityCommonEditPage.__a$_around_AddStartDate_100665975_u(Object[])\n   at Allure.Net.Commons.Steps.AllureAbstractStepAspect.WrapSync[T](Func`2 target, Object[] args, MethodBase metadata, String stepName, List`1 stepParameters)\n   at InvokeStub_AllureAbstractStepAspect.WrapSync(Object, Span`1)\n   at System.Reflection.MethodBaseInvoker.InvokeWithManyArgs(Object obj, BindingFlags invokeAttr, Binder binder, Object[] parameters, CultureInfo culture)\n--NoSuchElementException\n   at OpenQA.Selenium.WebDriver.UnpackAndThrowOnError(Response errorResponse, String commandToExecute)\n   at OpenQA.Selenium.WebDriver.ExecuteAsync(String driverCommandToExecute, Dictionary`2 parameters)\n   at SeleniumExtras.WaitHelpers.ExpectedConditions.<>c__DisplayClass19_0.<ElementToBeClickable>b__0(IWebDriver driver)\n   at OpenQA.Selenium.Support.UI.DefaultWait`1.Until[TResult](Func`2 condition, CancellationToken token)","steps":[{"name":"Открыть страницу редактирования активности","time":{"start":1741142077664,"stop":1741142082256,"duration":4592},"status":"passed","steps":[],"attachments":[],"parameters":[{"name":"activityId","value":"\"378\""}],"stepsCount":0,"attachmentsCount":0,"shouldDisplayMessage":false,"hasContent":true},{"name":"Редактировать дату начала активности","time":{"start":1741142082256,"stop":1741142114066,"duration":31810},"status":"broken","statusMessage":"Timed out after 30 seconds","statusTrace":"OpenQA.Selenium.WebDriverTimeoutException: Timed out after 30 seconds\n ---> OpenQA.Selenium.NoSuchElementException: no such element: Unable to locate element: {\"method\":\"css selector\",\"selector\":\".date [type='text']\"}\n  (Session info: chrome=132.0.6834.83); For documentation on this error, please visit: https://www.selenium.dev/documentation/webdriver/troubleshooting/errors#no-such-element-exception\n   at OpenQA.Selenium.WebDriver.UnpackAndThrowOnError(Response errorResponse, String commandToExecute)\n   at OpenQA.Selenium.WebDriver.ExecuteAsync(String driverCommandToExecute, Dictionary`2 parameters)\n   at SeleniumExtras.WaitHelpers.ExpectedConditions.<>c__DisplayClass19_0.<ElementToBeClickable>b__0(IWebDriver driver)\n   at OpenQA.Selenium.Support.UI.DefaultWait`1.Until[TResult](Func`2 condition, CancellationToken token)\n   --- End of inner exception stack trace ---\n   at OpenQA.Selenium.Support.UI.DefaultWait`1.ThrowTimeoutException(String exceptionMessage, Exception lastException)\n   at OpenQA.Selenium.Support.UI.DefaultWait`1.Until[TResult](Func`2 condition, CancellationToken token)\n   at OpenQA.Selenium.Support.UI.DefaultWait`1.Until[TResult](Func`2 condition)\n   at OdinUiTests.Services.CommonService.AddDate(IWebDriver driver, Boolean isCohort, Boolean isStartDate, Boolean onlyOneDate, String date) in /azp/_work/2/s/Services/CommonService.cs:line 214\n   at OdinUiTests.Pages.ActivityCommonEditPage.__a$_around_AddStartDate_100665975_o(String startDate) in /azp/_work/2/s/Pages/ActivityCommonEditPage.cs:line 448\n   at OdinUiTests.Pages.ActivityCommonEditPage.__a$_around_AddStartDate_100665975_u(Object[])\n   at Allure.Net.Commons.Steps.AllureAbstractStepAspect.WrapSync[T](Func`2 target, Object[] args, MethodBase metadata, String stepName, List`1 stepParameters)","steps":[],"attachments":[],"parameters":[{"name":"startDate","value":"\"02.03.2025\""}],"stepsCount":0,"attachmentsCount":0,"shouldDisplayMessage":true,"hasContent":true}],"attachments":[{"uid":"f92ab6904bcb2947","name":"CheckVisibilityMaterialDuringActivity.jpg","source":"f92ab6904bcb2947.jpg","type":"image/jpeg","size":29185},{"uid":"62431bf8dfef8eed","name":"Console Output","source":"62431bf8dfef8eed.txt","type":"text/plain","size":47}],"parameters":[],"stepsCount":2,"attachmentsCount":2,"shouldDisplayMessage":true,"hasContent":true},"afterStages":[],"labels":[{"name":"thread","value":"NUnit.Fw.ParallelWorker#7"},{"name":"host","value":"6306f9e1682f"},{"name":"language","value":"C#"},{"name":"framework","value":"NUnit 3"},{"name":"package","value":"OdinUiTests.Tests.Activity"},{"name":"testMethod","value":"CheckVisibilityMaterialDuringActivity"},{"name":"testClass","value":"ActivityContentVisibilityTests"},{"name":"parentSuite","value":"Активность"},{"name":"suite","value":"Обычная активность"},{"name":"subSuite","value":"Редактирование активности"},{"name":"severity","value":"critical"},{"name":"tag","value":"Активность"},{"name":"tag","value":"Дежурство"},{"name":"tag","value":"Регресс"},{"name":"resultFormat","value":"allure2"}],"parameters":[],"links":[],"hidden":false,"retry":false,"extra":{"severity":"critical","retries":[{"uid":"e5bc1116e4377d57","status":"broken","statusDetails":"System.Reflection.TargetInvocationException : Exception has been thrown by the target of an invocation.\n  ----> OpenQA.Selenium.WebDriverTimeoutException : Timed out after 30 seconds\n  ----> OpenQA.Selenium.NoSuchElementException : no such element: Unable to locate element: {\"method\":\"css selector\",\"selector\":\".date [type='text']\"}\n  (Session info: chrome=132.0.6834.83); For documentation on this error, please visit: https://www.selenium.dev/documentation/webdriver/troubleshooting/errors#no-such-element-exception","time":{"start":1741138571754,"stop":1741138615455,"duration":43701}}],"categories":[{"name":"Test defects","matchedStatuses":[],"flaky":false}],"history":{"statistic":{"failed":4,"broken":1,"skipped":0,"passed":102,"unknown":0,"total":107},"items":[{"uid":"3a3731da110d56c5","status":"passed","time":{"start":1740538532733,"stop":1740538623132,"duration":90399}},{"uid":"89fcdeadf29ffd35","status":"passed","time":{"start":1740533076874,"stop":1740533151489,"duration":74615}},{"uid":"58887df057162626","status":"passed","time":{"start":1740119876058,"stop":1740119989747,"duration":113689}},{"uid":"191bda4bd239b3a8","status":"passed","time":{"start":1739340912018,"stop":1739341004230,"duration":92212}},{"uid":"80c66cdcd58e6669","status":"passed","time":{"start":1737611451647,"stop":1737611541851,"duration":90204}},{"uid":"d8b4f10c870b3791","status":"passed","time":{"start":1737565619477,"stop":1737565712768,"duration":93291}},{"uid":"d1791b74fcd4a136","status":"passed","time":{"start":1737524128113,"stop":1737524199213,"duration":71100}},{"uid":"6e15b147acc3041","status":"passed","time":{"start":1736950309757,"stop":1736950368169,"duration":58412}},{"uid":"88fedb25b160cdba","status":"passed","time":{"start":1736922501767,"stop":1736922572466,"duration":70699}},{"uid":"ce8d52a7de00dfdd","status":"passed","time":{"start":1736922501767,"stop":1736922572466,"duration":70699}},{"uid":"6da8ad8debac38ea","status":"passed","time":{"start":1735130064328,"stop":1735130094920,"duration":30592}},{"uid":"2d662c6adc85b80d","status":"passed","time":{"start":1732692934221,"stop":1732692960960,"duration":26739}},{"uid":"89b3077c17801204","status":"passed","time":{"start":1732117505013,"stop":1732117525938,"duration":20925}},{"uid":"ac571fd05ee0c0b2","status":"passed","time":{"start":1732033167545,"stop":1732033187891,"duration":20346}},{"uid":"818f4e3565d0a289","status":"passed","time":{"start":1731945573964,"stop":1731945602383,"duration":28419}},{"uid":"993d020c424aa137","status":"passed","time":{"start":1729836836605,"stop":1729836856861,"duration":20256}},{"uid":"d85081598e46651a","status":"passed","time":{"start":1729748500439,"stop":1729748526466,"duration":26027}},{"uid":"20cd1090908bb82a","status":"passed","time":{"start":1729671878832,"stop":1729671909721,"duration":30889}},{"uid":"e5b9cf57729acb6d","status":"passed","time":{"start":1729611306379,"stop":1729611341069,"duration":34690}},{"uid":"ef800c8e4cce852f","status":"passed","time":{"start":1729577850984,"stop":1729577871636,"duration":20652}}]},"tags":["Регресс","Дежурство","Активность"]},"source":"73a1da77fca6b4d1.json","parameterValues":[]}