{"uid":"7a0490405af7e453","name":"Страница дисциплины с ИОТ: между блоками можно добавить ещё один блок","fullName":"OdinUiTests:OdinUiTests.Tests.Discipline.IOTGraphTests.CheckAddBlockBetweenBlocks()","historyId":"952a1ba273b7a6a1a6683e7376bf6397","time":{"start":1737567731356,"stop":1737567783762,"duration":52406},"status":"broken","statusMessage":"OpenQA.Selenium.WebDriverTimeoutException : Timed out after 30 seconds\n  ----> OpenQA.Selenium.NoSuchElementException : no such element: Unable to locate element: {\"method\":\"xpath\",\"selector\":\"(//iframe)[1]\"}\n  (Session info: chrome=132.0.6834.83); For documentation on this error, please visit: https://www.selenium.dev/documentation/webdriver/troubleshooting/errors#no-such-element-exception","statusTrace":"   at OpenQA.Selenium.Support.UI.DefaultWait`1.ThrowTimeoutException(String exceptionMessage, Exception lastException)\n   at OpenQA.Selenium.Support.UI.DefaultWait`1.Until[TResult](Func`2 condition, CancellationToken token)\n   at OpenQA.Selenium.Support.UI.DefaultWait`1.Until[TResult](Func`2 condition)\n   at OdinUiTests.Services.CommonService.SetTextInTinymceEditorField(IWebDriver driver, String text) in /azp/_work/1/s/Services/CommonService.cs:line 368\n   at OdinUiTests.Pages.ActivityCommonEditPage.__a$_around_FillDescriptionField_100665945_o(String description) in /azp/_work/1/s/Pages/ActivityCommonEditPage.cs:line 188\n   at OdinUiTests.Pages.ActivityCommonEditPage.__a$_around_FillDescriptionField_100665945_u(Object[])\n   at Allure.Net.Commons.Steps.AllureAbstractStepAspect.WrapSync[T](Func`2 target, Object[] args, MethodBase metadata, String stepName, List`1 stepParameters)\n   at InvokeStub_AllureAbstractStepAspect.WrapSync(Object, Span`1)\n   at System.Reflection.MethodBaseInvoker.InvokeWithManyArgs(Object obj, BindingFlags invokeAttr, Binder binder, Object[] parameters, CultureInfo culture)\n--NoSuchElementException\n   at OpenQA.Selenium.WebDriver.UnpackAndThrowOnError(Response errorResponse, String commandToExecute)\n   at OpenQA.Selenium.WebDriver.ExecuteAsync(String driverCommandToExecute, Dictionary`2 parameters)\n   at SeleniumExtras.WaitHelpers.ExpectedConditions.<>c__DisplayClass16_0.<FrameToBeAvailableAndSwitchToIt>b__0(IWebDriver driver)\n   at OpenQA.Selenium.Support.UI.DefaultWait`1.Until[TResult](Func`2 condition, CancellationToken token)","flaky":false,"newFailed":false,"newBroken":false,"newPassed":false,"retriesCount":0,"retriesStatusChange":false,"beforeStages":[],"testStage":{"status":"broken","statusMessage":"OpenQA.Selenium.WebDriverTimeoutException : Timed out after 30 seconds\n  ----> OpenQA.Selenium.NoSuchElementException : no such element: Unable to locate element: {\"method\":\"xpath\",\"selector\":\"(//iframe)[1]\"}\n  (Session info: chrome=132.0.6834.83); For documentation on this error, please visit: https://www.selenium.dev/documentation/webdriver/troubleshooting/errors#no-such-element-exception","statusTrace":"   at OpenQA.Selenium.Support.UI.DefaultWait`1.ThrowTimeoutException(String exceptionMessage, Exception lastException)\n   at OpenQA.Selenium.Support.UI.DefaultWait`1.Until[TResult](Func`2 condition, CancellationToken token)\n   at OpenQA.Selenium.Support.UI.DefaultWait`1.Until[TResult](Func`2 condition)\n   at OdinUiTests.Services.CommonService.SetTextInTinymceEditorField(IWebDriver driver, String text) in /azp/_work/1/s/Services/CommonService.cs:line 368\n   at OdinUiTests.Pages.ActivityCommonEditPage.__a$_around_FillDescriptionField_100665945_o(String description) in /azp/_work/1/s/Pages/ActivityCommonEditPage.cs:line 188\n   at OdinUiTests.Pages.ActivityCommonEditPage.__a$_around_FillDescriptionField_100665945_u(Object[])\n   at Allure.Net.Commons.Steps.AllureAbstractStepAspect.WrapSync[T](Func`2 target, Object[] args, MethodBase metadata, String stepName, List`1 stepParameters)\n   at InvokeStub_AllureAbstractStepAspect.WrapSync(Object, Span`1)\n   at System.Reflection.MethodBaseInvoker.InvokeWithManyArgs(Object obj, BindingFlags invokeAttr, Binder binder, Object[] parameters, CultureInfo culture)\n--NoSuchElementException\n   at OpenQA.Selenium.WebDriver.UnpackAndThrowOnError(Response errorResponse, String commandToExecute)\n   at OpenQA.Selenium.WebDriver.ExecuteAsync(String driverCommandToExecute, Dictionary`2 parameters)\n   at SeleniumExtras.WaitHelpers.ExpectedConditions.<>c__DisplayClass16_0.<FrameToBeAvailableAndSwitchToIt>b__0(IWebDriver driver)\n   at OpenQA.Selenium.Support.UI.DefaultWait`1.Until[TResult](Func`2 condition, CancellationToken token)","steps":[{"name":"Рандомна получить вид блока для добавления","time":{"start":1737567731362,"stop":1737567731362,"duration":0},"status":"passed","steps":[],"attachments":[],"parameters":[{"name":"countOfBlock","value":"3"}],"stepsCount":0,"attachmentsCount":0,"shouldDisplayMessage":false,"hasContent":true},{"name":"Открыть страницу дисциплины","time":{"start":1737567731362,"stop":1737567732580,"duration":1218},"status":"passed","steps":[],"attachments":[],"parameters":[{"name":"disciplineId","value":"\"111407\""}],"stepsCount":0,"attachmentsCount":0,"shouldDisplayMessage":false,"hasContent":true},{"name":"Добавить второй блок в дисциплину с ИОТ если она отсутствует","time":{"start":1737567732581,"stop":1737567736379,"duration":3798},"status":"passed","steps":[{"name":"Добавить блок в дисциплину с ИОТ если она отсутствует","time":{"start":1737567732581,"stop":1737567734890,"duration":2309},"status":"passed","steps":[{"name":"Рандомна получить вид блока для добавления","time":{"start":1737567732581,"stop":1737567732581,"duration":0},"status":"passed","steps":[],"attachments":[],"parameters":[{"name":"countOfBlock","value":"3"}],"stepsCount":0,"attachmentsCount":0,"shouldDisplayMessage":false,"hasContent":true}],"attachments":[],"parameters":[{"name":"disId","value":"\"111407\""}],"stepsCount":1,"attachmentsCount":0,"shouldDisplayMessage":false,"hasContent":true},{"name":"Рандомна получить вид блока для добавления","time":{"start":1737567736367,"stop":1737567736367,"duration":0},"status":"passed","steps":[],"attachments":[],"parameters":[{"name":"countOfBlock","value":"3"}],"stepsCount":0,"attachmentsCount":0,"shouldDisplayMessage":false,"hasContent":true}],"attachments":[],"parameters":[{"name":"disId","value":"\"111407\""}],"stepsCount":3,"attachmentsCount":0,"shouldDisplayMessage":false,"hasContent":true},{"name":"Нажать на кнопку добавления блока указав нужную кнопку","time":{"start":1737567736379,"stop":1737567743875,"duration":7496},"status":"passed","steps":[],"attachments":[],"parameters":[{"name":"location","value":"\"between\""}],"stepsCount":0,"attachmentsCount":0,"shouldDisplayMessage":false,"hasContent":true},{"name":"Добавления блока в указанное место в дисциплину с ИОТ","time":{"start":1737567743876,"stop":1737567780670,"duration":36794},"status":"broken","statusMessage":"Exception has been thrown by the target of an invocation.","statusTrace":"System.Reflection.TargetInvocationException: Exception has been thrown by the target of an invocation.\n ---> OpenQA.Selenium.WebDriverTimeoutException: Timed out after 30 seconds\n ---> OpenQA.Selenium.NoSuchElementException: no such element: Unable to locate element: {\"method\":\"xpath\",\"selector\":\"(//iframe)[1]\"}\n  (Session info: chrome=132.0.6834.83); For documentation on this error, please visit: https://www.selenium.dev/documentation/webdriver/troubleshooting/errors#no-such-element-exception\n   at OpenQA.Selenium.WebDriver.UnpackAndThrowOnError(Response errorResponse, String commandToExecute)\n   at OpenQA.Selenium.WebDriver.ExecuteAsync(String driverCommandToExecute, Dictionary`2 parameters)\n   at SeleniumExtras.WaitHelpers.ExpectedConditions.<>c__DisplayClass16_0.<FrameToBeAvailableAndSwitchToIt>b__0(IWebDriver driver)\n   at OpenQA.Selenium.Support.UI.DefaultWait`1.Until[TResult](Func`2 condition, CancellationToken token)\n   --- End of inner exception stack trace ---\n   at OpenQA.Selenium.Support.UI.DefaultWait`1.ThrowTimeoutException(String exceptionMessage, Exception lastException)\n   at OpenQA.Selenium.Support.UI.DefaultWait`1.Until[TResult](Func`2 condition, CancellationToken token)\n   at OpenQA.Selenium.Support.UI.DefaultWait`1.Until[TResult](Func`2 condition)\n   at OdinUiTests.Services.CommonService.SetTextInTinymceEditorField(IWebDriver driver, String text) in /azp/_work/1/s/Services/CommonService.cs:line 368\n   at OdinUiTests.Pages.ActivityCommonEditPage.__a$_around_FillDescriptionField_100665945_o(String description) in /azp/_work/1/s/Pages/ActivityCommonEditPage.cs:line 188\n   at OdinUiTests.Pages.ActivityCommonEditPage.__a$_around_FillDescriptionField_100665945_u(Object[])\n   at Allure.Net.Commons.Steps.AllureAbstractStepAspect.WrapSync[T](Func`2 target, Object[] args, MethodBase metadata, String stepName, List`1 stepParameters)\n   at InvokeStub_AllureAbstractStepAspect.WrapSync(Object, Span`1)\n   at System.Reflection.MethodBaseInvoker.InvokeWithManyArgs(Object obj, BindingFlags invokeAttr, Binder binder, Object[] parameters, CultureInfo culture)\n   --- End of inner exception stack trace ---\n   at System.Reflection.MethodBaseInvoker.InvokeWithManyArgs(Object obj, BindingFlags invokeAttr, Binder binder, Object[] parameters, CultureInfo culture)\n   at Allure.Net.Commons.Steps.AllureStepAspectBase.Around(String name, Object[] args, Func`2 target, MethodBase metadata, Type returnType)\n   at OdinUiTests.Pages.ActivityCommonEditPage.__a$_around_FillDescriptionField_100665945_w_0(Object[])\n   at OdinUiTests.Pages.ActivityCommonEditPage.FillDescriptionField(String description)\n   at OdinUiTests.Pages.DisCommonInfoPage.__a$_around_AddRandomPickedBlock_100666641_o(String location, Boolean insideBlock, String kindOfBlock, String randomText, String parameter) in /azp/_work/1/s/Pages/DisCommonInfoPage.cs:line 452\n   at OdinUiTests.Pages.DisCommonInfoPage.__a$_around_AddRandomPickedBlock_100666641_u(Object[])\n   at Allure.Net.Commons.Steps.AllureAbstractStepAspect.WrapSync[T](Func`2 target, Object[] args, MethodBase metadata, String stepName, List`1 stepParameters)","steps":[{"name":"Ввести значение в поле 'Название активности'","time":{"start":1737567745957,"stop":1737567748075,"duration":2118},"status":"passed","steps":[],"attachments":[],"parameters":[{"name":"name","value":"\"E4F6FB71BF60F7A\""}],"stepsCount":0,"attachmentsCount":0,"shouldDisplayMessage":false,"hasContent":true},{"name":"Ввести значение в поле 'Описание'","time":{"start":1737567748075,"stop":1737567780670,"duration":32595},"status":"broken","statusMessage":"Timed out after 30 seconds","statusTrace":"OpenQA.Selenium.WebDriverTimeoutException: Timed out after 30 seconds\n ---> OpenQA.Selenium.NoSuchElementException: no such element: Unable to locate element: {\"method\":\"xpath\",\"selector\":\"(//iframe)[1]\"}\n  (Session info: chrome=132.0.6834.83); For documentation on this error, please visit: https://www.selenium.dev/documentation/webdriver/troubleshooting/errors#no-such-element-exception\n   at OpenQA.Selenium.WebDriver.UnpackAndThrowOnError(Response errorResponse, String commandToExecute)\n   at OpenQA.Selenium.WebDriver.ExecuteAsync(String driverCommandToExecute, Dictionary`2 parameters)\n   at SeleniumExtras.WaitHelpers.ExpectedConditions.<>c__DisplayClass16_0.<FrameToBeAvailableAndSwitchToIt>b__0(IWebDriver driver)\n   at OpenQA.Selenium.Support.UI.DefaultWait`1.Until[TResult](Func`2 condition, CancellationToken token)\n   --- End of inner exception stack trace ---\n   at OpenQA.Selenium.Support.UI.DefaultWait`1.ThrowTimeoutException(String exceptionMessage, Exception lastException)\n   at OpenQA.Selenium.Support.UI.DefaultWait`1.Until[TResult](Func`2 condition, CancellationToken token)\n   at OpenQA.Selenium.Support.UI.DefaultWait`1.Until[TResult](Func`2 condition)\n   at OdinUiTests.Services.CommonService.SetTextInTinymceEditorField(IWebDriver driver, String text) in /azp/_work/1/s/Services/CommonService.cs:line 368\n   at OdinUiTests.Pages.ActivityCommonEditPage.__a$_around_FillDescriptionField_100665945_o(String description) in /azp/_work/1/s/Pages/ActivityCommonEditPage.cs:line 188\n   at OdinUiTests.Pages.ActivityCommonEditPage.__a$_around_FillDescriptionField_100665945_u(Object[])\n   at Allure.Net.Commons.Steps.AllureAbstractStepAspect.WrapSync[T](Func`2 target, Object[] args, MethodBase metadata, String stepName, List`1 stepParameters)","steps":[],"attachments":[],"parameters":[{"name":"description","value":"\"E4F6FB71BF60F7A\""}],"stepsCount":0,"attachmentsCount":0,"shouldDisplayMessage":true,"hasContent":true}],"attachments":[],"parameters":[{"name":"location","value":"\"bottom\""},{"name":"insideBlock","value":"false"},{"name":"kindOfBlock","value":"\"Активность\""},{"name":"randomText","value":"\"E4F6FB71BF60F7A\""},{"name":"parameter","value":"\"\""}],"stepsCount":2,"attachmentsCount":0,"shouldDisplayMessage":true,"hasContent":true}],"attachments":[{"uid":"dd809bd189174aaa","name":"CheckAddBlockBetweenBlocks.jpg","source":"dd809bd189174aaa.jpg","type":"image/jpeg","size":212386},{"uid":"d5ec518900d2a005","name":"Console Output","source":"d5ec518900d2a005.txt","type":"text/plain","size":142}],"parameters":[],"stepsCount":10,"attachmentsCount":2,"shouldDisplayMessage":true,"hasContent":true},"afterStages":[],"labels":[{"name":"thread","value":"ParallelWorker#4"},{"name":"host","value":"b27e178fb93a"},{"name":"language","value":"C#"},{"name":"framework","value":"NUnit 3"},{"name":"package","value":"OdinUiTests.Tests.Discipline"},{"name":"testMethod","value":"CheckAddBlockBetweenBlocks"},{"name":"testClass","value":"IOTGraphTests"},{"name":"suite","value":"Дисциплина"},{"name":"subSuite","value":"Дисциплина с ИОТ"},{"name":"severity","value":"critical"},{"name":"tag","value":"Дисциплина"},{"name":"tag","value":"Регресс"},{"name":"resultFormat","value":"allure2"}],"parameters":[],"links":[],"hidden":true,"retry":true,"extra":{"categories":[],"tags":["Регресс","Дисциплина"]},"source":"7a0490405af7e453.json","parameterValues":[]}