{"uid":"7eaea0a36aba9f84","name":"Можно создать контрольную с режимом выполнения Индивидуальный","fullName":"OdinUiTests:OdinUiTests.Tests.Activity.TestActivityCreatingTests.CheckCreateActivityBySpecifyingControlMode(System.Int32)","historyId":"3039886a0128b24bfa5c16c618e16e17","time":{"start":1729577990085,"stop":1729578021088,"duration":31003},"status":"broken","statusMessage":"OpenQA.Selenium.WebDriverTimeoutException : Timed out after 30 seconds\n  ----> OpenQA.Selenium.NoSuchElementException : no such element: Unable to locate element: {\"method\":\"xpath\",\"selector\":\"//div[text()='Тип активности']/parent::div\"}\n  (Session info: chrome-headless-shell=126.0.6478.126); For documentation on this error, please visit: https://www.selenium.dev/documentation/webdriver/troubleshooting/errors#no-such-element-exception","statusTrace":"   at OpenQA.Selenium.Support.UI.DefaultWait`1.ThrowTimeoutException(String exceptionMessage, Exception lastException)\n   at OpenQA.Selenium.Support.UI.DefaultWait`1.Until[TResult](Func`2 condition, CancellationToken token)\n   at OpenQA.Selenium.Support.UI.DefaultWait`1.Until[TResult](Func`2 condition)\n   at OdinUiTests.Services.CommonService.SelectValueFromDropdown(IWebDriver driver, String type) in /azp/_work/2/s/Services/CommonService.cs:line 748\n   at OdinUiTests.Pages.ActivityCommonEditPage.<>c__DisplayClass93_0.<SetActivityType>b__0() in /azp/_work/2/s/Pages/ActivityCommonEditPage.cs:line 347\n   at Allure.Net.Commons.AllureApi.<>c__DisplayClass34_0.<Step>b__0()\n   at Allure.Net.Commons.AllureApi.ExecuteAction[T](String name, Action`1 start, Func`1 action, Action`1 resolve)\n   at Allure.Net.Commons.AllureApi.ExecuteStep[T](String name, Func`1 action)\n   at Allure.Net.Commons.AllureApi.Step(String name, Action action)\n   at OdinUiTests.Pages.ActivityCommonEditPage.SetActivityType(String type) in /azp/_work/2/s/Pages/ActivityCommonEditPage.cs:line 345\n   at OdinUiTests.Tests.Activity.ActivityCommon.CreateActivityWithControlType(IWebDriver driver, Boolean isTemplate, String id, Int32 mode) in /azp/_work/2/s/Tests/Activity/ActivityCommon.cs:line 37\n   at OdinUiTests.Tests.Activity.ActivityCommon.CreateActivityWithControlType(IWebDriver driver, String disciplineId, Int32 mode) in /azp/_work/2/s/Tests/Activity/ActivityCommon.cs:line 49\n   at OdinUiTests.Tests.Activity.TestActivityCreatingTests.CheckCreateActivityBySpecifyingControlMode(Int32 mode) in /azp/_work/2/s/Tests/Activity/TestActivityTests.cs:line 37\n   at InvokeStub_TestActivityCreatingTests.CheckCreateActivityBySpecifyingControlMode(Object, Span`1)\n   at System.Reflection.MethodBaseInvoker.InvokeWithOneArg(Object obj, BindingFlags invokeAttr, Binder binder, Object[] parameters, CultureInfo culture)\n--NoSuchElementException\n   at OpenQA.Selenium.WebDriver.UnpackAndThrowOnError(Response errorResponse, String commandToExecute)\n   at OpenQA.Selenium.WebDriver.ExecuteAsync(String driverCommandToExecute, Dictionary`2 parameters)\n   at SeleniumExtras.WaitHelpers.ExpectedConditions.<>c__DisplayClass19_0.<ElementToBeClickable>b__0(IWebDriver driver)\n   at OpenQA.Selenium.Support.UI.DefaultWait`1.Until[TResult](Func`2 condition, CancellationToken token)","flaky":false,"newFailed":false,"newBroken":true,"newPassed":false,"retriesCount":0,"retriesStatusChange":false,"beforeStages":[],"testStage":{"status":"broken","statusMessage":"OpenQA.Selenium.WebDriverTimeoutException : Timed out after 30 seconds\n  ----> OpenQA.Selenium.NoSuchElementException : no such element: Unable to locate element: {\"method\":\"xpath\",\"selector\":\"//div[text()='Тип активности']/parent::div\"}\n  (Session info: chrome-headless-shell=126.0.6478.126); For documentation on this error, please visit: https://www.selenium.dev/documentation/webdriver/troubleshooting/errors#no-such-element-exception","statusTrace":"   at OpenQA.Selenium.Support.UI.DefaultWait`1.ThrowTimeoutException(String exceptionMessage, Exception lastException)\n   at OpenQA.Selenium.Support.UI.DefaultWait`1.Until[TResult](Func`2 condition, CancellationToken token)\n   at OpenQA.Selenium.Support.UI.DefaultWait`1.Until[TResult](Func`2 condition)\n   at OdinUiTests.Services.CommonService.SelectValueFromDropdown(IWebDriver driver, String type) in /azp/_work/2/s/Services/CommonService.cs:line 748\n   at OdinUiTests.Pages.ActivityCommonEditPage.<>c__DisplayClass93_0.<SetActivityType>b__0() in /azp/_work/2/s/Pages/ActivityCommonEditPage.cs:line 347\n   at Allure.Net.Commons.AllureApi.<>c__DisplayClass34_0.<Step>b__0()\n   at Allure.Net.Commons.AllureApi.ExecuteAction[T](String name, Action`1 start, Func`1 action, Action`1 resolve)\n   at Allure.Net.Commons.AllureApi.ExecuteStep[T](String name, Func`1 action)\n   at Allure.Net.Commons.AllureApi.Step(String name, Action action)\n   at OdinUiTests.Pages.ActivityCommonEditPage.SetActivityType(String type) in /azp/_work/2/s/Pages/ActivityCommonEditPage.cs:line 345\n   at OdinUiTests.Tests.Activity.ActivityCommon.CreateActivityWithControlType(IWebDriver driver, Boolean isTemplate, String id, Int32 mode) in /azp/_work/2/s/Tests/Activity/ActivityCommon.cs:line 37\n   at OdinUiTests.Tests.Activity.ActivityCommon.CreateActivityWithControlType(IWebDriver driver, String disciplineId, Int32 mode) in /azp/_work/2/s/Tests/Activity/ActivityCommon.cs:line 49\n   at OdinUiTests.Tests.Activity.TestActivityCreatingTests.CheckCreateActivityBySpecifyingControlMode(Int32 mode) in /azp/_work/2/s/Tests/Activity/TestActivityTests.cs:line 37\n   at InvokeStub_TestActivityCreatingTests.CheckCreateActivityBySpecifyingControlMode(Object, Span`1)\n   at System.Reflection.MethodBaseInvoker.InvokeWithOneArg(Object obj, BindingFlags invokeAttr, Binder binder, Object[] parameters, CultureInfo culture)\n--NoSuchElementException\n   at OpenQA.Selenium.WebDriver.UnpackAndThrowOnError(Response errorResponse, String commandToExecute)\n   at OpenQA.Selenium.WebDriver.ExecuteAsync(String driverCommandToExecute, Dictionary`2 parameters)\n   at SeleniumExtras.WaitHelpers.ExpectedConditions.<>c__DisplayClass19_0.<ElementToBeClickable>b__0(IWebDriver driver)\n   at OpenQA.Selenium.Support.UI.DefaultWait`1.Until[TResult](Func`2 condition, CancellationToken token)","steps":[{"name":"Открыть страницу создания активности","time":{"start":1729577990086,"stop":1729577990509,"duration":423},"status":"passed","steps":[],"attachments":[],"parameters":[{"name":"disciplineId","value":"\"5038\""}],"stepsCount":0,"attachmentsCount":0,"shouldDisplayMessage":false,"hasContent":true},{"name":"В поле 'Тип активности' выбрать значение 'Контрольная работа'","time":{"start":1729577990509,"stop":1729578020879,"duration":30370},"status":"broken","statusMessage":"Timed out after 30 seconds","statusTrace":"OpenQA.Selenium.WebDriverTimeoutException: Timed out after 30 seconds\n ---> OpenQA.Selenium.NoSuchElementException: no such element: Unable to locate element: {\"method\":\"xpath\",\"selector\":\"//div[text()='Тип активности']/parent::div\"}\n  (Session info: chrome-headless-shell=126.0.6478.126); For documentation on this error, please visit: https://www.selenium.dev/documentation/webdriver/troubleshooting/errors#no-such-element-exception\n   at OpenQA.Selenium.WebDriver.UnpackAndThrowOnError(Response errorResponse, String commandToExecute)\n   at OpenQA.Selenium.WebDriver.ExecuteAsync(String driverCommandToExecute, Dictionary`2 parameters)\n   at SeleniumExtras.WaitHelpers.ExpectedConditions.<>c__DisplayClass19_0.<ElementToBeClickable>b__0(IWebDriver driver)\n   at OpenQA.Selenium.Support.UI.DefaultWait`1.Until[TResult](Func`2 condition, CancellationToken token)\n   --- End of inner exception stack trace ---\n   at OpenQA.Selenium.Support.UI.DefaultWait`1.ThrowTimeoutException(String exceptionMessage, Exception lastException)\n   at OpenQA.Selenium.Support.UI.DefaultWait`1.Until[TResult](Func`2 condition, CancellationToken token)\n   at OpenQA.Selenium.Support.UI.DefaultWait`1.Until[TResult](Func`2 condition)\n   at OdinUiTests.Services.CommonService.SelectValueFromDropdown(IWebDriver driver, String type) in /azp/_work/2/s/Services/CommonService.cs:line 748\n   at OdinUiTests.Pages.ActivityCommonEditPage.<>c__DisplayClass93_0.<SetActivityType>b__0() in /azp/_work/2/s/Pages/ActivityCommonEditPage.cs:line 347\n   at Allure.Net.Commons.AllureApi.<>c__DisplayClass34_0.<Step>b__0()\n   at Allure.Net.Commons.AllureApi.ExecuteAction[T](String name, Action`1 start, Func`1 action, Action`1 resolve)\n   at Allure.Net.Commons.AllureApi.ExecuteStep[T](String name, Func`1 action)\n   at Allure.Net.Commons.AllureApi.Step(String name, Action action)\n   at OdinUiTests.Pages.ActivityCommonEditPage.SetActivityType(String type) in /azp/_work/2/s/Pages/ActivityCommonEditPage.cs:line 345\n   at OdinUiTests.Tests.Activity.ActivityCommon.CreateActivityWithControlType(IWebDriver driver, Boolean isTemplate, String id, Int32 mode) in /azp/_work/2/s/Tests/Activity/ActivityCommon.cs:line 37\n   at OdinUiTests.Tests.Activity.ActivityCommon.CreateActivityWithControlType(IWebDriver driver, String disciplineId, Int32 mode) in /azp/_work/2/s/Tests/Activity/ActivityCommon.cs:line 49\n   at OdinUiTests.Tests.Activity.TestActivityCreatingTests.CheckCreateActivityBySpecifyingControlMode(Int32 mode) in /azp/_work/2/s/Tests/Activity/TestActivityTests.cs:line 37\n   at InvokeStub_TestActivityCreatingTests.CheckCreateActivityBySpecifyingControlMode(Object, Span`1)\n   at System.Reflection.MethodBaseInvoker.InvokeWithOneArg(Object obj, BindingFlags invokeAttr, Binder binder, Object[] parameters, CultureInfo culture)","steps":[],"attachments":[],"parameters":[],"stepsCount":0,"attachmentsCount":0,"shouldDisplayMessage":true,"hasContent":true}],"attachments":[{"uid":"891a9ca58174070b","name":"CheckCreateActivityBySpecifyingControlMode.jpg","source":"891a9ca58174070b.jpg","type":"image/jpeg","size":100553},{"uid":"be532a3a8e03e57c","name":"Console Output","source":"be532a3a8e03e57c.txt","type":"text/plain","size":76}],"parameters":[],"stepsCount":2,"attachmentsCount":2,"shouldDisplayMessage":true,"hasContent":true},"afterStages":[],"labels":[{"name":"thread","value":"ParallelWorker#10"},{"name":"host","value":"0f039823d780"},{"name":"language","value":"C#"},{"name":"framework","value":"NUnit 3"},{"name":"package","value":"OdinUiTests.Tests.Activity"},{"name":"testMethod","value":"CheckCreateActivityBySpecifyingControlMode"},{"name":"testClass","value":"TestActivityCreatingTests"},{"name":"parentSuite","value":"Активность"},{"name":"suite","value":"Контрольная"},{"name":"subSuite","value":"Создание контрольной"},{"name":"severity","value":"critical"},{"name":"tag","value":"Активность"},{"name":"tag","value":"Дежурство"},{"name":"tag","value":"Регресс"},{"name":"resultFormat","value":"allure2"}],"parameters":[{"name":"mode","value":"1"}],"links":[],"hidden":false,"retry":false,"extra":{"severity":"critical","retries":[],"categories":[{"name":"Test defects","matchedStatuses":[],"flaky":false}],"history":{"statistic":{"failed":0,"broken":1,"skipped":0,"passed":86,"unknown":0,"total":87},"items":[{"uid":"4e8a0c6c2f632e69","status":"passed","statusDetails":"Можно создать контрольную с режимом выполнения Индивидуальный","time":{"start":1729228711849,"stop":1729228730666,"duration":18817}},{"uid":"c645bcb87c81a85b","status":"passed","statusDetails":"Можно создать контрольную с режимом выполнения Индивидуальный","time":{"start":1728639916527,"stop":1728639934442,"duration":17915}},{"uid":"224c137f0a18ac35","status":"passed","statusDetails":"Можно создать контрольную с режимом выполнения Индивидуальный","time":{"start":1728625743294,"stop":1728625761346,"duration":18052}},{"uid":"deb0a0ff1cdad67b","status":"passed","statusDetails":"Можно создать контрольную с режимом выполнения Индивидуальный","time":{"start":1727714243775,"stop":1727714261143,"duration":17368}},{"uid":"1df7c1aa769e71c0","status":"passed","statusDetails":"Можно создать контрольную с режимом выполнения Индивидуальный","time":{"start":1727466216047,"stop":1727466237607,"duration":21560}},{"uid":"af89d33e6e345995","status":"passed","statusDetails":"Можно создать контрольную с режимом выполнения Индивидуальный","time":{"start":1727440600697,"stop":1727440616242,"duration":15545}},{"uid":"87a9fe004eaea992","status":"passed","statusDetails":"Можно создать контрольную с режимом выполнения Индивидуальный","time":{"start":1727437824105,"stop":1727437838941,"duration":14836}},{"uid":"30645f25275780f2","status":"passed","statusDetails":"Можно создать контрольную с режимом выполнения Индивидуальный","time":{"start":1727352783186,"stop":1727352799569,"duration":16383}},{"uid":"82a8a8ffd4328e9","status":"passed","statusDetails":"Можно создать контрольную с режимом выполнения Индивидуальный","time":{"start":1727314012495,"stop":1727314026165,"duration":13670}},{"uid":"56ac6d161f7a2842","status":"passed","statusDetails":"Можно создать контрольную с режимом выполнения Индивидуальный","time":{"start":1727243779252,"stop":1727243800646,"duration":21394}},{"uid":"89c03822cc7bb935","status":"passed","statusDetails":"Можно создать контрольную с режимом выполнения Индивидуальный","time":{"start":1727241099072,"stop":1727241115211,"duration":16139}},{"uid":"9f1d44a51c29febe","status":"passed","statusDetails":"Можно создать контрольную с режимом выполнения Индивидуальный","time":{"start":1727072416140,"stop":1727072430322,"duration":14182}},{"uid":"856ecb007d42ee34","status":"passed","statusDetails":"Можно создать контрольную с режимом выполнения Индивидуальный","time":{"start":1726127996927,"stop":1726128019467,"duration":22540}},{"uid":"da1c8bf947a8cd0f","status":"passed","time":{"start":1725342543901,"stop":1725342565242,"duration":21341}},{"uid":"ac98bc76a607f1f3","status":"passed","statusDetails":"Можно создать контрольную с режимом выполнения Индивидуальный","time":{"start":1722213922056,"stop":1722213933573,"duration":11517}},{"uid":"9e6e832363296434","status":"passed","statusDetails":"Можно создать контрольную с режимом выполнения Индивидуальный","time":{"start":1721977039958,"stop":1721977054561,"duration":14603}},{"uid":"eed955627bee4392","status":"passed","statusDetails":"Можно создать контрольную с режимом выполнения Индивидуальный","time":{"start":1721974727806,"stop":1721974741481,"duration":13675}},{"uid":"63d8286f15196df2","status":"passed","statusDetails":"Можно создать контрольную с режимом выполнения Индивидуальный","time":{"start":1721815767754,"stop":1721815783258,"duration":15504}},{"uid":"fe8aecbf80562a9f","status":"passed","statusDetails":"Можно создать контрольную с режимом выполнения Индивидуальный","time":{"start":1721803423371,"stop":1721803437730,"duration":14359}},{"uid":"a9da967fa77a5bdf","status":"passed","statusDetails":"Можно создать контрольную с режимом выполнения Индивидуальный","time":{"start":1721372509949,"stop":1721372522582,"duration":12633}}]},"tags":["Регресс","Дежурство","Активность"]},"source":"7eaea0a36aba9f84.json","parameterValues":["1"]}