{"uid":"8013d6b46bf8589f","name":"Можно найти отправленное сообщение в групповом чате","fullName":"OdinUiTests:OdinUiTests.Tests.Chat.GroupChatMessageTests.CheckFindSentMessageInGroupChat()","historyId":"ff0084b63a9e3fd873386b9d49365cdd","time":{"start":1743057548633,"stop":1743057618535,"duration":69902},"status":"broken","statusMessage":"System.Reflection.TargetInvocationException : Exception has been thrown by the target of an invocation.\n  ----> OpenQA.Selenium.WebDriverTimeoutException : Timed out after 50 seconds\n  ----> OpenQA.Selenium.NoSuchElementException : no such element: Unable to locate element: {\"method\":\"css selector\",\"selector\":\"[class*='text-message ellipsis']\"}\n  (Session info: chrome=132.0.6834.83); For documentation on this error, please visit: https://www.selenium.dev/documentation/webdriver/troubleshooting/errors#no-such-element-exception","statusTrace":"   at System.Reflection.MethodBaseInvoker.InvokeWithManyArgs(Object obj, BindingFlags invokeAttr, Binder binder, Object[] parameters, CultureInfo culture)\n   at Allure.Net.Commons.Steps.AllureStepAspectBase.Around(String name, Object[] args, Func`2 target, MethodBase metadata, Type returnType)\n   at OdinUiTests.Pages.ChatCommonPage.__a$_around_CheckMessageIsFound_100666346_w_0(Object[])\n   at OdinUiTests.Pages.ChatCommonPage.CheckMessageIsFound(Boolean isMinichat, String message)\n   at OdinUiTests.Tests.Chat.ChatCommon.FindSentMessage(IWebDriver driver, Boolean isMinichat, String[] values) in /azp/_work/4/s/Tests/Chat/ChatCommon.cs:line 242\n   at OdinUiTests.Tests.Chat.ChatCommon.FindSentMessage(IWebDriver driver, String[] values) in /azp/_work/4/s/Tests/Chat/ChatCommon.cs:line 249\n   at OdinUiTests.Tests.Chat.GroupChatMessageTests.CheckFindSentMessageInGroupChat() in /azp/_work/4/s/Tests/Chat/ChatTests.cs:line 557\n   at System.RuntimeMethodHandle.InvokeMethod(Object target, Void** arguments, Signature sig, Boolean isConstructor)\n   at System.Reflection.MethodBaseInvoker.InvokeWithNoArgs(Object obj, BindingFlags invokeAttr)\n--WebDriverTimeoutException\n   at OpenQA.Selenium.Support.UI.DefaultWait`1.ThrowTimeoutException(String exceptionMessage, Exception lastException)\n   at OpenQA.Selenium.Support.UI.DefaultWait`1.Until[TResult](Func`2 condition, CancellationToken token)\n   at OpenQA.Selenium.Support.UI.DefaultWait`1.Until[TResult](Func`2 condition)\n   at OdinUiTests.Pages.ChatCommonPage.__a$_around_CheckMessageIsFound_100666346_o(Boolean isMinichat, String message) in /azp/_work/4/s/Pages/ChatCommonPage.cs:line 1321\n   at OdinUiTests.Pages.ChatCommonPage.__a$_around_CheckMessageIsFound_100666346_u(Object[])\n   at Allure.Net.Commons.Steps.AllureAbstractStepAspect.WrapSync[T](Func`2 target, Object[] args, MethodBase metadata, String stepName, List`1 stepParameters)\n   at InvokeStub_AllureAbstractStepAspect.WrapSync(Object, Span`1)\n   at System.Reflection.MethodBaseInvoker.InvokeWithManyArgs(Object obj, BindingFlags invokeAttr, Binder binder, Object[] parameters, CultureInfo culture)\n--NoSuchElementException\n   at OpenQA.Selenium.WebDriver.UnpackAndThrowOnError(Response errorResponse, String commandToExecute)\n   at OpenQA.Selenium.WebDriver.ExecuteAsync(String driverCommandToExecute, Dictionary`2 parameters)\n   at SeleniumExtras.WaitHelpers.ExpectedConditions.<>c__DisplayClass19_0.<ElementToBeClickable>b__0(IWebDriver driver)\n   at OpenQA.Selenium.Support.UI.DefaultWait`1.Until[TResult](Func`2 condition, CancellationToken token)","flaky":false,"newFailed":false,"newBroken":false,"newPassed":false,"retriesCount":0,"retriesStatusChange":false,"beforeStages":[],"testStage":{"status":"broken","statusMessage":"System.Reflection.TargetInvocationException : Exception has been thrown by the target of an invocation.\n  ----> OpenQA.Selenium.WebDriverTimeoutException : Timed out after 50 seconds\n  ----> OpenQA.Selenium.NoSuchElementException : no such element: Unable to locate element: {\"method\":\"css selector\",\"selector\":\"[class*='text-message ellipsis']\"}\n  (Session info: chrome=132.0.6834.83); For documentation on this error, please visit: https://www.selenium.dev/documentation/webdriver/troubleshooting/errors#no-such-element-exception","statusTrace":"   at System.Reflection.MethodBaseInvoker.InvokeWithManyArgs(Object obj, BindingFlags invokeAttr, Binder binder, Object[] parameters, CultureInfo culture)\n   at Allure.Net.Commons.Steps.AllureStepAspectBase.Around(String name, Object[] args, Func`2 target, MethodBase metadata, Type returnType)\n   at OdinUiTests.Pages.ChatCommonPage.__a$_around_CheckMessageIsFound_100666346_w_0(Object[])\n   at OdinUiTests.Pages.ChatCommonPage.CheckMessageIsFound(Boolean isMinichat, String message)\n   at OdinUiTests.Tests.Chat.ChatCommon.FindSentMessage(IWebDriver driver, Boolean isMinichat, String[] values) in /azp/_work/4/s/Tests/Chat/ChatCommon.cs:line 242\n   at OdinUiTests.Tests.Chat.ChatCommon.FindSentMessage(IWebDriver driver, String[] values) in /azp/_work/4/s/Tests/Chat/ChatCommon.cs:line 249\n   at OdinUiTests.Tests.Chat.GroupChatMessageTests.CheckFindSentMessageInGroupChat() in /azp/_work/4/s/Tests/Chat/ChatTests.cs:line 557\n   at System.RuntimeMethodHandle.InvokeMethod(Object target, Void** arguments, Signature sig, Boolean isConstructor)\n   at System.Reflection.MethodBaseInvoker.InvokeWithNoArgs(Object obj, BindingFlags invokeAttr)\n--WebDriverTimeoutException\n   at OpenQA.Selenium.Support.UI.DefaultWait`1.ThrowTimeoutException(String exceptionMessage, Exception lastException)\n   at OpenQA.Selenium.Support.UI.DefaultWait`1.Until[TResult](Func`2 condition, CancellationToken token)\n   at OpenQA.Selenium.Support.UI.DefaultWait`1.Until[TResult](Func`2 condition)\n   at OdinUiTests.Pages.ChatCommonPage.__a$_around_CheckMessageIsFound_100666346_o(Boolean isMinichat, String message) in /azp/_work/4/s/Pages/ChatCommonPage.cs:line 1321\n   at OdinUiTests.Pages.ChatCommonPage.__a$_around_CheckMessageIsFound_100666346_u(Object[])\n   at Allure.Net.Commons.Steps.AllureAbstractStepAspect.WrapSync[T](Func`2 target, Object[] args, MethodBase metadata, String stepName, List`1 stepParameters)\n   at InvokeStub_AllureAbstractStepAspect.WrapSync(Object, Span`1)\n   at System.Reflection.MethodBaseInvoker.InvokeWithManyArgs(Object obj, BindingFlags invokeAttr, Binder binder, Object[] parameters, CultureInfo culture)\n--NoSuchElementException\n   at OpenQA.Selenium.WebDriver.UnpackAndThrowOnError(Response errorResponse, String commandToExecute)\n   at OpenQA.Selenium.WebDriver.ExecuteAsync(String driverCommandToExecute, Dictionary`2 parameters)\n   at SeleniumExtras.WaitHelpers.ExpectedConditions.<>c__DisplayClass19_0.<ElementToBeClickable>b__0(IWebDriver driver)\n   at OpenQA.Selenium.Support.UI.DefaultWait`1.Until[TResult](Func`2 condition, CancellationToken token)","steps":[{"name":"Открыть чат по прямой ссылке","time":{"start":1743057548730,"stop":1743057551136,"duration":2406},"status":"passed","steps":[],"attachments":[],"parameters":[{"name":"chatId","value":"\"1406\""}],"stepsCount":0,"attachmentsCount":0,"shouldDisplayMessage":false,"hasContent":true},{"name":"Нажать на тридот меню и выбрать 'Поиск'","time":{"start":1743057551136,"stop":1743057562628,"duration":11492},"status":"passed","steps":[],"attachments":[],"parameters":[],"stepsCount":0,"attachmentsCount":0,"shouldDisplayMessage":false,"hasContent":false},{"name":"В строке поиска ввести текст ранее отправленного сообщения","time":{"start":1743057562629,"stop":1743057563224,"duration":595},"status":"passed","steps":[],"attachments":[],"parameters":[{"name":"message","value":"\"9BE7DEA48G8AE31\""}],"stepsCount":0,"attachmentsCount":0,"shouldDisplayMessage":false,"hasContent":true},{"name":"Проверка того, что отправленное сообщение было найдено","time":{"start":1743057563225,"stop":1743057613629,"duration":50404},"status":"broken","statusMessage":"Timed out after 50 seconds","statusTrace":"OpenQA.Selenium.WebDriverTimeoutException: Timed out after 50 seconds\n ---> OpenQA.Selenium.NoSuchElementException: no such element: Unable to locate element: {\"method\":\"css selector\",\"selector\":\"[class*='text-message ellipsis']\"}\n  (Session info: chrome=132.0.6834.83); For documentation on this error, please visit: https://www.selenium.dev/documentation/webdriver/troubleshooting/errors#no-such-element-exception\n   at OpenQA.Selenium.WebDriver.UnpackAndThrowOnError(Response errorResponse, String commandToExecute)\n   at OpenQA.Selenium.WebDriver.ExecuteAsync(String driverCommandToExecute, Dictionary`2 parameters)\n   at SeleniumExtras.WaitHelpers.ExpectedConditions.<>c__DisplayClass19_0.<ElementToBeClickable>b__0(IWebDriver driver)\n   at OpenQA.Selenium.Support.UI.DefaultWait`1.Until[TResult](Func`2 condition, CancellationToken token)\n   --- End of inner exception stack trace ---\n   at OpenQA.Selenium.Support.UI.DefaultWait`1.ThrowTimeoutException(String exceptionMessage, Exception lastException)\n   at OpenQA.Selenium.Support.UI.DefaultWait`1.Until[TResult](Func`2 condition, CancellationToken token)\n   at OpenQA.Selenium.Support.UI.DefaultWait`1.Until[TResult](Func`2 condition)\n   at OdinUiTests.Pages.ChatCommonPage.__a$_around_CheckMessageIsFound_100666346_o(Boolean isMinichat, String message) in /azp/_work/4/s/Pages/ChatCommonPage.cs:line 1321\n   at OdinUiTests.Pages.ChatCommonPage.__a$_around_CheckMessageIsFound_100666346_u(Object[])\n   at Allure.Net.Commons.Steps.AllureAbstractStepAspect.WrapSync[T](Func`2 target, Object[] args, MethodBase metadata, String stepName, List`1 stepParameters)","steps":[],"attachments":[],"parameters":[{"name":"isMinichat","value":"false"},{"name":"message","value":"\"9BE7DEA48G8AE31\""}],"stepsCount":0,"attachmentsCount":0,"shouldDisplayMessage":true,"hasContent":true}],"attachments":[{"uid":"c004e54c56d052cf","name":"CheckFindSentMessageInGroupChat.jpg","source":"c004e54c56d052cf.jpg","type":"image/jpeg","size":805550},{"uid":"57c31673ac282d9a","name":"Console Output","source":"57c31673ac282d9a.txt","type":"text/plain","size":39}],"parameters":[],"stepsCount":4,"attachmentsCount":2,"shouldDisplayMessage":true,"hasContent":true},"afterStages":[],"labels":[{"name":"thread","value":"NUnit.Fw.ParallelWorker#3"},{"name":"host","value":"d2e814cf7cb3"},{"name":"language","value":"C#"},{"name":"framework","value":"NUnit 3"},{"name":"package","value":"OdinUiTests.Tests.Chat"},{"name":"testMethod","value":"CheckFindSentMessageInGroupChat"},{"name":"testClass","value":"GroupChatMessageTests"},{"name":"suite","value":"Чат"},{"name":"subSuite","value":"Групповой чат"},{"name":"severity","value":"normal"},{"name":"tag","value":"Чат"},{"name":"tag","value":"Дежурство"},{"name":"tag","value":"Регресс"},{"name":"resultFormat","value":"allure2"}],"parameters":[],"links":[],"hidden":true,"retry":true,"extra":{"categories":[],"tags":["Регресс","Дежурство","Чат"]},"source":"8013d6b46bf8589f.json","parameterValues":[]}