{"uid":"844648616fbbf9db","name":"Можно создать контрольную, если заполнены обязательные поля","fullName":"OdinUiTests:OdinUiTests.Tests.Activity.TestActivityCreatingTests.CheckCreateControlTypeActivity()","historyId":"3027fbf7f22139050b724aac6656a903","time":{"start":1729577928526,"stop":1729577959461,"duration":30935},"status":"broken","statusMessage":"OpenQA.Selenium.WebDriverTimeoutException : Timed out after 30 seconds\n  ----> OpenQA.Selenium.NoSuchElementException : no such element: Unable to locate element: {\"method\":\"xpath\",\"selector\":\"//div[text()='Тип активности']/parent::div\"}\n  (Session info: chrome-headless-shell=126.0.6478.126); For documentation on this error, please visit: https://www.selenium.dev/documentation/webdriver/troubleshooting/errors#no-such-element-exception","statusTrace":"   at OpenQA.Selenium.Support.UI.DefaultWait`1.ThrowTimeoutException(String exceptionMessage, Exception lastException)\n   at OpenQA.Selenium.Support.UI.DefaultWait`1.Until[TResult](Func`2 condition, CancellationToken token)\n   at OpenQA.Selenium.Support.UI.DefaultWait`1.Until[TResult](Func`2 condition)\n   at OdinUiTests.Services.CommonService.SelectValueFromDropdown(IWebDriver driver, String type) in /azp/_work/2/s/Services/CommonService.cs:line 748\n   at OdinUiTests.Pages.ActivityCommonEditPage.<>c__DisplayClass93_0.<SetActivityType>b__0() in /azp/_work/2/s/Pages/ActivityCommonEditPage.cs:line 347\n   at Allure.Net.Commons.AllureApi.<>c__DisplayClass34_0.<Step>b__0()\n   at Allure.Net.Commons.AllureApi.ExecuteAction[T](String name, Action`1 start, Func`1 action, Action`1 resolve)\n   at Allure.Net.Commons.AllureApi.ExecuteStep[T](String name, Func`1 action)\n   at Allure.Net.Commons.AllureApi.Step(String name, Action action)\n   at OdinUiTests.Pages.ActivityCommonEditPage.SetActivityType(String type) in /azp/_work/2/s/Pages/ActivityCommonEditPage.cs:line 345\n   at OdinUiTests.Tests.Activity.ActivityCommon.CreateActivityWithControlType(IWebDriver driver, Boolean isTemplate, String id) in /azp/_work/2/s/Tests/Activity/ActivityCommon.cs:line 12\n   at OdinUiTests.Tests.Activity.ActivityCommon.CreateActivityWithControlType(IWebDriver driver, String disciplineId) in /azp/_work/2/s/Tests/Activity/ActivityCommon.cs:line 23\n   at OdinUiTests.Tests.Activity.TestActivityCreatingTests.CheckCreateControlTypeActivity() in /azp/_work/2/s/Tests/Activity/TestActivityTests.cs:line 28\n   at System.RuntimeMethodHandle.InvokeMethod(Object target, Void** arguments, Signature sig, Boolean isConstructor)\n   at System.Reflection.MethodBaseInvoker.InvokeWithNoArgs(Object obj, BindingFlags invokeAttr)\n--NoSuchElementException\n   at OpenQA.Selenium.WebDriver.UnpackAndThrowOnError(Response errorResponse, String commandToExecute)\n   at OpenQA.Selenium.WebDriver.ExecuteAsync(String driverCommandToExecute, Dictionary`2 parameters)\n   at SeleniumExtras.WaitHelpers.ExpectedConditions.<>c__DisplayClass19_0.<ElementToBeClickable>b__0(IWebDriver driver)\n   at OpenQA.Selenium.Support.UI.DefaultWait`1.Until[TResult](Func`2 condition, CancellationToken token)","flaky":false,"newFailed":false,"newBroken":true,"newPassed":false,"retriesCount":0,"retriesStatusChange":false,"beforeStages":[],"testStage":{"status":"broken","statusMessage":"OpenQA.Selenium.WebDriverTimeoutException : Timed out after 30 seconds\n  ----> OpenQA.Selenium.NoSuchElementException : no such element: Unable to locate element: {\"method\":\"xpath\",\"selector\":\"//div[text()='Тип активности']/parent::div\"}\n  (Session info: chrome-headless-shell=126.0.6478.126); For documentation on this error, please visit: https://www.selenium.dev/documentation/webdriver/troubleshooting/errors#no-such-element-exception","statusTrace":"   at OpenQA.Selenium.Support.UI.DefaultWait`1.ThrowTimeoutException(String exceptionMessage, Exception lastException)\n   at OpenQA.Selenium.Support.UI.DefaultWait`1.Until[TResult](Func`2 condition, CancellationToken token)\n   at OpenQA.Selenium.Support.UI.DefaultWait`1.Until[TResult](Func`2 condition)\n   at OdinUiTests.Services.CommonService.SelectValueFromDropdown(IWebDriver driver, String type) in /azp/_work/2/s/Services/CommonService.cs:line 748\n   at OdinUiTests.Pages.ActivityCommonEditPage.<>c__DisplayClass93_0.<SetActivityType>b__0() in /azp/_work/2/s/Pages/ActivityCommonEditPage.cs:line 347\n   at Allure.Net.Commons.AllureApi.<>c__DisplayClass34_0.<Step>b__0()\n   at Allure.Net.Commons.AllureApi.ExecuteAction[T](String name, Action`1 start, Func`1 action, Action`1 resolve)\n   at Allure.Net.Commons.AllureApi.ExecuteStep[T](String name, Func`1 action)\n   at Allure.Net.Commons.AllureApi.Step(String name, Action action)\n   at OdinUiTests.Pages.ActivityCommonEditPage.SetActivityType(String type) in /azp/_work/2/s/Pages/ActivityCommonEditPage.cs:line 345\n   at OdinUiTests.Tests.Activity.ActivityCommon.CreateActivityWithControlType(IWebDriver driver, Boolean isTemplate, String id) in /azp/_work/2/s/Tests/Activity/ActivityCommon.cs:line 12\n   at OdinUiTests.Tests.Activity.ActivityCommon.CreateActivityWithControlType(IWebDriver driver, String disciplineId) in /azp/_work/2/s/Tests/Activity/ActivityCommon.cs:line 23\n   at OdinUiTests.Tests.Activity.TestActivityCreatingTests.CheckCreateControlTypeActivity() in /azp/_work/2/s/Tests/Activity/TestActivityTests.cs:line 28\n   at System.RuntimeMethodHandle.InvokeMethod(Object target, Void** arguments, Signature sig, Boolean isConstructor)\n   at System.Reflection.MethodBaseInvoker.InvokeWithNoArgs(Object obj, BindingFlags invokeAttr)\n--NoSuchElementException\n   at OpenQA.Selenium.WebDriver.UnpackAndThrowOnError(Response errorResponse, String commandToExecute)\n   at OpenQA.Selenium.WebDriver.ExecuteAsync(String driverCommandToExecute, Dictionary`2 parameters)\n   at SeleniumExtras.WaitHelpers.ExpectedConditions.<>c__DisplayClass19_0.<ElementToBeClickable>b__0(IWebDriver driver)\n   at OpenQA.Selenium.Support.UI.DefaultWait`1.Until[TResult](Func`2 condition, CancellationToken token)","steps":[{"name":"Открыть страницу создания активности","time":{"start":1729577928527,"stop":1729577928967,"duration":440},"status":"passed","steps":[],"attachments":[],"parameters":[{"name":"disciplineId","value":"\"5038\""}],"stepsCount":0,"attachmentsCount":0,"shouldDisplayMessage":false,"hasContent":true},{"name":"В поле 'Тип активности' выбрать значение 'Контрольная работа'","time":{"start":1729577928967,"stop":1729577959253,"duration":30286},"status":"broken","statusMessage":"Timed out after 30 seconds","statusTrace":"OpenQA.Selenium.WebDriverTimeoutException: Timed out after 30 seconds\n ---> OpenQA.Selenium.NoSuchElementException: no such element: Unable to locate element: {\"method\":\"xpath\",\"selector\":\"//div[text()='Тип активности']/parent::div\"}\n  (Session info: chrome-headless-shell=126.0.6478.126); For documentation on this error, please visit: https://www.selenium.dev/documentation/webdriver/troubleshooting/errors#no-such-element-exception\n   at OpenQA.Selenium.WebDriver.UnpackAndThrowOnError(Response errorResponse, String commandToExecute)\n   at OpenQA.Selenium.WebDriver.ExecuteAsync(String driverCommandToExecute, Dictionary`2 parameters)\n   at SeleniumExtras.WaitHelpers.ExpectedConditions.<>c__DisplayClass19_0.<ElementToBeClickable>b__0(IWebDriver driver)\n   at OpenQA.Selenium.Support.UI.DefaultWait`1.Until[TResult](Func`2 condition, CancellationToken token)\n   --- End of inner exception stack trace ---\n   at OpenQA.Selenium.Support.UI.DefaultWait`1.ThrowTimeoutException(String exceptionMessage, Exception lastException)\n   at OpenQA.Selenium.Support.UI.DefaultWait`1.Until[TResult](Func`2 condition, CancellationToken token)\n   at OpenQA.Selenium.Support.UI.DefaultWait`1.Until[TResult](Func`2 condition)\n   at OdinUiTests.Services.CommonService.SelectValueFromDropdown(IWebDriver driver, String type) in /azp/_work/2/s/Services/CommonService.cs:line 748\n   at OdinUiTests.Pages.ActivityCommonEditPage.<>c__DisplayClass93_0.<SetActivityType>b__0() in /azp/_work/2/s/Pages/ActivityCommonEditPage.cs:line 347\n   at Allure.Net.Commons.AllureApi.<>c__DisplayClass34_0.<Step>b__0()\n   at Allure.Net.Commons.AllureApi.ExecuteAction[T](String name, Action`1 start, Func`1 action, Action`1 resolve)\n   at Allure.Net.Commons.AllureApi.ExecuteStep[T](String name, Func`1 action)\n   at Allure.Net.Commons.AllureApi.Step(String name, Action action)\n   at OdinUiTests.Pages.ActivityCommonEditPage.SetActivityType(String type) in /azp/_work/2/s/Pages/ActivityCommonEditPage.cs:line 345\n   at OdinUiTests.Tests.Activity.ActivityCommon.CreateActivityWithControlType(IWebDriver driver, Boolean isTemplate, String id) in /azp/_work/2/s/Tests/Activity/ActivityCommon.cs:line 12\n   at OdinUiTests.Tests.Activity.ActivityCommon.CreateActivityWithControlType(IWebDriver driver, String disciplineId) in /azp/_work/2/s/Tests/Activity/ActivityCommon.cs:line 23\n   at OdinUiTests.Tests.Activity.TestActivityCreatingTests.CheckCreateControlTypeActivity() in /azp/_work/2/s/Tests/Activity/TestActivityTests.cs:line 28\n   at System.RuntimeMethodHandle.InvokeMethod(Object target, Void** arguments, Signature sig, Boolean isConstructor)\n   at System.Reflection.MethodBaseInvoker.InvokeWithNoArgs(Object obj, BindingFlags invokeAttr)","steps":[],"attachments":[],"parameters":[],"stepsCount":0,"attachmentsCount":0,"shouldDisplayMessage":true,"hasContent":true}],"attachments":[{"uid":"71c48dd5bb377bc1","name":"CheckCreateControlTypeActivity.jpg","source":"71c48dd5bb377bc1.jpg","type":"image/jpeg","size":100551},{"uid":"e116972d1fa6b95d","name":"Console Output","source":"e116972d1fa6b95d.txt","type":"text/plain","size":76}],"parameters":[],"stepsCount":2,"attachmentsCount":2,"shouldDisplayMessage":true,"hasContent":true},"afterStages":[],"labels":[{"name":"thread","value":"ParallelWorker#10"},{"name":"host","value":"0f039823d780"},{"name":"language","value":"C#"},{"name":"framework","value":"NUnit 3"},{"name":"package","value":"OdinUiTests.Tests.Activity"},{"name":"testMethod","value":"CheckCreateControlTypeActivity"},{"name":"testClass","value":"TestActivityCreatingTests"},{"name":"parentSuite","value":"Активность"},{"name":"suite","value":"Контрольная"},{"name":"subSuite","value":"Создание контрольной"},{"name":"severity","value":"critical"},{"name":"tag","value":"Активность"},{"name":"tag","value":"Дежурство"},{"name":"tag","value":"Регресс"},{"name":"resultFormat","value":"allure2"}],"parameters":[],"links":[],"hidden":false,"retry":false,"extra":{"severity":"critical","retries":[],"categories":[{"name":"Test defects","matchedStatuses":[],"flaky":false}],"history":{"statistic":{"failed":0,"broken":1,"skipped":0,"passed":86,"unknown":0,"total":87},"items":[{"uid":"bfcfb5b18781ba20","status":"passed","statusDetails":"Можно создать контрольную, если заполнены обязательные поля","time":{"start":1729228671386,"stop":1729228693575,"duration":22189}},{"uid":"9bd4c0a39ef8a338","status":"passed","statusDetails":"Можно создать контрольную, если заполнены обязательные поля","time":{"start":1728639876248,"stop":1728639897885,"duration":21637}},{"uid":"8247f285c3345521","status":"passed","statusDetails":"Можно создать контрольную, если заполнены обязательные поля","time":{"start":1728625703977,"stop":1728625725104,"duration":21127}},{"uid":"827b702022229803","status":"passed","statusDetails":"Можно создать контрольную, если заполнены обязательные поля","time":{"start":1727714205712,"stop":1727714225340,"duration":19628}},{"uid":"96eebfe12e4b95d","status":"passed","statusDetails":"Можно создать контрольную, если заполнены обязательные поля","time":{"start":1727466172657,"stop":1727466194956,"duration":22299}},{"uid":"3a77a2e46b68847b","status":"passed","statusDetails":"Можно создать контрольную, если заполнены обязательные поля","time":{"start":1727440569013,"stop":1727440584576,"duration":15563}},{"uid":"dbe12645975fa004","status":"passed","statusDetails":"Можно создать контрольную, если заполнены обязательные поля","time":{"start":1727437790584,"stop":1727437808161,"duration":17577}},{"uid":"85fdb2545285acd5","status":"passed","statusDetails":"Можно создать контрольную, если заполнены обязательные поля","time":{"start":1727352743833,"stop":1727352766738,"duration":22905}},{"uid":"4635927704399bbf","status":"passed","statusDetails":"Можно создать контрольную, если заполнены обязательные поля","time":{"start":1727313982491,"stop":1727313998389,"duration":15898}},{"uid":"c161db178a560dce","status":"passed","statusDetails":"Можно создать контрольную, если заполнены обязательные поля","time":{"start":1727243731194,"stop":1727243756345,"duration":25151}},{"uid":"216ac5d8c5b6e705","status":"passed","statusDetails":"Можно создать контрольную, если заполнены обязательные поля","time":{"start":1727241062831,"stop":1727241081874,"duration":19043}},{"uid":"f9d15491c7e183f3","status":"passed","statusDetails":"Можно создать контрольную, если заполнены обязательные поля","time":{"start":1727072385996,"stop":1727072402040,"duration":16044}},{"uid":"1bf9a5baf5867815","status":"passed","statusDetails":"Можно создать контрольную, если заполнены обязательные поля","time":{"start":1726127942177,"stop":1726127973235,"duration":31058}},{"uid":"866c49870b94f4ae","status":"passed","time":{"start":1725342494468,"stop":1725342521677,"duration":27209}},{"uid":"b09b1d02466f12be","status":"passed","statusDetails":"Можно создать контрольную, если заполнены обязательные поля","time":{"start":1722213899342,"stop":1722213909937,"duration":10595}},{"uid":"1401bb4f4f341ee2","status":"passed","statusDetails":"Можно создать контрольную, если заполнены обязательные поля","time":{"start":1721977013562,"stop":1721977026392,"duration":12830}},{"uid":"c66f5a5b4def9bdc","status":"passed","statusDetails":"Можно создать контрольную, если заполнены обязательные поля","time":{"start":1721974701887,"stop":1721974714323,"duration":12436}},{"uid":"77c277d75100e226","status":"passed","statusDetails":"Можно создать контрольную, если заполнены обязательные поля","time":{"start":1721815731996,"stop":1721815749379,"duration":17383}},{"uid":"f410ccee0d68ff79","status":"passed","statusDetails":"Можно создать контрольную, если заполнены обязательные поля","time":{"start":1721803394475,"stop":1721803408911,"duration":14436}},{"uid":"927bbec2403de8be","status":"passed","statusDetails":"Можно создать контрольную, если заполнены обязательные поля","time":{"start":1721372482483,"stop":1721372495421,"duration":12938}}]},"tags":["Регресс","Дежурство","Активность"]},"source":"844648616fbbf9db.json","parameterValues":[]}