{"uid":"88661ed641a4fe1f","name":"Можно удалить программу ДО без потоков","fullName":"OdinUiTests:OdinUiTests.Tests.Program.ProgramEditingTests.CheckRemoveProgramWithoutCohort(System.Boolean)","historyId":"b109fce05f81d0d3e13c6850138018b0","time":{"start":1740123178575,"stop":1740123209956,"duration":31381},"status":"broken","statusMessage":"System.Reflection.TargetInvocationException : Exception has been thrown by the target of an invocation.\n  ----> OpenQA.Selenium.WebDriverTimeoutException : Timed out after 30 seconds\n  ----> OpenQA.Selenium.NoSuchElementException : no such element: Unable to locate element: {\"method\":\"css selector\",\"selector\":\".delete-btn\"}\n  (Session info: chrome=132.0.6834.83); For documentation on this error, please visit: https://www.selenium.dev/documentation/webdriver/troubleshooting/errors#no-such-element-exception","statusTrace":"   at System.Reflection.MethodBaseInvoker.InvokeWithManyArgs(Object obj, BindingFlags invokeAttr, Binder binder, Object[] parameters, CultureInfo culture)\n   at Allure.Net.Commons.Steps.AllureStepAspectBase.Around(String name, Object[] args, Func`2 target, MethodBase metadata, Type returnType)\n   at OdinUiTests.Pages.ProgramCreateEditPage.__a$_around_ClickDeleteButton_100666987_w_0(Object[])\n   at OdinUiTests.Pages.ProgramCreateEditPage.ClickDeleteButton()\n   at OdinUiTests.Tests.Program.ProgramEditingTests.CheckRemoveProgramWithoutCohort(Boolean isAdditional) in /azp/_work/5/s/Tests/Program/ProgramCommonTests.cs:line 222\n   at InvokeStub_ProgramEditingTests.CheckRemoveProgramWithoutCohort(Object, Span`1)\n   at System.Reflection.MethodBaseInvoker.InvokeWithOneArg(Object obj, BindingFlags invokeAttr, Binder binder, Object[] parameters, CultureInfo culture)\n--WebDriverTimeoutException\n   at OpenQA.Selenium.Support.UI.DefaultWait`1.ThrowTimeoutException(String exceptionMessage, Exception lastException)\n   at OpenQA.Selenium.Support.UI.DefaultWait`1.Until[TResult](Func`2 condition, CancellationToken token)\n   at OpenQA.Selenium.Support.UI.DefaultWait`1.Until[TResult](Func`2 condition)\n   at OdinUiTests.Pages.ProgramCreateEditPage.__a$_around_ClickDeleteButton_100666987_o() in /azp/_work/5/s/Pages/ProgramCreateEditPage.cs:line 103\n   at OdinUiTests.Pages.ProgramCreateEditPage.__a$_around_ClickDeleteButton_100666987_u(Object[])\n   at Allure.Net.Commons.Steps.AllureAbstractStepAspect.WrapSync[T](Func`2 target, Object[] args, MethodBase metadata, String stepName, List`1 stepParameters)\n   at InvokeStub_AllureAbstractStepAspect.WrapSync(Object, Span`1)\n   at System.Reflection.MethodBaseInvoker.InvokeWithManyArgs(Object obj, BindingFlags invokeAttr, Binder binder, Object[] parameters, CultureInfo culture)\n--NoSuchElementException\n   at OpenQA.Selenium.WebDriver.UnpackAndThrowOnError(Response errorResponse, String commandToExecute)\n   at OpenQA.Selenium.WebDriver.ExecuteAsync(String driverCommandToExecute, Dictionary`2 parameters)\n   at SeleniumExtras.WaitHelpers.ExpectedConditions.<>c__DisplayClass19_0.<ElementToBeClickable>b__0(IWebDriver driver)\n   at OpenQA.Selenium.Support.UI.DefaultWait`1.Until[TResult](Func`2 condition, CancellationToken token)","flaky":false,"newFailed":false,"newBroken":true,"newPassed":false,"retriesCount":1,"retriesStatusChange":false,"beforeStages":[],"testStage":{"status":"broken","statusMessage":"System.Reflection.TargetInvocationException : Exception has been thrown by the target of an invocation.\n  ----> OpenQA.Selenium.WebDriverTimeoutException : Timed out after 30 seconds\n  ----> OpenQA.Selenium.NoSuchElementException : no such element: Unable to locate element: {\"method\":\"css selector\",\"selector\":\".delete-btn\"}\n  (Session info: chrome=132.0.6834.83); For documentation on this error, please visit: https://www.selenium.dev/documentation/webdriver/troubleshooting/errors#no-such-element-exception","statusTrace":"   at System.Reflection.MethodBaseInvoker.InvokeWithManyArgs(Object obj, BindingFlags invokeAttr, Binder binder, Object[] parameters, CultureInfo culture)\n   at Allure.Net.Commons.Steps.AllureStepAspectBase.Around(String name, Object[] args, Func`2 target, MethodBase metadata, Type returnType)\n   at OdinUiTests.Pages.ProgramCreateEditPage.__a$_around_ClickDeleteButton_100666987_w_0(Object[])\n   at OdinUiTests.Pages.ProgramCreateEditPage.ClickDeleteButton()\n   at OdinUiTests.Tests.Program.ProgramEditingTests.CheckRemoveProgramWithoutCohort(Boolean isAdditional) in /azp/_work/5/s/Tests/Program/ProgramCommonTests.cs:line 222\n   at InvokeStub_ProgramEditingTests.CheckRemoveProgramWithoutCohort(Object, Span`1)\n   at System.Reflection.MethodBaseInvoker.InvokeWithOneArg(Object obj, BindingFlags invokeAttr, Binder binder, Object[] parameters, CultureInfo culture)\n--WebDriverTimeoutException\n   at OpenQA.Selenium.Support.UI.DefaultWait`1.ThrowTimeoutException(String exceptionMessage, Exception lastException)\n   at OpenQA.Selenium.Support.UI.DefaultWait`1.Until[TResult](Func`2 condition, CancellationToken token)\n   at OpenQA.Selenium.Support.UI.DefaultWait`1.Until[TResult](Func`2 condition)\n   at OdinUiTests.Pages.ProgramCreateEditPage.__a$_around_ClickDeleteButton_100666987_o() in /azp/_work/5/s/Pages/ProgramCreateEditPage.cs:line 103\n   at OdinUiTests.Pages.ProgramCreateEditPage.__a$_around_ClickDeleteButton_100666987_u(Object[])\n   at Allure.Net.Commons.Steps.AllureAbstractStepAspect.WrapSync[T](Func`2 target, Object[] args, MethodBase metadata, String stepName, List`1 stepParameters)\n   at InvokeStub_AllureAbstractStepAspect.WrapSync(Object, Span`1)\n   at System.Reflection.MethodBaseInvoker.InvokeWithManyArgs(Object obj, BindingFlags invokeAttr, Binder binder, Object[] parameters, CultureInfo culture)\n--NoSuchElementException\n   at OpenQA.Selenium.WebDriver.UnpackAndThrowOnError(Response errorResponse, String commandToExecute)\n   at OpenQA.Selenium.WebDriver.ExecuteAsync(String driverCommandToExecute, Dictionary`2 parameters)\n   at SeleniumExtras.WaitHelpers.ExpectedConditions.<>c__DisplayClass19_0.<ElementToBeClickable>b__0(IWebDriver driver)\n   at OpenQA.Selenium.Support.UI.DefaultWait`1.Until[TResult](Func`2 condition, CancellationToken token)","steps":[{"name":"Открыть страницу редактирования образовательной программы","time":{"start":1740123178621,"stop":1740123179096,"duration":475},"status":"passed","steps":[],"attachments":[],"parameters":[{"name":"programId","value":"null"}],"stepsCount":0,"attachmentsCount":0,"shouldDisplayMessage":false,"hasContent":true},{"name":"Нажать на кнопку Удалить","time":{"start":1740123179096,"stop":1740123209135,"duration":30039},"status":"broken","statusMessage":"Timed out after 30 seconds","statusTrace":"OpenQA.Selenium.WebDriverTimeoutException: Timed out after 30 seconds\n ---> OpenQA.Selenium.NoSuchElementException: no such element: Unable to locate element: {\"method\":\"css selector\",\"selector\":\".delete-btn\"}\n  (Session info: chrome=132.0.6834.83); For documentation on this error, please visit: https://www.selenium.dev/documentation/webdriver/troubleshooting/errors#no-such-element-exception\n   at OpenQA.Selenium.WebDriver.UnpackAndThrowOnError(Response errorResponse, String commandToExecute)\n   at OpenQA.Selenium.WebDriver.ExecuteAsync(String driverCommandToExecute, Dictionary`2 parameters)\n   at SeleniumExtras.WaitHelpers.ExpectedConditions.<>c__DisplayClass19_0.<ElementToBeClickable>b__0(IWebDriver driver)\n   at OpenQA.Selenium.Support.UI.DefaultWait`1.Until[TResult](Func`2 condition, CancellationToken token)\n   --- End of inner exception stack trace ---\n   at OpenQA.Selenium.Support.UI.DefaultWait`1.ThrowTimeoutException(String exceptionMessage, Exception lastException)\n   at OpenQA.Selenium.Support.UI.DefaultWait`1.Until[TResult](Func`2 condition, CancellationToken token)\n   at OpenQA.Selenium.Support.UI.DefaultWait`1.Until[TResult](Func`2 condition)\n   at OdinUiTests.Pages.ProgramCreateEditPage.__a$_around_ClickDeleteButton_100666987_o() in /azp/_work/5/s/Pages/ProgramCreateEditPage.cs:line 103\n   at OdinUiTests.Pages.ProgramCreateEditPage.__a$_around_ClickDeleteButton_100666987_u(Object[])\n   at Allure.Net.Commons.Steps.AllureAbstractStepAspect.WrapSync[T](Func`2 target, Object[] args, MethodBase metadata, String stepName, List`1 stepParameters)","steps":[],"attachments":[],"parameters":[],"stepsCount":0,"attachmentsCount":0,"shouldDisplayMessage":true,"hasContent":true}],"attachments":[{"uid":"f547d70304216fc6","name":"CheckRemoveProgramWithoutCohort.jpg","source":"f547d70304216fc6.jpg","type":"image/jpeg","size":75929},{"uid":"d0b9e046cd53f58c","name":"Console Output","source":"d0b9e046cd53f58c.txt","type":"text/plain","size":54}],"parameters":[],"stepsCount":2,"attachmentsCount":2,"shouldDisplayMessage":true,"hasContent":true},"afterStages":[],"labels":[{"name":"thread","value":"NUnit.Fw.ParallelWorker#6"},{"name":"host","value":"af25acd2fc0e"},{"name":"language","value":"C#"},{"name":"framework","value":"NUnit 3"},{"name":"package","value":"OdinUiTests.Tests.Program"},{"name":"testMethod","value":"CheckRemoveProgramWithoutCohort"},{"name":"testClass","value":"ProgramEditingTests"},{"name":"suite","value":"Программа"},{"name":"severity","value":"normal"},{"name":"tag","value":"Дежурство"},{"name":"tag","value":"Программа"},{"name":"tag","value":"Регресс"},{"name":"resultFormat","value":"allure2"}],"parameters":[{"name":"isAdditional","value":"true"}],"links":[],"hidden":false,"retry":false,"extra":{"severity":"normal","retries":[{"uid":"3f77a2e41ebfebe5","status":"broken","statusDetails":"System.Reflection.TargetInvocationException : Exception has been thrown by the target of an invocation.\n  ----> OpenQA.Selenium.WebDriverTimeoutException : Timed out after 30 seconds\n  ----> OpenQA.Selenium.NoSuchElementException : no such element: Unable to locate element: {\"method\":\"css selector\",\"selector\":\".delete-btn\"}\n  (Session info: chrome=132.0.6834.83); For documentation on this error, please visit: https://www.selenium.dev/documentation/webdriver/troubleshooting/errors#no-such-element-exception","time":{"start":1740122265256,"stop":1740122302757,"duration":37501}}],"categories":[{"name":"Test defects","matchedStatuses":[],"flaky":false}],"history":{"statistic":{"failed":1,"broken":1,"skipped":0,"passed":102,"unknown":0,"total":104},"items":[{"uid":"ebbf3d9e5bab43c6","status":"passed","time":{"start":1739342902130,"stop":1739342921226,"duration":19096}},{"uid":"a041b6157d78fcd4","status":"passed","time":{"start":1737614078761,"stop":1737614094655,"duration":15894}},{"uid":"20254d142707f129","status":"passed","time":{"start":1737568217777,"stop":1737568230173,"duration":12396}},{"uid":"659e126fd254e241","status":"passed","time":{"start":1737525597116,"stop":1737525610819,"duration":13703}},{"uid":"d997d4f7497e503e","status":"passed","time":{"start":1736952378762,"stop":1736952383155,"duration":4393}},{"uid":"fb69ca762a3b9184","status":"passed","time":{"start":1736923970388,"stop":1736923984067,"duration":13679}},{"uid":"1eb9833827d501fc","status":"passed","time":{"start":1736923970388,"stop":1736923984067,"duration":13679}},{"uid":"4d4c7248e3bbc3cf","status":"passed","time":{"start":1735130972818,"stop":1735130980101,"duration":7283}},{"uid":"67b656740dbc4059","status":"passed","time":{"start":1732693570583,"stop":1732693573948,"duration":3365}},{"uid":"cd14194ff6b18efb","status":"passed","time":{"start":1732118340781,"stop":1732118344372,"duration":3591}},{"uid":"a6f0ccb2a66161c3","status":"passed","time":{"start":1732034118451,"stop":1732034121758,"duration":3307}},{"uid":"65bdcfe3f3830432","status":"passed","time":{"start":1731946228968,"stop":1731946232219,"duration":3251}},{"uid":"7f314f4fc2828051","status":"passed","time":{"start":1729837423882,"stop":1729837428153,"duration":4271}},{"uid":"ad542ccf4bc5cf54","status":"passed","time":{"start":1729747995520,"stop":1729748002069,"duration":6549}},{"uid":"8f13d5c11fa74ad4","status":"passed","time":{"start":1729672696855,"stop":1729672702195,"duration":5340}},{"uid":"b6ff406284c21c8c","status":"passed","time":{"start":1729612056380,"stop":1729612061047,"duration":4667}},{"uid":"4e98d6c42dd766a7","status":"passed","time":{"start":1729578448989,"stop":1729578452196,"duration":3207}},{"uid":"988a67bbef91edb9","status":"passed","statusDetails":"Можно удалить программу ДО без потоков","time":{"start":1729229227120,"stop":1729229231072,"duration":3952}},{"uid":"58e19bd342180e0f","status":"passed","statusDetails":"Можно удалить программу ДО без потоков","time":{"start":1728640673520,"stop":1728640677517,"duration":3997}},{"uid":"4b11d3a21476f82d","status":"passed","statusDetails":"Можно удалить программу ДО без потоков","time":{"start":1728626263873,"stop":1728626267873,"duration":4000}}]},"tags":["Регресс","Дежурство","Программа"]},"source":"88661ed641a4fe1f.json","parameterValues":["true"]}