{"uid":"8b6e666fbe595f59","name":"Можно создать активность типа Задание, если заполнены все обязательные поля","fullName":"OdinUiTests:OdinUiTests.Tests.Activity.TaskActivityCreatingTests.CheckCreateTaskActivity()","historyId":"1a7e9001225da51703b41cc55c91e2a4","time":{"start":1729673242434,"stop":1729673273361,"duration":30927},"status":"broken","statusMessage":"OpenQA.Selenium.WebDriverTimeoutException : Timed out after 30 seconds\n  ----> OpenQA.Selenium.NoSuchElementException : no such element: Unable to locate element: {\"method\":\"xpath\",\"selector\":\"//div[text()='Тип активности']/parent::div\"}\n  (Session info: chrome-headless-shell=126.0.6478.126); For documentation on this error, please visit: https://www.selenium.dev/documentation/webdriver/troubleshooting/errors#no-such-element-exception","statusTrace":"   at OpenQA.Selenium.Support.UI.DefaultWait`1.ThrowTimeoutException(String exceptionMessage, Exception lastException)\n   at OpenQA.Selenium.Support.UI.DefaultWait`1.Until[TResult](Func`2 condition, CancellationToken token)\n   at OpenQA.Selenium.Support.UI.DefaultWait`1.Until[TResult](Func`2 condition)\n   at OdinUiTests.Services.CommonService.SelectValueFromDropdown(IWebDriver driver, String type) in /azp/_work/1/s/Services/CommonService.cs:line 764\n   at OdinUiTests.Pages.ActivityCommonEditPage.<>c__DisplayClass93_0.<SetActivityType>b__0() in /azp/_work/1/s/Pages/ActivityCommonEditPage.cs:line 347\n   at Allure.Net.Commons.AllureApi.<>c__DisplayClass34_0.<Step>b__0()\n   at Allure.Net.Commons.AllureApi.ExecuteAction[T](String name, Action`1 start, Func`1 action, Action`1 resolve)\n   at Allure.Net.Commons.AllureApi.ExecuteStep[T](String name, Func`1 action)\n   at Allure.Net.Commons.AllureApi.Step(String name, Action action)\n   at OdinUiTests.Pages.ActivityCommonEditPage.SetActivityType(String type) in /azp/_work/1/s/Pages/ActivityCommonEditPage.cs:line 345\n   at OdinUiTests.Tests.Activity.TaskActivityCreatingTests.Setup() in /azp/_work/1/s/Tests/Activity/TaskActivityTests.cs:line 407\n   at System.RuntimeMethodHandle.InvokeMethod(Object target, Void** arguments, Signature sig, Boolean isConstructor)\n   at System.Reflection.MethodBaseInvoker.InvokeWithNoArgs(Object obj, BindingFlags invokeAttr)\n--NoSuchElementException\n   at OpenQA.Selenium.WebDriver.UnpackAndThrowOnError(Response errorResponse, String commandToExecute)\n   at OpenQA.Selenium.WebDriver.ExecuteAsync(String driverCommandToExecute, Dictionary`2 parameters)\n   at SeleniumExtras.WaitHelpers.ExpectedConditions.<>c__DisplayClass19_0.<ElementToBeClickable>b__0(IWebDriver driver)\n   at OpenQA.Selenium.Support.UI.DefaultWait`1.Until[TResult](Func`2 condition, CancellationToken token)","flaky":false,"newFailed":false,"newBroken":false,"newPassed":false,"retriesCount":1,"retriesStatusChange":false,"beforeStages":[],"testStage":{"status":"broken","statusMessage":"OpenQA.Selenium.WebDriverTimeoutException : Timed out after 30 seconds\n  ----> OpenQA.Selenium.NoSuchElementException : no such element: Unable to locate element: {\"method\":\"xpath\",\"selector\":\"//div[text()='Тип активности']/parent::div\"}\n  (Session info: chrome-headless-shell=126.0.6478.126); For documentation on this error, please visit: https://www.selenium.dev/documentation/webdriver/troubleshooting/errors#no-such-element-exception","statusTrace":"   at OpenQA.Selenium.Support.UI.DefaultWait`1.ThrowTimeoutException(String exceptionMessage, Exception lastException)\n   at OpenQA.Selenium.Support.UI.DefaultWait`1.Until[TResult](Func`2 condition, CancellationToken token)\n   at OpenQA.Selenium.Support.UI.DefaultWait`1.Until[TResult](Func`2 condition)\n   at OdinUiTests.Services.CommonService.SelectValueFromDropdown(IWebDriver driver, String type) in /azp/_work/1/s/Services/CommonService.cs:line 764\n   at OdinUiTests.Pages.ActivityCommonEditPage.<>c__DisplayClass93_0.<SetActivityType>b__0() in /azp/_work/1/s/Pages/ActivityCommonEditPage.cs:line 347\n   at Allure.Net.Commons.AllureApi.<>c__DisplayClass34_0.<Step>b__0()\n   at Allure.Net.Commons.AllureApi.ExecuteAction[T](String name, Action`1 start, Func`1 action, Action`1 resolve)\n   at Allure.Net.Commons.AllureApi.ExecuteStep[T](String name, Func`1 action)\n   at Allure.Net.Commons.AllureApi.Step(String name, Action action)\n   at OdinUiTests.Pages.ActivityCommonEditPage.SetActivityType(String type) in /azp/_work/1/s/Pages/ActivityCommonEditPage.cs:line 345\n   at OdinUiTests.Tests.Activity.TaskActivityCreatingTests.Setup() in /azp/_work/1/s/Tests/Activity/TaskActivityTests.cs:line 407\n   at System.RuntimeMethodHandle.InvokeMethod(Object target, Void** arguments, Signature sig, Boolean isConstructor)\n   at System.Reflection.MethodBaseInvoker.InvokeWithNoArgs(Object obj, BindingFlags invokeAttr)\n--NoSuchElementException\n   at OpenQA.Selenium.WebDriver.UnpackAndThrowOnError(Response errorResponse, String commandToExecute)\n   at OpenQA.Selenium.WebDriver.ExecuteAsync(String driverCommandToExecute, Dictionary`2 parameters)\n   at SeleniumExtras.WaitHelpers.ExpectedConditions.<>c__DisplayClass19_0.<ElementToBeClickable>b__0(IWebDriver driver)\n   at OpenQA.Selenium.Support.UI.DefaultWait`1.Until[TResult](Func`2 condition, CancellationToken token)","steps":[{"name":"Открыть страницу создания активности","time":{"start":1729673242434,"stop":1729673243005,"duration":571},"status":"passed","steps":[],"attachments":[],"parameters":[{"name":"disciplineId","value":"\"379\""}],"stepsCount":0,"attachmentsCount":0,"shouldDisplayMessage":false,"hasContent":true},{"name":"В поле 'Тип активности' выбрать значение 'Задание'","time":{"start":1729673243005,"stop":1729673273165,"duration":30160},"status":"broken","statusMessage":"Timed out after 30 seconds","statusTrace":"OpenQA.Selenium.WebDriverTimeoutException: Timed out after 30 seconds\n ---> OpenQA.Selenium.NoSuchElementException: no such element: Unable to locate element: {\"method\":\"xpath\",\"selector\":\"//div[text()='Тип активности']/parent::div\"}\n  (Session info: chrome-headless-shell=126.0.6478.126); For documentation on this error, please visit: https://www.selenium.dev/documentation/webdriver/troubleshooting/errors#no-such-element-exception\n   at OpenQA.Selenium.WebDriver.UnpackAndThrowOnError(Response errorResponse, String commandToExecute)\n   at OpenQA.Selenium.WebDriver.ExecuteAsync(String driverCommandToExecute, Dictionary`2 parameters)\n   at SeleniumExtras.WaitHelpers.ExpectedConditions.<>c__DisplayClass19_0.<ElementToBeClickable>b__0(IWebDriver driver)\n   at OpenQA.Selenium.Support.UI.DefaultWait`1.Until[TResult](Func`2 condition, CancellationToken token)\n   --- End of inner exception stack trace ---\n   at OpenQA.Selenium.Support.UI.DefaultWait`1.ThrowTimeoutException(String exceptionMessage, Exception lastException)\n   at OpenQA.Selenium.Support.UI.DefaultWait`1.Until[TResult](Func`2 condition, CancellationToken token)\n   at OpenQA.Selenium.Support.UI.DefaultWait`1.Until[TResult](Func`2 condition)\n   at OdinUiTests.Services.CommonService.SelectValueFromDropdown(IWebDriver driver, String type) in /azp/_work/1/s/Services/CommonService.cs:line 764\n   at OdinUiTests.Pages.ActivityCommonEditPage.<>c__DisplayClass93_0.<SetActivityType>b__0() in /azp/_work/1/s/Pages/ActivityCommonEditPage.cs:line 347\n   at Allure.Net.Commons.AllureApi.<>c__DisplayClass34_0.<Step>b__0()\n   at Allure.Net.Commons.AllureApi.ExecuteAction[T](String name, Action`1 start, Func`1 action, Action`1 resolve)\n   at Allure.Net.Commons.AllureApi.ExecuteStep[T](String name, Func`1 action)\n   at Allure.Net.Commons.AllureApi.Step(String name, Action action)\n   at OdinUiTests.Pages.ActivityCommonEditPage.SetActivityType(String type) in /azp/_work/1/s/Pages/ActivityCommonEditPage.cs:line 345\n   at OdinUiTests.Tests.Activity.TaskActivityCreatingTests.Setup() in /azp/_work/1/s/Tests/Activity/TaskActivityTests.cs:line 407\n   at System.RuntimeMethodHandle.InvokeMethod(Object target, Void** arguments, Signature sig, Boolean isConstructor)\n   at System.Reflection.MethodBaseInvoker.InvokeWithNoArgs(Object obj, BindingFlags invokeAttr)","steps":[],"attachments":[],"parameters":[],"stepsCount":0,"attachmentsCount":0,"shouldDisplayMessage":true,"hasContent":true}],"attachments":[{"uid":"8d78124e6dd52016","name":"CheckCreateTaskActivity.jpg","source":"8d78124e6dd52016.jpg","type":"image/jpeg","size":102145},{"uid":"d8571057ab96ad89","name":"Console Output","source":"d8571057ab96ad89.txt","type":"text/plain","size":75}],"parameters":[],"stepsCount":2,"attachmentsCount":2,"shouldDisplayMessage":true,"hasContent":true},"afterStages":[],"labels":[{"name":"thread","value":"ParallelWorker#3"},{"name":"host","value":"07410f714a69"},{"name":"language","value":"C#"},{"name":"framework","value":"NUnit 3"},{"name":"package","value":"OdinUiTests.Tests.Activity"},{"name":"testMethod","value":"CheckCreateTaskActivity"},{"name":"testClass","value":"TaskActivityCreatingTests"},{"name":"parentSuite","value":"Активность"},{"name":"suite","value":"Задание"},{"name":"subSuite","value":"Создание задания"},{"name":"severity","value":"critical"},{"name":"tag","value":"Активность"},{"name":"tag","value":"Дежурство"},{"name":"tag","value":"Регресс"},{"name":"resultFormat","value":"allure2"}],"parameters":[],"links":[],"hidden":false,"retry":false,"extra":{"severity":"critical","retries":[{"uid":"eea5ab7a9e90a0b1","status":"broken","statusDetails":"OpenQA.Selenium.WebDriverTimeoutException : Timed out after 30 seconds\n  ----> OpenQA.Selenium.NoSuchElementException : no such element: Unable to locate element: {\"method\":\"xpath\",\"selector\":\"//div[text()='Тип активности']/parent::div\"}\n  (Session info: chrome-headless-shell=126.0.6478.126); For documentation on this error, please visit: https://www.selenium.dev/documentation/webdriver/troubleshooting/errors#no-such-element-exception","time":{"start":1729671878198,"stop":1729671909530,"duration":31332}}],"categories":[{"name":"Test defects","matchedStatuses":[],"flaky":false}],"history":{"statistic":{"failed":0,"broken":3,"skipped":0,"passed":86,"unknown":0,"total":89},"items":[{"uid":"c46ce48feb20cccf","status":"broken","statusDetails":"OpenQA.Selenium.WebDriverTimeoutException : Timed out after 30 seconds\n  ----> OpenQA.Selenium.NoSuchElementException : no such element: Unable to locate element: {\"method\":\"xpath\",\"selector\":\"//div[text()='Тип активности']/parent::div\"}\n  (Session info: chrome-headless-shell=126.0.6478.126); For documentation on this error, please visit: https://www.selenium.dev/documentation/webdriver/troubleshooting/errors#no-such-element-exception","time":{"start":1729611306391,"stop":1729611337636,"duration":31245}},{"uid":"7b912087bd956964","status":"broken","statusDetails":"OpenQA.Selenium.WebDriverTimeoutException : Timed out after 30 seconds\n  ----> OpenQA.Selenium.NoSuchElementException : no such element: Unable to locate element: {\"method\":\"xpath\",\"selector\":\"//div[text()='Тип активности']/parent::div\"}\n  (Session info: chrome-headless-shell=126.0.6478.126); For documentation on this error, please visit: https://www.selenium.dev/documentation/webdriver/troubleshooting/errors#no-such-element-exception","time":{"start":1729577850954,"stop":1729577882478,"duration":31524}},{"uid":"ee6707a1cbc9f07d","status":"passed","statusDetails":"Можно создать активность типа Задание, если заполнены все обязательные поля","time":{"start":1729228588062,"stop":1729228605641,"duration":17579}},{"uid":"7cdf0196fd10b8e7","status":"passed","statusDetails":"Можно создать активность типа Задание, если заполнены все обязательные поля","time":{"start":1728639794491,"stop":1728639811202,"duration":16711}},{"uid":"6f26e85c15d779da","status":"passed","statusDetails":"Можно создать активность типа Задание, если заполнены все обязательные поля","time":{"start":1728625631145,"stop":1728625646050,"duration":14905}},{"uid":"3d5fdd0a43dae2f5","status":"passed","statusDetails":"Можно создать активность типа Задание, если заполнены все обязательные поля","time":{"start":1727714119797,"stop":1727714132304,"duration":12507}},{"uid":"6eee95ba74b25294","status":"passed","statusDetails":"Можно создать активность типа Задание, если заполнены все обязательные поля","time":{"start":1727466080480,"stop":1727466094634,"duration":14154}},{"uid":"beb11c92d46dec02","status":"passed","statusDetails":"Можно создать активность типа Задание, если заполнены все обязательные поля","time":{"start":1727440476738,"stop":1727440493408,"duration":16670}},{"uid":"c746f0900c9ba69","status":"passed","statusDetails":"Можно создать активность типа Задание, если заполнены все обязательные поля","time":{"start":1727437696960,"stop":1727437713430,"duration":16470}},{"uid":"d93f78b8731308c6","status":"passed","statusDetails":"Можно создать активность типа Задание, если заполнены все обязательные поля","time":{"start":1727352644220,"stop":1727352673281,"duration":29061}},{"uid":"a07c041942a28d37","status":"passed","statusDetails":"Можно создать активность типа Задание, если заполнены все обязательные поля","time":{"start":1727313878471,"stop":1727313912481,"duration":34010}},{"uid":"591f808f30969b2f","status":"passed","statusDetails":"Можно создать активность типа Задание, если заполнены все обязательные поля","time":{"start":1727243638114,"stop":1727243656864,"duration":18750}},{"uid":"7a995a8cd6b8ca4d","status":"passed","statusDetails":"Можно создать активность типа Задание, если заполнены все обязательные поля","time":{"start":1727240988019,"stop":1727241002031,"duration":14012}},{"uid":"1637a96f924709ae","status":"passed","statusDetails":"Можно создать активность типа Задание, если заполнены все обязательные поля","time":{"start":1727072287349,"stop":1727072308579,"duration":21230}},{"uid":"a4aed97f93a59ecf","status":"passed","statusDetails":"Можно создать активность типа Задание, если заполнены все обязательные поля","time":{"start":1726127830183,"stop":1726127844004,"duration":13821}},{"uid":"7113f740230c3ac7","status":"passed","time":{"start":1725342347693,"stop":1725342373650,"duration":25957}},{"uid":"30a2bdc01732b24b","status":"passed","statusDetails":"Можно создать активность типа Задание, если заполнены все обязательные поля","time":{"start":1722213828774,"stop":1722213841808,"duration":13034}},{"uid":"90472cc6b1608ffb","status":"passed","statusDetails":"Можно создать активность типа Задание, если заполнены все обязательные поля","time":{"start":1721976940772,"stop":1721976952981,"duration":12209}},{"uid":"44a5d734712e216f","status":"passed","statusDetails":"Можно создать активность типа Задание, если заполнены все обязательные поля","time":{"start":1721974621618,"stop":1721974638212,"duration":16594}},{"uid":"f09c211b7bba54bd","status":"passed","statusDetails":"Можно создать активность типа Задание, если заполнены все обязательные поля","time":{"start":1721815651058,"stop":1721815665276,"duration":14218}}]},"tags":["Регресс","Дежурство","Активность"]},"source":"8b6e666fbe595f59.json","parameterValues":[]}