{"uid":"8bfe4b5cee0b74d5","name":"Создание потока ВО: можно создать поток, если все обязательные поля корректно заполнены","fullName":"OdinUiTests:OdinUiTests.Tests.Cohort.CohortCreationTests.CheckCreateCohortWhenAllRequiredFieldsAreFilled(System.String)","historyId":"d153d3503d329d177c6edc751340f713","time":{"start":1739343413517,"stop":1739343466534,"duration":53017},"status":"broken","statusMessage":"System.Reflection.TargetInvocationException : Exception has been thrown by the target of an invocation.\n  ----> OpenQA.Selenium.WebDriverTimeoutException : Timed out after 30 seconds\n  ----> OpenQA.Selenium.NoSuchElementException : no such element: Unable to locate element: {\"method\":\"css selector\",\"selector\":\".cohort-info .page-title\"}\n  (Session info: chrome=132.0.6834.83); For documentation on this error, please visit: https://www.selenium.dev/documentation/webdriver/troubleshooting/errors#no-such-element-exception","statusTrace":"   at System.Reflection.MethodBaseInvoker.InvokeWithManyArgs(Object obj, BindingFlags invokeAttr, Binder binder, Object[] parameters, CultureInfo culture)\n   at Allure.Net.Commons.Steps.AllureStepAspectBase.Around(String name, Object[] args, Func`2 target, MethodBase metadata, Type returnType)\n   at OdinUiTests.Pages.CohortInfoPage.__a$_around_CheckCohortSavedSuccessfully_100666476_w_0(Object[])\n   at OdinUiTests.Pages.CohortInfoPage.CheckCohortSavedSuccessfully(String cohortTitle, String startDate, String endDate)\n   at OdinUiTests.Tests.Cohort.CohortCreationTests.CheckCreateCohortWhenAllRequiredFieldsAreFilled(String programId) in /azp/_work/1/s/Tests/Cohort/CohortCreateEditTests.cs:line 67\n   at System.RuntimeMethodHandle.InvokeMethod(Object target, Void** arguments, Signature sig, Boolean isConstructor)\n   at System.Reflection.MethodBaseInvoker.InvokeDirectByRefWithFewArgs(Object obj, Span`1 copyOfArgs, BindingFlags invokeAttr)\n--WebDriverTimeoutException\n   at OpenQA.Selenium.Support.UI.DefaultWait`1.ThrowTimeoutException(String exceptionMessage, Exception lastException)\n   at OpenQA.Selenium.Support.UI.DefaultWait`1.Until[TResult](Func`2 condition, CancellationToken token)\n   at OpenQA.Selenium.Support.UI.DefaultWait`1.Until[TResult](Func`2 condition)\n   at OdinUiTests.Pages.CohortInfoPage.CohortSavedSuccessfully(String cohortTitle, String startDate, String endDate) in /azp/_work/1/s/Pages/CohortInfoPage.cs:line 423\n   at OdinUiTests.Pages.CohortInfoPage.__a$_around_CheckCohortSavedSuccessfully_100666476_o(String cohortTitle, String startDate, String endDate) in /azp/_work/1/s/Pages/CohortInfoPage.cs:line 437\n   at OdinUiTests.Pages.CohortInfoPage.__a$_around_CheckCohortSavedSuccessfully_100666476_u(Object[])\n   at Allure.Net.Commons.Steps.AllureAbstractStepAspect.WrapSync[T](Func`2 target, Object[] args, MethodBase metadata, String stepName, List`1 stepParameters)\n   at InvokeStub_AllureAbstractStepAspect.WrapSync(Object, Span`1)\n   at System.Reflection.MethodBaseInvoker.InvokeWithManyArgs(Object obj, BindingFlags invokeAttr, Binder binder, Object[] parameters, CultureInfo culture)\n--NoSuchElementException\n   at OpenQA.Selenium.WebDriver.UnpackAndThrowOnError(Response errorResponse, String commandToExecute)\n   at OpenQA.Selenium.WebDriver.ExecuteAsync(String driverCommandToExecute, Dictionary`2 parameters)\n   at SeleniumExtras.WaitHelpers.ExpectedConditions.<>c__DisplayClass19_0.<ElementToBeClickable>b__0(IWebDriver driver)\n   at OpenQA.Selenium.Support.UI.DefaultWait`1.Until[TResult](Func`2 condition, CancellationToken token)","flaky":false,"newFailed":false,"newBroken":true,"newPassed":false,"retriesCount":0,"retriesStatusChange":false,"beforeStages":[],"testStage":{"status":"broken","statusMessage":"System.Reflection.TargetInvocationException : Exception has been thrown by the target of an invocation.\n  ----> OpenQA.Selenium.WebDriverTimeoutException : Timed out after 30 seconds\n  ----> OpenQA.Selenium.NoSuchElementException : no such element: Unable to locate element: {\"method\":\"css selector\",\"selector\":\".cohort-info .page-title\"}\n  (Session info: chrome=132.0.6834.83); For documentation on this error, please visit: https://www.selenium.dev/documentation/webdriver/troubleshooting/errors#no-such-element-exception","statusTrace":"   at System.Reflection.MethodBaseInvoker.InvokeWithManyArgs(Object obj, BindingFlags invokeAttr, Binder binder, Object[] parameters, CultureInfo culture)\n   at Allure.Net.Commons.Steps.AllureStepAspectBase.Around(String name, Object[] args, Func`2 target, MethodBase metadata, Type returnType)\n   at OdinUiTests.Pages.CohortInfoPage.__a$_around_CheckCohortSavedSuccessfully_100666476_w_0(Object[])\n   at OdinUiTests.Pages.CohortInfoPage.CheckCohortSavedSuccessfully(String cohortTitle, String startDate, String endDate)\n   at OdinUiTests.Tests.Cohort.CohortCreationTests.CheckCreateCohortWhenAllRequiredFieldsAreFilled(String programId) in /azp/_work/1/s/Tests/Cohort/CohortCreateEditTests.cs:line 67\n   at System.RuntimeMethodHandle.InvokeMethod(Object target, Void** arguments, Signature sig, Boolean isConstructor)\n   at System.Reflection.MethodBaseInvoker.InvokeDirectByRefWithFewArgs(Object obj, Span`1 copyOfArgs, BindingFlags invokeAttr)\n--WebDriverTimeoutException\n   at OpenQA.Selenium.Support.UI.DefaultWait`1.ThrowTimeoutException(String exceptionMessage, Exception lastException)\n   at OpenQA.Selenium.Support.UI.DefaultWait`1.Until[TResult](Func`2 condition, CancellationToken token)\n   at OpenQA.Selenium.Support.UI.DefaultWait`1.Until[TResult](Func`2 condition)\n   at OdinUiTests.Pages.CohortInfoPage.CohortSavedSuccessfully(String cohortTitle, String startDate, String endDate) in /azp/_work/1/s/Pages/CohortInfoPage.cs:line 423\n   at OdinUiTests.Pages.CohortInfoPage.__a$_around_CheckCohortSavedSuccessfully_100666476_o(String cohortTitle, String startDate, String endDate) in /azp/_work/1/s/Pages/CohortInfoPage.cs:line 437\n   at OdinUiTests.Pages.CohortInfoPage.__a$_around_CheckCohortSavedSuccessfully_100666476_u(Object[])\n   at Allure.Net.Commons.Steps.AllureAbstractStepAspect.WrapSync[T](Func`2 target, Object[] args, MethodBase metadata, String stepName, List`1 stepParameters)\n   at InvokeStub_AllureAbstractStepAspect.WrapSync(Object, Span`1)\n   at System.Reflection.MethodBaseInvoker.InvokeWithManyArgs(Object obj, BindingFlags invokeAttr, Binder binder, Object[] parameters, CultureInfo culture)\n--NoSuchElementException\n   at OpenQA.Selenium.WebDriver.UnpackAndThrowOnError(Response errorResponse, String commandToExecute)\n   at OpenQA.Selenium.WebDriver.ExecuteAsync(String driverCommandToExecute, Dictionary`2 parameters)\n   at SeleniumExtras.WaitHelpers.ExpectedConditions.<>c__DisplayClass19_0.<ElementToBeClickable>b__0(IWebDriver driver)\n   at OpenQA.Selenium.Support.UI.DefaultWait`1.Until[TResult](Func`2 condition, CancellationToken token)","steps":[{"name":"Открыть страницу образовательной программы","time":{"start":1739343413517,"stop":1739343414923,"duration":1406},"status":"passed","steps":[],"attachments":[],"parameters":[{"name":"programId","value":"\"5\""}],"stepsCount":0,"attachmentsCount":0,"shouldDisplayMessage":false,"hasContent":true},{"name":"Нажать на кнопку 'Добавить' для добавления потока","time":{"start":1739343414923,"stop":1739343417736,"duration":2813},"status":"passed","steps":[],"attachments":[],"parameters":[],"stepsCount":0,"attachmentsCount":0,"shouldDisplayMessage":false,"hasContent":false},{"name":"Вставить значение в поле 'Название'","time":{"start":1739343417737,"stop":1739343420932,"duration":3195},"status":"passed","steps":[],"attachments":[],"parameters":[],"stepsCount":0,"attachmentsCount":0,"shouldDisplayMessage":false,"hasContent":false},{"name":"Выбрать значение в поле 'Дата начала'","time":{"start":1739343420932,"stop":1739343427510,"duration":6578},"status":"passed","steps":[],"attachments":[],"parameters":[],"stepsCount":0,"attachmentsCount":0,"shouldDisplayMessage":false,"hasContent":false},{"name":"Выбрать значение в поле 'Дата окончания'","time":{"start":1739343427510,"stop":1739343433211,"duration":5701},"status":"passed","steps":[],"attachments":[],"parameters":[],"stepsCount":0,"attachmentsCount":0,"shouldDisplayMessage":false,"hasContent":false},{"name":"Нажать на кнопку 'Сохранить'","time":{"start":1739343433212,"stop":1739343433644,"duration":432},"status":"passed","steps":[],"attachments":[],"parameters":[],"stepsCount":0,"attachmentsCount":0,"shouldDisplayMessage":false,"hasContent":false},{"name":"Проверка корректности создания потока с выбранными датами","time":{"start":1739343433644,"stop":1739343463817,"duration":30173},"status":"broken","statusMessage":"Timed out after 30 seconds","statusTrace":"OpenQA.Selenium.WebDriverTimeoutException: Timed out after 30 seconds\n ---> OpenQA.Selenium.NoSuchElementException: no such element: Unable to locate element: {\"method\":\"css selector\",\"selector\":\".cohort-info .page-title\"}\n  (Session info: chrome=132.0.6834.83); For documentation on this error, please visit: https://www.selenium.dev/documentation/webdriver/troubleshooting/errors#no-such-element-exception\n   at OpenQA.Selenium.WebDriver.UnpackAndThrowOnError(Response errorResponse, String commandToExecute)\n   at OpenQA.Selenium.WebDriver.ExecuteAsync(String driverCommandToExecute, Dictionary`2 parameters)\n   at SeleniumExtras.WaitHelpers.ExpectedConditions.<>c__DisplayClass19_0.<ElementToBeClickable>b__0(IWebDriver driver)\n   at OpenQA.Selenium.Support.UI.DefaultWait`1.Until[TResult](Func`2 condition, CancellationToken token)\n   --- End of inner exception stack trace ---\n   at OpenQA.Selenium.Support.UI.DefaultWait`1.ThrowTimeoutException(String exceptionMessage, Exception lastException)\n   at OpenQA.Selenium.Support.UI.DefaultWait`1.Until[TResult](Func`2 condition, CancellationToken token)\n   at OpenQA.Selenium.Support.UI.DefaultWait`1.Until[TResult](Func`2 condition)\n   at OdinUiTests.Pages.CohortInfoPage.CohortSavedSuccessfully(String cohortTitle, String startDate, String endDate) in /azp/_work/1/s/Pages/CohortInfoPage.cs:line 423\n   at OdinUiTests.Pages.CohortInfoPage.__a$_around_CheckCohortSavedSuccessfully_100666476_o(String cohortTitle, String startDate, String endDate) in /azp/_work/1/s/Pages/CohortInfoPage.cs:line 437\n   at OdinUiTests.Pages.CohortInfoPage.__a$_around_CheckCohortSavedSuccessfully_100666476_u(Object[])\n   at Allure.Net.Commons.Steps.AllureAbstractStepAspect.WrapSync[T](Func`2 target, Object[] args, MethodBase metadata, String stepName, List`1 stepParameters)","steps":[],"attachments":[],"parameters":[{"name":"cohortTitle","value":"\"34G13A18D8DG4F6\""},{"name":"startDate","value":"\"31.12.2024\""},{"name":"endDate","value":"\"24.02.2025\""}],"stepsCount":0,"attachmentsCount":0,"shouldDisplayMessage":true,"hasContent":true}],"attachments":[{"uid":"62ef5fc64c5ef6cc","name":"CheckCreateCohortWhenAllRequiredFieldsAreFilled.jpg","source":"62ef5fc64c5ef6cc.jpg","type":"image/jpeg","size":130287},{"uid":"232c49a8c32fb967","name":"Console Output","source":"232c49a8c32fb967.txt","type":"text/plain","size":87}],"parameters":[],"stepsCount":7,"attachmentsCount":2,"shouldDisplayMessage":true,"hasContent":true},"afterStages":[],"labels":[{"name":"thread","value":"NUnit.Fw.ParallelWorker#7"},{"name":"host","value":"829ee3609255"},{"name":"language","value":"C#"},{"name":"framework","value":"NUnit 3"},{"name":"package","value":"OdinUiTests.Tests.Cohort"},{"name":"testMethod","value":"CheckCreateCohortWhenAllRequiredFieldsAreFilled"},{"name":"testClass","value":"CohortCreationTests"},{"name":"suite","value":"Поток"},{"name":"subSuite","value":"Создание потока"},{"name":"severity","value":"normal"},{"name":"tag","value":"Поток"},{"name":"tag","value":"Регресс"},{"name":"resultFormat","value":"allure2"}],"parameters":[{"name":"programId","value":"\"5\""}],"links":[],"hidden":false,"retry":false,"extra":{"severity":"normal","retries":[],"categories":[{"name":"Test defects","matchedStatuses":[],"flaky":false}],"history":{"statistic":{"failed":2,"broken":1,"skipped":0,"passed":50,"unknown":0,"total":53},"items":[{"uid":"c78534aae293ad31","status":"passed","time":{"start":1737614554151,"stop":1737614582952,"duration":28801}},{"uid":"b55468973fe0df7c","status":"passed","time":{"start":1737567155161,"stop":1737567190758,"duration":35597}},{"uid":"10318a1fc6dcc31b","status":"passed","time":{"start":1736951164545,"stop":1736951191349,"duration":26804}},{"uid":"a28f5b02c6726db3","status":"passed","time":{"start":1732117932012,"stop":1732117946867,"duration":14855}},{"uid":"805407d3c6848883","status":"passed","time":{"start":1732033724927,"stop":1732033738074,"duration":13147}},{"uid":"1b74fce18109cac9","status":"passed","statusDetails":"Создание потока ВО: можно создать поток, если все обязательные поля корректно заполнены","time":{"start":1728640228078,"stop":1728640244044,"duration":15966}},{"uid":"877a2e4a6a43fec2","status":"passed","statusDetails":"Создание потока ВО: можно создать поток, если все обязательные поля корректно заполнены","time":{"start":1727714648326,"stop":1727714670386,"duration":22060}},{"uid":"a712fef50f59a7aa","status":"passed","statusDetails":"Создание потока ВО: можно создать поток, если все обязательные поля корректно заполнены","time":{"start":1727353146362,"stop":1727353163874,"duration":17512}},{"uid":"c35a28be1f3418c0","status":"passed","statusDetails":"Создание потока ВО: можно создать поток, если все обязательные поля корректно заполнены","time":{"start":1727072717270,"stop":1727072732750,"duration":15480}},{"uid":"77c72eb82c22e5cb","status":"passed","statusDetails":"Создание потока ВО: можно создать поток, если все обязательные поля корректно заполнены","time":{"start":1726128332566,"stop":1726128348721,"duration":16155}},{"uid":"2c5a9334ddc1b329","status":"passed","time":{"start":1725342954352,"stop":1725342970182,"duration":15830}},{"uid":"d8b6b7cfd0c917e4","status":"passed","statusDetails":"Создание потока ВО: можно создать поток, если все обязательные поля корректно заполнены","time":{"start":1722214172250,"stop":1722214183692,"duration":11442}},{"uid":"5f2ed2954b7242ba","status":"passed","statusDetails":"Создание потока ВО: можно создать поток, если все обязательные поля корректно заполнены","time":{"start":1721977390687,"stop":1721977404964,"duration":14277}},{"uid":"89f5bdc175b6054d","status":"passed","statusDetails":"Создание потока ВО: можно создать поток, если все обязательные поля корректно заполнены","time":{"start":1721975131636,"stop":1721975147033,"duration":15397}},{"uid":"de139214cd8d5f2e","status":"passed","statusDetails":"Создание потока ВО: можно создать поток, если все обязательные поля корректно заполнены","time":{"start":1721816094538,"stop":1721816108977,"duration":14439}},{"uid":"9ab5969c5a8e4c95","status":"passed","statusDetails":"Создание потока ВО: можно создать поток, если все обязательные поля корректно заполнены","time":{"start":1720574498540,"stop":1720574515396,"duration":16856}},{"uid":"7b339679e7b0274b","status":"passed","statusDetails":"Создание потока ВО: можно создать поток, если все обязательные поля корректно заполнены","time":{"start":1718784801329,"stop":1718784816780,"duration":15451}},{"uid":"32dae5736ca3786e","status":"passed","statusDetails":"Создание потока ВО: можно создать поток, если все обязательные поля корректно заполнены","time":{"start":1718092643283,"stop":1718092655193,"duration":11910}},{"uid":"13e98078cc581788","status":"passed","statusDetails":"Создание потока ВО: можно создать поток, если все обязательные поля корректно заполнены","time":{"start":1718083383382,"stop":1718083395381,"duration":11999}},{"uid":"fc76d3d21583660a","status":"passed","statusDetails":"Создание потока ВО: можно создать поток, если все обязательные поля корректно заполнены","time":{"start":1717741217283,"stop":1717741232675,"duration":15392}}]},"tags":["Регресс","Поток"]},"source":"8bfe4b5cee0b74d5.json","parameterValues":["\"5\""]}