{"uid":"8c63225d16d2e686","name":"Наличие ошибки при добавлении материала типа Тест из Библиотеки не в контрольную","fullName":"OdinUiTests:OdinUiTests.Tests.Activity.TemplateAddingTests.CheckAddTestNotToControlActivityTemplate()","historyId":"f398c9e63d0ae5015db45191c1e9cca4","time":{"start":1744639401184,"stop":1744639443172,"duration":41988},"status":"broken","statusMessage":"OpenQA.Selenium.WebDriverTimeoutException : Timed out after 30 seconds\n  ----> OpenQA.Selenium.NoSuchElementException : no such element: Unable to locate element: {\"method\":\"css selector\",\"selector\":\".rename-input .ellipsis\"}\n  (Session info: chrome=132.0.6834.83); For documentation on this error, please visit: https://www.selenium.dev/documentation/webdriver/troubleshooting/errors#no-such-element-exception","statusTrace":"   at OpenQA.Selenium.Support.UI.DefaultWait`1.ThrowTimeoutException(String exceptionMessage, Exception lastException)\n   at OpenQA.Selenium.Support.UI.DefaultWait`1.Until[TResult](Func`2 condition, CancellationToken token)\n   at OpenQA.Selenium.Support.UI.DefaultWait`1.Until[TResult](Func`2 condition)\n   at OdinUiTests.Services.CommonService.ChooseMaterialByName(IWebDriver driver, List`1 materialName, Boolean fromInfoPage) in /azp/_work/2/s/Services/CommonService.cs:line 182\n   at OdinUiTests.Pages.ActivityCommonEditPage.<>c__DisplayClass99_0.<AddMaterialByName>b__0() in /azp/_work/2/s/Pages/ActivityCommonEditPage.cs:line 395\n   at Allure.Net.Commons.AllureApi.<>c__DisplayClass34_0.<Step>b__0()\n   at Allure.Net.Commons.AllureApi.ExecuteAction[T](String name, Action`1 start, Func`1 action, Action`1 resolve)\n   at Allure.Net.Commons.AllureApi.ExecuteStep[T](String name, Func`1 action)\n   at Allure.Net.Commons.AllureApi.Step(String name, Action action)\n   at OdinUiTests.Pages.ActivityCommonEditPage.AddMaterialByName(String type, String name) in /azp/_work/2/s/Pages/ActivityCommonEditPage.cs:line 393\n   at OdinUiTests.Tests.Activity.ActivityCommon.AddTestNotToControlType(IWebDriver driver, Boolean isTemplate, String id) in /azp/_work/2/s/Tests/Activity/ActivityCommon.cs:line 516\n   at OdinUiTests.Tests.Activity.ActivityCommon.AddTestNotToControlActivityPlan(IWebDriver driver, String contentId) in /azp/_work/2/s/Tests/Activity/ActivityCommon.cs:line 529\n   at OdinUiTests.Tests.Activity.TemplateAddingTests.CheckAddTestNotToControlActivityTemplate() in /azp/_work/2/s/Tests/Activity/TemplateTests.cs:line 127\n   at System.RuntimeMethodHandle.InvokeMethod(Object target, Void** arguments, Signature sig, Boolean isConstructor)\n   at System.Reflection.MethodBaseInvoker.InvokeWithNoArgs(Object obj, BindingFlags invokeAttr)\n--NoSuchElementException\n   at OpenQA.Selenium.WebDriver.UnpackAndThrowOnError(Response errorResponse, String commandToExecute)\n   at OpenQA.Selenium.WebDriver.ExecuteAsync(String driverCommandToExecute, Dictionary`2 parameters)\n   at SeleniumExtras.WaitHelpers.ExpectedConditions.<>c__DisplayClass19_0.<ElementToBeClickable>b__0(IWebDriver driver)\n   at OpenQA.Selenium.Support.UI.DefaultWait`1.Until[TResult](Func`2 condition, CancellationToken token)","flaky":false,"newFailed":false,"newBroken":true,"newPassed":false,"retriesCount":1,"retriesStatusChange":false,"beforeStages":[],"testStage":{"status":"broken","statusMessage":"OpenQA.Selenium.WebDriverTimeoutException : Timed out after 30 seconds\n  ----> OpenQA.Selenium.NoSuchElementException : no such element: Unable to locate element: {\"method\":\"css selector\",\"selector\":\".rename-input .ellipsis\"}\n  (Session info: chrome=132.0.6834.83); For documentation on this error, please visit: https://www.selenium.dev/documentation/webdriver/troubleshooting/errors#no-such-element-exception","statusTrace":"   at OpenQA.Selenium.Support.UI.DefaultWait`1.ThrowTimeoutException(String exceptionMessage, Exception lastException)\n   at OpenQA.Selenium.Support.UI.DefaultWait`1.Until[TResult](Func`2 condition, CancellationToken token)\n   at OpenQA.Selenium.Support.UI.DefaultWait`1.Until[TResult](Func`2 condition)\n   at OdinUiTests.Services.CommonService.ChooseMaterialByName(IWebDriver driver, List`1 materialName, Boolean fromInfoPage) in /azp/_work/2/s/Services/CommonService.cs:line 182\n   at OdinUiTests.Pages.ActivityCommonEditPage.<>c__DisplayClass99_0.<AddMaterialByName>b__0() in /azp/_work/2/s/Pages/ActivityCommonEditPage.cs:line 395\n   at Allure.Net.Commons.AllureApi.<>c__DisplayClass34_0.<Step>b__0()\n   at Allure.Net.Commons.AllureApi.ExecuteAction[T](String name, Action`1 start, Func`1 action, Action`1 resolve)\n   at Allure.Net.Commons.AllureApi.ExecuteStep[T](String name, Func`1 action)\n   at Allure.Net.Commons.AllureApi.Step(String name, Action action)\n   at OdinUiTests.Pages.ActivityCommonEditPage.AddMaterialByName(String type, String name) in /azp/_work/2/s/Pages/ActivityCommonEditPage.cs:line 393\n   at OdinUiTests.Tests.Activity.ActivityCommon.AddTestNotToControlType(IWebDriver driver, Boolean isTemplate, String id) in /azp/_work/2/s/Tests/Activity/ActivityCommon.cs:line 516\n   at OdinUiTests.Tests.Activity.ActivityCommon.AddTestNotToControlActivityPlan(IWebDriver driver, String contentId) in /azp/_work/2/s/Tests/Activity/ActivityCommon.cs:line 529\n   at OdinUiTests.Tests.Activity.TemplateAddingTests.CheckAddTestNotToControlActivityTemplate() in /azp/_work/2/s/Tests/Activity/TemplateTests.cs:line 127\n   at System.RuntimeMethodHandle.InvokeMethod(Object target, Void** arguments, Signature sig, Boolean isConstructor)\n   at System.Reflection.MethodBaseInvoker.InvokeWithNoArgs(Object obj, BindingFlags invokeAttr)\n--NoSuchElementException\n   at OpenQA.Selenium.WebDriver.UnpackAndThrowOnError(Response errorResponse, String commandToExecute)\n   at OpenQA.Selenium.WebDriver.ExecuteAsync(String driverCommandToExecute, Dictionary`2 parameters)\n   at SeleniumExtras.WaitHelpers.ExpectedConditions.<>c__DisplayClass19_0.<ElementToBeClickable>b__0(IWebDriver driver)\n   at OpenQA.Selenium.Support.UI.DefaultWait`1.Until[TResult](Func`2 condition, CancellationToken token)","steps":[{"name":"Открыть страницу редактирования активности","time":{"start":1744639402198,"stop":1744639403196,"duration":998},"status":"passed","steps":[{"name":"Открыть страницу редактирования шаблона активности","time":{"start":1744639402199,"stop":1744639403196,"duration":997},"status":"passed","steps":[],"attachments":[],"parameters":[{"name":"contentId","value":"\"861\""}],"stepsCount":0,"attachmentsCount":0,"shouldDisplayMessage":false,"hasContent":true}],"attachments":[],"parameters":[{"name":"isTemplate","value":"true"},{"name":"id","value":"\"861\""}],"stepsCount":1,"attachmentsCount":0,"shouldDisplayMessage":false,"hasContent":true},{"name":"Нажать на кнопку 'Добавить материалы'","time":{"start":1744639403196,"stop":1744639410846,"duration":7650},"status":"passed","steps":[],"attachments":[],"parameters":[],"stepsCount":0,"attachmentsCount":0,"shouldDisplayMessage":false,"hasContent":false},{"name":"Выбрать материал типа 'Тест' из Библиотеки по названию и подтвердить выбор","time":{"start":1744639410846,"stop":1744639441076,"duration":30230},"status":"broken","statusMessage":"Timed out after 30 seconds","statusTrace":"OpenQA.Selenium.WebDriverTimeoutException: Timed out after 30 seconds\n ---> OpenQA.Selenium.NoSuchElementException: no such element: Unable to locate element: {\"method\":\"css selector\",\"selector\":\".rename-input .ellipsis\"}\n  (Session info: chrome=132.0.6834.83); For documentation on this error, please visit: https://www.selenium.dev/documentation/webdriver/troubleshooting/errors#no-such-element-exception\n   at OpenQA.Selenium.WebDriver.UnpackAndThrowOnError(Response errorResponse, String commandToExecute)\n   at OpenQA.Selenium.WebDriver.ExecuteAsync(String driverCommandToExecute, Dictionary`2 parameters)\n   at SeleniumExtras.WaitHelpers.ExpectedConditions.<>c__DisplayClass19_0.<ElementToBeClickable>b__0(IWebDriver driver)\n   at OpenQA.Selenium.Support.UI.DefaultWait`1.Until[TResult](Func`2 condition, CancellationToken token)\n   --- End of inner exception stack trace ---\n   at OpenQA.Selenium.Support.UI.DefaultWait`1.ThrowTimeoutException(String exceptionMessage, Exception lastException)\n   at OpenQA.Selenium.Support.UI.DefaultWait`1.Until[TResult](Func`2 condition, CancellationToken token)\n   at OpenQA.Selenium.Support.UI.DefaultWait`1.Until[TResult](Func`2 condition)\n   at OdinUiTests.Services.CommonService.ChooseMaterialByName(IWebDriver driver, List`1 materialName, Boolean fromInfoPage) in /azp/_work/2/s/Services/CommonService.cs:line 182\n   at OdinUiTests.Pages.ActivityCommonEditPage.<>c__DisplayClass99_0.<AddMaterialByName>b__0() in /azp/_work/2/s/Pages/ActivityCommonEditPage.cs:line 395\n   at Allure.Net.Commons.AllureApi.<>c__DisplayClass34_0.<Step>b__0()\n   at Allure.Net.Commons.AllureApi.ExecuteAction[T](String name, Action`1 start, Func`1 action, Action`1 resolve)\n   at Allure.Net.Commons.AllureApi.ExecuteStep[T](String name, Func`1 action)\n   at Allure.Net.Commons.AllureApi.Step(String name, Action action)\n   at OdinUiTests.Pages.ActivityCommonEditPage.AddMaterialByName(String type, String name) in /azp/_work/2/s/Pages/ActivityCommonEditPage.cs:line 393\n   at OdinUiTests.Tests.Activity.ActivityCommon.AddTestNotToControlType(IWebDriver driver, Boolean isTemplate, String id) in /azp/_work/2/s/Tests/Activity/ActivityCommon.cs:line 516\n   at OdinUiTests.Tests.Activity.ActivityCommon.AddTestNotToControlActivityPlan(IWebDriver driver, String contentId) in /azp/_work/2/s/Tests/Activity/ActivityCommon.cs:line 529\n   at OdinUiTests.Tests.Activity.TemplateAddingTests.CheckAddTestNotToControlActivityTemplate() in /azp/_work/2/s/Tests/Activity/TemplateTests.cs:line 127\n   at System.RuntimeMethodHandle.InvokeMethod(Object target, Void** arguments, Signature sig, Boolean isConstructor)\n   at System.Reflection.MethodBaseInvoker.InvokeWithNoArgs(Object obj, BindingFlags invokeAttr)","steps":[],"attachments":[],"parameters":[],"stepsCount":0,"attachmentsCount":0,"shouldDisplayMessage":true,"hasContent":true}],"attachments":[{"uid":"c5d0c06580d8f77a","name":"CheckAddTestNotToControlActivityTemplate.jpg","source":"c5d0c06580d8f77a.jpg","type":"image/jpeg","size":111306},{"uid":"c8cb22ee54293531","name":"Console Output","source":"c8cb22ee54293531.txt","type":"text/plain","size":51}],"parameters":[],"stepsCount":4,"attachmentsCount":2,"shouldDisplayMessage":true,"hasContent":true},"afterStages":[],"labels":[{"name":"thread","value":"NUnit.Fw.ParallelWorker#4"},{"name":"host","value":"18be674a4d97"},{"name":"language","value":"C#"},{"name":"framework","value":"NUnit 3"},{"name":"package","value":"OdinUiTests.Tests.Activity"},{"name":"testMethod","value":"CheckAddTestNotToControlActivityTemplate"},{"name":"testClass","value":"TemplateAddingTests"},{"name":"suite","value":"Активность"},{"name":"subSuite","value":"Обычный шаблон активности"},{"name":"severity","value":"normal"},{"name":"tag","value":"Активность"},{"name":"tag","value":"Дежурство"},{"name":"tag","value":"Регресс"},{"name":"resultFormat","value":"allure2"}],"parameters":[],"links":[],"hidden":false,"retry":false,"extra":{"severity":"normal","retries":[{"uid":"73165d828a606f70","status":"broken","statusDetails":"OpenQA.Selenium.WebDriverTimeoutException : Timed out after 30 seconds\n  ----> OpenQA.Selenium.NoSuchElementException : no such element: Unable to locate element: {\"method\":\"css selector\",\"selector\":\".rename-input .ellipsis\"}\n  (Session info: chrome=132.0.6834.83); For documentation on this error, please visit: https://www.selenium.dev/documentation/webdriver/troubleshooting/errors#no-such-element-exception","time":{"start":1744637516664,"stop":1744637564956,"duration":48292}}],"categories":[{"name":"Test defects","matchedStatuses":[],"flaky":false}],"history":{"statistic":{"failed":1,"broken":3,"skipped":0,"passed":109,"unknown":0,"total":113},"items":[{"uid":"2f27128b48388054","status":"passed","time":{"start":1743657757743,"stop":1743657796171,"duration":38428}},{"uid":"eb9856ff82a83338","status":"passed","time":{"start":1743057071136,"stop":1743057101040,"duration":29904}},{"uid":"e20361c8a5eb1199","status":"broken","statusDetails":"System.Reflection.TargetInvocationException : Exception has been thrown by the target of an invocation.\n  ----> OpenQA.Selenium.WebDriverTimeoutException : Timed out after 30 seconds\n  ----> OpenQA.Selenium.NoSuchElementException : no such element: Unable to locate element: {\"method\":\"xpath\",\"selector\":\"//span[contains(text(),'Добавить материалы')]\"}\n  (Session info: chrome=132.0.6834.83); For documentation on this error, please visit: https://www.selenium.dev/documentation/webdriver/troubleshooting/errors#no-such-element-exception","time":{"start":1741889089228,"stop":1741889125920,"duration":36692}},{"uid":"a309574121bfa425","status":"broken","statusDetails":"System.Reflection.TargetInvocationException : Exception has been thrown by the target of an invocation.\n  ----> OpenQA.Selenium.WebDriverTimeoutException : Timed out after 30 seconds\n  ----> OpenQA.Selenium.NoSuchElementException : no such element: Unable to locate element: {\"method\":\"xpath\",\"selector\":\"//span[contains(text(),'Добавить материалы')]\"}\n  (Session info: chrome=132.0.6834.83); For documentation on this error, please visit: https://www.selenium.dev/documentation/webdriver/troubleshooting/errors#no-such-element-exception","time":{"start":1741851723841,"stop":1741851762939,"duration":39098}},{"uid":"c365a3f234501ff1","status":"passed","time":{"start":1741235865285,"stop":1741235894105,"duration":28820}},{"uid":"f333d8cfb9501bce","status":"passed","time":{"start":1741138745357,"stop":1741138781651,"duration":36294}},{"uid":"26326cd5ca58a683","status":"passed","time":{"start":1740539751336,"stop":1740539772652,"duration":21316}},{"uid":"760a4f9608448eb4","status":"passed","time":{"start":1740533221382,"stop":1740533246995,"duration":25613}},{"uid":"c430e6a356000235","status":"passed","time":{"start":1740120099478,"stop":1740120140860,"duration":41382}},{"uid":"53c1c18bea430e16","status":"passed","time":{"start":1739341094620,"stop":1739341128912,"duration":34292}},{"uid":"922a6969ea9c2199","status":"passed","time":{"start":1737614502667,"stop":1737614526173,"duration":23506}},{"uid":"78cac34517eec0d7","status":"passed","time":{"start":1737565801771,"stop":1737565831863,"duration":30092}},{"uid":"6483e88cb45758fd","status":"passed","time":{"start":1737524271025,"stop":1737524295114,"duration":24089}},{"uid":"c45be947b54b7401","status":"passed","time":{"start":1736950421687,"stop":1736950442155,"duration":20468}},{"uid":"a4fafe5a82500ebd","status":"passed","time":{"start":1736922648080,"stop":1736922672486,"duration":24406}},{"uid":"963492b4cecbdf5e","status":"passed","time":{"start":1736922648080,"stop":1736922672486,"duration":24406}},{"uid":"cfd87afd434bce0d","status":"passed","time":{"start":1735130135765,"stop":1735130154441,"duration":18676}},{"uid":"204357d7b061f26c","status":"passed","time":{"start":1732693011242,"stop":1732693024854,"duration":13612}},{"uid":"43f1be29c4a15679","status":"passed","time":{"start":1732117557155,"stop":1732117569949,"duration":12794}},{"uid":"553e64409ed83a8","status":"passed","time":{"start":1732033219439,"stop":1732033237590,"duration":18151}}]},"tags":["Регресс","Дежурство","Активность"]},"source":"8c63225d16d2e686.json","parameterValues":[]}