{"uid":"91a8cbe67f9089eb","name":"Можно переключать значения в поле Тип активности","fullName":"OdinUiTests:OdinUiTests.Tests.Activity.TemplateEditingTests.CheckEditTypeInActivityTemplate()","historyId":"f9bc10b15aa04a38d0291c28196487ef","time":{"start":1740533237975,"stop":1740533281279,"duration":43304},"status":"broken","statusMessage":"System.Reflection.TargetInvocationException : Exception has been thrown by the target of an invocation.\n  ----> OpenQA.Selenium.WebDriverTimeoutException : Timed out after 30 seconds\n  ----> OpenQA.Selenium.NoSuchElementException : no such element: Unable to locate element: {\"method\":\"css selector\",\"selector\":\".info-block .text-tag\"}\n  (Session info: chrome=132.0.6834.83); For documentation on this error, please visit: https://www.selenium.dev/documentation/webdriver/troubleshooting/errors#no-such-element-exception","statusTrace":"   at System.Reflection.MethodBaseInvoker.InvokeWithManyArgs(Object obj, BindingFlags invokeAttr, Binder binder, Object[] parameters, CultureInfo culture)\n   at Allure.Net.Commons.Steps.AllureStepAspectBase.Around(String name, Object[] args, Func`2 target, MethodBase metadata, Type returnType)\n   at OdinUiTests.Pages.ActivityCommonPage.__a$_around_CheckTemplateTypeIsChanged_100666083_w_0(Object[])\n   at OdinUiTests.Pages.ActivityCommonPage.CheckTemplateTypeIsChanged(String type)\n   at OdinUiTests.Pages.ActivityCommonPage.CheckActivityTypeIsChanged(String type, Boolean isTemplate) in /azp/_work/1/s/Pages/ActivityCommonPage.cs:line 610\n   at OdinUiTests.Tests.Activity.ActivityCommon.EditType(IWebDriver driver, Boolean isTemplate, String id) in /azp/_work/1/s/Tests/Activity/ActivityCommon.cs:line 383\n   at OdinUiTests.Tests.Activity.ActivityCommon.EditActivityPlanType(IWebDriver driver, String contentId) in /azp/_work/1/s/Tests/Activity/ActivityCommon.cs:line 394\n   at OdinUiTests.Tests.Activity.TemplateEditingTests.CheckEditTypeInActivityTemplate() in /azp/_work/1/s/Tests/Activity/TemplateTests.cs:line 30\n   at System.RuntimeMethodHandle.InvokeMethod(Object target, Void** arguments, Signature sig, Boolean isConstructor)\n   at System.Reflection.MethodBaseInvoker.InvokeWithNoArgs(Object obj, BindingFlags invokeAttr)\n--WebDriverTimeoutException\n   at OpenQA.Selenium.Support.UI.DefaultWait`1.ThrowTimeoutException(String exceptionMessage, Exception lastException)\n   at OpenQA.Selenium.Support.UI.DefaultWait`1.Until[TResult](Func`2 condition, CancellationToken token)\n   at OpenQA.Selenium.Support.UI.DefaultWait`1.Until[TResult](Func`2 condition)\n   at OdinUiTests.Pages.ActivityCommonPage.ActivityTypeIsChanged(String type) in /azp/_work/1/s/Pages/ActivityCommonPage.cs:line 591\n   at OdinUiTests.Pages.ActivityCommonPage.__a$_around_CheckTemplateTypeIsChanged_100666083_o(String type) in /azp/_work/1/s/Pages/ActivityCommonPage.cs:line 604\n   at OdinUiTests.Pages.ActivityCommonPage.__a$_around_CheckTemplateTypeIsChanged_100666083_u(Object[])\n   at Allure.Net.Commons.Steps.AllureAbstractStepAspect.WrapSync[T](Func`2 target, Object[] args, MethodBase metadata, String stepName, List`1 stepParameters)\n   at InvokeStub_AllureAbstractStepAspect.WrapSync(Object, Span`1)\n   at System.Reflection.MethodBaseInvoker.InvokeWithManyArgs(Object obj, BindingFlags invokeAttr, Binder binder, Object[] parameters, CultureInfo culture)\n--NoSuchElementException\n   at OpenQA.Selenium.WebDriver.UnpackAndThrowOnError(Response errorResponse, String commandToExecute)\n   at OpenQA.Selenium.WebDriver.ExecuteAsync(String driverCommandToExecute, Dictionary`2 parameters)\n   at SeleniumExtras.WaitHelpers.ExpectedConditions.<>c__DisplayClass19_0.<ElementToBeClickable>b__0(IWebDriver driver)\n   at OpenQA.Selenium.Support.UI.DefaultWait`1.Until[TResult](Func`2 condition, CancellationToken token)","flaky":false,"newFailed":false,"newBroken":false,"newPassed":false,"retriesCount":0,"retriesStatusChange":false,"beforeStages":[],"testStage":{"status":"broken","statusMessage":"System.Reflection.TargetInvocationException : Exception has been thrown by the target of an invocation.\n  ----> OpenQA.Selenium.WebDriverTimeoutException : Timed out after 30 seconds\n  ----> OpenQA.Selenium.NoSuchElementException : no such element: Unable to locate element: {\"method\":\"css selector\",\"selector\":\".info-block .text-tag\"}\n  (Session info: chrome=132.0.6834.83); For documentation on this error, please visit: https://www.selenium.dev/documentation/webdriver/troubleshooting/errors#no-such-element-exception","statusTrace":"   at System.Reflection.MethodBaseInvoker.InvokeWithManyArgs(Object obj, BindingFlags invokeAttr, Binder binder, Object[] parameters, CultureInfo culture)\n   at Allure.Net.Commons.Steps.AllureStepAspectBase.Around(String name, Object[] args, Func`2 target, MethodBase metadata, Type returnType)\n   at OdinUiTests.Pages.ActivityCommonPage.__a$_around_CheckTemplateTypeIsChanged_100666083_w_0(Object[])\n   at OdinUiTests.Pages.ActivityCommonPage.CheckTemplateTypeIsChanged(String type)\n   at OdinUiTests.Pages.ActivityCommonPage.CheckActivityTypeIsChanged(String type, Boolean isTemplate) in /azp/_work/1/s/Pages/ActivityCommonPage.cs:line 610\n   at OdinUiTests.Tests.Activity.ActivityCommon.EditType(IWebDriver driver, Boolean isTemplate, String id) in /azp/_work/1/s/Tests/Activity/ActivityCommon.cs:line 383\n   at OdinUiTests.Tests.Activity.ActivityCommon.EditActivityPlanType(IWebDriver driver, String contentId) in /azp/_work/1/s/Tests/Activity/ActivityCommon.cs:line 394\n   at OdinUiTests.Tests.Activity.TemplateEditingTests.CheckEditTypeInActivityTemplate() in /azp/_work/1/s/Tests/Activity/TemplateTests.cs:line 30\n   at System.RuntimeMethodHandle.InvokeMethod(Object target, Void** arguments, Signature sig, Boolean isConstructor)\n   at System.Reflection.MethodBaseInvoker.InvokeWithNoArgs(Object obj, BindingFlags invokeAttr)\n--WebDriverTimeoutException\n   at OpenQA.Selenium.Support.UI.DefaultWait`1.ThrowTimeoutException(String exceptionMessage, Exception lastException)\n   at OpenQA.Selenium.Support.UI.DefaultWait`1.Until[TResult](Func`2 condition, CancellationToken token)\n   at OpenQA.Selenium.Support.UI.DefaultWait`1.Until[TResult](Func`2 condition)\n   at OdinUiTests.Pages.ActivityCommonPage.ActivityTypeIsChanged(String type) in /azp/_work/1/s/Pages/ActivityCommonPage.cs:line 591\n   at OdinUiTests.Pages.ActivityCommonPage.__a$_around_CheckTemplateTypeIsChanged_100666083_o(String type) in /azp/_work/1/s/Pages/ActivityCommonPage.cs:line 604\n   at OdinUiTests.Pages.ActivityCommonPage.__a$_around_CheckTemplateTypeIsChanged_100666083_u(Object[])\n   at Allure.Net.Commons.Steps.AllureAbstractStepAspect.WrapSync[T](Func`2 target, Object[] args, MethodBase metadata, String stepName, List`1 stepParameters)\n   at InvokeStub_AllureAbstractStepAspect.WrapSync(Object, Span`1)\n   at System.Reflection.MethodBaseInvoker.InvokeWithManyArgs(Object obj, BindingFlags invokeAttr, Binder binder, Object[] parameters, CultureInfo culture)\n--NoSuchElementException\n   at OpenQA.Selenium.WebDriver.UnpackAndThrowOnError(Response errorResponse, String commandToExecute)\n   at OpenQA.Selenium.WebDriver.ExecuteAsync(String driverCommandToExecute, Dictionary`2 parameters)\n   at SeleniumExtras.WaitHelpers.ExpectedConditions.<>c__DisplayClass19_0.<ElementToBeClickable>b__0(IWebDriver driver)\n   at OpenQA.Selenium.Support.UI.DefaultWait`1.Until[TResult](Func`2 condition, CancellationToken token)","steps":[{"name":"Открыть страницу редактирования активности","time":{"start":1740533237976,"stop":1740533239287,"duration":1311},"status":"passed","steps":[{"name":"Открыть страницу редактирования шаблона активности","time":{"start":1740533237976,"stop":1740533239287,"duration":1311},"status":"passed","steps":[],"attachments":[],"parameters":[{"name":"contentId","value":"\"1340\""}],"stepsCount":0,"attachmentsCount":0,"shouldDisplayMessage":false,"hasContent":true}],"attachments":[],"parameters":[{"name":"isTemplate","value":"true"},{"name":"id","value":"\"1340\""}],"stepsCount":1,"attachmentsCount":0,"shouldDisplayMessage":false,"hasContent":true},{"name":"Поменять тип активности (выбрать рандомный тип)","time":{"start":1740533239287,"stop":1740533247877,"duration":8590},"status":"passed","steps":[],"attachments":[],"parameters":[],"stepsCount":0,"attachmentsCount":0,"shouldDisplayMessage":false,"hasContent":false},{"name":"Нажать на кнопку ‘Сохранить’","time":{"start":1740533247877,"stop":1740533248685,"duration":808},"status":"passed","steps":[{"name":"Нажать на кнопку 'Сохранить'","time":{"start":1740533247878,"stop":1740533248685,"duration":807},"status":"passed","steps":[],"attachments":[],"parameters":[],"stepsCount":0,"attachmentsCount":0,"shouldDisplayMessage":false,"hasContent":false}],"attachments":[],"parameters":[{"name":"isTemplate","value":"true"}],"stepsCount":1,"attachmentsCount":0,"shouldDisplayMessage":false,"hasContent":true},{"name":"Проверка того, что тип поменялся на странице шаблона активности","time":{"start":1740533248685,"stop":1740533278981,"duration":30296},"status":"broken","statusMessage":"Timed out after 30 seconds","statusTrace":"OpenQA.Selenium.WebDriverTimeoutException: Timed out after 30 seconds\n ---> OpenQA.Selenium.NoSuchElementException: no such element: Unable to locate element: {\"method\":\"css selector\",\"selector\":\".info-block .text-tag\"}\n  (Session info: chrome=132.0.6834.83); For documentation on this error, please visit: https://www.selenium.dev/documentation/webdriver/troubleshooting/errors#no-such-element-exception\n   at OpenQA.Selenium.WebDriver.UnpackAndThrowOnError(Response errorResponse, String commandToExecute)\n   at OpenQA.Selenium.WebDriver.ExecuteAsync(String driverCommandToExecute, Dictionary`2 parameters)\n   at SeleniumExtras.WaitHelpers.ExpectedConditions.<>c__DisplayClass19_0.<ElementToBeClickable>b__0(IWebDriver driver)\n   at OpenQA.Selenium.Support.UI.DefaultWait`1.Until[TResult](Func`2 condition, CancellationToken token)\n   --- End of inner exception stack trace ---\n   at OpenQA.Selenium.Support.UI.DefaultWait`1.ThrowTimeoutException(String exceptionMessage, Exception lastException)\n   at OpenQA.Selenium.Support.UI.DefaultWait`1.Until[TResult](Func`2 condition, CancellationToken token)\n   at OpenQA.Selenium.Support.UI.DefaultWait`1.Until[TResult](Func`2 condition)\n   at OdinUiTests.Pages.ActivityCommonPage.ActivityTypeIsChanged(String type) in /azp/_work/1/s/Pages/ActivityCommonPage.cs:line 591\n   at OdinUiTests.Pages.ActivityCommonPage.__a$_around_CheckTemplateTypeIsChanged_100666083_o(String type) in /azp/_work/1/s/Pages/ActivityCommonPage.cs:line 604\n   at OdinUiTests.Pages.ActivityCommonPage.__a$_around_CheckTemplateTypeIsChanged_100666083_u(Object[])\n   at Allure.Net.Commons.Steps.AllureAbstractStepAspect.WrapSync[T](Func`2 target, Object[] args, MethodBase metadata, String stepName, List`1 stepParameters)","steps":[],"attachments":[],"parameters":[{"name":"type","value":"\"Контрольная\""}],"stepsCount":0,"attachmentsCount":0,"shouldDisplayMessage":true,"hasContent":true}],"attachments":[{"uid":"2dd9f3dbdac4fc00","name":"CheckEditTypeInActivityTemplate.jpg","source":"2dd9f3dbdac4fc00.jpg","type":"image/jpeg","size":175088},{"uid":"6fb346f3073f9bc5","name":"Console Output","source":"6fb346f3073f9bc5.txt","type":"text/plain","size":51}],"parameters":[],"stepsCount":6,"attachmentsCount":2,"shouldDisplayMessage":true,"hasContent":true},"afterStages":[],"labels":[{"name":"thread","value":"NUnit.Fw.ParallelWorker#5"},{"name":"host","value":"5beec413bb67"},{"name":"language","value":"C#"},{"name":"framework","value":"NUnit 3"},{"name":"package","value":"OdinUiTests.Tests.Activity"},{"name":"testMethod","value":"CheckEditTypeInActivityTemplate"},{"name":"testClass","value":"TemplateEditingTests"},{"name":"suite","value":"Активность"},{"name":"subSuite","value":"Обычный шаблон активности"},{"name":"severity","value":"normal"},{"name":"tag","value":"Активность"},{"name":"tag","value":"Дежурство"},{"name":"tag","value":"Регресс"},{"name":"resultFormat","value":"allure2"}],"parameters":[],"links":[],"hidden":true,"retry":true,"extra":{"categories":[],"tags":["Регресс","Дежурство","Активность"]},"source":"91a8cbe67f9089eb.json","parameterValues":[]}