{"uid":"9426697f1d0dfb53","name":"Студент может просматривать подробную информацию о результатах, если включен соответствующий чекбокс","fullName":"OdinUiTests:OdinUiTests.Tests.Activity.TestActivityResultTests.CheckStudentCanViewDetailedResultInfo(System.String,System.Boolean)","historyId":"dfc885ca7df8c6eaa9446926b0a12254","time":{"start":1740533833280,"stop":1740533872243,"duration":38963},"status":"broken","statusMessage":"System.Reflection.TargetInvocationException : Exception has been thrown by the target of an invocation.\n  ----> OpenQA.Selenium.WebDriverTimeoutException : Timed out after 30 seconds\n  ----> OpenQA.Selenium.NoSuchElementException : no such element: Unable to locate element: {\"method\":\"xpath\",\"selector\":\"//div[text()='Перейти к тесту']\"}\n  (Session info: chrome=132.0.6834.83); For documentation on this error, please visit: https://www.selenium.dev/documentation/webdriver/troubleshooting/errors#no-such-element-exception","statusTrace":"   at System.Reflection.MethodBaseInvoker.InvokeWithManyArgs(Object obj, BindingFlags invokeAttr, Binder binder, Object[] parameters, CultureInfo culture)\n   at Allure.Net.Commons.Steps.AllureStepAspectBase.Around(String name, Object[] args, Func`2 target, MethodBase metadata, Type returnType)\n   at OdinUiTests.Pages.ActivityCommonPage.__a$_around_ClickOnGotoTestButton_100666061_w_0(Object[])\n   at OdinUiTests.Pages.ActivityCommonPage.ClickOnGotoTestButton()\n   at OdinUiTests.Tests.Activity.TestActivityResultTests.CheckStudentCanViewDetailedResultInfo(String actId, Boolean isShown) in /azp/_work/1/s/Tests/Activity/TestActivityTests.cs:line 457\n   at System.RuntimeMethodHandle.InvokeMethod(Object target, Void** arguments, Signature sig, Boolean isConstructor)\n   at System.Reflection.MethodBaseInvoker.InvokeDirectByRefWithFewArgs(Object obj, Span`1 copyOfArgs, BindingFlags invokeAttr)\n--WebDriverTimeoutException\n   at OpenQA.Selenium.Support.UI.DefaultWait`1.ThrowTimeoutException(String exceptionMessage, Exception lastException)\n   at OpenQA.Selenium.Support.UI.DefaultWait`1.Until[TResult](Func`2 condition, CancellationToken token)\n   at OpenQA.Selenium.Support.UI.DefaultWait`1.Until[TResult](Func`2 condition)\n   at OdinUiTests.Pages.ActivityCommonPage.__a$_around_ClickOnGotoTestButton_100666061_o() in /azp/_work/1/s/Pages/ActivityCommonPage.cs:line 314\n   at OdinUiTests.Pages.ActivityCommonPage.__a$_around_ClickOnGotoTestButton_100666061_u(Object[])\n   at Allure.Net.Commons.Steps.AllureAbstractStepAspect.WrapSync[T](Func`2 target, Object[] args, MethodBase metadata, String stepName, List`1 stepParameters)\n   at InvokeStub_AllureAbstractStepAspect.WrapSync(Object, Span`1)\n   at System.Reflection.MethodBaseInvoker.InvokeWithManyArgs(Object obj, BindingFlags invokeAttr, Binder binder, Object[] parameters, CultureInfo culture)\n--NoSuchElementException\n   at OpenQA.Selenium.WebDriver.UnpackAndThrowOnError(Response errorResponse, String commandToExecute)\n   at OpenQA.Selenium.WebDriver.ExecuteAsync(String driverCommandToExecute, Dictionary`2 parameters)\n   at SeleniumExtras.WaitHelpers.ExpectedConditions.<>c__DisplayClass19_0.<ElementToBeClickable>b__0(IWebDriver driver)\n   at OpenQA.Selenium.Support.UI.DefaultWait`1.Until[TResult](Func`2 condition, CancellationToken token)","flaky":false,"newFailed":false,"newBroken":true,"newPassed":false,"retriesCount":1,"retriesStatusChange":false,"beforeStages":[],"testStage":{"status":"broken","statusMessage":"System.Reflection.TargetInvocationException : Exception has been thrown by the target of an invocation.\n  ----> OpenQA.Selenium.WebDriverTimeoutException : Timed out after 30 seconds\n  ----> OpenQA.Selenium.NoSuchElementException : no such element: Unable to locate element: {\"method\":\"xpath\",\"selector\":\"//div[text()='Перейти к тесту']\"}\n  (Session info: chrome=132.0.6834.83); For documentation on this error, please visit: https://www.selenium.dev/documentation/webdriver/troubleshooting/errors#no-such-element-exception","statusTrace":"   at System.Reflection.MethodBaseInvoker.InvokeWithManyArgs(Object obj, BindingFlags invokeAttr, Binder binder, Object[] parameters, CultureInfo culture)\n   at Allure.Net.Commons.Steps.AllureStepAspectBase.Around(String name, Object[] args, Func`2 target, MethodBase metadata, Type returnType)\n   at OdinUiTests.Pages.ActivityCommonPage.__a$_around_ClickOnGotoTestButton_100666061_w_0(Object[])\n   at OdinUiTests.Pages.ActivityCommonPage.ClickOnGotoTestButton()\n   at OdinUiTests.Tests.Activity.TestActivityResultTests.CheckStudentCanViewDetailedResultInfo(String actId, Boolean isShown) in /azp/_work/1/s/Tests/Activity/TestActivityTests.cs:line 457\n   at System.RuntimeMethodHandle.InvokeMethod(Object target, Void** arguments, Signature sig, Boolean isConstructor)\n   at System.Reflection.MethodBaseInvoker.InvokeDirectByRefWithFewArgs(Object obj, Span`1 copyOfArgs, BindingFlags invokeAttr)\n--WebDriverTimeoutException\n   at OpenQA.Selenium.Support.UI.DefaultWait`1.ThrowTimeoutException(String exceptionMessage, Exception lastException)\n   at OpenQA.Selenium.Support.UI.DefaultWait`1.Until[TResult](Func`2 condition, CancellationToken token)\n   at OpenQA.Selenium.Support.UI.DefaultWait`1.Until[TResult](Func`2 condition)\n   at OdinUiTests.Pages.ActivityCommonPage.__a$_around_ClickOnGotoTestButton_100666061_o() in /azp/_work/1/s/Pages/ActivityCommonPage.cs:line 314\n   at OdinUiTests.Pages.ActivityCommonPage.__a$_around_ClickOnGotoTestButton_100666061_u(Object[])\n   at Allure.Net.Commons.Steps.AllureAbstractStepAspect.WrapSync[T](Func`2 target, Object[] args, MethodBase metadata, String stepName, List`1 stepParameters)\n   at InvokeStub_AllureAbstractStepAspect.WrapSync(Object, Span`1)\n   at System.Reflection.MethodBaseInvoker.InvokeWithManyArgs(Object obj, BindingFlags invokeAttr, Binder binder, Object[] parameters, CultureInfo culture)\n--NoSuchElementException\n   at OpenQA.Selenium.WebDriver.UnpackAndThrowOnError(Response errorResponse, String commandToExecute)\n   at OpenQA.Selenium.WebDriver.ExecuteAsync(String driverCommandToExecute, Dictionary`2 parameters)\n   at SeleniumExtras.WaitHelpers.ExpectedConditions.<>c__DisplayClass19_0.<ElementToBeClickable>b__0(IWebDriver driver)\n   at OpenQA.Selenium.Support.UI.DefaultWait`1.Until[TResult](Func`2 condition, CancellationToken token)","steps":[{"name":"Открыть страницу активности","time":{"start":1740533833471,"stop":1740533837090,"duration":3619},"status":"passed","steps":[],"attachments":[],"parameters":[{"name":"activityId","value":"\"225\""}],"stepsCount":0,"attachmentsCount":0,"shouldDisplayMessage":false,"hasContent":true},{"name":"Нажать на кнопку 'Перейти к тесту' со страницы активности","time":{"start":1740533837090,"stop":1740533871681,"duration":34591},"status":"broken","statusMessage":"Timed out after 30 seconds","statusTrace":"OpenQA.Selenium.WebDriverTimeoutException: Timed out after 30 seconds\n ---> OpenQA.Selenium.NoSuchElementException: no such element: Unable to locate element: {\"method\":\"xpath\",\"selector\":\"//div[text()='Перейти к тесту']\"}\n  (Session info: chrome=132.0.6834.83); For documentation on this error, please visit: https://www.selenium.dev/documentation/webdriver/troubleshooting/errors#no-such-element-exception\n   at OpenQA.Selenium.WebDriver.UnpackAndThrowOnError(Response errorResponse, String commandToExecute)\n   at OpenQA.Selenium.WebDriver.ExecuteAsync(String driverCommandToExecute, Dictionary`2 parameters)\n   at SeleniumExtras.WaitHelpers.ExpectedConditions.<>c__DisplayClass19_0.<ElementToBeClickable>b__0(IWebDriver driver)\n   at OpenQA.Selenium.Support.UI.DefaultWait`1.Until[TResult](Func`2 condition, CancellationToken token)\n   --- End of inner exception stack trace ---\n   at OpenQA.Selenium.Support.UI.DefaultWait`1.ThrowTimeoutException(String exceptionMessage, Exception lastException)\n   at OpenQA.Selenium.Support.UI.DefaultWait`1.Until[TResult](Func`2 condition, CancellationToken token)\n   at OpenQA.Selenium.Support.UI.DefaultWait`1.Until[TResult](Func`2 condition)\n   at OdinUiTests.Pages.ActivityCommonPage.__a$_around_ClickOnGotoTestButton_100666061_o() in /azp/_work/1/s/Pages/ActivityCommonPage.cs:line 314\n   at OdinUiTests.Pages.ActivityCommonPage.__a$_around_ClickOnGotoTestButton_100666061_u(Object[])\n   at Allure.Net.Commons.Steps.AllureAbstractStepAspect.WrapSync[T](Func`2 target, Object[] args, MethodBase metadata, String stepName, List`1 stepParameters)","steps":[],"attachments":[],"parameters":[],"stepsCount":0,"attachmentsCount":0,"shouldDisplayMessage":true,"hasContent":true}],"attachments":[{"uid":"b20b9dd8934650d8","name":"CheckStudentCanViewDetailedResultInfo.jpg","source":"b20b9dd8934650d8.jpg","type":"image/jpeg","size":131521},{"uid":"876dd79a93d31945","name":"Console Output","source":"876dd79a93d31945.txt","type":"text/plain","size":46}],"parameters":[],"stepsCount":2,"attachmentsCount":2,"shouldDisplayMessage":true,"hasContent":true},"afterStages":[],"labels":[{"name":"thread","value":"NUnit.Fw.ParallelWorker#3"},{"name":"host","value":"5beec413bb67"},{"name":"language","value":"C#"},{"name":"framework","value":"NUnit 3"},{"name":"package","value":"OdinUiTests.Tests.Activity"},{"name":"testMethod","value":"CheckStudentCanViewDetailedResultInfo"},{"name":"testClass","value":"TestActivityResultTests"},{"name":"parentSuite","value":"Активность"},{"name":"suite","value":"Контрольная"},{"name":"subSuite","value":"Результат прохождения теста"},{"name":"severity","value":"critical"},{"name":"tag","value":"Активность"},{"name":"tag","value":"Дежурство"},{"name":"tag","value":"Регресс"},{"name":"resultFormat","value":"allure2"}],"parameters":[{"name":"actId","value":"\"225\""},{"name":"isShown","value":"true"}],"links":[],"hidden":false,"retry":false,"extra":{"severity":"critical","retries":[{"uid":"308e60903a372905","status":"broken","statusDetails":"System.Reflection.TargetInvocationException : Exception has been thrown by the target of an invocation.\n  ----> OpenQA.Selenium.WebDriverTimeoutException : Timed out after 30 seconds\n  ----> OpenQA.Selenium.NoSuchElementException : no such element: Unable to locate element: {\"method\":\"xpath\",\"selector\":\"//div[text()='Перейти к тесту']\"}\n  (Session info: chrome=132.0.6834.83); For documentation on this error, please visit: https://www.selenium.dev/documentation/webdriver/troubleshooting/errors#no-such-element-exception","time":{"start":1740533313870,"stop":1740533355987,"duration":42117}}],"categories":[{"name":"Test defects","matchedStatuses":[],"flaky":false}],"history":{"statistic":{"failed":2,"broken":1,"skipped":0,"passed":102,"unknown":0,"total":105},"items":[{"uid":"a8b0aa777c45db1b","status":"passed","time":{"start":1740120254445,"stop":1740120298647,"duration":44202}},{"uid":"abbaf98bef64618a","status":"passed","time":{"start":1739341209834,"stop":1739341242420,"duration":32586}},{"uid":"48533e8c0c6101bb","status":"passed","time":{"start":1737611733957,"stop":1737611772154,"duration":38197}},{"uid":"3ffdbe599146a9e4","status":"passed","time":{"start":1737565927858,"stop":1737565966064,"duration":38206}},{"uid":"692dd6616eb406b8","status":"passed","time":{"start":1737524365913,"stop":1737524397728,"duration":31815}},{"uid":"f443b0874dee2761","status":"passed","time":{"start":1736950487960,"stop":1736950509768,"duration":21808}},{"uid":"8746f2fa27bb1375","status":"passed","time":{"start":1736922730876,"stop":1736922758675,"duration":27799}},{"uid":"5bf56761861a0d7a","status":"passed","time":{"start":1736922730876,"stop":1736922758675,"duration":27799}},{"uid":"1b1e5b87a56f7088","status":"passed","time":{"start":1735130190872,"stop":1735130202862,"duration":11990}},{"uid":"5dbc78b0bdc9d7e5","status":"passed","time":{"start":1732693044547,"stop":1732693055738,"duration":11191}},{"uid":"131e8f1ef4e5560b","status":"passed","time":{"start":1732117595852,"stop":1732117607547,"duration":11695}},{"uid":"4e1bb43c100a2ebe","status":"passed","time":{"start":1732033315791,"stop":1732033332823,"duration":17032}},{"uid":"be8ad745cf68c69a","status":"passed","time":{"start":1731945678549,"stop":1731945699224,"duration":20675}},{"uid":"2b0d5d4a673d5445","status":"passed","time":{"start":1729836916247,"stop":1729836928265,"duration":12018}},{"uid":"9a8629a097cdddfc","status":"passed","time":{"start":1729747300305,"stop":1729747317560,"duration":17255}},{"uid":"56b83221a785279","status":"passed","time":{"start":1729672041248,"stop":1729672057310,"duration":16062}},{"uid":"54f77d7d7734dbe3","status":"passed","time":{"start":1729611433340,"stop":1729611453811,"duration":20471}},{"uid":"f1725dd118567ae3","status":"passed","time":{"start":1729577949370,"stop":1729577959184,"duration":9814}},{"uid":"d89bba39bb15295","status":"passed","statusDetails":"Студент может просматривать подробную информацию о результатах, если включен соответствующий чекбокс","time":{"start":1729228682274,"stop":1729228697544,"duration":15270}},{"uid":"4a6778c2180b732","status":"passed","statusDetails":"Студент может просматривать подробную информацию о результатах, если включен соответствующий чекбокс","time":{"start":1728639889140,"stop":1728639901179,"duration":12039}}]},"tags":["Регресс","Дежурство","Активность"]},"source":"9426697f1d0dfb53.json","parameterValues":["\"225\"","true"]}