{"uid":"95391c2814303b42","name":"Создание экзамена Патент","fullName":"OdinUiTests:OdinUiTests.Tests.Exams.ExamCreateEditTests.CreateExamPatent()","historyId":"6f2d46923c323853cebc9c2f2583f77b","time":{"start":1729578253713,"stop":1729578288084,"duration":34371},"status":"broken","statusMessage":"OpenQA.Selenium.WebDriverTimeoutException : Timed out after 30 seconds\n  ----> OpenQA.Selenium.NoSuchElementException : no such element: Unable to locate element: {\"method\":\"xpath\",\"selector\":\"//div[text()='Тип активности']/parent::div\"}\n  (Session info: chrome-headless-shell=126.0.6478.126); For documentation on this error, please visit: https://www.selenium.dev/documentation/webdriver/troubleshooting/errors#no-such-element-exception","statusTrace":"   at OpenQA.Selenium.Support.UI.DefaultWait`1.ThrowTimeoutException(String exceptionMessage, Exception lastException)\n   at OpenQA.Selenium.Support.UI.DefaultWait`1.Until[TResult](Func`2 condition, CancellationToken token)\n   at OpenQA.Selenium.Support.UI.DefaultWait`1.Until[TResult](Func`2 condition)\n   at OdinUiTests.Services.CommonService.SelectValueFromDropdown(IWebDriver driver, String type) in /azp/_work/2/s/Services/CommonService.cs:line 748\n   at OdinUiTests.Pages.CohortCreateEditPage.<>c__DisplayClass66_0.<SetExamType>b__0() in /azp/_work/2/s/Pages/CohortCreateEditPage.cs:line 302\n   at Allure.Net.Commons.AllureApi.ExecuteAction[T](String name, Action`1 start, Func`1 action, Action`1 resolve)\n   at Allure.Net.Commons.AllureApi.Step(String name, Action action)\n   at OdinUiTests.Pages.CohortCreateEditPage.SetExamType(String type) in /azp/_work/2/s/Pages/CohortCreateEditPage.cs:line 298\n   at OdinUiTests.Tests.Exams.ExamCreateEditTests.CreateExamPatent() in /azp/_work/2/s/Tests/Exams/TestCenterTests.cs:line 122\n   at System.RuntimeMethodHandle.InvokeMethod(Object target, Void** arguments, Signature sig, Boolean isConstructor)\n   at System.Reflection.MethodBaseInvoker.InvokeWithNoArgs(Object obj, BindingFlags invokeAttr)\n--NoSuchElementException\n   at OpenQA.Selenium.WebDriver.UnpackAndThrowOnError(Response errorResponse, String commandToExecute)\n   at OpenQA.Selenium.WebDriver.ExecuteAsync(String driverCommandToExecute, Dictionary`2 parameters)\n   at SeleniumExtras.WaitHelpers.ExpectedConditions.<>c__DisplayClass19_0.<ElementToBeClickable>b__0(IWebDriver driver)\n   at OpenQA.Selenium.Support.UI.DefaultWait`1.Until[TResult](Func`2 condition, CancellationToken token)","flaky":false,"newFailed":false,"newBroken":true,"newPassed":false,"retriesCount":0,"retriesStatusChange":false,"beforeStages":[],"testStage":{"status":"broken","statusMessage":"OpenQA.Selenium.WebDriverTimeoutException : Timed out after 30 seconds\n  ----> OpenQA.Selenium.NoSuchElementException : no such element: Unable to locate element: {\"method\":\"xpath\",\"selector\":\"//div[text()='Тип активности']/parent::div\"}\n  (Session info: chrome-headless-shell=126.0.6478.126); For documentation on this error, please visit: https://www.selenium.dev/documentation/webdriver/troubleshooting/errors#no-such-element-exception","statusTrace":"   at OpenQA.Selenium.Support.UI.DefaultWait`1.ThrowTimeoutException(String exceptionMessage, Exception lastException)\n   at OpenQA.Selenium.Support.UI.DefaultWait`1.Until[TResult](Func`2 condition, CancellationToken token)\n   at OpenQA.Selenium.Support.UI.DefaultWait`1.Until[TResult](Func`2 condition)\n   at OdinUiTests.Services.CommonService.SelectValueFromDropdown(IWebDriver driver, String type) in /azp/_work/2/s/Services/CommonService.cs:line 748\n   at OdinUiTests.Pages.CohortCreateEditPage.<>c__DisplayClass66_0.<SetExamType>b__0() in /azp/_work/2/s/Pages/CohortCreateEditPage.cs:line 302\n   at Allure.Net.Commons.AllureApi.ExecuteAction[T](String name, Action`1 start, Func`1 action, Action`1 resolve)\n   at Allure.Net.Commons.AllureApi.Step(String name, Action action)\n   at OdinUiTests.Pages.CohortCreateEditPage.SetExamType(String type) in /azp/_work/2/s/Pages/CohortCreateEditPage.cs:line 298\n   at OdinUiTests.Tests.Exams.ExamCreateEditTests.CreateExamPatent() in /azp/_work/2/s/Tests/Exams/TestCenterTests.cs:line 122\n   at System.RuntimeMethodHandle.InvokeMethod(Object target, Void** arguments, Signature sig, Boolean isConstructor)\n   at System.Reflection.MethodBaseInvoker.InvokeWithNoArgs(Object obj, BindingFlags invokeAttr)\n--NoSuchElementException\n   at OpenQA.Selenium.WebDriver.UnpackAndThrowOnError(Response errorResponse, String commandToExecute)\n   at OpenQA.Selenium.WebDriver.ExecuteAsync(String driverCommandToExecute, Dictionary`2 parameters)\n   at SeleniumExtras.WaitHelpers.ExpectedConditions.<>c__DisplayClass19_0.<ElementToBeClickable>b__0(IWebDriver driver)\n   at OpenQA.Selenium.Support.UI.DefaultWait`1.Until[TResult](Func`2 condition, CancellationToken token)","steps":[{"name":"Открыть страницу образовательной программы","time":{"start":1729578253713,"stop":1729578254235,"duration":522},"status":"passed","steps":[],"attachments":[],"parameters":[{"name":"programId","value":"\"17251\""}],"stepsCount":0,"attachmentsCount":0,"shouldDisplayMessage":false,"hasContent":true},{"name":"Нажать на кнопку 'Добавить' для добавления потока","time":{"start":1729578254235,"stop":1729578256829,"duration":2594},"status":"passed","steps":[],"attachments":[],"parameters":[],"stepsCount":0,"attachmentsCount":0,"shouldDisplayMessage":false,"hasContent":false},{"name":"В поле 'Тип экзамена' выбрать значение 'Патент'","time":{"start":1729578256830,"stop":1729578287906,"duration":31076},"status":"broken","statusMessage":"Timed out after 30 seconds","statusTrace":"OpenQA.Selenium.WebDriverTimeoutException: Timed out after 30 seconds\n ---> OpenQA.Selenium.NoSuchElementException: no such element: Unable to locate element: {\"method\":\"xpath\",\"selector\":\"//div[text()='Тип активности']/parent::div\"}\n  (Session info: chrome-headless-shell=126.0.6478.126); For documentation on this error, please visit: https://www.selenium.dev/documentation/webdriver/troubleshooting/errors#no-such-element-exception\n   at OpenQA.Selenium.WebDriver.UnpackAndThrowOnError(Response errorResponse, String commandToExecute)\n   at OpenQA.Selenium.WebDriver.ExecuteAsync(String driverCommandToExecute, Dictionary`2 parameters)\n   at SeleniumExtras.WaitHelpers.ExpectedConditions.<>c__DisplayClass19_0.<ElementToBeClickable>b__0(IWebDriver driver)\n   at OpenQA.Selenium.Support.UI.DefaultWait`1.Until[TResult](Func`2 condition, CancellationToken token)\n   --- End of inner exception stack trace ---\n   at OpenQA.Selenium.Support.UI.DefaultWait`1.ThrowTimeoutException(String exceptionMessage, Exception lastException)\n   at OpenQA.Selenium.Support.UI.DefaultWait`1.Until[TResult](Func`2 condition, CancellationToken token)\n   at OpenQA.Selenium.Support.UI.DefaultWait`1.Until[TResult](Func`2 condition)\n   at OdinUiTests.Services.CommonService.SelectValueFromDropdown(IWebDriver driver, String type) in /azp/_work/2/s/Services/CommonService.cs:line 748\n   at OdinUiTests.Pages.CohortCreateEditPage.<>c__DisplayClass66_0.<SetExamType>b__0() in /azp/_work/2/s/Pages/CohortCreateEditPage.cs:line 302\n   at Allure.Net.Commons.AllureApi.ExecuteAction[T](String name, Action`1 start, Func`1 action, Action`1 resolve)\n   at Allure.Net.Commons.AllureApi.Step(String name, Action action)\n   at OdinUiTests.Pages.CohortCreateEditPage.SetExamType(String type) in /azp/_work/2/s/Pages/CohortCreateEditPage.cs:line 298\n   at OdinUiTests.Tests.Exams.ExamCreateEditTests.CreateExamPatent() in /azp/_work/2/s/Tests/Exams/TestCenterTests.cs:line 122\n   at System.RuntimeMethodHandle.InvokeMethod(Object target, Void** arguments, Signature sig, Boolean isConstructor)\n   at System.Reflection.MethodBaseInvoker.InvokeWithNoArgs(Object obj, BindingFlags invokeAttr)","steps":[],"attachments":[],"parameters":[],"stepsCount":0,"attachmentsCount":0,"shouldDisplayMessage":true,"hasContent":true}],"attachments":[{"uid":"c8b11ce0a9ef84fa","name":"CreateExamPatent.jpg","source":"c8b11ce0a9ef84fa.jpg","type":"image/jpeg","size":52234},{"uid":"3f5c8fd8e1ab3950","name":"Console Output","source":"3f5c8fd8e1ab3950.txt","type":"text/plain","size":91}],"parameters":[],"stepsCount":3,"attachmentsCount":2,"shouldDisplayMessage":true,"hasContent":true},"afterStages":[],"labels":[{"name":"thread","value":"ParallelWorker#8"},{"name":"host","value":"0f039823d780"},{"name":"language","value":"C#"},{"name":"framework","value":"NUnit 3"},{"name":"package","value":"OdinUiTests.Tests.Exams"},{"name":"testMethod","value":"CreateExamPatent"},{"name":"testClass","value":"ExamCreateEditTests"},{"name":"suite","value":"Экзамен"},{"name":"severity","value":"normal"},{"name":"tag","value":"Экзамен"},{"name":"tag","value":"Дежурство"},{"name":"tag","value":"Регресс"},{"name":"resultFormat","value":"allure2"}],"parameters":[],"links":[],"hidden":false,"retry":false,"extra":{"severity":"normal","retries":[],"categories":[{"name":"Test defects","matchedStatuses":[],"flaky":false}],"history":{"statistic":{"failed":1,"broken":1,"skipped":0,"passed":32,"unknown":0,"total":34},"items":[{"uid":"9af810d9406a6c68","status":"passed","statusDetails":"Создание экзамена Патент","time":{"start":1729229008772,"stop":1729229025654,"duration":16882}},{"uid":"ccb8f26cc4300c10","status":"passed","statusDetails":"Создание экзамена Патент","time":{"start":1728640459440,"stop":1728640473652,"duration":14212}},{"uid":"f69fee09933d4f16","status":"passed","statusDetails":"Создание экзамена Патент","time":{"start":1728626037208,"stop":1728626053412,"duration":16204}},{"uid":"13cf1b30c84e151b","status":"passed","statusDetails":"Создание экзамена Патент","time":{"start":1727714865184,"stop":1727714888004,"duration":22820}},{"uid":"96fbeb7371fb27c0","status":"passed","statusDetails":"Создание экзамена Патент","time":{"start":1727466516671,"stop":1727466528850,"duration":12179}},{"uid":"8ddce9c094b3b82e","status":"passed","statusDetails":"Создание экзамена Патент","time":{"start":1727440953743,"stop":1727440965307,"duration":11564}},{"uid":"ea19a1d235184e9d","status":"passed","statusDetails":"Создание экзамена Патент","time":{"start":1727438186420,"stop":1727438201497,"duration":15077}},{"uid":"1de02d7635243bcb","status":"passed","statusDetails":"Создание экзамена Патент","time":{"start":1727353324067,"stop":1727353345258,"duration":21191}},{"uid":"f75648ea83211474","status":"passed","statusDetails":"Создание экзамена Патент","time":{"start":1727314322101,"stop":1727314341241,"duration":19140}},{"uid":"f2f71a0be8861964","status":"passed","statusDetails":"Создание экзамена Патент","time":{"start":1727244184975,"stop":1727244204131,"duration":19156}},{"uid":"883b18d6aa0d79a2","status":"passed","statusDetails":"Создание экзамена Патент","time":{"start":1727241424239,"stop":1727241449937,"duration":25698}},{"uid":"933d0a9bfb371f29","status":"passed","statusDetails":"Создание экзамена Патент","time":{"start":1727072965524,"stop":1727072993442,"duration":27918}},{"uid":"aa81121b62711f8","status":"passed","statusDetails":"Создание экзамена Патент","time":{"start":1726129412806,"stop":1726129425611,"duration":12805}},{"uid":"96a5d427a4b48a45","status":"failed","statusDetails":"  {\"httpStatusCode\":400,\"errors\":[{\"key\":\"\",\"value\":\"The association between entity types 'Cohort' and 'MigrationExamWelcomeSpeech' has been severed, but the relationship is either marked as required or is implicitly required because the foreign key is not nullable. If the dependent/child entity should be deleted when a required relationship is severed, configure the relationship to use cascade deletes. Consider using 'DbContextOptionsBuilder.EnableSensitiveDataLogging' to see the key values.\"}],\"isSuccess\":false}\nAssert.That(actual, Is.EqualTo(expected))\n  Expected: 200\n  But was:  400\n","time":{"start":1725344120353,"stop":1725344140598,"duration":20245}},{"uid":"e88d9896acf8d6f9","status":"passed","statusDetails":"Создание экзамена Патент","time":{"start":1722214362387,"stop":1722214374597,"duration":12210}},{"uid":"4a3fd7f64795fee1","status":"passed","statusDetails":"Создание экзамена Патент","time":{"start":1721977613971,"stop":1721977632350,"duration":18379}},{"uid":"d27d5f91ff06a2c1","status":"passed","statusDetails":"Создание экзамена Патент","time":{"start":1721975335382,"stop":1721975356104,"duration":20722}},{"uid":"da8872a2ef2f1242","status":"passed","statusDetails":"Создание экзамена Патент","time":{"start":1721816329089,"stop":1721816341668,"duration":12579}},{"uid":"d03ed754ea10f2c5","status":"passed","statusDetails":"Создание экзамена Патент","time":{"start":1721803658129,"stop":1721803670242,"duration":12113}},{"uid":"ac95bd7c18ac8293","status":"passed","statusDetails":"Создание экзамена Патент","time":{"start":1721372756067,"stop":1721372768110,"duration":12043}}]},"tags":["Регресс","Дежурство","Экзамен"]},"source":"95391c2814303b42.json","parameterValues":[]}