{"uid":"969f81dc0b22b9ca","name":"Результат тестирования в попытках зависит от настройки За последнюю попытку в индивидуальной контрольной","fullName":"OdinUiTests:OdinUiTests.Tests.Activity.TestActivityStatusWithTwoOrMoreAttemptsTests.CheckResultOfPassingDependOnSettings(System.String,System.Int32,System.String)","historyId":"aee0808ccb282d7c9685a6614eb4f54c","time":{"start":1740539116157,"stop":1740539133146,"duration":16989},"status":"broken","statusMessage":"System.Reflection.TargetInvocationException : Exception has been thrown by the target of an invocation.\n  ----> System.Reflection.TargetInvocationException : Exception has been thrown by the target of an invocation.\n  ----> OpenQA.Selenium.ElementClickInterceptedException : element click intercepted: Element <div data-v-7dd7a233=\"\" class=\"pass-info_bottom__button\">...</div> is not clickable at point (2043, 263). Other element would receive the click: <div data-v-e38e08ee=\"\" class=\"call-notifications-component full-window window-height window-width\">...</div>\n  (Session info: chrome=132.0.6834.83)","statusTrace":"   at System.Reflection.MethodBaseInvoker.InvokeWithManyArgs(Object obj, BindingFlags invokeAttr, Binder binder, Object[] parameters, CultureInfo culture)\n   at Allure.Net.Commons.Steps.AllureStepAspectBase.Around(String name, Object[] args, Func`2 target, MethodBase metadata, Type returnType)\n   at OdinUiTests.Pages.ActivityCommonPage.__a$_around_PassAnotherTestAttempt_100666045_w_0(Object[])\n   at OdinUiTests.Pages.ActivityCommonPage.PassAnotherTestAttempt()\n   at OdinUiTests.Tests.Activity.TestActivityStatusWithTwoOrMoreAttemptsTests.CheckResultOfPassingDependOnSettings(String actId, Int32 evaluation, String attemptSetting) in /azp/_work/1/s/Tests/Activity/TestActivityTests.cs:line 697\n   at InvokeStub_TestActivityStatusWithTwoOrMoreAttemptsTests.CheckResultOfPassingDependOnSettings(Object, Span`1)\n   at System.Reflection.MethodBaseInvoker.InvokeWithFewArgs(Object obj, BindingFlags invokeAttr, Binder binder, Object[] parameters, CultureInfo culture)\n--TargetInvocationException\n   at System.Reflection.MethodBaseInvoker.InvokeWithManyArgs(Object obj, BindingFlags invokeAttr, Binder binder, Object[] parameters, CultureInfo culture)\n   at Allure.Net.Commons.Steps.AllureStepAspectBase.Around(String name, Object[] args, Func`2 target, MethodBase metadata, Type returnType)\n   at OdinUiTests.Pages.ExamOptionsPage.__a$_around_ClickOnStartButton_100666815_w_0(Object[])\n   at OdinUiTests.Pages.ExamOptionsPage.ClickOnStartButton()\n   at OdinUiTests.Pages.ActivityCommonPage.__a$_around_PassAnotherTestAttempt_100666045_o() in /azp/_work/1/s/Pages/ActivityCommonPage.cs:line 161\n   at OdinUiTests.Pages.ActivityCommonPage.__a$_around_PassAnotherTestAttempt_100666045_u(Object[])\n   at Allure.Net.Commons.Steps.AllureAbstractStepAspect.WrapSync[T](Func`2 target, Object[] args, MethodBase metadata, String stepName, List`1 stepParameters)\n   at InvokeStub_AllureAbstractStepAspect.WrapSync(Object, Span`1)\n   at System.Reflection.MethodBaseInvoker.InvokeWithManyArgs(Object obj, BindingFlags invokeAttr, Binder binder, Object[] parameters, CultureInfo culture)\n--ElementClickInterceptedException\n   at OpenQA.Selenium.WebDriver.UnpackAndThrowOnError(Response errorResponse, String commandToExecute)\n   at OpenQA.Selenium.WebDriver.ExecuteAsync(String driverCommandToExecute, Dictionary`2 parameters)\n   at OpenQA.Selenium.WebDriver.InternalExecute(String driverCommandToExecute, Dictionary`2 parameters)\n   at OpenQA.Selenium.WebElement.Click()\n   at OdinUiTests.Pages.ExamOptionsPage.__a$_around_ClickOnStartButton_100666815_o() in /azp/_work/1/s/Pages/ExamOptionsPage.cs:line 59\n   at OdinUiTests.Pages.ExamOptionsPage.__a$_around_ClickOnStartButton_100666815_u(Object[])\n   at Allure.Net.Commons.Steps.AllureAbstractStepAspect.WrapSync[T](Func`2 target, Object[] args, MethodBase metadata, String stepName, List`1 stepParameters)\n   at InvokeStub_AllureAbstractStepAspect.WrapSync(Object, Span`1)\n   at System.Reflection.MethodBaseInvoker.InvokeWithManyArgs(Object obj, BindingFlags invokeAttr, Binder binder, Object[] parameters, CultureInfo culture)","flaky":false,"newFailed":false,"newBroken":false,"newPassed":false,"retriesCount":0,"retriesStatusChange":false,"beforeStages":[],"testStage":{"status":"broken","statusMessage":"System.Reflection.TargetInvocationException : Exception has been thrown by the target of an invocation.\n  ----> System.Reflection.TargetInvocationException : Exception has been thrown by the target of an invocation.\n  ----> OpenQA.Selenium.ElementClickInterceptedException : element click intercepted: Element <div data-v-7dd7a233=\"\" class=\"pass-info_bottom__button\">...</div> is not clickable at point (2043, 263). Other element would receive the click: <div data-v-e38e08ee=\"\" class=\"call-notifications-component full-window window-height window-width\">...</div>\n  (Session info: chrome=132.0.6834.83)","statusTrace":"   at System.Reflection.MethodBaseInvoker.InvokeWithManyArgs(Object obj, BindingFlags invokeAttr, Binder binder, Object[] parameters, CultureInfo culture)\n   at Allure.Net.Commons.Steps.AllureStepAspectBase.Around(String name, Object[] args, Func`2 target, MethodBase metadata, Type returnType)\n   at OdinUiTests.Pages.ActivityCommonPage.__a$_around_PassAnotherTestAttempt_100666045_w_0(Object[])\n   at OdinUiTests.Pages.ActivityCommonPage.PassAnotherTestAttempt()\n   at OdinUiTests.Tests.Activity.TestActivityStatusWithTwoOrMoreAttemptsTests.CheckResultOfPassingDependOnSettings(String actId, Int32 evaluation, String attemptSetting) in /azp/_work/1/s/Tests/Activity/TestActivityTests.cs:line 697\n   at InvokeStub_TestActivityStatusWithTwoOrMoreAttemptsTests.CheckResultOfPassingDependOnSettings(Object, Span`1)\n   at System.Reflection.MethodBaseInvoker.InvokeWithFewArgs(Object obj, BindingFlags invokeAttr, Binder binder, Object[] parameters, CultureInfo culture)\n--TargetInvocationException\n   at System.Reflection.MethodBaseInvoker.InvokeWithManyArgs(Object obj, BindingFlags invokeAttr, Binder binder, Object[] parameters, CultureInfo culture)\n   at Allure.Net.Commons.Steps.AllureStepAspectBase.Around(String name, Object[] args, Func`2 target, MethodBase metadata, Type returnType)\n   at OdinUiTests.Pages.ExamOptionsPage.__a$_around_ClickOnStartButton_100666815_w_0(Object[])\n   at OdinUiTests.Pages.ExamOptionsPage.ClickOnStartButton()\n   at OdinUiTests.Pages.ActivityCommonPage.__a$_around_PassAnotherTestAttempt_100666045_o() in /azp/_work/1/s/Pages/ActivityCommonPage.cs:line 161\n   at OdinUiTests.Pages.ActivityCommonPage.__a$_around_PassAnotherTestAttempt_100666045_u(Object[])\n   at Allure.Net.Commons.Steps.AllureAbstractStepAspect.WrapSync[T](Func`2 target, Object[] args, MethodBase metadata, String stepName, List`1 stepParameters)\n   at InvokeStub_AllureAbstractStepAspect.WrapSync(Object, Span`1)\n   at System.Reflection.MethodBaseInvoker.InvokeWithManyArgs(Object obj, BindingFlags invokeAttr, Binder binder, Object[] parameters, CultureInfo culture)\n--ElementClickInterceptedException\n   at OpenQA.Selenium.WebDriver.UnpackAndThrowOnError(Response errorResponse, String commandToExecute)\n   at OpenQA.Selenium.WebDriver.ExecuteAsync(String driverCommandToExecute, Dictionary`2 parameters)\n   at OpenQA.Selenium.WebDriver.InternalExecute(String driverCommandToExecute, Dictionary`2 parameters)\n   at OpenQA.Selenium.WebElement.Click()\n   at OdinUiTests.Pages.ExamOptionsPage.__a$_around_ClickOnStartButton_100666815_o() in /azp/_work/1/s/Pages/ExamOptionsPage.cs:line 59\n   at OdinUiTests.Pages.ExamOptionsPage.__a$_around_ClickOnStartButton_100666815_u(Object[])\n   at Allure.Net.Commons.Steps.AllureAbstractStepAspect.WrapSync[T](Func`2 target, Object[] args, MethodBase metadata, String stepName, List`1 stepParameters)\n   at InvokeStub_AllureAbstractStepAspect.WrapSync(Object, Span`1)\n   at System.Reflection.MethodBaseInvoker.InvokeWithManyArgs(Object obj, BindingFlags invokeAttr, Binder binder, Object[] parameters, CultureInfo culture)","steps":[{"name":"Открыть страницу активности","time":{"start":1740539117071,"stop":1740539118045,"duration":974},"status":"passed","steps":[],"attachments":[],"parameters":[{"name":"activityId","value":"\"5209\""}],"stepsCount":0,"attachmentsCount":0,"shouldDisplayMessage":false,"hasContent":true},{"name":"Пройти одну попытку прохождения теста","time":{"start":1740539118045,"stop":1740539129187,"duration":11142},"status":"passed","steps":[{"name":"Нажать на кнопку 'Перейти к тесту' со страницы активности","time":{"start":1740539118045,"stop":1740539121633,"duration":3588},"status":"passed","steps":[],"attachments":[],"parameters":[],"stepsCount":0,"attachmentsCount":0,"shouldDisplayMessage":false,"hasContent":false},{"name":"Нажать на кнопку 'Приступить'","time":{"start":1740539121633,"stop":1740539123627,"duration":1994},"status":"passed","steps":[],"attachments":[],"parameters":[],"stepsCount":0,"attachmentsCount":0,"shouldDisplayMessage":false,"hasContent":false},{"name":"Ответить на все вопросы и ожидать появления фразы 'Сохранено успешно'","time":{"start":1740539123627,"stop":1740539125882,"duration":2255},"status":"passed","steps":[],"attachments":[],"parameters":[],"stepsCount":0,"attachmentsCount":0,"shouldDisplayMessage":false,"hasContent":false},{"name":"Нажать на кнопку 'Отправить на проверку'","time":{"start":1740539125882,"stop":1740539126548,"duration":666},"status":"passed","steps":[],"attachments":[],"parameters":[],"stepsCount":0,"attachmentsCount":0,"shouldDisplayMessage":false,"hasContent":false},{"name":"Нажать на кнопку 'Отправить на проверку' в модалке","time":{"start":1740539126548,"stop":1740539128383,"duration":1835},"status":"passed","steps":[],"attachments":[],"parameters":[],"stepsCount":0,"attachmentsCount":0,"shouldDisplayMessage":false,"hasContent":false},{"name":"Нажать на кнопку 'Пройти еще раз'","time":{"start":1740539128383,"stop":1740539129187,"duration":804},"status":"passed","steps":[],"attachments":[],"parameters":[],"stepsCount":0,"attachmentsCount":0,"shouldDisplayMessage":false,"hasContent":false}],"attachments":[],"parameters":[],"stepsCount":6,"attachmentsCount":0,"shouldDisplayMessage":false,"hasContent":true},{"name":"Пройти еще одну попытку прохождения теста","time":{"start":1740539129187,"stop":1740539132455,"duration":3268},"status":"broken","statusMessage":"Exception has been thrown by the target of an invocation.","statusTrace":"System.Reflection.TargetInvocationException: Exception has been thrown by the target of an invocation.\n ---> OpenQA.Selenium.ElementClickInterceptedException: element click intercepted: Element <div data-v-7dd7a233=\"\" class=\"pass-info_bottom__button\">...</div> is not clickable at point (2043, 263). Other element would receive the click: <div data-v-e38e08ee=\"\" class=\"call-notifications-component full-window window-height window-width\">...</div>\n  (Session info: chrome=132.0.6834.83)\n   at OpenQA.Selenium.WebDriver.UnpackAndThrowOnError(Response errorResponse, String commandToExecute)\n   at OpenQA.Selenium.WebDriver.ExecuteAsync(String driverCommandToExecute, Dictionary`2 parameters)\n   at OpenQA.Selenium.WebDriver.InternalExecute(String driverCommandToExecute, Dictionary`2 parameters)\n   at OpenQA.Selenium.WebElement.Click()\n   at OdinUiTests.Pages.ExamOptionsPage.__a$_around_ClickOnStartButton_100666815_o() in /azp/_work/1/s/Pages/ExamOptionsPage.cs:line 59\n   at OdinUiTests.Pages.ExamOptionsPage.__a$_around_ClickOnStartButton_100666815_u(Object[])\n   at Allure.Net.Commons.Steps.AllureAbstractStepAspect.WrapSync[T](Func`2 target, Object[] args, MethodBase metadata, String stepName, List`1 stepParameters)\n   at InvokeStub_AllureAbstractStepAspect.WrapSync(Object, Span`1)\n   at System.Reflection.MethodBaseInvoker.InvokeWithManyArgs(Object obj, BindingFlags invokeAttr, Binder binder, Object[] parameters, CultureInfo culture)\n   --- End of inner exception stack trace ---\n   at System.Reflection.MethodBaseInvoker.InvokeWithManyArgs(Object obj, BindingFlags invokeAttr, Binder binder, Object[] parameters, CultureInfo culture)\n   at Allure.Net.Commons.Steps.AllureStepAspectBase.Around(String name, Object[] args, Func`2 target, MethodBase metadata, Type returnType)\n   at OdinUiTests.Pages.ExamOptionsPage.__a$_around_ClickOnStartButton_100666815_w_0(Object[])\n   at OdinUiTests.Pages.ExamOptionsPage.ClickOnStartButton()\n   at OdinUiTests.Pages.ActivityCommonPage.__a$_around_PassAnotherTestAttempt_100666045_o() in /azp/_work/1/s/Pages/ActivityCommonPage.cs:line 161\n   at OdinUiTests.Pages.ActivityCommonPage.__a$_around_PassAnotherTestAttempt_100666045_u(Object[])\n   at Allure.Net.Commons.Steps.AllureAbstractStepAspect.WrapSync[T](Func`2 target, Object[] args, MethodBase metadata, String stepName, List`1 stepParameters)","steps":[{"name":"Нажать на кнопку 'Приступить'","time":{"start":1740539129187,"stop":1740539132455,"duration":3268},"status":"broken","statusMessage":"element click intercepted: Element <div data-v-7dd7a233=\"\" class=\"pass-info_bottom__button\">...</div> is not clickable at point (2043, 263). Other element would receive the click: <div data-v-e38e08ee=\"\" class=\"call-notifications-component full-window window-height window-width\">...</div>\n  (Session info: chrome=132.0.6834.83)","statusTrace":"OpenQA.Selenium.ElementClickInterceptedException: element click intercepted: Element <div data-v-7dd7a233=\"\" class=\"pass-info_bottom__button\">...</div> is not clickable at point (2043, 263). Other element would receive the click: <div data-v-e38e08ee=\"\" class=\"call-notifications-component full-window window-height window-width\">...</div>\n  (Session info: chrome=132.0.6834.83)\n   at OpenQA.Selenium.WebDriver.UnpackAndThrowOnError(Response errorResponse, String commandToExecute)\n   at OpenQA.Selenium.WebDriver.ExecuteAsync(String driverCommandToExecute, Dictionary`2 parameters)\n   at OpenQA.Selenium.WebDriver.InternalExecute(String driverCommandToExecute, Dictionary`2 parameters)\n   at OpenQA.Selenium.WebElement.Click()\n   at OdinUiTests.Pages.ExamOptionsPage.__a$_around_ClickOnStartButton_100666815_o() in /azp/_work/1/s/Pages/ExamOptionsPage.cs:line 59\n   at OdinUiTests.Pages.ExamOptionsPage.__a$_around_ClickOnStartButton_100666815_u(Object[])\n   at Allure.Net.Commons.Steps.AllureAbstractStepAspect.WrapSync[T](Func`2 target, Object[] args, MethodBase metadata, String stepName, List`1 stepParameters)","steps":[],"attachments":[],"parameters":[],"stepsCount":0,"attachmentsCount":0,"shouldDisplayMessage":true,"hasContent":true}],"attachments":[],"parameters":[],"stepsCount":1,"attachmentsCount":0,"shouldDisplayMessage":true,"hasContent":true}],"attachments":[{"uid":"2c390100ed6371a0","name":"CheckResultOfPassingDependOnSettings.jpg","source":"2c390100ed6371a0.jpg","type":"image/jpeg","size":144309},{"uid":"f81a47df47be2ee3","name":"Console Output","source":"f81a47df47be2ee3.txt","type":"text/plain","size":54}],"parameters":[],"stepsCount":10,"attachmentsCount":2,"shouldDisplayMessage":true,"hasContent":true},"afterStages":[],"labels":[{"name":"thread","value":"NUnit.Fw.ParallelWorker#5"},{"name":"host","value":"98bc9cbb84ac"},{"name":"language","value":"C#"},{"name":"framework","value":"NUnit 3"},{"name":"package","value":"OdinUiTests.Tests.Activity"},{"name":"testMethod","value":"CheckResultOfPassingDependOnSettings"},{"name":"testClass","value":"TestActivityStatusWithTwoOrMoreAttemptsTests"},{"name":"parentSuite","value":"Активность"},{"name":"suite","value":"Контрольная"},{"name":"subSuite","value":"Прохождение теста"},{"name":"severity","value":"critical"},{"name":"tag","value":"Активность"},{"name":"tag","value":"Дежурство"},{"name":"tag","value":"Регресс"},{"name":"resultFormat","value":"allure2"}],"parameters":[{"name":"actId","value":"\"5209\""},{"name":"attemptSetting","value":"\"lastTry\""},{"name":"evaluation","value":"2"}],"links":[],"hidden":true,"retry":true,"extra":{"categories":[],"tags":["Регресс","Дежурство","Активность"]},"source":"969f81dc0b22b9ca.json","parameterValues":["\"5209\"","\"lastTry\"","2"]}