{"uid":"9b3a8d80e864c316","name":"Можно редактировать сообщение в течение 4 часов после отправки в чате для заметок","fullName":"OdinUiTests:OdinUiTests.Tests.Chat.NotesChatTests.CheckEditLastMessageInNotesChat()","historyId":"77b837cb4773350d283292c6eb31d293","time":{"start":1737566812464,"stop":1737566850372,"duration":37908},"status":"broken","statusMessage":"OpenQA.Selenium.WebDriverTimeoutException : Timed out after 30 seconds\n  ----> OpenQA.Selenium.NoSuchElementException : no such element: Unable to locate element: {\"method\":\"css selector\",\"selector\":\".q\\-editor__content\"}\n  (Session info: chrome=132.0.6834.83); For documentation on this error, please visit: https://www.selenium.dev/documentation/webdriver/troubleshooting/errors#no-such-element-exception","statusTrace":"   at OpenQA.Selenium.Support.UI.DefaultWait`1.ThrowTimeoutException(String exceptionMessage, Exception lastException)\n   at OpenQA.Selenium.Support.UI.DefaultWait`1.Until[TResult](Func`2 condition, CancellationToken token)\n   at OpenQA.Selenium.Support.UI.DefaultWait`1.Until[TResult](Func`2 condition)\n   at OdinUiTests.Pages.ChatCommonPage.WaitIfChatHasSomeMessage(String needToCheck, Boolean needToSendMessage) in /azp/_work/1/s/Pages/ChatCommonPage.cs:line 1090\n   at OdinUiTests.Pages.ChatCommonPage.WaitIfChatHasSomeMessage(Boolean needToSendMessage) in /azp/_work/1/s/Pages/ChatCommonPage.cs:line 1116\n   at OdinUiTests.Pages.ChatCommonPage.__a$_around_OpenPersonalChatForNotes_100666237_o() in /azp/_work/1/s/Pages/ChatCommonPage.cs:line 275\n   at OdinUiTests.Pages.ChatCommonPage.__a$_around_OpenPersonalChatForNotes_100666237_u(Object[])\n   at Allure.Net.Commons.Steps.AllureAbstractStepAspect.WrapSync[T](Func`2 target, Object[] args, MethodBase metadata, String stepName, List`1 stepParameters)\n   at InvokeStub_AllureAbstractStepAspect.WrapSync(Object, Span`1)\n   at System.Reflection.MethodBaseInvoker.InvokeWithManyArgs(Object obj, BindingFlags invokeAttr, Binder binder, Object[] parameters, CultureInfo culture)\n--NoSuchElementException\n   at OpenQA.Selenium.WebDriver.UnpackAndThrowOnError(Response errorResponse, String commandToExecute)\n   at OpenQA.Selenium.WebDriver.ExecuteAsync(String driverCommandToExecute, Dictionary`2 parameters)\n   at SeleniumExtras.WaitHelpers.ExpectedConditions.<>c__DisplayClass19_0.<ElementToBeClickable>b__0(IWebDriver driver)\n   at OpenQA.Selenium.Support.UI.DefaultWait`1.Until[TResult](Func`2 condition, CancellationToken token)","flaky":false,"newFailed":false,"newBroken":false,"newPassed":false,"retriesCount":0,"retriesStatusChange":false,"beforeStages":[],"testStage":{"status":"broken","statusMessage":"OpenQA.Selenium.WebDriverTimeoutException : Timed out after 30 seconds\n  ----> OpenQA.Selenium.NoSuchElementException : no such element: Unable to locate element: {\"method\":\"css selector\",\"selector\":\".q\\-editor__content\"}\n  (Session info: chrome=132.0.6834.83); For documentation on this error, please visit: https://www.selenium.dev/documentation/webdriver/troubleshooting/errors#no-such-element-exception","statusTrace":"   at OpenQA.Selenium.Support.UI.DefaultWait`1.ThrowTimeoutException(String exceptionMessage, Exception lastException)\n   at OpenQA.Selenium.Support.UI.DefaultWait`1.Until[TResult](Func`2 condition, CancellationToken token)\n   at OpenQA.Selenium.Support.UI.DefaultWait`1.Until[TResult](Func`2 condition)\n   at OdinUiTests.Pages.ChatCommonPage.WaitIfChatHasSomeMessage(String needToCheck, Boolean needToSendMessage) in /azp/_work/1/s/Pages/ChatCommonPage.cs:line 1090\n   at OdinUiTests.Pages.ChatCommonPage.WaitIfChatHasSomeMessage(Boolean needToSendMessage) in /azp/_work/1/s/Pages/ChatCommonPage.cs:line 1116\n   at OdinUiTests.Pages.ChatCommonPage.__a$_around_OpenPersonalChatForNotes_100666237_o() in /azp/_work/1/s/Pages/ChatCommonPage.cs:line 275\n   at OdinUiTests.Pages.ChatCommonPage.__a$_around_OpenPersonalChatForNotes_100666237_u(Object[])\n   at Allure.Net.Commons.Steps.AllureAbstractStepAspect.WrapSync[T](Func`2 target, Object[] args, MethodBase metadata, String stepName, List`1 stepParameters)\n   at InvokeStub_AllureAbstractStepAspect.WrapSync(Object, Span`1)\n   at System.Reflection.MethodBaseInvoker.InvokeWithManyArgs(Object obj, BindingFlags invokeAttr, Binder binder, Object[] parameters, CultureInfo culture)\n--NoSuchElementException\n   at OpenQA.Selenium.WebDriver.UnpackAndThrowOnError(Response errorResponse, String commandToExecute)\n   at OpenQA.Selenium.WebDriver.ExecuteAsync(String driverCommandToExecute, Dictionary`2 parameters)\n   at SeleniumExtras.WaitHelpers.ExpectedConditions.<>c__DisplayClass19_0.<ElementToBeClickable>b__0(IWebDriver driver)\n   at OpenQA.Selenium.Support.UI.DefaultWait`1.Until[TResult](Func`2 condition, CancellationToken token)","steps":[{"name":"Открыть личный чат для заметок","time":{"start":1737566812465,"stop":1737566846869,"duration":34404},"status":"broken","statusMessage":"Timed out after 30 seconds","statusTrace":"OpenQA.Selenium.WebDriverTimeoutException: Timed out after 30 seconds\n ---> OpenQA.Selenium.NoSuchElementException: no such element: Unable to locate element: {\"method\":\"css selector\",\"selector\":\".q\\-editor__content\"}\n  (Session info: chrome=132.0.6834.83); For documentation on this error, please visit: https://www.selenium.dev/documentation/webdriver/troubleshooting/errors#no-such-element-exception\n   at OpenQA.Selenium.WebDriver.UnpackAndThrowOnError(Response errorResponse, String commandToExecute)\n   at OpenQA.Selenium.WebDriver.ExecuteAsync(String driverCommandToExecute, Dictionary`2 parameters)\n   at SeleniumExtras.WaitHelpers.ExpectedConditions.<>c__DisplayClass19_0.<ElementToBeClickable>b__0(IWebDriver driver)\n   at OpenQA.Selenium.Support.UI.DefaultWait`1.Until[TResult](Func`2 condition, CancellationToken token)\n   --- End of inner exception stack trace ---\n   at OpenQA.Selenium.Support.UI.DefaultWait`1.ThrowTimeoutException(String exceptionMessage, Exception lastException)\n   at OpenQA.Selenium.Support.UI.DefaultWait`1.Until[TResult](Func`2 condition, CancellationToken token)\n   at OpenQA.Selenium.Support.UI.DefaultWait`1.Until[TResult](Func`2 condition)\n   at OdinUiTests.Pages.ChatCommonPage.WaitIfChatHasSomeMessage(String needToCheck, Boolean needToSendMessage) in /azp/_work/1/s/Pages/ChatCommonPage.cs:line 1090\n   at OdinUiTests.Pages.ChatCommonPage.WaitIfChatHasSomeMessage(Boolean needToSendMessage) in /azp/_work/1/s/Pages/ChatCommonPage.cs:line 1116\n   at OdinUiTests.Pages.ChatCommonPage.__a$_around_OpenPersonalChatForNotes_100666237_o() in /azp/_work/1/s/Pages/ChatCommonPage.cs:line 275\n   at OdinUiTests.Pages.ChatCommonPage.__a$_around_OpenPersonalChatForNotes_100666237_u(Object[])\n   at Allure.Net.Commons.Steps.AllureAbstractStepAspect.WrapSync[T](Func`2 target, Object[] args, MethodBase metadata, String stepName, List`1 stepParameters)","steps":[],"attachments":[],"parameters":[],"stepsCount":0,"attachmentsCount":0,"shouldDisplayMessage":true,"hasContent":true}],"attachments":[{"uid":"2d378c520696d8da","name":"CheckEditLastMessageInNotesChat.jpg","source":"2d378c520696d8da.jpg","type":"image/jpeg","size":28483},{"uid":"1dd49d7c39bccc07","name":"Console Output","source":"1dd49d7c39bccc07.txt","type":"text/plain","size":34}],"parameters":[],"stepsCount":1,"attachmentsCount":2,"shouldDisplayMessage":true,"hasContent":true},"afterStages":[],"labels":[{"name":"thread","value":"ParallelWorker#3"},{"name":"host","value":"b27e178fb93a"},{"name":"language","value":"C#"},{"name":"framework","value":"NUnit 3"},{"name":"package","value":"OdinUiTests.Tests.Chat"},{"name":"testMethod","value":"CheckEditLastMessageInNotesChat"},{"name":"testClass","value":"NotesChatTests"},{"name":"suite","value":"Чат"},{"name":"subSuite","value":"Чат для заметок"},{"name":"severity","value":"normal"},{"name":"tag","value":"Чат"},{"name":"tag","value":"Дежурство"},{"name":"tag","value":"Регресс"},{"name":"resultFormat","value":"allure2"}],"parameters":[],"links":[],"hidden":true,"retry":true,"extra":{"categories":[],"tags":["Регресс","Дежурство","Чат"]},"source":"9b3a8d80e864c316.json","parameterValues":[]}