{"uid":"9e1878ff04152f55","name":"Начать обсуждение с другим участником в групповом чате","fullName":"OdinUiTests:OdinUiTests.Tests.Chat.GroupChatMessageActionTests.CheckStartDiscussionUnderLeftSideMessageInGroupChat()","historyId":"7fd127ee8856a487c7a6e8d05590b6b0","time":{"start":1741889931623,"stop":1741890002025,"duration":70402},"status":"broken","statusMessage":"System.Reflection.TargetInvocationException : Exception has been thrown by the target of an invocation.\n  ----> OpenQA.Selenium.WebDriverTimeoutException : Timed out after 30 seconds\n  ----> OpenQA.Selenium.NoSuchElementException : no such element: Unable to locate element: {\"method\":\"css selector\",\"selector\":\".thread\\-chat\\-block\"}\n  (Session info: chrome=132.0.6834.83); For documentation on this error, please visit: https://www.selenium.dev/documentation/webdriver/troubleshooting/errors#no-such-element-exception","statusTrace":"   at System.Reflection.MethodBaseInvoker.InvokeWithManyArgs(Object obj, BindingFlags invokeAttr, Binder binder, Object[] parameters, CultureInfo culture)\n   at Allure.Net.Commons.Steps.AllureStepAspectBase.Around(String name, Object[] args, Func`2 target, MethodBase metadata, Type returnType)\n   at OdinUiTests.Pages.ChatCommonPage.__a$_around_CheckDiscussedMessageIsAppeared_100666339_w_0(Object[])\n   at OdinUiTests.Pages.ChatCommonPage.CheckDiscussedMessageIsAppeared(String randomText)\n   at OdinUiTests.Tests.Chat.ChatCommon.StartDiscussionUnderLeftSideMessage(IWebDriver driver, String chatId, Boolean isPersonalChat) in /azp/_work/3/s/Tests/Chat/ChatCommon.cs:line 160\n   at OdinUiTests.Tests.Chat.ChatCommon.StartDiscussionUnderLeftSideMessage(IWebDriver driver, String chatId) in /azp/_work/3/s/Tests/Chat/ChatCommon.cs:line 170\n   at OdinUiTests.Tests.Chat.GroupChatMessageActionTests.CheckStartDiscussionUnderLeftSideMessageInGroupChat() in /azp/_work/3/s/Tests/Chat/ChatTests.cs:line 679\n   at System.RuntimeMethodHandle.InvokeMethod(Object target, Void** arguments, Signature sig, Boolean isConstructor)\n   at System.Reflection.MethodBaseInvoker.InvokeWithNoArgs(Object obj, BindingFlags invokeAttr)\n--WebDriverTimeoutException\n   at OpenQA.Selenium.Support.UI.DefaultWait`1.ThrowTimeoutException(String exceptionMessage, Exception lastException)\n   at OpenQA.Selenium.Support.UI.DefaultWait`1.Until[TResult](Func`2 condition, CancellationToken token)\n   at OpenQA.Selenium.Support.UI.DefaultWait`1.Until[TResult](Func`2 condition)\n   at OdinUiTests.Pages.ChatCommonPage.__a$_around_CheckDiscussedMessageIsAppeared_100666339_o(String randomText) in /azp/_work/3/s/Pages/ChatCommonPage.cs:line 1281\n   at OdinUiTests.Pages.ChatCommonPage.__a$_around_CheckDiscussedMessageIsAppeared_100666339_u(Object[])\n   at Allure.Net.Commons.Steps.AllureAbstractStepAspect.WrapSync[T](Func`2 target, Object[] args, MethodBase metadata, String stepName, List`1 stepParameters)\n   at InvokeStub_AllureAbstractStepAspect.WrapSync(Object, Span`1)\n   at System.Reflection.MethodBaseInvoker.InvokeWithManyArgs(Object obj, BindingFlags invokeAttr, Binder binder, Object[] parameters, CultureInfo culture)\n--NoSuchElementException\n   at OpenQA.Selenium.WebDriver.UnpackAndThrowOnError(Response errorResponse, String commandToExecute)\n   at OpenQA.Selenium.WebDriver.ExecuteAsync(String driverCommandToExecute, Dictionary`2 parameters)\n   at SeleniumExtras.WaitHelpers.ExpectedConditions.<>c__DisplayClass19_0.<ElementToBeClickable>b__0(IWebDriver driver)\n   at OpenQA.Selenium.Support.UI.DefaultWait`1.Until[TResult](Func`2 condition, CancellationToken token)","flaky":false,"newFailed":false,"newBroken":true,"newPassed":false,"retriesCount":0,"retriesStatusChange":false,"beforeStages":[],"testStage":{"status":"broken","statusMessage":"System.Reflection.TargetInvocationException : Exception has been thrown by the target of an invocation.\n  ----> OpenQA.Selenium.WebDriverTimeoutException : Timed out after 30 seconds\n  ----> OpenQA.Selenium.NoSuchElementException : no such element: Unable to locate element: {\"method\":\"css selector\",\"selector\":\".thread\\-chat\\-block\"}\n  (Session info: chrome=132.0.6834.83); For documentation on this error, please visit: https://www.selenium.dev/documentation/webdriver/troubleshooting/errors#no-such-element-exception","statusTrace":"   at System.Reflection.MethodBaseInvoker.InvokeWithManyArgs(Object obj, BindingFlags invokeAttr, Binder binder, Object[] parameters, CultureInfo culture)\n   at Allure.Net.Commons.Steps.AllureStepAspectBase.Around(String name, Object[] args, Func`2 target, MethodBase metadata, Type returnType)\n   at OdinUiTests.Pages.ChatCommonPage.__a$_around_CheckDiscussedMessageIsAppeared_100666339_w_0(Object[])\n   at OdinUiTests.Pages.ChatCommonPage.CheckDiscussedMessageIsAppeared(String randomText)\n   at OdinUiTests.Tests.Chat.ChatCommon.StartDiscussionUnderLeftSideMessage(IWebDriver driver, String chatId, Boolean isPersonalChat) in /azp/_work/3/s/Tests/Chat/ChatCommon.cs:line 160\n   at OdinUiTests.Tests.Chat.ChatCommon.StartDiscussionUnderLeftSideMessage(IWebDriver driver, String chatId) in /azp/_work/3/s/Tests/Chat/ChatCommon.cs:line 170\n   at OdinUiTests.Tests.Chat.GroupChatMessageActionTests.CheckStartDiscussionUnderLeftSideMessageInGroupChat() in /azp/_work/3/s/Tests/Chat/ChatTests.cs:line 679\n   at System.RuntimeMethodHandle.InvokeMethod(Object target, Void** arguments, Signature sig, Boolean isConstructor)\n   at System.Reflection.MethodBaseInvoker.InvokeWithNoArgs(Object obj, BindingFlags invokeAttr)\n--WebDriverTimeoutException\n   at OpenQA.Selenium.Support.UI.DefaultWait`1.ThrowTimeoutException(String exceptionMessage, Exception lastException)\n   at OpenQA.Selenium.Support.UI.DefaultWait`1.Until[TResult](Func`2 condition, CancellationToken token)\n   at OpenQA.Selenium.Support.UI.DefaultWait`1.Until[TResult](Func`2 condition)\n   at OdinUiTests.Pages.ChatCommonPage.__a$_around_CheckDiscussedMessageIsAppeared_100666339_o(String randomText) in /azp/_work/3/s/Pages/ChatCommonPage.cs:line 1281\n   at OdinUiTests.Pages.ChatCommonPage.__a$_around_CheckDiscussedMessageIsAppeared_100666339_u(Object[])\n   at Allure.Net.Commons.Steps.AllureAbstractStepAspect.WrapSync[T](Func`2 target, Object[] args, MethodBase metadata, String stepName, List`1 stepParameters)\n   at InvokeStub_AllureAbstractStepAspect.WrapSync(Object, Span`1)\n   at System.Reflection.MethodBaseInvoker.InvokeWithManyArgs(Object obj, BindingFlags invokeAttr, Binder binder, Object[] parameters, CultureInfo culture)\n--NoSuchElementException\n   at OpenQA.Selenium.WebDriver.UnpackAndThrowOnError(Response errorResponse, String commandToExecute)\n   at OpenQA.Selenium.WebDriver.ExecuteAsync(String driverCommandToExecute, Dictionary`2 parameters)\n   at SeleniumExtras.WaitHelpers.ExpectedConditions.<>c__DisplayClass19_0.<ElementToBeClickable>b__0(IWebDriver driver)\n   at OpenQA.Selenium.Support.UI.DefaultWait`1.Until[TResult](Func`2 condition, CancellationToken token)","steps":[{"name":"Открыть чат по прямой ссылке","time":{"start":1741889931624,"stop":1741889934119,"duration":2495},"status":"passed","steps":[],"attachments":[],"parameters":[{"name":"chatId","value":"\"6330\""}],"stepsCount":0,"attachmentsCount":0,"shouldDisplayMessage":false,"hasContent":true},{"name":"Убедиться, что в чате имеются сообщения от участников чата","time":{"start":1741889934119,"stop":1741889943534,"duration":9415},"status":"passed","steps":[],"attachments":[],"parameters":[],"stepsCount":0,"attachmentsCount":0,"shouldDisplayMessage":false,"hasContent":false},{"name":"В меню над сообщением выбрать 'Ответить в обсуждении'","time":{"start":1741889943535,"stop":1741889944638,"duration":1103},"status":"passed","steps":[],"attachments":[],"parameters":[],"stepsCount":0,"attachmentsCount":0,"shouldDisplayMessage":false,"hasContent":false},{"name":"В строке ввода панели обсуждения ввести текст","time":{"start":1741889944638,"stop":1741889948419,"duration":3781},"status":"passed","steps":[],"attachments":[],"parameters":[{"name":"randomText","value":"\"D4AE07ECC97DF8A\""}],"stepsCount":0,"attachmentsCount":0,"shouldDisplayMessage":false,"hasContent":true},{"name":"Нажать на значок отправки сообщения в панели обсуждения","time":{"start":1741889948420,"stop":1741889949637,"duration":1217},"status":"passed","steps":[],"attachments":[],"parameters":[],"stepsCount":0,"attachmentsCount":0,"shouldDisplayMessage":false,"hasContent":false},{"name":"Проверка того, что появилось обсуждение","time":{"start":1741889949637,"stop":1741889997824,"duration":48187},"status":"broken","statusMessage":"Timed out after 30 seconds","statusTrace":"OpenQA.Selenium.WebDriverTimeoutException: Timed out after 30 seconds\n ---> OpenQA.Selenium.NoSuchElementException: no such element: Unable to locate element: {\"method\":\"css selector\",\"selector\":\".thread\\-chat\\-block\"}\n  (Session info: chrome=132.0.6834.83); For documentation on this error, please visit: https://www.selenium.dev/documentation/webdriver/troubleshooting/errors#no-such-element-exception\n   at OpenQA.Selenium.WebDriver.UnpackAndThrowOnError(Response errorResponse, String commandToExecute)\n   at OpenQA.Selenium.WebDriver.ExecuteAsync(String driverCommandToExecute, Dictionary`2 parameters)\n   at SeleniumExtras.WaitHelpers.ExpectedConditions.<>c__DisplayClass19_0.<ElementToBeClickable>b__0(IWebDriver driver)\n   at OpenQA.Selenium.Support.UI.DefaultWait`1.Until[TResult](Func`2 condition, CancellationToken token)\n   --- End of inner exception stack trace ---\n   at OpenQA.Selenium.Support.UI.DefaultWait`1.ThrowTimeoutException(String exceptionMessage, Exception lastException)\n   at OpenQA.Selenium.Support.UI.DefaultWait`1.Until[TResult](Func`2 condition, CancellationToken token)\n   at OpenQA.Selenium.Support.UI.DefaultWait`1.Until[TResult](Func`2 condition)\n   at OdinUiTests.Pages.ChatCommonPage.__a$_around_CheckDiscussedMessageIsAppeared_100666339_o(String randomText) in /azp/_work/3/s/Pages/ChatCommonPage.cs:line 1281\n   at OdinUiTests.Pages.ChatCommonPage.__a$_around_CheckDiscussedMessageIsAppeared_100666339_u(Object[])\n   at Allure.Net.Commons.Steps.AllureAbstractStepAspect.WrapSync[T](Func`2 target, Object[] args, MethodBase metadata, String stepName, List`1 stepParameters)","steps":[],"attachments":[],"parameters":[{"name":"randomText","value":"\"D4AE07ECC97DF8A\""}],"stepsCount":0,"attachmentsCount":0,"shouldDisplayMessage":true,"hasContent":true}],"attachments":[{"uid":"3825b872a5c0424a","name":"CheckStartDiscussionUnderLeftSideMessageInGroupChat.jpg","source":"3825b872a5c0424a.jpg","type":"image/jpeg","size":782652},{"uid":"7ecdbca0006fca1","name":"Console Output","source":"7ecdbca0006fca1.txt","type":"text/plain","size":39}],"parameters":[],"stepsCount":6,"attachmentsCount":2,"shouldDisplayMessage":true,"hasContent":true},"afterStages":[],"labels":[{"name":"thread","value":"NUnit.Fw.ParallelWorker#2"},{"name":"host","value":"6ac935c0ed16"},{"name":"language","value":"C#"},{"name":"framework","value":"NUnit 3"},{"name":"package","value":"OdinUiTests.Tests.Chat"},{"name":"testMethod","value":"CheckStartDiscussionUnderLeftSideMessageInGroupChat"},{"name":"testClass","value":"GroupChatMessageActionTests"},{"name":"suite","value":"Чат"},{"name":"subSuite","value":"Групповой чат"},{"name":"severity","value":"normal"},{"name":"tag","value":"Чат"},{"name":"tag","value":"Дежурство"},{"name":"tag","value":"Регресс"},{"name":"resultFormat","value":"allure2"}],"parameters":[],"links":[],"hidden":false,"retry":false,"extra":{"severity":"normal","retries":[],"categories":[{"name":"Test defects","matchedStatuses":[],"flaky":false}],"history":{"statistic":{"failed":8,"broken":3,"skipped":0,"passed":53,"unknown":0,"total":64},"items":[{"uid":"16c1162a218663ab","status":"passed","time":{"start":1741850055340,"stop":1741850091541,"duration":36201}},{"uid":"9ea7526753d7ad55","status":"passed","time":{"start":1741155162234,"stop":1741155206730,"duration":44496}},{"uid":"bcae7b53a22b36b8","status":"passed","time":{"start":1741139723961,"stop":1741139783362,"duration":59401}},{"uid":"17d6e2e730e4fcfb","status":"passed","time":{"start":1740120909856,"stop":1740120955939,"duration":46083}},{"uid":"d16b54e21e39ff55","status":"passed","time":{"start":1739341735730,"stop":1739341778730,"duration":43000}},{"uid":"53a8129ba2a4bc7f","status":"passed","time":{"start":1737612500165,"stop":1737612552158,"duration":51993}},{"uid":"3d4ceac1f20ff141","status":"broken","statusDetails":"OpenQA.Selenium.WebDriverTimeoutException : Timed out after 30 seconds\n  ----> OpenQA.Selenium.NoSuchElementException : no such element: Unable to locate element: {\"method\":\"css selector\",\"selector\":\".thread\\-chat\\-block\"}\n  (Session info: chrome=132.0.6834.83); For documentation on this error, please visit: https://www.selenium.dev/documentation/webdriver/troubleshooting/errors#no-such-element-exception","time":{"start":1737572607573,"stop":1737572671256,"duration":63683}},{"uid":"b57e4582da4591a6","status":"passed","time":{"start":1737524765515,"stop":1737524796215,"duration":30700}},{"uid":"f32aff32a49f2147","status":"passed","time":{"start":1736950889767,"stop":1736950924656,"duration":34889}},{"uid":"1de2ae4ead673002","status":"passed","time":{"start":1736923113166,"stop":1736923141575,"duration":28409}},{"uid":"371cb28f66f41447","status":"passed","time":{"start":1736923113166,"stop":1736923141575,"duration":28409}},{"uid":"5aea27bb4b4ee508","status":"passed","time":{"start":1735130375302,"stop":1735130387099,"duration":11797}},{"uid":"fa0f5da007a16282","status":"passed","time":{"start":1732693187766,"stop":1732693197719,"duration":9953}},{"uid":"63c847016b561cc6","status":"passed","time":{"start":1732117806861,"stop":1732117820151,"duration":13290}},{"uid":"9c9d9bfa2958cfea","status":"passed","time":{"start":1732034547483,"stop":1732034558531,"duration":11048}},{"uid":"90de602d8081315c","status":"passed","time":{"start":1731945846838,"stop":1731945855309,"duration":8471}},{"uid":"3df39945fe9503af","status":"passed","time":{"start":1729837064962,"stop":1729837074843,"duration":9881}},{"uid":"69663de3b7b444a","status":"passed","time":{"start":1729747525494,"stop":1729747539108,"duration":13614}},{"uid":"d6cef614d337c764","status":"passed","time":{"start":1729672227315,"stop":1729672238393,"duration":11078}},{"uid":"4a3310b0039e289e","status":"broken","statusDetails":"System.InvalidOperationException : Sequence contains no elements","time":{"start":1729611613024,"stop":1729611624309,"duration":11285}}]},"tags":["Регресс","Дежурство","Чат"]},"source":"9e1878ff04152f55.json","parameterValues":[]}