{"uid":"a26d8404d2d659c6","name":"Можно ответить на сообщение в личном чате","fullName":"OdinUiTests:OdinUiTests.Tests.Chat.PersonalChatTests.CheckStartDiscussionUnderLeftSideMessageInPersonalChat()","historyId":"c047ae0d2e7449320d566cfe9d1824f4","time":{"start":1759871665864,"stop":1759871728145,"duration":62281},"status":"broken","statusMessage":"System.Reflection.TargetInvocationException : Exception has been thrown by the target of an invocation.\n  ----> OpenQA.Selenium.WebDriverTimeoutException : Timed out after 30 seconds\n  ----> OpenQA.Selenium.NoSuchElementException : no such element: Unable to locate element: {\"method\":\"css selector\",\"selector\":\".thread\\-chat\\-block\"}\n  (Session info: chrome=140.0.7339.127); For documentation on this error, please visit: https://www.selenium.dev/documentation/webdriver/troubleshooting/errors#no-such-element-exception","statusTrace":"   at System.Reflection.MethodBaseInvoker.InvokeWithManyArgs(Object obj, BindingFlags invokeAttr, Binder binder, Object[] parameters, CultureInfo culture)\n   at Allure.Net.Commons.Steps.AllureStepAspectBase.Around(String name, Object[] args, Func`2 target, MethodBase metadata, Type returnType)\n   at OdinUiTests.Pages.ChatCommonPage.__a$_around_CheckDiscussedMessageIsAppeared_100666392_w_0(Object[])\n   at OdinUiTests.Pages.ChatCommonPage.CheckDiscussedMessageIsAppeared(String randomText)\n   at OdinUiTests.Tests.Chat.ChatCommon.StartDiscussionUnderLeftSideMessage(IWebDriver driver, String chatId, Boolean isPersonalChat) in /azp/_work/2/s/Tests/Chat/ChatCommon.cs:line 160\n   at OdinUiTests.Tests.Chat.ChatCommon.StartDiscussionUnderLeftSideMessageInPersonalChat(IWebDriver driver, String chatId) in /azp/_work/2/s/Tests/Chat/ChatCommon.cs:line 174\n   at OdinUiTests.Tests.Chat.PersonalChatTests.CheckStartDiscussionUnderLeftSideMessageInPersonalChat() in /azp/_work/2/s/Tests/Chat/ChatTests.cs:line 940\n   at System.RuntimeMethodHandle.InvokeMethod(Object target, Void** arguments, Signature sig, Boolean isConstructor)\n   at System.Reflection.MethodBaseInvoker.InvokeWithNoArgs(Object obj, BindingFlags invokeAttr)\n--WebDriverTimeoutException\n   at OpenQA.Selenium.Support.UI.DefaultWait`1.ThrowTimeoutException(String exceptionMessage, Exception lastException)\n   at OpenQA.Selenium.Support.UI.DefaultWait`1.Until[TResult](Func`2 condition, CancellationToken token)\n   at OpenQA.Selenium.Support.UI.DefaultWait`1.Until[TResult](Func`2 condition)\n   at OdinUiTests.Pages.ChatCommonPage.__a$_around_CheckDiscussedMessageIsAppeared_100666392_o(String randomText) in /azp/_work/2/s/Pages/ChatCommonPage.cs:line 1284\n   at OdinUiTests.Pages.ChatCommonPage.__a$_around_CheckDiscussedMessageIsAppeared_100666392_u(Object[])\n   at Allure.Net.Commons.Steps.AllureAbstractStepAspect.WrapSync[T](Func`2 target, Object[] args, MethodBase metadata, String stepName, List`1 stepParameters)\n   at InvokeStub_AllureAbstractStepAspect.WrapSync(Object, Span`1)\n   at System.Reflection.MethodBaseInvoker.InvokeWithManyArgs(Object obj, BindingFlags invokeAttr, Binder binder, Object[] parameters, CultureInfo culture)\n--NoSuchElementException\n   at OpenQA.Selenium.WebDriver.UnpackAndThrowOnError(Response errorResponse, String commandToExecute)\n   at OpenQA.Selenium.WebDriver.ExecuteAsync(String driverCommandToExecute, Dictionary`2 parameters)\n   at SeleniumExtras.WaitHelpers.ExpectedConditions.<>c__DisplayClass19_0.<ElementToBeClickable>b__0(IWebDriver driver)\n   at OpenQA.Selenium.Support.UI.DefaultWait`1.Until[TResult](Func`2 condition, CancellationToken token)","flaky":false,"newFailed":false,"newBroken":false,"newPassed":false,"retriesCount":0,"retriesStatusChange":false,"beforeStages":[],"testStage":{"status":"broken","statusMessage":"System.Reflection.TargetInvocationException : Exception has been thrown by the target of an invocation.\n  ----> OpenQA.Selenium.WebDriverTimeoutException : Timed out after 30 seconds\n  ----> OpenQA.Selenium.NoSuchElementException : no such element: Unable to locate element: {\"method\":\"css selector\",\"selector\":\".thread\\-chat\\-block\"}\n  (Session info: chrome=140.0.7339.127); For documentation on this error, please visit: https://www.selenium.dev/documentation/webdriver/troubleshooting/errors#no-such-element-exception","statusTrace":"   at System.Reflection.MethodBaseInvoker.InvokeWithManyArgs(Object obj, BindingFlags invokeAttr, Binder binder, Object[] parameters, CultureInfo culture)\n   at Allure.Net.Commons.Steps.AllureStepAspectBase.Around(String name, Object[] args, Func`2 target, MethodBase metadata, Type returnType)\n   at OdinUiTests.Pages.ChatCommonPage.__a$_around_CheckDiscussedMessageIsAppeared_100666392_w_0(Object[])\n   at OdinUiTests.Pages.ChatCommonPage.CheckDiscussedMessageIsAppeared(String randomText)\n   at OdinUiTests.Tests.Chat.ChatCommon.StartDiscussionUnderLeftSideMessage(IWebDriver driver, String chatId, Boolean isPersonalChat) in /azp/_work/2/s/Tests/Chat/ChatCommon.cs:line 160\n   at OdinUiTests.Tests.Chat.ChatCommon.StartDiscussionUnderLeftSideMessageInPersonalChat(IWebDriver driver, String chatId) in /azp/_work/2/s/Tests/Chat/ChatCommon.cs:line 174\n   at OdinUiTests.Tests.Chat.PersonalChatTests.CheckStartDiscussionUnderLeftSideMessageInPersonalChat() in /azp/_work/2/s/Tests/Chat/ChatTests.cs:line 940\n   at System.RuntimeMethodHandle.InvokeMethod(Object target, Void** arguments, Signature sig, Boolean isConstructor)\n   at System.Reflection.MethodBaseInvoker.InvokeWithNoArgs(Object obj, BindingFlags invokeAttr)\n--WebDriverTimeoutException\n   at OpenQA.Selenium.Support.UI.DefaultWait`1.ThrowTimeoutException(String exceptionMessage, Exception lastException)\n   at OpenQA.Selenium.Support.UI.DefaultWait`1.Until[TResult](Func`2 condition, CancellationToken token)\n   at OpenQA.Selenium.Support.UI.DefaultWait`1.Until[TResult](Func`2 condition)\n   at OdinUiTests.Pages.ChatCommonPage.__a$_around_CheckDiscussedMessageIsAppeared_100666392_o(String randomText) in /azp/_work/2/s/Pages/ChatCommonPage.cs:line 1284\n   at OdinUiTests.Pages.ChatCommonPage.__a$_around_CheckDiscussedMessageIsAppeared_100666392_u(Object[])\n   at Allure.Net.Commons.Steps.AllureAbstractStepAspect.WrapSync[T](Func`2 target, Object[] args, MethodBase metadata, String stepName, List`1 stepParameters)\n   at InvokeStub_AllureAbstractStepAspect.WrapSync(Object, Span`1)\n   at System.Reflection.MethodBaseInvoker.InvokeWithManyArgs(Object obj, BindingFlags invokeAttr, Binder binder, Object[] parameters, CultureInfo culture)\n--NoSuchElementException\n   at OpenQA.Selenium.WebDriver.UnpackAndThrowOnError(Response errorResponse, String commandToExecute)\n   at OpenQA.Selenium.WebDriver.ExecuteAsync(String driverCommandToExecute, Dictionary`2 parameters)\n   at SeleniumExtras.WaitHelpers.ExpectedConditions.<>c__DisplayClass19_0.<ElementToBeClickable>b__0(IWebDriver driver)\n   at OpenQA.Selenium.Support.UI.DefaultWait`1.Until[TResult](Func`2 condition, CancellationToken token)","steps":[{"name":"Открыть чат по прямой ссылке","time":{"start":1759871665865,"stop":1759871667254,"duration":1389},"status":"passed","steps":[],"attachments":[],"parameters":[{"name":"chatId","value":"\"732060\""}],"stepsCount":0,"attachmentsCount":0,"shouldDisplayMessage":false,"hasContent":true},{"name":"Убедиться, что в чате имеются сообщения от собеседника","time":{"start":1759871667254,"stop":1759871680079,"duration":12825},"status":"passed","steps":[],"attachments":[],"parameters":[],"stepsCount":0,"attachmentsCount":0,"shouldDisplayMessage":false,"hasContent":false},{"name":"В меню над сообщением выбрать 'Ответить в обсуждении'","time":{"start":1759871680079,"stop":1759871681368,"duration":1289},"status":"passed","steps":[],"attachments":[],"parameters":[],"stepsCount":0,"attachmentsCount":0,"shouldDisplayMessage":false,"hasContent":false},{"name":"В строке ввода панели обсуждения ввести текст","time":{"start":1759871681368,"stop":1759871684147,"duration":2779},"status":"passed","steps":[],"attachments":[],"parameters":[{"name":"randomText","value":"\"BEAG90DAF01DDAB\""}],"stepsCount":0,"attachmentsCount":0,"shouldDisplayMessage":false,"hasContent":true},{"name":"Нажать на значок отправки сообщения в панели обсуждения","time":{"start":1759871684147,"stop":1759871684937,"duration":790},"status":"passed","steps":[],"attachments":[],"parameters":[],"stepsCount":0,"attachmentsCount":0,"shouldDisplayMessage":false,"hasContent":false},{"name":"Проверка того, что появилось обсуждение","time":{"start":1759871684937,"stop":1759871727191,"duration":42254},"status":"broken","statusMessage":"Timed out after 30 seconds","statusTrace":"OpenQA.Selenium.WebDriverTimeoutException: Timed out after 30 seconds\n ---> OpenQA.Selenium.NoSuchElementException: no such element: Unable to locate element: {\"method\":\"css selector\",\"selector\":\".thread\\-chat\\-block\"}\n  (Session info: chrome=140.0.7339.127); For documentation on this error, please visit: https://www.selenium.dev/documentation/webdriver/troubleshooting/errors#no-such-element-exception\n   at OpenQA.Selenium.WebDriver.UnpackAndThrowOnError(Response errorResponse, String commandToExecute)\n   at OpenQA.Selenium.WebDriver.ExecuteAsync(String driverCommandToExecute, Dictionary`2 parameters)\n   at SeleniumExtras.WaitHelpers.ExpectedConditions.<>c__DisplayClass19_0.<ElementToBeClickable>b__0(IWebDriver driver)\n   at OpenQA.Selenium.Support.UI.DefaultWait`1.Until[TResult](Func`2 condition, CancellationToken token)\n   --- End of inner exception stack trace ---\n   at OpenQA.Selenium.Support.UI.DefaultWait`1.ThrowTimeoutException(String exceptionMessage, Exception lastException)\n   at OpenQA.Selenium.Support.UI.DefaultWait`1.Until[TResult](Func`2 condition, CancellationToken token)\n   at OpenQA.Selenium.Support.UI.DefaultWait`1.Until[TResult](Func`2 condition)\n   at OdinUiTests.Pages.ChatCommonPage.__a$_around_CheckDiscussedMessageIsAppeared_100666392_o(String randomText) in /azp/_work/2/s/Pages/ChatCommonPage.cs:line 1284\n   at OdinUiTests.Pages.ChatCommonPage.__a$_around_CheckDiscussedMessageIsAppeared_100666392_u(Object[])\n   at Allure.Net.Commons.Steps.AllureAbstractStepAspect.WrapSync[T](Func`2 target, Object[] args, MethodBase metadata, String stepName, List`1 stepParameters)","steps":[],"attachments":[],"parameters":[{"name":"randomText","value":"\"BEAG90DAF01DDAB\""}],"stepsCount":0,"attachmentsCount":0,"shouldDisplayMessage":true,"hasContent":true}],"attachments":[{"uid":"a9c15b54b7636e84","name":"CheckStartDiscussionUnderLeftSideMessageInPersonalChat.jpg","source":"a9c15b54b7636e84.jpg","type":"image/jpeg","size":356704},{"uid":"70f22e8d03f67536","name":"Console Output","source":"70f22e8d03f67536.txt","type":"text/plain","size":41}],"parameters":[],"stepsCount":6,"attachmentsCount":2,"shouldDisplayMessage":true,"hasContent":true},"afterStages":[],"labels":[{"name":"thread","value":"NUnit.Fw.ParallelWorker#9"},{"name":"host","value":"892cdad86e6e"},{"name":"language","value":"C#"},{"name":"framework","value":"NUnit 3"},{"name":"package","value":"OdinUiTests.Tests.Chat"},{"name":"testMethod","value":"CheckStartDiscussionUnderLeftSideMessageInPersonalChat"},{"name":"testClass","value":"PersonalChatTests"},{"name":"suite","value":"Чат"},{"name":"subSuite","value":"Личный чат"},{"name":"severity","value":"normal"},{"name":"tag","value":"Чат"},{"name":"tag","value":"Дежурство"},{"name":"tag","value":"Регресс"},{"name":"resultFormat","value":"allure2"}],"parameters":[],"links":[],"hidden":true,"retry":true,"extra":{"categories":[],"tags":["Регресс","Дежурство","Чат"]},"source":"a26d8404d2d659c6.json","parameterValues":[]}