{"uid":"a42afa85bc7cfc88","name":"Можно найти отправленное сообщение в чате дисциплины","fullName":"OdinUiTests:OdinUiTests.Tests.Chat.DisciplineChatTests.CheckFindSentMessageInDisciplineChat()","historyId":"fb9f9d1f5802463961188ef27f7d52a0","time":{"start":1729611603679,"stop":1729611657186,"duration":53507},"status":"broken","statusMessage":"OpenQA.Selenium.WebDriverTimeoutException : Timed out after 50 seconds\n  ----> OpenQA.Selenium.NoSuchElementException : no such element: Unable to locate element: {\"method\":\"css selector\",\"selector\":\"[class*='text-message ellipsis']\"}\n  (Session info: chrome-headless-shell=126.0.6478.126); For documentation on this error, please visit: https://www.selenium.dev/documentation/webdriver/troubleshooting/errors#no-such-element-exception","statusTrace":"   at OpenQA.Selenium.Support.UI.DefaultWait`1.ThrowTimeoutException(String exceptionMessage, Exception lastException)\n   at OpenQA.Selenium.Support.UI.DefaultWait`1.Until[TResult](Func`2 condition, CancellationToken token)\n   at OpenQA.Selenium.Support.UI.DefaultWait`1.Until[TResult](Func`2 condition)\n   at OdinUiTests.Pages.ChatCommonPage.__a$_around_CheckMessageIsFound_100666277_o(Boolean isMinichat, String message) in /azp/_work/1/s/Pages/ChatCommonPage.cs:line 1319\n   at OdinUiTests.Pages.ChatCommonPage.__a$_around_CheckMessageIsFound_100666277_u(Object[])\n   at Allure.Net.Commons.Steps.AllureAbstractStepAspect.WrapSync[T](Func`2 target, Object[] args, MethodBase metadata, String stepName, List`1 stepParameters)\n   at InvokeStub_AllureAbstractStepAspect.WrapSync(Object, Span`1)\n   at System.Reflection.MethodBaseInvoker.InvokeWithManyArgs(Object obj, BindingFlags invokeAttr, Binder binder, Object[] parameters, CultureInfo culture)\n--NoSuchElementException\n   at OpenQA.Selenium.WebDriver.UnpackAndThrowOnError(Response errorResponse, String commandToExecute)\n   at OpenQA.Selenium.WebDriver.ExecuteAsync(String driverCommandToExecute, Dictionary`2 parameters)\n   at OpenQA.Selenium.WebDriver.Execute(String driverCommandToExecute, Dictionary`2 parameters)\n   at OpenQA.Selenium.WebDriver.FindElement(String mechanism, String value)\n   at SeleniumExtras.WaitHelpers.ExpectedConditions.<>c__DisplayClass19_0.<ElementToBeClickable>b__0(IWebDriver driver)\n   at OpenQA.Selenium.Support.UI.DefaultWait`1.Until[TResult](Func`2 condition, CancellationToken token)","flaky":true,"newFailed":false,"newBroken":false,"newPassed":false,"retriesCount":0,"retriesStatusChange":false,"beforeStages":[],"testStage":{"status":"broken","statusMessage":"OpenQA.Selenium.WebDriverTimeoutException : Timed out after 50 seconds\n  ----> OpenQA.Selenium.NoSuchElementException : no such element: Unable to locate element: {\"method\":\"css selector\",\"selector\":\"[class*='text-message ellipsis']\"}\n  (Session info: chrome-headless-shell=126.0.6478.126); For documentation on this error, please visit: https://www.selenium.dev/documentation/webdriver/troubleshooting/errors#no-such-element-exception","statusTrace":"   at OpenQA.Selenium.Support.UI.DefaultWait`1.ThrowTimeoutException(String exceptionMessage, Exception lastException)\n   at OpenQA.Selenium.Support.UI.DefaultWait`1.Until[TResult](Func`2 condition, CancellationToken token)\n   at OpenQA.Selenium.Support.UI.DefaultWait`1.Until[TResult](Func`2 condition)\n   at OdinUiTests.Pages.ChatCommonPage.__a$_around_CheckMessageIsFound_100666277_o(Boolean isMinichat, String message) in /azp/_work/1/s/Pages/ChatCommonPage.cs:line 1319\n   at OdinUiTests.Pages.ChatCommonPage.__a$_around_CheckMessageIsFound_100666277_u(Object[])\n   at Allure.Net.Commons.Steps.AllureAbstractStepAspect.WrapSync[T](Func`2 target, Object[] args, MethodBase metadata, String stepName, List`1 stepParameters)\n   at InvokeStub_AllureAbstractStepAspect.WrapSync(Object, Span`1)\n   at System.Reflection.MethodBaseInvoker.InvokeWithManyArgs(Object obj, BindingFlags invokeAttr, Binder binder, Object[] parameters, CultureInfo culture)\n--NoSuchElementException\n   at OpenQA.Selenium.WebDriver.UnpackAndThrowOnError(Response errorResponse, String commandToExecute)\n   at OpenQA.Selenium.WebDriver.ExecuteAsync(String driverCommandToExecute, Dictionary`2 parameters)\n   at OpenQA.Selenium.WebDriver.Execute(String driverCommandToExecute, Dictionary`2 parameters)\n   at OpenQA.Selenium.WebDriver.FindElement(String mechanism, String value)\n   at SeleniumExtras.WaitHelpers.ExpectedConditions.<>c__DisplayClass19_0.<ElementToBeClickable>b__0(IWebDriver driver)\n   at OpenQA.Selenium.Support.UI.DefaultWait`1.Until[TResult](Func`2 condition, CancellationToken token)","steps":[{"name":"Открыть чат по прямой ссылке","time":{"start":1729611603709,"stop":1729611603929,"duration":220},"status":"passed","steps":[],"attachments":[],"parameters":[{"name":"chatId","value":"\"1768\""}],"stepsCount":0,"attachmentsCount":0,"shouldDisplayMessage":false,"hasContent":true},{"name":"Нажать на тридот меню и выбрать 'Поиск'","time":{"start":1729611603929,"stop":1729611606831,"duration":2902},"status":"passed","steps":[],"attachments":[],"parameters":[],"stepsCount":0,"attachmentsCount":0,"shouldDisplayMessage":false,"hasContent":false},{"name":"В строке поиска ввести текст ранее отправленного сообщения","time":{"start":1729611606831,"stop":1729611606909,"duration":78},"status":"passed","steps":[],"attachments":[],"parameters":[{"name":"message","value":"\"FA53A3DGG5GC4A2\""}],"stepsCount":0,"attachmentsCount":0,"shouldDisplayMessage":false,"hasContent":true},{"name":"Проверка того, что отправленное сообщение было найдено","time":{"start":1729611606909,"stop":1729611656912,"duration":50003},"status":"broken","statusMessage":"Timed out after 50 seconds","statusTrace":"OpenQA.Selenium.WebDriverTimeoutException: Timed out after 50 seconds\n ---> OpenQA.Selenium.NoSuchElementException: no such element: Unable to locate element: {\"method\":\"css selector\",\"selector\":\"[class*='text-message ellipsis']\"}\n  (Session info: chrome-headless-shell=126.0.6478.126); For documentation on this error, please visit: https://www.selenium.dev/documentation/webdriver/troubleshooting/errors#no-such-element-exception\n   at OpenQA.Selenium.WebDriver.UnpackAndThrowOnError(Response errorResponse, String commandToExecute)\n   at OpenQA.Selenium.WebDriver.ExecuteAsync(String driverCommandToExecute, Dictionary`2 parameters)\n   at OpenQA.Selenium.WebDriver.Execute(String driverCommandToExecute, Dictionary`2 parameters)\n   at OpenQA.Selenium.WebDriver.FindElement(String mechanism, String value)\n   at SeleniumExtras.WaitHelpers.ExpectedConditions.<>c__DisplayClass19_0.<ElementToBeClickable>b__0(IWebDriver driver)\n   at OpenQA.Selenium.Support.UI.DefaultWait`1.Until[TResult](Func`2 condition, CancellationToken token)\n   --- End of inner exception stack trace ---\n   at OpenQA.Selenium.Support.UI.DefaultWait`1.ThrowTimeoutException(String exceptionMessage, Exception lastException)\n   at OpenQA.Selenium.Support.UI.DefaultWait`1.Until[TResult](Func`2 condition, CancellationToken token)\n   at OpenQA.Selenium.Support.UI.DefaultWait`1.Until[TResult](Func`2 condition)\n   at OdinUiTests.Pages.ChatCommonPage.__a$_around_CheckMessageIsFound_100666277_o(Boolean isMinichat, String message) in /azp/_work/1/s/Pages/ChatCommonPage.cs:line 1319\n   at OdinUiTests.Pages.ChatCommonPage.__a$_around_CheckMessageIsFound_100666277_u(Object[])\n   at Allure.Net.Commons.Steps.AllureAbstractStepAspect.WrapSync[T](Func`2 target, Object[] args, MethodBase metadata, String stepName, List`1 stepParameters)","steps":[],"attachments":[],"parameters":[{"name":"isMinichat","value":"false"},{"name":"message","value":"\"FA53A3DGG5GC4A2\""}],"stepsCount":0,"attachmentsCount":0,"shouldDisplayMessage":true,"hasContent":true}],"attachments":[{"uid":"66ff478c12183567","name":"CheckFindSentMessageInDisciplineChat.jpg","source":"66ff478c12183567.jpg","type":"image/jpeg","size":341880},{"uid":"bd58e1761d5ca023","name":"Console Output","source":"bd58e1761d5ca023.txt","type":"text/plain","size":39}],"parameters":[],"stepsCount":4,"attachmentsCount":2,"shouldDisplayMessage":true,"hasContent":true},"afterStages":[],"labels":[{"name":"thread","value":"ParallelWorker#5"},{"name":"host","value":"acb3b0fa2258"},{"name":"language","value":"C#"},{"name":"framework","value":"NUnit 3"},{"name":"package","value":"OdinUiTests.Tests.Chat"},{"name":"testMethod","value":"CheckFindSentMessageInDisciplineChat"},{"name":"testClass","value":"DisciplineChatTests"},{"name":"suite","value":"Чат"},{"name":"subSuite","value":"Чат дисциплины"},{"name":"severity","value":"normal"},{"name":"tag","value":"Чат"},{"name":"tag","value":"Дежурство"},{"name":"tag","value":"Регресс"},{"name":"resultFormat","value":"allure2"}],"parameters":[],"links":[],"hidden":false,"retry":false,"extra":{"severity":"normal","retries":[],"categories":[{"name":"Test defects","matchedStatuses":[],"flaky":false}],"history":{"statistic":{"failed":4,"broken":2,"skipped":0,"passed":82,"unknown":0,"total":88},"items":[{"uid":"f0c24a3cf281d72d","status":"broken","statusDetails":"OpenQA.Selenium.WebDriverTimeoutException : Timed out after 50 seconds\n  ----> OpenQA.Selenium.NoSuchElementException : no such element: Unable to locate element: {\"method\":\"css selector\",\"selector\":\"[class*='text-message ellipsis']\"}\n  (Session info: chrome-headless-shell=126.0.6478.126); For documentation on this error, please visit: https://www.selenium.dev/documentation/webdriver/troubleshooting/errors#no-such-element-exception","time":{"start":1729578093895,"stop":1729578146582,"duration":52687}},{"uid":"2811633202b0e916","status":"failed","statusDetails":"OpenQA.Selenium.WebDriverTimeoutException : Timed out after 50 seconds\n  ----> OpenQA.Selenium.NoSuchElementException : no such element: Unable to locate element: {\"method\":\"css selector\",\"selector\":\"[class*='text-message ellipsis']\"}\n  (Session info: chrome-headless-shell=126.0.6478.126); For documentation on this error, please visit: https://www.selenium.dev/documentation/webdriver/troubleshooting/errors#no-such-element-exception","time":{"start":1729229705853,"stop":1729229760630,"duration":54777}},{"uid":"6e4eb02c562b3aad","status":"passed","statusDetails":"Можно найти отправленное сообщение в чате дисциплины","time":{"start":1728640040446,"stop":1728640045418,"duration":4972}},{"uid":"83d702d4a02770ca","status":"passed","statusDetails":"Можно найти отправленное сообщение в чате дисциплины","time":{"start":1728625845656,"stop":1728625849958,"duration":4302}},{"uid":"cdcab150606208d2","status":"failed","statusDetails":"OpenQA.Selenium.WebDriverTimeoutException : Timed out after 50 seconds\n  ----> OpenQA.Selenium.NoSuchElementException : no such element: Unable to locate element: {\"method\":\"css selector\",\"selector\":\"[class*='text-message ellipsis']\"}\n  (Session info: chrome-headless-shell=126.0.6478.126); For documentation on this error, please visit: https://www.selenium.dev/documentation/webdriver/troubleshooting/errors#no-such-element-exception","time":{"start":1727715614627,"stop":1727715669344,"duration":54717}},{"uid":"13f28072315c720d","status":"passed","statusDetails":"Можно найти отправленное сообщение в чате дисциплины","time":{"start":1727466356366,"stop":1727466360877,"duration":4511}},{"uid":"d5fa025e655b95dd","status":"passed","statusDetails":"Можно найти отправленное сообщение в чате дисциплины","time":{"start":1727441647701,"stop":1727441659667,"duration":11966}},{"uid":"b0db4d309579ed09","status":"failed","statusDetails":"OpenQA.Selenium.WebDriverTimeoutException : Timed out after 50 seconds\n  ----> OpenQA.Selenium.NoSuchElementException : no such element: Unable to locate element: {\"method\":\"css selector\",\"selector\":\"[class*='text-message ellipsis']\"}\n  (Session info: chrome-headless-shell=126.0.6478.126); For documentation on this error, please visit: https://www.selenium.dev/documentation/webdriver/troubleshooting/errors#no-such-element-exception","time":{"start":1727437942899,"stop":1727437996427,"duration":53528}},{"uid":"9275ee91ce359c2f","status":"passed","statusDetails":"Можно найти отправленное сообщение в чате дисциплины","time":{"start":1727354064320,"stop":1727354068705,"duration":4385}},{"uid":"ac42e67b070fbbd3","status":"failed","statusDetails":"OpenQA.Selenium.WebDriverTimeoutException : Timed out after 50 seconds\n  ----> OpenQA.Selenium.NoSuchElementException : no such element: Unable to locate element: {\"method\":\"css selector\",\"selector\":\"[class*='text-message ellipsis']\"}\n  (Session info: chrome-headless-shell=126.0.6478.126); For documentation on this error, please visit: https://www.selenium.dev/documentation/webdriver/troubleshooting/errors#no-such-element-exception","time":{"start":1727314922962,"stop":1727314976583,"duration":53621}},{"uid":"2affc66014196f34","status":"passed","statusDetails":"Можно найти отправленное сообщение в чате дисциплины","time":{"start":1727243981695,"stop":1727243986563,"duration":4868}},{"uid":"8b17bf7ed17a6164","status":"passed","statusDetails":"Можно найти отправленное сообщение в чате дисциплины","time":{"start":1727241231381,"stop":1727241237501,"duration":6120}},{"uid":"fac0d7f41ac67957","status":"passed","statusDetails":"Можно найти отправленное сообщение в чате дисциплины","time":{"start":1727073602911,"stop":1727073607022,"duration":4111}},{"uid":"cfef27ad17a66287","status":"passed","statusDetails":"Можно найти отправленное сообщение в чате дисциплины","time":{"start":1726128160580,"stop":1726128170891,"duration":10311}},{"uid":"79e32fcae6550ea8","status":"passed","time":{"start":1725342721726,"stop":1725342726499,"duration":4773}},{"uid":"1d383ac3447c1936","status":"passed","statusDetails":"Можно найти отправленное сообщение в чате дисциплины","time":{"start":1722214019482,"stop":1722214023199,"duration":3717}},{"uid":"e7bfd85340bdce1d","status":"passed","statusDetails":"Можно найти отправленное сообщение в чате дисциплины","time":{"start":1721977187889,"stop":1721977192594,"duration":4705}},{"uid":"a0266a6c36aeb8f1","status":"passed","statusDetails":"Можно найти отправленное сообщение в чате дисциплины","time":{"start":1721974869574,"stop":1721974874106,"duration":4532}},{"uid":"85b131ec94f9707d","status":"passed","statusDetails":"Можно найти отправленное сообщение в чате дисциплины","time":{"start":1721815893281,"stop":1721815899682,"duration":6401}},{"uid":"284843470b43e1","status":"passed","statusDetails":"Можно найти отправленное сообщение в чате дисциплины","time":{"start":1721803532194,"stop":1721803535898,"duration":3704}}]},"tags":["Регресс","Дежурство","Чат"]},"source":"a42afa85bc7cfc88.json","parameterValues":[]}