{"uid":"a69958ce9d53229b","name":"Можно создать активность из шаблона","fullName":"OdinUiTests:OdinUiTests.Tests.Activity.ActivityCreatingTests.CheckCreateActivityFromTemplate()","historyId":"b1379a4a3e78b9b3e48da839adf8e25a","time":{"start":1729611360125,"stop":1729611419055,"duration":58930},"status":"broken","statusMessage":"OpenQA.Selenium.WebDriverTimeoutException : Timed out after 30 seconds\n  ----> OpenQA.Selenium.NoSuchElementException : no such element: Unable to locate element: {\"method\":\"xpath\",\"selector\":\"//a[contains(@href,'Content/Info')]\"}\n  (Session info: chrome-headless-shell=126.0.6478.126); For documentation on this error, please visit: https://www.selenium.dev/documentation/webdriver/troubleshooting/errors#no-such-element-exception","statusTrace":"   at OpenQA.Selenium.Support.UI.DefaultWait`1.ThrowTimeoutException(String exceptionMessage, Exception lastException)\n   at OpenQA.Selenium.Support.UI.DefaultWait`1.Until[TResult](Func`2 condition, CancellationToken token)\n   at OpenQA.Selenium.Support.UI.DefaultWait`1.Until[TResult](Func`2 condition)\n   at OdinUiTests.Pages.ActivityCommonPage.__a$_around_CheckActivityContentMatches_100666068_o(List`1 tempList) in /azp/_work/1/s/Pages/ActivityCommonPage.cs:line 999\n   at OdinUiTests.Pages.ActivityCommonPage.__a$_around_CheckActivityContentMatches_100666068_u(Object[])\n   at Allure.Net.Commons.Steps.AllureAbstractStepAspect.WrapSync[T](Func`2 target, Object[] args, MethodBase metadata, String stepName, List`1 stepParameters)\n   at InvokeStub_AllureAbstractStepAspect.WrapSync(Object, Span`1)\n   at System.Reflection.MethodBaseInvoker.InvokeWithManyArgs(Object obj, BindingFlags invokeAttr, Binder binder, Object[] parameters, CultureInfo culture)\n--NoSuchElementException\n   at OpenQA.Selenium.WebDriver.UnpackAndThrowOnError(Response errorResponse, String commandToExecute)\n   at OpenQA.Selenium.WebDriver.ExecuteAsync(String driverCommandToExecute, Dictionary`2 parameters)\n   at OpenQA.Selenium.WebDriver.Execute(String driverCommandToExecute, Dictionary`2 parameters)\n   at OpenQA.Selenium.WebDriver.FindElement(String mechanism, String value)\n   at SeleniumExtras.WaitHelpers.ExpectedConditions.<>c__DisplayClass19_0.<ElementToBeClickable>b__0(IWebDriver driver)\n   at OpenQA.Selenium.Support.UI.DefaultWait`1.Until[TResult](Func`2 condition, CancellationToken token)","flaky":false,"newFailed":false,"newBroken":true,"newPassed":false,"retriesCount":0,"retriesStatusChange":false,"beforeStages":[],"testStage":{"status":"broken","statusMessage":"OpenQA.Selenium.WebDriverTimeoutException : Timed out after 30 seconds\n  ----> OpenQA.Selenium.NoSuchElementException : no such element: Unable to locate element: {\"method\":\"xpath\",\"selector\":\"//a[contains(@href,'Content/Info')]\"}\n  (Session info: chrome-headless-shell=126.0.6478.126); For documentation on this error, please visit: https://www.selenium.dev/documentation/webdriver/troubleshooting/errors#no-such-element-exception","statusTrace":"   at OpenQA.Selenium.Support.UI.DefaultWait`1.ThrowTimeoutException(String exceptionMessage, Exception lastException)\n   at OpenQA.Selenium.Support.UI.DefaultWait`1.Until[TResult](Func`2 condition, CancellationToken token)\n   at OpenQA.Selenium.Support.UI.DefaultWait`1.Until[TResult](Func`2 condition)\n   at OdinUiTests.Pages.ActivityCommonPage.__a$_around_CheckActivityContentMatches_100666068_o(List`1 tempList) in /azp/_work/1/s/Pages/ActivityCommonPage.cs:line 999\n   at OdinUiTests.Pages.ActivityCommonPage.__a$_around_CheckActivityContentMatches_100666068_u(Object[])\n   at Allure.Net.Commons.Steps.AllureAbstractStepAspect.WrapSync[T](Func`2 target, Object[] args, MethodBase metadata, String stepName, List`1 stepParameters)\n   at InvokeStub_AllureAbstractStepAspect.WrapSync(Object, Span`1)\n   at System.Reflection.MethodBaseInvoker.InvokeWithManyArgs(Object obj, BindingFlags invokeAttr, Binder binder, Object[] parameters, CultureInfo culture)\n--NoSuchElementException\n   at OpenQA.Selenium.WebDriver.UnpackAndThrowOnError(Response errorResponse, String commandToExecute)\n   at OpenQA.Selenium.WebDriver.ExecuteAsync(String driverCommandToExecute, Dictionary`2 parameters)\n   at OpenQA.Selenium.WebDriver.Execute(String driverCommandToExecute, Dictionary`2 parameters)\n   at OpenQA.Selenium.WebDriver.FindElement(String mechanism, String value)\n   at SeleniumExtras.WaitHelpers.ExpectedConditions.<>c__DisplayClass19_0.<ElementToBeClickable>b__0(IWebDriver driver)\n   at OpenQA.Selenium.Support.UI.DefaultWait`1.Until[TResult](Func`2 condition, CancellationToken token)","steps":[{"name":"Открыть страницу создания активности","time":{"start":1729611374720,"stop":1729611375000,"duration":280},"status":"passed","steps":[],"attachments":[],"parameters":[{"name":"disciplineId","value":"\"379\""}],"stepsCount":0,"attachmentsCount":0,"shouldDisplayMessage":false,"hasContent":true},{"name":"Нажать на кнопку 'Выбрать шаблон'","time":{"start":1729611375000,"stop":1729611377623,"duration":2623},"status":"passed","steps":[],"attachments":[],"parameters":[],"stepsCount":0,"attachmentsCount":0,"shouldDisplayMessage":false,"hasContent":false},{"name":"Выбрать шаблон из Библиотеки по названию","time":{"start":1729611377624,"stop":1729611384316,"duration":6692},"status":"passed","steps":[],"attachments":[],"parameters":[{"name":"name","value":"\"Алфавит\""}],"stepsCount":0,"attachmentsCount":0,"shouldDisplayMessage":false,"hasContent":true},{"name":"Нажать на кнопку 'Сохранить' и подтвердить сохранение","time":{"start":1729611384316,"stop":1729611385551,"duration":1235},"status":"passed","steps":[],"attachments":[],"parameters":[],"stepsCount":0,"attachmentsCount":0,"shouldDisplayMessage":false,"hasContent":false},{"name":"Переход на страницу активности. Убедиться в том,  что активность была создана","time":{"start":1729611385551,"stop":1729611418855,"duration":33304},"status":"broken","statusMessage":"Timed out after 30 seconds","statusTrace":"OpenQA.Selenium.WebDriverTimeoutException: Timed out after 30 seconds\n ---> OpenQA.Selenium.NoSuchElementException: no such element: Unable to locate element: {\"method\":\"xpath\",\"selector\":\"//a[contains(@href,'Content/Info')]\"}\n  (Session info: chrome-headless-shell=126.0.6478.126); For documentation on this error, please visit: https://www.selenium.dev/documentation/webdriver/troubleshooting/errors#no-such-element-exception\n   at OpenQA.Selenium.WebDriver.UnpackAndThrowOnError(Response errorResponse, String commandToExecute)\n   at OpenQA.Selenium.WebDriver.ExecuteAsync(String driverCommandToExecute, Dictionary`2 parameters)\n   at OpenQA.Selenium.WebDriver.Execute(String driverCommandToExecute, Dictionary`2 parameters)\n   at OpenQA.Selenium.WebDriver.FindElement(String mechanism, String value)\n   at SeleniumExtras.WaitHelpers.ExpectedConditions.<>c__DisplayClass19_0.<ElementToBeClickable>b__0(IWebDriver driver)\n   at OpenQA.Selenium.Support.UI.DefaultWait`1.Until[TResult](Func`2 condition, CancellationToken token)\n   --- End of inner exception stack trace ---\n   at OpenQA.Selenium.Support.UI.DefaultWait`1.ThrowTimeoutException(String exceptionMessage, Exception lastException)\n   at OpenQA.Selenium.Support.UI.DefaultWait`1.Until[TResult](Func`2 condition, CancellationToken token)\n   at OpenQA.Selenium.Support.UI.DefaultWait`1.Until[TResult](Func`2 condition)\n   at OdinUiTests.Pages.ActivityCommonPage.__a$_around_CheckActivityContentMatches_100666068_o(List`1 tempList) in /azp/_work/1/s/Pages/ActivityCommonPage.cs:line 999\n   at OdinUiTests.Pages.ActivityCommonPage.__a$_around_CheckActivityContentMatches_100666068_u(Object[])\n   at Allure.Net.Commons.Steps.AllureAbstractStepAspect.WrapSync[T](Func`2 target, Object[] args, MethodBase metadata, String stepName, List`1 stepParameters)","steps":[{"name":"Переход на страницу активности","time":{"start":1729611388271,"stop":1729611388371,"duration":100},"status":"passed","steps":[],"attachments":[],"parameters":[],"stepsCount":0,"attachmentsCount":0,"shouldDisplayMessage":false,"hasContent":false},{"name":"Получить описания активности","time":{"start":1729611388372,"stop":1729611388441,"duration":69},"status":"passed","steps":[],"attachments":[],"parameters":[],"stepsCount":0,"attachmentsCount":0,"shouldDisplayMessage":false,"hasContent":false},{"name":"Получить тип активности","time":{"start":1729611388441,"stop":1729611388517,"duration":76},"status":"passed","steps":[],"attachments":[],"parameters":[],"stepsCount":0,"attachmentsCount":0,"shouldDisplayMessage":false,"hasContent":false}],"attachments":[],"parameters":[{"name":"tempList","value":"[\"Алфавит\",\"Описание\",\"Контрольная\"]"}],"stepsCount":3,"attachmentsCount":0,"shouldDisplayMessage":true,"hasContent":true}],"attachments":[{"uid":"6990886e138ae7d","name":"CheckCreateActivityFromTemplate.jpg","source":"6990886e138ae7d.jpg","type":"image/jpeg","size":87153},{"uid":"b69b84b965fe4006","name":"Console Output","source":"b69b84b965fe4006.txt","type":"text/plain","size":51}],"parameters":[],"stepsCount":8,"attachmentsCount":2,"shouldDisplayMessage":true,"hasContent":true},"afterStages":[],"labels":[{"name":"thread","value":"ParallelWorker#2"},{"name":"host","value":"acb3b0fa2258"},{"name":"language","value":"C#"},{"name":"framework","value":"NUnit 3"},{"name":"package","value":"OdinUiTests.Tests.Activity"},{"name":"testMethod","value":"CheckCreateActivityFromTemplate"},{"name":"testClass","value":"ActivityCreatingTests"},{"name":"parentSuite","value":"Активность"},{"name":"suite","value":"Обычная активность"},{"name":"subSuite","value":"Создание активности"},{"name":"severity","value":"critical"},{"name":"tag","value":"Активность"},{"name":"tag","value":"Дежурство"},{"name":"tag","value":"Регресс"},{"name":"resultFormat","value":"allure2"}],"parameters":[],"links":[],"hidden":false,"retry":false,"extra":{"severity":"critical","retries":[],"categories":[{"name":"Test defects","matchedStatuses":[],"flaky":false}],"history":{"statistic":{"failed":6,"broken":1,"skipped":0,"passed":81,"unknown":0,"total":88},"items":[{"uid":"d04f5b2e6cff75bb","status":"passed","time":{"start":1729577888854,"stop":1729577902257,"duration":13403}},{"uid":"f7cda85802a11452","status":"passed","statusDetails":"Можно создать активность из шаблона","time":{"start":1729228641400,"stop":1729228664646,"duration":23246}},{"uid":"91680abc851a2fe7","status":"passed","statusDetails":"Можно создать активность из шаблона","time":{"start":1728639841457,"stop":1728639858009,"duration":16552}},{"uid":"8f2b0d89b51a6171","status":"passed","statusDetails":"Можно создать активность из шаблона","time":{"start":1728625672190,"stop":1728625685997,"duration":13807}},{"uid":"5c02cae29ad78f31","status":"passed","statusDetails":"Можно создать активность из шаблона","time":{"start":1727715614693,"stop":1727715632270,"duration":17577}},{"uid":"72605ccb53885526","status":"passed","statusDetails":"Можно создать активность из шаблона","time":{"start":1727466130657,"stop":1727466145922,"duration":15265}},{"uid":"ef1513243f35076c","status":"failed","statusDetails":"OpenQA.Selenium.WebDriverTimeoutException : Timed out after 30 seconds\n  ----> OpenQA.Selenium.NoSuchElementException : no such element: Unable to locate element: {\"method\":\"xpath\",\"selector\":\"//*[contains(text(),'Редактировать')]\"}\n  (Session info: chrome-headless-shell=126.0.6478.126); For documentation on this error, please visit: https://www.selenium.dev/documentation/webdriver/troubleshooting/errors#no-such-element-exception","time":{"start":1727441601264,"stop":1727441645279,"duration":44015}},{"uid":"a9b740aff574b13","status":"failed","statusDetails":"OpenQA.Selenium.WebDriverTimeoutException : Timed out after 30 seconds\n  ----> OpenQA.Selenium.NoSuchElementException : no such element: Unable to locate element: {\"method\":\"xpath\",\"selector\":\"//*[contains(text(),'Редактировать')]\"}\n  (Session info: chrome-headless-shell=126.0.6478.126); For documentation on this error, please visit: https://www.selenium.dev/documentation/webdriver/troubleshooting/errors#no-such-element-exception","time":{"start":1727437750496,"stop":1727437799603,"duration":49107}},{"uid":"9317cdbf841787ea","status":"passed","statusDetails":"Можно создать активность из шаблона","time":{"start":1727354063468,"stop":1727354078783,"duration":15315}},{"uid":"56c76c309924fba4","status":"passed","statusDetails":"Можно создать активность из шаблона","time":{"start":1727313939154,"stop":1727313963618,"duration":24464}},{"uid":"d7c927d606001216","status":"passed","statusDetails":"Можно создать активность из шаблона","time":{"start":1727243683566,"stop":1727243705306,"duration":21740}},{"uid":"4b94a291349efb02","status":"passed","statusDetails":"Можно создать активность из шаблона","time":{"start":1727241028741,"stop":1727241044862,"duration":16121}},{"uid":"f2f0500cf4c54ecd","status":"passed","statusDetails":"Можно создать активность из шаблона","time":{"start":1727072333030,"stop":1727072356076,"duration":23046}},{"uid":"a7f9242515045748","status":"failed","statusDetails":"OpenQA.Selenium.WebDriverTimeoutException : Timed out after 30 seconds\n  ----> OpenQA.Selenium.NoSuchElementException : no such element: Unable to locate element: {\"method\":\"xpath\",\"selector\":\"//a[contains(@href,'Content/Info')]\"}\n  (Session info: chrome-headless-shell=126.0.6478.126); For documentation on this error, please visit: https://www.selenium.dev/documentation/webdriver/troubleshooting/errors#no-such-element-exception","time":{"start":1726129345649,"stop":1726129395843,"duration":50194}},{"uid":"32f76d4c2da08991","status":"passed","time":{"start":1725342417504,"stop":1725342465214,"duration":47710}},{"uid":"6e6526188c5405ea","status":"passed","statusDetails":"Можно создать активность из шаблона","time":{"start":1722213886307,"stop":1722213899178,"duration":12871}},{"uid":"dc61a093165859c9","status":"passed","statusDetails":"Можно создать активность из шаблона","time":{"start":1721976975993,"stop":1721976993391,"duration":17398}},{"uid":"72ad366003dec53d","status":"passed","statusDetails":"Можно создать активность из шаблона","time":{"start":1721974660464,"stop":1721974678320,"duration":17856}},{"uid":"2e6b9dc990f5dfb6","status":"passed","statusDetails":"Можно создать активность из шаблона","time":{"start":1721815692479,"stop":1721815707209,"duration":14730}},{"uid":"80683033bf917c2a","status":"passed","statusDetails":"Можно создать активность из шаблона","time":{"start":1721803362954,"stop":1721803376475,"duration":13521}}]},"tags":["Регресс","Дежурство","Активность"]},"source":"a69958ce9d53229b.json","parameterValues":[]}