{"uid":"a7efa5a697f2f92b","name":"Можно цитировать сообщение в миничате обсуждении решения","fullName":"OdinUiTests:OdinUiTests.Tests.Chat.TaskMiniChatTests.CheckAddQuoteToLastMessageInTaskMiniChat()","historyId":"a1b056a9722a530b29174778dbd78c4d","time":{"start":1753147014945,"stop":1753147072442,"duration":57497},"status":"broken","statusMessage":"System.Reflection.TargetInvocationException : Exception has been thrown by the target of an invocation.\n  ----> OpenQA.Selenium.WebDriverTimeoutException : Timed out after 30 seconds\n  ----> OpenQA.Selenium.NoSuchElementException : no such element: Unable to locate element: {\"method\":\"xpath\",\"selector\":\"//div[contains(@class,'items-center q-ml-sm') and contains(text(),'Пучеглазов Антон')]\"}\n  (Session info: chrome=132.0.6834.83); For documentation on this error, please visit: https://www.selenium.dev/documentation/webdriver/troubleshooting/errors#no-such-element-exception","statusTrace":"   at System.Reflection.MethodBaseInvoker.InvokeWithManyArgs(Object obj, BindingFlags invokeAttr, Binder binder, Object[] parameters, CultureInfo culture)\n   at Allure.Net.Commons.Steps.AllureStepAspectBase.Around(String name, Object[] args, Func`2 target, MethodBase metadata, Type returnType)\n   at OdinUiTests.Pages.ChatCommonPage.__a$_around_OpenTaskChatWithName_100666262_w_0(Object[])\n   at OdinUiTests.Pages.ChatCommonPage.OpenTaskChatWithName(String chatName, String studentName)\n   at OdinUiTests.Tests.Chat.TaskMiniChatTests.SetUp() in /azp/_work/1/s/Tests/Chat/MiniChatTests.cs:line 375\n   at InvokeStub_TaskMiniChatTests.SetUp(Object, Object, IntPtr*)\n   at System.Reflection.MethodBaseInvoker.InvokeWithNoArgs(Object obj, BindingFlags invokeAttr)\n--WebDriverTimeoutException\n   at OpenQA.Selenium.Support.UI.DefaultWait`1.ThrowTimeoutException(String exceptionMessage, Exception lastException)\n   at OpenQA.Selenium.Support.UI.DefaultWait`1.Until[TResult](Func`2 condition, CancellationToken token)\n   at OpenQA.Selenium.Support.UI.DefaultWait`1.Until[TResult](Func`2 condition)\n   at OdinUiTests.Pages.ChatCommonPage.__a$_around_OpenTaskChatWithName_100666262_o(String chatName, String studentName) in /azp/_work/1/s/Pages/ChatCommonPage.cs:line 225\n   at OdinUiTests.Pages.ChatCommonPage.__a$_around_OpenTaskChatWithName_100666262_u(Object[])\n   at Allure.Net.Commons.Steps.AllureAbstractStepAspect.WrapSync[T](Func`2 target, Object[] args, MethodBase metadata, String stepName, List`1 stepParameters)\n   at InvokeStub_AllureAbstractStepAspect.WrapSync(Object, Span`1)\n   at System.Reflection.MethodBaseInvoker.InvokeWithManyArgs(Object obj, BindingFlags invokeAttr, Binder binder, Object[] parameters, CultureInfo culture)\n--NoSuchElementException\n   at OpenQA.Selenium.WebDriver.UnpackAndThrowOnError(Response errorResponse, String commandToExecute)\n   at OpenQA.Selenium.WebDriver.ExecuteAsync(String driverCommandToExecute, Dictionary`2 parameters)\n   at SeleniumExtras.WaitHelpers.ExpectedConditions.<>c__DisplayClass19_0.<ElementToBeClickable>b__0(IWebDriver driver)\n   at OpenQA.Selenium.Support.UI.DefaultWait`1.Until[TResult](Func`2 condition, CancellationToken token)","flaky":false,"newFailed":false,"newBroken":true,"newPassed":false,"retriesCount":0,"retriesStatusChange":false,"beforeStages":[],"testStage":{"status":"broken","statusMessage":"System.Reflection.TargetInvocationException : Exception has been thrown by the target of an invocation.\n  ----> OpenQA.Selenium.WebDriverTimeoutException : Timed out after 30 seconds\n  ----> OpenQA.Selenium.NoSuchElementException : no such element: Unable to locate element: {\"method\":\"xpath\",\"selector\":\"//div[contains(@class,'items-center q-ml-sm') and contains(text(),'Пучеглазов Антон')]\"}\n  (Session info: chrome=132.0.6834.83); For documentation on this error, please visit: https://www.selenium.dev/documentation/webdriver/troubleshooting/errors#no-such-element-exception","statusTrace":"   at System.Reflection.MethodBaseInvoker.InvokeWithManyArgs(Object obj, BindingFlags invokeAttr, Binder binder, Object[] parameters, CultureInfo culture)\n   at Allure.Net.Commons.Steps.AllureStepAspectBase.Around(String name, Object[] args, Func`2 target, MethodBase metadata, Type returnType)\n   at OdinUiTests.Pages.ChatCommonPage.__a$_around_OpenTaskChatWithName_100666262_w_0(Object[])\n   at OdinUiTests.Pages.ChatCommonPage.OpenTaskChatWithName(String chatName, String studentName)\n   at OdinUiTests.Tests.Chat.TaskMiniChatTests.SetUp() in /azp/_work/1/s/Tests/Chat/MiniChatTests.cs:line 375\n   at InvokeStub_TaskMiniChatTests.SetUp(Object, Object, IntPtr*)\n   at System.Reflection.MethodBaseInvoker.InvokeWithNoArgs(Object obj, BindingFlags invokeAttr)\n--WebDriverTimeoutException\n   at OpenQA.Selenium.Support.UI.DefaultWait`1.ThrowTimeoutException(String exceptionMessage, Exception lastException)\n   at OpenQA.Selenium.Support.UI.DefaultWait`1.Until[TResult](Func`2 condition, CancellationToken token)\n   at OpenQA.Selenium.Support.UI.DefaultWait`1.Until[TResult](Func`2 condition)\n   at OdinUiTests.Pages.ChatCommonPage.__a$_around_OpenTaskChatWithName_100666262_o(String chatName, String studentName) in /azp/_work/1/s/Pages/ChatCommonPage.cs:line 225\n   at OdinUiTests.Pages.ChatCommonPage.__a$_around_OpenTaskChatWithName_100666262_u(Object[])\n   at Allure.Net.Commons.Steps.AllureAbstractStepAspect.WrapSync[T](Func`2 target, Object[] args, MethodBase metadata, String stepName, List`1 stepParameters)\n   at InvokeStub_AllureAbstractStepAspect.WrapSync(Object, Span`1)\n   at System.Reflection.MethodBaseInvoker.InvokeWithManyArgs(Object obj, BindingFlags invokeAttr, Binder binder, Object[] parameters, CultureInfo culture)\n--NoSuchElementException\n   at OpenQA.Selenium.WebDriver.UnpackAndThrowOnError(Response errorResponse, String commandToExecute)\n   at OpenQA.Selenium.WebDriver.ExecuteAsync(String driverCommandToExecute, Dictionary`2 parameters)\n   at SeleniumExtras.WaitHelpers.ExpectedConditions.<>c__DisplayClass19_0.<ElementToBeClickable>b__0(IWebDriver driver)\n   at OpenQA.Selenium.Support.UI.DefaultWait`1.Until[TResult](Func`2 condition, CancellationToken token)","steps":[{"name":"Открыть страницу Дашборда","time":{"start":1753147014945,"stop":1753147016568,"duration":1623},"status":"passed","steps":[],"attachments":[],"parameters":[],"stepsCount":0,"attachmentsCount":0,"shouldDisplayMessage":false,"hasContent":false},{"name":"Нажать на кнопку 'Чат' для открытия миничата, если миничат еще не открыт","time":{"start":1753147016568,"stop":1753147023148,"duration":6580},"status":"passed","steps":[],"attachments":[],"parameters":[],"stepsCount":0,"attachmentsCount":0,"shouldDisplayMessage":false,"hasContent":false},{"name":"В панели чатов найти дисциплину по названию и открыть его","time":{"start":1753147023148,"stop":1753147035356,"duration":12208},"status":"passed","steps":[],"attachments":[],"parameters":[{"name":"chatName","value":"\"Основы ООП\""}],"stepsCount":0,"attachmentsCount":0,"shouldDisplayMessage":false,"hasContent":true},{"name":"Нажать на выпадающий список комнат","time":{"start":1753147035356,"stop":1753147036445,"duration":1089},"status":"passed","steps":[],"attachments":[],"parameters":[],"stepsCount":0,"attachmentsCount":0,"shouldDisplayMessage":false,"hasContent":false},{"name":"Открыть решения и выбрать чат студента по названию","time":{"start":1753147036445,"stop":1753147068674,"duration":32229},"status":"broken","statusMessage":"Timed out after 30 seconds","statusTrace":"OpenQA.Selenium.WebDriverTimeoutException: Timed out after 30 seconds\n ---> OpenQA.Selenium.NoSuchElementException: no such element: Unable to locate element: {\"method\":\"xpath\",\"selector\":\"//div[contains(@class,'items-center q-ml-sm') and contains(text(),'Пучеглазов Антон')]\"}\n  (Session info: chrome=132.0.6834.83); For documentation on this error, please visit: https://www.selenium.dev/documentation/webdriver/troubleshooting/errors#no-such-element-exception\n   at OpenQA.Selenium.WebDriver.UnpackAndThrowOnError(Response errorResponse, String commandToExecute)\n   at OpenQA.Selenium.WebDriver.ExecuteAsync(String driverCommandToExecute, Dictionary`2 parameters)\n   at SeleniumExtras.WaitHelpers.ExpectedConditions.<>c__DisplayClass19_0.<ElementToBeClickable>b__0(IWebDriver driver)\n   at OpenQA.Selenium.Support.UI.DefaultWait`1.Until[TResult](Func`2 condition, CancellationToken token)\n   --- End of inner exception stack trace ---\n   at OpenQA.Selenium.Support.UI.DefaultWait`1.ThrowTimeoutException(String exceptionMessage, Exception lastException)\n   at OpenQA.Selenium.Support.UI.DefaultWait`1.Until[TResult](Func`2 condition, CancellationToken token)\n   at OpenQA.Selenium.Support.UI.DefaultWait`1.Until[TResult](Func`2 condition)\n   at OdinUiTests.Pages.ChatCommonPage.__a$_around_OpenTaskChatWithName_100666262_o(String chatName, String studentName) in /azp/_work/1/s/Pages/ChatCommonPage.cs:line 225\n   at OdinUiTests.Pages.ChatCommonPage.__a$_around_OpenTaskChatWithName_100666262_u(Object[])\n   at Allure.Net.Commons.Steps.AllureAbstractStepAspect.WrapSync[T](Func`2 target, Object[] args, MethodBase metadata, String stepName, List`1 stepParameters)","steps":[],"attachments":[],"parameters":[{"name":"chatName","value":"\"Test задание\""},{"name":"studentName","value":"\"Пучеглазов Антон\""}],"stepsCount":0,"attachmentsCount":0,"shouldDisplayMessage":true,"hasContent":true}],"attachments":[{"uid":"5aae3e9fb33d32fd","name":"CheckAddQuoteToLastMessageInTaskMiniChat.jpg","source":"5aae3e9fb33d32fd.jpg","type":"image/jpeg","size":951344},{"uid":"7fb12a5816386229","name":"Console Output","source":"7fb12a5816386229.txt","type":"text/plain","size":29}],"parameters":[],"stepsCount":5,"attachmentsCount":2,"shouldDisplayMessage":true,"hasContent":true},"afterStages":[],"labels":[{"name":"thread","value":"NUnit.Fw.ParallelWorker#6"},{"name":"host","value":"729fdeebefa1"},{"name":"language","value":"C#"},{"name":"framework","value":"NUnit 3"},{"name":"package","value":"OdinUiTests.Tests.Chat"},{"name":"testMethod","value":"CheckAddQuoteToLastMessageInTaskMiniChat"},{"name":"testClass","value":"TaskMiniChatTests"},{"name":"suite","value":"Чат"},{"name":"subSuite","value":"Миничат обсуждение решения"},{"name":"severity","value":"critical"},{"name":"tag","value":"Чат"},{"name":"tag","value":"Регресс"},{"name":"resultFormat","value":"allure2"}],"parameters":[],"links":[],"hidden":false,"retry":false,"extra":{"severity":"critical","retries":[],"categories":[{"name":"Test defects","matchedStatuses":[],"flaky":false}],"history":{"statistic":{"failed":0,"broken":2,"skipped":0,"passed":51,"unknown":0,"total":53},"items":[{"uid":"a433ec1ee9ed216a","status":"passed","time":{"start":1741890264641,"stop":1741890303725,"duration":39084}},{"uid":"1d07c38ccf7f7946","status":"passed","time":{"start":1741155548233,"stop":1741155582644,"duration":34411}},{"uid":"fb40d2bd01c478fd","status":"passed","time":{"start":1741140216751,"stop":1741140269765,"duration":53014}},{"uid":"c694c3d8de81bcc7","status":"passed","time":{"start":1737612876353,"stop":1737612917760,"duration":41407}},{"uid":"904c5fc47d7cae6a","status":"passed","time":{"start":1737567004460,"stop":1737567043275,"duration":38815}},{"uid":"76b6fcd74cdc57fd","status":"passed","time":{"start":1736951188260,"stop":1736951212157,"duration":23897}},{"uid":"991ee222d6bc2aed","status":"passed","time":{"start":1732117925366,"stop":1732117935574,"duration":10208}},{"uid":"e4fe694397ace17b","status":"passed","time":{"start":1732033694499,"stop":1732033704561,"duration":10062}},{"uid":"3a70adbea46df2a0","status":"passed","statusDetails":"Можно цитировать сообщение в миничате обсуждении решения","time":{"start":1728640226267,"stop":1728640235201,"duration":8934}},{"uid":"f9be8c42d1eb5c9c","status":"passed","statusDetails":"Можно цитировать сообщение в миничате обсуждении решения","time":{"start":1727715652898,"stop":1727715661432,"duration":8534}},{"uid":"3312b3cbb9161d3a","status":"passed","statusDetails":"Можно цитировать сообщение в миничате обсуждении решения","time":{"start":1727353119389,"stop":1727353126826,"duration":7437}},{"uid":"17b562bf833e094a","status":"passed","statusDetails":"Можно цитировать сообщение в миничате обсуждении решения","time":{"start":1727072694251,"stop":1727072702407,"duration":8156}},{"uid":"87f9c80fc8b33ed1","status":"passed","statusDetails":"Можно цитировать сообщение в миничате обсуждении решения","time":{"start":1726128344434,"stop":1726128357720,"duration":13286}},{"uid":"9e3008e0c425fe3c","status":"broken","statusDetails":"OpenQA.Selenium.WebDriverTimeoutException : Timed out after 30 seconds\n  ----> OpenQA.Selenium.NoSuchElementException : no such element: Unable to locate element: {\"method\":\"css selector\",\"selector\":\".ellipsis\\-3\\-lines\"}\n  (Session info: chrome-headless-shell=126.0.6478.126); For documentation on this error, please visit: https://www.selenium.dev/documentation/webdriver/troubleshooting/errors#no-such-element-exception","time":{"start":1725342940925,"stop":1725342974964,"duration":34039}},{"uid":"dc8c1ce007dae9cc","status":"passed","statusDetails":"Можно цитировать сообщение в миничате обсуждении решения","time":{"start":1722214180276,"stop":1722214187568,"duration":7292}},{"uid":"aaad2278aadccb5a","status":"passed","statusDetails":"Можно цитировать сообщение в миничате обсуждении решения","time":{"start":1721977420326,"stop":1721977429358,"duration":9032}},{"uid":"872b194fe9e44280","status":"passed","statusDetails":"Можно цитировать сообщение в миничате обсуждении решения","time":{"start":1721975142847,"stop":1721975152792,"duration":9945}},{"uid":"af6aecc8dfb65211","status":"passed","statusDetails":"Можно цитировать сообщение в миничате обсуждении решения","time":{"start":1721816101311,"stop":1721816110233,"duration":8922}},{"uid":"532aee63a17fbd73","status":"passed","statusDetails":"Можно цитировать сообщение в миничате обсуждении решения","time":{"start":1720574473215,"stop":1720574481458,"duration":8243}},{"uid":"f23968b0ea3da5e3","status":"passed","statusDetails":"Можно цитировать сообщение в миничате обсуждении решения","time":{"start":1718784782857,"stop":1718784793640,"duration":10783}}]},"tags":["Регресс","Чат"]},"source":"a7efa5a697f2f92b.json","parameterValues":[]}