{"uid":"a8e6f5b7c888b1a4","name":"Конструктор теста: можно добавить вопрос с типом ответа “Выбор из вариантов”","fullName":"OdinUiTests:OdinUiTests.Tests.Library.TestAddingQuestionsTests.CheckAddMultipleChoiceTestQuestion()","historyId":"e24a0ead241c9fd200ab793a08d61786","time":{"start":1759804482803,"stop":1759804536580,"duration":53777},"status":"broken","statusMessage":"System.Reflection.TargetInvocationException : Exception has been thrown by the target of an invocation.\n  ----> System.Reflection.TargetInvocationException : Exception has been thrown by the target of an invocation.\n  ----> OpenQA.Selenium.WebDriverTimeoutException : Timed out after 30 seconds\n  ----> OpenQA.Selenium.NoSuchElementException : no such element: Unable to locate element: {\"method\":\"xpath\",\"selector\":\"//div[contains(text(),'Сохраняем')]\"}\n  (Session info: chrome=140.0.7339.127); For documentation on this error, please visit: https://www.selenium.dev/documentation/webdriver/troubleshooting/errors#no-such-element-exception","statusTrace":"   at System.Reflection.MethodBaseInvoker.InvokeWithManyArgs(Object obj, BindingFlags invokeAttr, Binder binder, Object[] parameters, CultureInfo culture)\n   at Allure.Net.Commons.Steps.AllureStepAspectBase.Around(String name, Object[] args, Func`2 target, MethodBase metadata, Type returnType)\n   at OdinUiTests.Pages.TestCommonEditPage.__a$_around_AddQuestion_100667169_w_0(Object[])\n   at OdinUiTests.Pages.TestCommonEditPage.AddQuestion()\n   at OdinUiTests.Tests.Library.TestCreateEditCommon.AddQuestionWithCheckAnswers(IWebDriver driver, String id, Int32 numOfAnswer) in /azp/_work/1/s/Tests/Library/TestCreateEditCommon.cs:line 364\n   at OdinUiTests.Tests.Library.TestAddingQuestionsTests.CheckAddMultipleChoiceTestQuestion() in /azp/_work/1/s/Tests/Library/TestCreateEditTests.cs:line 342\n   at System.RuntimeMethodHandle.InvokeMethod(Object target, Void** arguments, Signature sig, Boolean isConstructor)\n   at System.Reflection.MethodBaseInvoker.InvokeWithNoArgs(Object obj, BindingFlags invokeAttr)\n--TargetInvocationException\n   at System.Reflection.MethodBaseInvoker.InvokeWithManyArgs(Object obj, BindingFlags invokeAttr, Binder binder, Object[] parameters, CultureInfo culture)\n   at Allure.Net.Commons.Steps.AllureStepAspectBase.Around(String name, Object[] args, Func`2 target, MethodBase metadata, Type returnType)\n   at OdinUiTests.Pages.TestCommonEditPage.__a$_around_SaveChanges_100667155_w_0(Object[])\n   at OdinUiTests.Pages.TestCommonEditPage.SaveChanges()\n   at OdinUiTests.Pages.TestCommonEditPage.__a$_around_AddQuestion_100667169_o() in /azp/_work/1/s/Pages/TestCommonEditPage.cs:line 264\n   at OdinUiTests.Pages.TestCommonEditPage.__a$_around_AddQuestion_100667169_u(Object[])\n   at Allure.Net.Commons.Steps.AllureAbstractStepAspect.WrapSync[T](Func`2 target, Object[] args, MethodBase metadata, String stepName, List`1 stepParameters)\n   at InvokeStub_AllureAbstractStepAspect.WrapSync(Object, Span`1)\n   at System.Reflection.MethodBaseInvoker.InvokeWithManyArgs(Object obj, BindingFlags invokeAttr, Binder binder, Object[] parameters, CultureInfo culture)\n--WebDriverTimeoutException\n   at OpenQA.Selenium.Support.UI.DefaultWait`1.ThrowTimeoutException(String exceptionMessage, Exception lastException)\n   at OpenQA.Selenium.Support.UI.DefaultWait`1.Until[TResult](Func`2 condition, CancellationToken token)\n   at OpenQA.Selenium.Support.UI.DefaultWait`1.Until[TResult](Func`2 condition)\n   at OdinUiTests.Pages.TestCommonEditPage.__a$_around_SaveChanges_100667155_o() in /azp/_work/1/s/Pages/TestCommonEditPage.cs:line 104\n   at OdinUiTests.Pages.TestCommonEditPage.__a$_around_SaveChanges_100667155_u(Object[])\n   at Allure.Net.Commons.Steps.AllureAbstractStepAspect.WrapSync[T](Func`2 target, Object[] args, MethodBase metadata, String stepName, List`1 stepParameters)\n   at InvokeStub_AllureAbstractStepAspect.WrapSync(Object, Span`1)\n   at System.Reflection.MethodBaseInvoker.InvokeWithManyArgs(Object obj, BindingFlags invokeAttr, Binder binder, Object[] parameters, CultureInfo culture)\n--NoSuchElementException\n   at OpenQA.Selenium.WebDriver.UnpackAndThrowOnError(Response errorResponse, String commandToExecute)\n   at OpenQA.Selenium.WebDriver.ExecuteAsync(String driverCommandToExecute, Dictionary`2 parameters)\n   at OpenQA.Selenium.WebDriver.Execute(String driverCommandToExecute, Dictionary`2 parameters)\n   at OpenQA.Selenium.WebDriver.FindElement(String mechanism, String value)\n   at SeleniumExtras.WaitHelpers.ExpectedConditions.<>c__DisplayClass7_0.<ElementIsVisible>b__0(IWebDriver driver)\n   at OpenQA.Selenium.Support.UI.DefaultWait`1.Until[TResult](Func`2 condition, CancellationToken token)","flaky":false,"newFailed":false,"newBroken":false,"newPassed":false,"retriesCount":0,"retriesStatusChange":false,"beforeStages":[],"testStage":{"status":"broken","statusMessage":"System.Reflection.TargetInvocationException : Exception has been thrown by the target of an invocation.\n  ----> System.Reflection.TargetInvocationException : Exception has been thrown by the target of an invocation.\n  ----> OpenQA.Selenium.WebDriverTimeoutException : Timed out after 30 seconds\n  ----> OpenQA.Selenium.NoSuchElementException : no such element: Unable to locate element: {\"method\":\"xpath\",\"selector\":\"//div[contains(text(),'Сохраняем')]\"}\n  (Session info: chrome=140.0.7339.127); For documentation on this error, please visit: https://www.selenium.dev/documentation/webdriver/troubleshooting/errors#no-such-element-exception","statusTrace":"   at System.Reflection.MethodBaseInvoker.InvokeWithManyArgs(Object obj, BindingFlags invokeAttr, Binder binder, Object[] parameters, CultureInfo culture)\n   at Allure.Net.Commons.Steps.AllureStepAspectBase.Around(String name, Object[] args, Func`2 target, MethodBase metadata, Type returnType)\n   at OdinUiTests.Pages.TestCommonEditPage.__a$_around_AddQuestion_100667169_w_0(Object[])\n   at OdinUiTests.Pages.TestCommonEditPage.AddQuestion()\n   at OdinUiTests.Tests.Library.TestCreateEditCommon.AddQuestionWithCheckAnswers(IWebDriver driver, String id, Int32 numOfAnswer) in /azp/_work/1/s/Tests/Library/TestCreateEditCommon.cs:line 364\n   at OdinUiTests.Tests.Library.TestAddingQuestionsTests.CheckAddMultipleChoiceTestQuestion() in /azp/_work/1/s/Tests/Library/TestCreateEditTests.cs:line 342\n   at System.RuntimeMethodHandle.InvokeMethod(Object target, Void** arguments, Signature sig, Boolean isConstructor)\n   at System.Reflection.MethodBaseInvoker.InvokeWithNoArgs(Object obj, BindingFlags invokeAttr)\n--TargetInvocationException\n   at System.Reflection.MethodBaseInvoker.InvokeWithManyArgs(Object obj, BindingFlags invokeAttr, Binder binder, Object[] parameters, CultureInfo culture)\n   at Allure.Net.Commons.Steps.AllureStepAspectBase.Around(String name, Object[] args, Func`2 target, MethodBase metadata, Type returnType)\n   at OdinUiTests.Pages.TestCommonEditPage.__a$_around_SaveChanges_100667155_w_0(Object[])\n   at OdinUiTests.Pages.TestCommonEditPage.SaveChanges()\n   at OdinUiTests.Pages.TestCommonEditPage.__a$_around_AddQuestion_100667169_o() in /azp/_work/1/s/Pages/TestCommonEditPage.cs:line 264\n   at OdinUiTests.Pages.TestCommonEditPage.__a$_around_AddQuestion_100667169_u(Object[])\n   at Allure.Net.Commons.Steps.AllureAbstractStepAspect.WrapSync[T](Func`2 target, Object[] args, MethodBase metadata, String stepName, List`1 stepParameters)\n   at InvokeStub_AllureAbstractStepAspect.WrapSync(Object, Span`1)\n   at System.Reflection.MethodBaseInvoker.InvokeWithManyArgs(Object obj, BindingFlags invokeAttr, Binder binder, Object[] parameters, CultureInfo culture)\n--WebDriverTimeoutException\n   at OpenQA.Selenium.Support.UI.DefaultWait`1.ThrowTimeoutException(String exceptionMessage, Exception lastException)\n   at OpenQA.Selenium.Support.UI.DefaultWait`1.Until[TResult](Func`2 condition, CancellationToken token)\n   at OpenQA.Selenium.Support.UI.DefaultWait`1.Until[TResult](Func`2 condition)\n   at OdinUiTests.Pages.TestCommonEditPage.__a$_around_SaveChanges_100667155_o() in /azp/_work/1/s/Pages/TestCommonEditPage.cs:line 104\n   at OdinUiTests.Pages.TestCommonEditPage.__a$_around_SaveChanges_100667155_u(Object[])\n   at Allure.Net.Commons.Steps.AllureAbstractStepAspect.WrapSync[T](Func`2 target, Object[] args, MethodBase metadata, String stepName, List`1 stepParameters)\n   at InvokeStub_AllureAbstractStepAspect.WrapSync(Object, Span`1)\n   at System.Reflection.MethodBaseInvoker.InvokeWithManyArgs(Object obj, BindingFlags invokeAttr, Binder binder, Object[] parameters, CultureInfo culture)\n--NoSuchElementException\n   at OpenQA.Selenium.WebDriver.UnpackAndThrowOnError(Response errorResponse, String commandToExecute)\n   at OpenQA.Selenium.WebDriver.ExecuteAsync(String driverCommandToExecute, Dictionary`2 parameters)\n   at OpenQA.Selenium.WebDriver.Execute(String driverCommandToExecute, Dictionary`2 parameters)\n   at OpenQA.Selenium.WebDriver.FindElement(String mechanism, String value)\n   at SeleniumExtras.WaitHelpers.ExpectedConditions.<>c__DisplayClass7_0.<ElementIsVisible>b__0(IWebDriver driver)\n   at OpenQA.Selenium.Support.UI.DefaultWait`1.Until[TResult](Func`2 condition, CancellationToken token)","steps":[{"name":"Открыть страницу материала","time":{"start":1759804482860,"stop":1759804484790,"duration":1930},"status":"passed","steps":[],"attachments":[],"parameters":[{"name":"id","value":"\"20\""}],"stepsCount":0,"attachmentsCount":0,"shouldDisplayMessage":false,"hasContent":true},{"name":"Нажать на кнопку “Редактировать”","time":{"start":1759804493979,"stop":1759804496861,"duration":2882},"status":"passed","steps":[],"attachments":[],"parameters":[],"stepsCount":0,"attachmentsCount":0,"shouldDisplayMessage":false,"hasContent":false},{"name":"Нажать на кнопку “Добавить еще вопрос”","time":{"start":1759804496862,"stop":1759804536093,"duration":39231},"status":"broken","statusMessage":"Exception has been thrown by the target of an invocation.","statusTrace":"System.Reflection.TargetInvocationException: Exception has been thrown by the target of an invocation.\n ---> OpenQA.Selenium.WebDriverTimeoutException: Timed out after 30 seconds\n ---> OpenQA.Selenium.NoSuchElementException: no such element: Unable to locate element: {\"method\":\"xpath\",\"selector\":\"//div[contains(text(),'Сохраняем')]\"}\n  (Session info: chrome=140.0.7339.127); For documentation on this error, please visit: https://www.selenium.dev/documentation/webdriver/troubleshooting/errors#no-such-element-exception\n   at OpenQA.Selenium.WebDriver.UnpackAndThrowOnError(Response errorResponse, String commandToExecute)\n   at OpenQA.Selenium.WebDriver.ExecuteAsync(String driverCommandToExecute, Dictionary`2 parameters)\n   at OpenQA.Selenium.WebDriver.Execute(String driverCommandToExecute, Dictionary`2 parameters)\n   at OpenQA.Selenium.WebDriver.FindElement(String mechanism, String value)\n   at SeleniumExtras.WaitHelpers.ExpectedConditions.<>c__DisplayClass7_0.<ElementIsVisible>b__0(IWebDriver driver)\n   at OpenQA.Selenium.Support.UI.DefaultWait`1.Until[TResult](Func`2 condition, CancellationToken token)\n   --- End of inner exception stack trace ---\n   at OpenQA.Selenium.Support.UI.DefaultWait`1.ThrowTimeoutException(String exceptionMessage, Exception lastException)\n   at OpenQA.Selenium.Support.UI.DefaultWait`1.Until[TResult](Func`2 condition, CancellationToken token)\n   at OpenQA.Selenium.Support.UI.DefaultWait`1.Until[TResult](Func`2 condition)\n   at OdinUiTests.Pages.TestCommonEditPage.__a$_around_SaveChanges_100667155_o() in /azp/_work/1/s/Pages/TestCommonEditPage.cs:line 104\n   at OdinUiTests.Pages.TestCommonEditPage.__a$_around_SaveChanges_100667155_u(Object[])\n   at Allure.Net.Commons.Steps.AllureAbstractStepAspect.WrapSync[T](Func`2 target, Object[] args, MethodBase metadata, String stepName, List`1 stepParameters)\n   at InvokeStub_AllureAbstractStepAspect.WrapSync(Object, Span`1)\n   at System.Reflection.MethodBaseInvoker.InvokeWithManyArgs(Object obj, BindingFlags invokeAttr, Binder binder, Object[] parameters, CultureInfo culture)\n   --- End of inner exception stack trace ---\n   at System.Reflection.MethodBaseInvoker.InvokeWithManyArgs(Object obj, BindingFlags invokeAttr, Binder binder, Object[] parameters, CultureInfo culture)\n   at Allure.Net.Commons.Steps.AllureStepAspectBase.Around(String name, Object[] args, Func`2 target, MethodBase metadata, Type returnType)\n   at OdinUiTests.Pages.TestCommonEditPage.__a$_around_SaveChanges_100667155_w_0(Object[])\n   at OdinUiTests.Pages.TestCommonEditPage.SaveChanges()\n   at OdinUiTests.Pages.TestCommonEditPage.__a$_around_AddQuestion_100667169_o() in /azp/_work/1/s/Pages/TestCommonEditPage.cs:line 264\n   at OdinUiTests.Pages.TestCommonEditPage.__a$_around_AddQuestion_100667169_u(Object[])\n   at Allure.Net.Commons.Steps.AllureAbstractStepAspect.WrapSync[T](Func`2 target, Object[] args, MethodBase metadata, String stepName, List`1 stepParameters)","steps":[{"name":"Подождать пока появится слово “Сохранено”","time":{"start":1759804505599,"stop":1759804536092,"duration":30493},"status":"broken","statusMessage":"Timed out after 30 seconds","statusTrace":"OpenQA.Selenium.WebDriverTimeoutException: Timed out after 30 seconds\n ---> OpenQA.Selenium.NoSuchElementException: no such element: Unable to locate element: {\"method\":\"xpath\",\"selector\":\"//div[contains(text(),'Сохраняем')]\"}\n  (Session info: chrome=140.0.7339.127); For documentation on this error, please visit: https://www.selenium.dev/documentation/webdriver/troubleshooting/errors#no-such-element-exception\n   at OpenQA.Selenium.WebDriver.UnpackAndThrowOnError(Response errorResponse, String commandToExecute)\n   at OpenQA.Selenium.WebDriver.ExecuteAsync(String driverCommandToExecute, Dictionary`2 parameters)\n   at OpenQA.Selenium.WebDriver.Execute(String driverCommandToExecute, Dictionary`2 parameters)\n   at OpenQA.Selenium.WebDriver.FindElement(String mechanism, String value)\n   at SeleniumExtras.WaitHelpers.ExpectedConditions.<>c__DisplayClass7_0.<ElementIsVisible>b__0(IWebDriver driver)\n   at OpenQA.Selenium.Support.UI.DefaultWait`1.Until[TResult](Func`2 condition, CancellationToken token)\n   --- End of inner exception stack trace ---\n   at OpenQA.Selenium.Support.UI.DefaultWait`1.ThrowTimeoutException(String exceptionMessage, Exception lastException)\n   at OpenQA.Selenium.Support.UI.DefaultWait`1.Until[TResult](Func`2 condition, CancellationToken token)\n   at OpenQA.Selenium.Support.UI.DefaultWait`1.Until[TResult](Func`2 condition)\n   at OdinUiTests.Pages.TestCommonEditPage.__a$_around_SaveChanges_100667155_o() in /azp/_work/1/s/Pages/TestCommonEditPage.cs:line 104\n   at OdinUiTests.Pages.TestCommonEditPage.__a$_around_SaveChanges_100667155_u(Object[])\n   at Allure.Net.Commons.Steps.AllureAbstractStepAspect.WrapSync[T](Func`2 target, Object[] args, MethodBase metadata, String stepName, List`1 stepParameters)","steps":[],"attachments":[],"parameters":[],"stepsCount":0,"attachmentsCount":0,"shouldDisplayMessage":true,"hasContent":true}],"attachments":[],"parameters":[],"stepsCount":1,"attachmentsCount":0,"shouldDisplayMessage":true,"hasContent":true}],"attachments":[{"uid":"78e46ba7a55a2c4f","name":"CheckAddMultipleChoiceTestQuestion.jpg","source":"78e46ba7a55a2c4f.jpg","type":"image/jpeg","size":86735},{"uid":"e49be52fa35862ad","name":"Console Output","source":"e49be52fa35862ad.txt","type":"text/plain","size":42}],"parameters":[],"stepsCount":4,"attachmentsCount":2,"shouldDisplayMessage":true,"hasContent":true},"afterStages":[],"labels":[{"name":"thread","value":"NUnit.Fw.ParallelWorker#3"},{"name":"host","value":"4eda8f0237bd"},{"name":"language","value":"C#"},{"name":"framework","value":"NUnit 3"},{"name":"package","value":"OdinUiTests.Tests.Library"},{"name":"testMethod","value":"CheckAddMultipleChoiceTestQuestion"},{"name":"testClass","value":"TestAddingQuestionsTests"},{"name":"suite","value":"Материал"},{"name":"subSuite","value":"Конструктор теста"},{"name":"severity","value":"critical"},{"name":"tag","value":"Материал"},{"name":"tag","value":"Дежурство"},{"name":"tag","value":"Регресс"},{"name":"resultFormat","value":"allure2"}],"parameters":[],"links":[],"hidden":true,"retry":true,"extra":{"categories":[],"tags":["Регресс","Дежурство","Материал"]},"source":"a8e6f5b7c888b1a4.json","parameterValues":[]}