{"uid":"b26fbce444b9bab0","name":"Преподаватель может изменить комментарий к ответу, если была отмечена галка Отображать студентам подробную информацию о результатах","fullName":"OdinUiTests:OdinUiTests.Tests.Activity.TestActivityResultTests.CheckTeacherCanLeaveCommentOnAnswer(System.String)","historyId":"3561ad66560ffb8cdcc91cdee71b17d3","time":{"start":1740539865152,"stop":1740539897214,"duration":32062},"status":"broken","statusMessage":"System.Reflection.TargetInvocationException : Exception has been thrown by the target of an invocation.\n  ----> OpenQA.Selenium.WebDriverTimeoutException : Timed out after 30 seconds\n  ----> OpenQA.Selenium.NoSuchElementException : no such element: Unable to locate element: {\"method\":\"css selector\",\"selector\":\"[id*='expand']\"}\n  (Session info: chrome=132.0.6834.83); For documentation on this error, please visit: https://www.selenium.dev/documentation/webdriver/troubleshooting/errors#no-such-element-exception","statusTrace":"   at System.Reflection.MethodBaseInvoker.InvokeWithManyArgs(Object obj, BindingFlags invokeAttr, Binder binder, Object[] parameters, CultureInfo culture)\n   at Allure.Net.Commons.Steps.AllureStepAspectBase.Around(String name, Object[] args, Func`2 target, MethodBase metadata, Type returnType)\n   at OdinUiTests.Pages.ActivityCommonPage.__a$_around_ClickOnStudentAttempt_100666062_w_0(Object[])\n   at OdinUiTests.Pages.ActivityCommonPage.ClickOnStudentAttempt()\n   at OdinUiTests.Tests.Activity.TestActivityResultTests.CheckTeacherCanLeaveCommentOnAnswer(String operation) in /azp/_work/2/s/Tests/Activity/TestActivityTests.cs:line 487\n   at InvokeStub_TestActivityResultTests.CheckTeacherCanLeaveCommentOnAnswer(Object, Span`1)\n   at System.Reflection.MethodBaseInvoker.InvokeWithOneArg(Object obj, BindingFlags invokeAttr, Binder binder, Object[] parameters, CultureInfo culture)\n--WebDriverTimeoutException\n   at OpenQA.Selenium.Support.UI.DefaultWait`1.ThrowTimeoutException(String exceptionMessage, Exception lastException)\n   at OpenQA.Selenium.Support.UI.DefaultWait`1.Until[TResult](Func`2 condition, CancellationToken token)\n   at OpenQA.Selenium.Support.UI.DefaultWait`1.Until[TResult](Func`2 condition)\n   at OdinUiTests.Pages.ActivityCommonPage.__a$_around_ClickOnStudentAttempt_100666062_o() in /azp/_work/2/s/Pages/ActivityCommonPage.cs:line 324\n   at OdinUiTests.Pages.ActivityCommonPage.__a$_around_ClickOnStudentAttempt_100666062_u(Object[])\n   at Allure.Net.Commons.Steps.AllureAbstractStepAspect.WrapSync[T](Func`2 target, Object[] args, MethodBase metadata, String stepName, List`1 stepParameters)\n   at InvokeStub_AllureAbstractStepAspect.WrapSync(Object, Span`1)\n   at System.Reflection.MethodBaseInvoker.InvokeWithManyArgs(Object obj, BindingFlags invokeAttr, Binder binder, Object[] parameters, CultureInfo culture)\n--NoSuchElementException\n   at OpenQA.Selenium.WebDriver.UnpackAndThrowOnError(Response errorResponse, String commandToExecute)\n   at OpenQA.Selenium.WebDriver.ExecuteAsync(String driverCommandToExecute, Dictionary`2 parameters)\n   at SeleniumExtras.WaitHelpers.ExpectedConditions.<>c__DisplayClass19_0.<ElementToBeClickable>b__0(IWebDriver driver)\n   at OpenQA.Selenium.Support.UI.DefaultWait`1.Until[TResult](Func`2 condition, CancellationToken token)","flaky":false,"newFailed":false,"newBroken":false,"newPassed":false,"retriesCount":1,"retriesStatusChange":false,"beforeStages":[],"testStage":{"status":"broken","statusMessage":"System.Reflection.TargetInvocationException : Exception has been thrown by the target of an invocation.\n  ----> OpenQA.Selenium.WebDriverTimeoutException : Timed out after 30 seconds\n  ----> OpenQA.Selenium.NoSuchElementException : no such element: Unable to locate element: {\"method\":\"css selector\",\"selector\":\"[id*='expand']\"}\n  (Session info: chrome=132.0.6834.83); For documentation on this error, please visit: https://www.selenium.dev/documentation/webdriver/troubleshooting/errors#no-such-element-exception","statusTrace":"   at System.Reflection.MethodBaseInvoker.InvokeWithManyArgs(Object obj, BindingFlags invokeAttr, Binder binder, Object[] parameters, CultureInfo culture)\n   at Allure.Net.Commons.Steps.AllureStepAspectBase.Around(String name, Object[] args, Func`2 target, MethodBase metadata, Type returnType)\n   at OdinUiTests.Pages.ActivityCommonPage.__a$_around_ClickOnStudentAttempt_100666062_w_0(Object[])\n   at OdinUiTests.Pages.ActivityCommonPage.ClickOnStudentAttempt()\n   at OdinUiTests.Tests.Activity.TestActivityResultTests.CheckTeacherCanLeaveCommentOnAnswer(String operation) in /azp/_work/2/s/Tests/Activity/TestActivityTests.cs:line 487\n   at InvokeStub_TestActivityResultTests.CheckTeacherCanLeaveCommentOnAnswer(Object, Span`1)\n   at System.Reflection.MethodBaseInvoker.InvokeWithOneArg(Object obj, BindingFlags invokeAttr, Binder binder, Object[] parameters, CultureInfo culture)\n--WebDriverTimeoutException\n   at OpenQA.Selenium.Support.UI.DefaultWait`1.ThrowTimeoutException(String exceptionMessage, Exception lastException)\n   at OpenQA.Selenium.Support.UI.DefaultWait`1.Until[TResult](Func`2 condition, CancellationToken token)\n   at OpenQA.Selenium.Support.UI.DefaultWait`1.Until[TResult](Func`2 condition)\n   at OdinUiTests.Pages.ActivityCommonPage.__a$_around_ClickOnStudentAttempt_100666062_o() in /azp/_work/2/s/Pages/ActivityCommonPage.cs:line 324\n   at OdinUiTests.Pages.ActivityCommonPage.__a$_around_ClickOnStudentAttempt_100666062_u(Object[])\n   at Allure.Net.Commons.Steps.AllureAbstractStepAspect.WrapSync[T](Func`2 target, Object[] args, MethodBase metadata, String stepName, List`1 stepParameters)\n   at InvokeStub_AllureAbstractStepAspect.WrapSync(Object, Span`1)\n   at System.Reflection.MethodBaseInvoker.InvokeWithManyArgs(Object obj, BindingFlags invokeAttr, Binder binder, Object[] parameters, CultureInfo culture)\n--NoSuchElementException\n   at OpenQA.Selenium.WebDriver.UnpackAndThrowOnError(Response errorResponse, String commandToExecute)\n   at OpenQA.Selenium.WebDriver.ExecuteAsync(String driverCommandToExecute, Dictionary`2 parameters)\n   at SeleniumExtras.WaitHelpers.ExpectedConditions.<>c__DisplayClass19_0.<ElementToBeClickable>b__0(IWebDriver driver)\n   at OpenQA.Selenium.Support.UI.DefaultWait`1.Until[TResult](Func`2 condition, CancellationToken token)","steps":[{"name":"Открыть страницу активности","time":{"start":1740539865169,"stop":1740539865481,"duration":312},"status":"passed","steps":[],"attachments":[],"parameters":[{"name":"activityId","value":"\"225\""}],"stepsCount":0,"attachmentsCount":0,"shouldDisplayMessage":false,"hasContent":true},{"name":"Нажать на попытку прохождения теста","time":{"start":1740539865481,"stop":1740539896625,"duration":31144},"status":"broken","statusMessage":"Timed out after 30 seconds","statusTrace":"OpenQA.Selenium.WebDriverTimeoutException: Timed out after 30 seconds\n ---> OpenQA.Selenium.NoSuchElementException: no such element: Unable to locate element: {\"method\":\"css selector\",\"selector\":\"[id*='expand']\"}\n  (Session info: chrome=132.0.6834.83); For documentation on this error, please visit: https://www.selenium.dev/documentation/webdriver/troubleshooting/errors#no-such-element-exception\n   at OpenQA.Selenium.WebDriver.UnpackAndThrowOnError(Response errorResponse, String commandToExecute)\n   at OpenQA.Selenium.WebDriver.ExecuteAsync(String driverCommandToExecute, Dictionary`2 parameters)\n   at SeleniumExtras.WaitHelpers.ExpectedConditions.<>c__DisplayClass19_0.<ElementToBeClickable>b__0(IWebDriver driver)\n   at OpenQA.Selenium.Support.UI.DefaultWait`1.Until[TResult](Func`2 condition, CancellationToken token)\n   --- End of inner exception stack trace ---\n   at OpenQA.Selenium.Support.UI.DefaultWait`1.ThrowTimeoutException(String exceptionMessage, Exception lastException)\n   at OpenQA.Selenium.Support.UI.DefaultWait`1.Until[TResult](Func`2 condition, CancellationToken token)\n   at OpenQA.Selenium.Support.UI.DefaultWait`1.Until[TResult](Func`2 condition)\n   at OdinUiTests.Pages.ActivityCommonPage.__a$_around_ClickOnStudentAttempt_100666062_o() in /azp/_work/2/s/Pages/ActivityCommonPage.cs:line 324\n   at OdinUiTests.Pages.ActivityCommonPage.__a$_around_ClickOnStudentAttempt_100666062_u(Object[])\n   at Allure.Net.Commons.Steps.AllureAbstractStepAspect.WrapSync[T](Func`2 target, Object[] args, MethodBase metadata, String stepName, List`1 stepParameters)","steps":[],"attachments":[],"parameters":[],"stepsCount":0,"attachmentsCount":0,"shouldDisplayMessage":true,"hasContent":true}],"attachments":[{"uid":"3184245f054611a4","name":"CheckTeacherCanLeaveCommentOnAnswer.jpg","source":"3184245f054611a4.jpg","type":"image/jpeg","size":224810},{"uid":"d04b9b65d0d2abce","name":"Console Output","source":"d04b9b65d0d2abce.txt","type":"text/plain","size":46}],"parameters":[],"stepsCount":2,"attachmentsCount":2,"shouldDisplayMessage":true,"hasContent":true},"afterStages":[],"labels":[{"name":"thread","value":"NUnit.Fw.ParallelWorker#6"},{"name":"host","value":"7631391289e3"},{"name":"language","value":"C#"},{"name":"framework","value":"NUnit 3"},{"name":"package","value":"OdinUiTests.Tests.Activity"},{"name":"testMethod","value":"CheckTeacherCanLeaveCommentOnAnswer"},{"name":"testClass","value":"TestActivityResultTests"},{"name":"parentSuite","value":"Активность"},{"name":"suite","value":"Контрольная"},{"name":"subSuite","value":"Результат прохождения теста"},{"name":"severity","value":"critical"},{"name":"tag","value":"Активность"},{"name":"tag","value":"Дежурство"},{"name":"tag","value":"Регресс"},{"name":"resultFormat","value":"allure2"}],"parameters":[{"name":"operation","value":"\"change\""}],"links":[],"hidden":false,"retry":false,"extra":{"severity":"critical","retries":[{"uid":"f43c69693a7aa0dd","status":"broken","statusDetails":"System.Reflection.TargetInvocationException : Exception has been thrown by the target of an invocation.\n  ----> OpenQA.Selenium.WebDriverTimeoutException : Timed out after 30 seconds\n  ----> OpenQA.Selenium.NoSuchElementException : no such element: Unable to locate element: {\"method\":\"css selector\",\"selector\":\"[id*='expand']\"}\n  (Session info: chrome=132.0.6834.83); For documentation on this error, please visit: https://www.selenium.dev/documentation/webdriver/troubleshooting/errors#no-such-element-exception","time":{"start":1740539009661,"stop":1740539057116,"duration":47455}}],"categories":[{"name":"Test defects","matchedStatuses":[],"flaky":false}],"history":{"statistic":{"failed":2,"broken":2,"skipped":0,"passed":102,"unknown":0,"total":106},"items":[{"uid":"4c6281e3ecce344c","status":"broken","statusDetails":"System.Reflection.TargetInvocationException : Exception has been thrown by the target of an invocation.\n  ----> OpenQA.Selenium.WebDriverTimeoutException : Timed out after 30 seconds\n  ----> OpenQA.Selenium.NoSuchElementException : no such element: Unable to locate element: {\"method\":\"css selector\",\"selector\":\"[id*='expand']\"}\n  (Session info: chrome=132.0.6834.83); For documentation on this error, please visit: https://www.selenium.dev/documentation/webdriver/troubleshooting/errors#no-such-element-exception","time":{"start":1740533942810,"stop":1740533975148,"duration":32338}},{"uid":"41ec7e037e379e17","status":"passed","time":{"start":1740120432254,"stop":1740120477837,"duration":45583}},{"uid":"98a4251dd99d2fc5","status":"passed","time":{"start":1739341345723,"stop":1739341385438,"duration":39715}},{"uid":"fd40902d7a63b143","status":"passed","time":{"start":1737611864467,"stop":1737611897962,"duration":33495}},{"uid":"c1162aa14641231c","status":"passed","time":{"start":1737566064759,"stop":1737566098868,"duration":34109}},{"uid":"5f34ec0b68b4a9ae","status":"passed","time":{"start":1737524481418,"stop":1737524511133,"duration":29715}},{"uid":"2ecc24f80bca4714","status":"passed","time":{"start":1736950564161,"stop":1736950583055,"duration":18894}},{"uid":"c01e8940396d63b7","status":"passed","time":{"start":1736922832070,"stop":1736922859475,"duration":27405}},{"uid":"154863cf6d627aed","status":"passed","time":{"start":1736922832070,"stop":1736922859475,"duration":27405}},{"uid":"a0a30b4297acff46","status":"passed","time":{"start":1735130229745,"stop":1735130239064,"duration":9319}},{"uid":"679d0e98d75b1359","status":"passed","time":{"start":1732693082440,"stop":1732693091643,"duration":9203}},{"uid":"44fbe5cc9eada19a","status":"passed","time":{"start":1732117641104,"stop":1732117652902,"duration":11798}},{"uid":"9fac4407316842c1","status":"passed","time":{"start":1732033364239,"stop":1732033375379,"duration":11140}},{"uid":"e5522fd2aacdc97f","status":"passed","time":{"start":1731945728271,"stop":1731945738244,"duration":9973}},{"uid":"5aefc321cbe97930","status":"passed","time":{"start":1729836955265,"stop":1729836964253,"duration":8988}},{"uid":"c6da4911c1c3461e","status":"passed","time":{"start":1729747354582,"stop":1729747366877,"duration":12295}},{"uid":"4ac2222460a92cd9","status":"passed","time":{"start":1729672093766,"stop":1729672104278,"duration":10512}},{"uid":"469cf04473e24a4e","status":"passed","time":{"start":1729611479426,"stop":1729611487732,"duration":8306}},{"uid":"86dff102b59ee079","status":"passed","time":{"start":1729577984645,"stop":1729577993712,"duration":9067}},{"uid":"48a7f7a87d57af67","status":"passed","statusDetails":"Преподаватель может изменить комментарий к ответу, если была отмечена галка Отображать студентам подробную информацию о результатах","time":{"start":1729228725986,"stop":1729228736324,"duration":10338}}]},"tags":["Регресс","Дежурство","Активность"]},"source":"b26fbce444b9bab0.json","parameterValues":["\"change\""]}