{"uid":"b83d657dfe4a7c1b","name":"Можно удалять материалы","fullName":"OdinUiTests:OdinUiTests.Tests.Activity.ActivityAddingTests.CheckRemoveMaterialActivity()","historyId":"f74f9d24ae7264ffbd37c047bbb01f91","time":{"start":1744639577010,"stop":1744639624446,"duration":47436},"status":"broken","statusMessage":"System.Reflection.TargetInvocationException : Exception has been thrown by the target of an invocation.\n  ----> OpenQA.Selenium.WebDriverTimeoutException : Timed out after 30 seconds\n  ----> OpenQA.Selenium.NoSuchElementException : no such element: Unable to locate element: {\"method\":\"xpath\",\"selector\":\"//div[contains(@class,'content-block__materials')]//i[text()='delete']\"}\n  (Session info: chrome=132.0.6834.83); For documentation on this error, please visit: https://www.selenium.dev/documentation/webdriver/troubleshooting/errors#no-such-element-exception","statusTrace":"   at System.Reflection.MethodBaseInvoker.InvokeWithManyArgs(Object obj, BindingFlags invokeAttr, Binder binder, Object[] parameters, CultureInfo culture)\n   at Allure.Net.Commons.Steps.AllureStepAspectBase.Around(String name, Object[] args, Func`2 target, MethodBase metadata, Type returnType)\n   at OdinUiTests.Pages.ActivityCommonEditPage.__a$_around_ClickOnDeleteMaterialButton_100665985_w_0(Object[])\n   at OdinUiTests.Pages.ActivityCommonEditPage.ClickOnDeleteMaterialButton()\n   at OdinUiTests.Tests.Activity.ActivityCommon.RemoveMaterial(IWebDriver driver, Boolean isTemplate, String id) in /azp/_work/2/s/Tests/Activity/ActivityCommon.cs:line 492\n   at OdinUiTests.Tests.Activity.ActivityCommon.RemoveMaterialFromActivity(IWebDriver driver, String activityId) in /azp/_work/2/s/Tests/Activity/ActivityCommon.cs:line 503\n   at OdinUiTests.Tests.Activity.ActivityAddingTests.CheckRemoveMaterialActivity() in /azp/_work/2/s/Tests/Activity/ActivityTests.cs:line 396\n   at System.RuntimeMethodHandle.InvokeMethod(Object target, Void** arguments, Signature sig, Boolean isConstructor)\n   at System.Reflection.MethodBaseInvoker.InvokeWithNoArgs(Object obj, BindingFlags invokeAttr)\n--WebDriverTimeoutException\n   at OpenQA.Selenium.Support.UI.DefaultWait`1.ThrowTimeoutException(String exceptionMessage, Exception lastException)\n   at OpenQA.Selenium.Support.UI.DefaultWait`1.Until[TResult](Func`2 condition, CancellationToken token)\n   at OpenQA.Selenium.Support.UI.DefaultWait`1.Until[TResult](Func`2 condition)\n   at OdinUiTests.Pages.ActivityCommonEditPage.__a$_around_ClickOnDeleteMaterialButton_100665985_o() in /azp/_work/2/s/Pages/ActivityCommonEditPage.cs:line 442\n   at OdinUiTests.Pages.ActivityCommonEditPage.__a$_around_ClickOnDeleteMaterialButton_100665985_u(Object[])\n   at Allure.Net.Commons.Steps.AllureAbstractStepAspect.WrapSync[T](Func`2 target, Object[] args, MethodBase metadata, String stepName, List`1 stepParameters)\n   at InvokeStub_AllureAbstractStepAspect.WrapSync(Object, Span`1)\n   at System.Reflection.MethodBaseInvoker.InvokeWithManyArgs(Object obj, BindingFlags invokeAttr, Binder binder, Object[] parameters, CultureInfo culture)\n--NoSuchElementException\n   at OpenQA.Selenium.WebDriver.UnpackAndThrowOnError(Response errorResponse, String commandToExecute)\n   at OpenQA.Selenium.WebDriver.ExecuteAsync(String driverCommandToExecute, Dictionary`2 parameters)\n   at SeleniumExtras.WaitHelpers.ExpectedConditions.<>c__DisplayClass19_0.<ElementToBeClickable>b__0(IWebDriver driver)\n   at OpenQA.Selenium.Support.UI.DefaultWait`1.Until[TResult](Func`2 condition, CancellationToken token)","flaky":false,"newFailed":false,"newBroken":true,"newPassed":false,"retriesCount":1,"retriesStatusChange":false,"beforeStages":[],"testStage":{"status":"broken","statusMessage":"System.Reflection.TargetInvocationException : Exception has been thrown by the target of an invocation.\n  ----> OpenQA.Selenium.WebDriverTimeoutException : Timed out after 30 seconds\n  ----> OpenQA.Selenium.NoSuchElementException : no such element: Unable to locate element: {\"method\":\"xpath\",\"selector\":\"//div[contains(@class,'content-block__materials')]//i[text()='delete']\"}\n  (Session info: chrome=132.0.6834.83); For documentation on this error, please visit: https://www.selenium.dev/documentation/webdriver/troubleshooting/errors#no-such-element-exception","statusTrace":"   at System.Reflection.MethodBaseInvoker.InvokeWithManyArgs(Object obj, BindingFlags invokeAttr, Binder binder, Object[] parameters, CultureInfo culture)\n   at Allure.Net.Commons.Steps.AllureStepAspectBase.Around(String name, Object[] args, Func`2 target, MethodBase metadata, Type returnType)\n   at OdinUiTests.Pages.ActivityCommonEditPage.__a$_around_ClickOnDeleteMaterialButton_100665985_w_0(Object[])\n   at OdinUiTests.Pages.ActivityCommonEditPage.ClickOnDeleteMaterialButton()\n   at OdinUiTests.Tests.Activity.ActivityCommon.RemoveMaterial(IWebDriver driver, Boolean isTemplate, String id) in /azp/_work/2/s/Tests/Activity/ActivityCommon.cs:line 492\n   at OdinUiTests.Tests.Activity.ActivityCommon.RemoveMaterialFromActivity(IWebDriver driver, String activityId) in /azp/_work/2/s/Tests/Activity/ActivityCommon.cs:line 503\n   at OdinUiTests.Tests.Activity.ActivityAddingTests.CheckRemoveMaterialActivity() in /azp/_work/2/s/Tests/Activity/ActivityTests.cs:line 396\n   at System.RuntimeMethodHandle.InvokeMethod(Object target, Void** arguments, Signature sig, Boolean isConstructor)\n   at System.Reflection.MethodBaseInvoker.InvokeWithNoArgs(Object obj, BindingFlags invokeAttr)\n--WebDriverTimeoutException\n   at OpenQA.Selenium.Support.UI.DefaultWait`1.ThrowTimeoutException(String exceptionMessage, Exception lastException)\n   at OpenQA.Selenium.Support.UI.DefaultWait`1.Until[TResult](Func`2 condition, CancellationToken token)\n   at OpenQA.Selenium.Support.UI.DefaultWait`1.Until[TResult](Func`2 condition)\n   at OdinUiTests.Pages.ActivityCommonEditPage.__a$_around_ClickOnDeleteMaterialButton_100665985_o() in /azp/_work/2/s/Pages/ActivityCommonEditPage.cs:line 442\n   at OdinUiTests.Pages.ActivityCommonEditPage.__a$_around_ClickOnDeleteMaterialButton_100665985_u(Object[])\n   at Allure.Net.Commons.Steps.AllureAbstractStepAspect.WrapSync[T](Func`2 target, Object[] args, MethodBase metadata, String stepName, List`1 stepParameters)\n   at InvokeStub_AllureAbstractStepAspect.WrapSync(Object, Span`1)\n   at System.Reflection.MethodBaseInvoker.InvokeWithManyArgs(Object obj, BindingFlags invokeAttr, Binder binder, Object[] parameters, CultureInfo culture)\n--NoSuchElementException\n   at OpenQA.Selenium.WebDriver.UnpackAndThrowOnError(Response errorResponse, String commandToExecute)\n   at OpenQA.Selenium.WebDriver.ExecuteAsync(String driverCommandToExecute, Dictionary`2 parameters)\n   at SeleniumExtras.WaitHelpers.ExpectedConditions.<>c__DisplayClass19_0.<ElementToBeClickable>b__0(IWebDriver driver)\n   at OpenQA.Selenium.Support.UI.DefaultWait`1.Until[TResult](Func`2 condition, CancellationToken token)","steps":[{"name":"Открыть страницу активности/шаблона активности","time":{"start":1744639583367,"stop":1744639583687,"duration":320},"status":"passed","steps":[{"name":"Открыть страницу активности","time":{"start":1744639583367,"stop":1744639583687,"duration":320},"status":"passed","steps":[],"attachments":[],"parameters":[{"name":"activityId","value":"\"57\""}],"stepsCount":0,"attachmentsCount":0,"shouldDisplayMessage":false,"hasContent":true}],"attachments":[],"parameters":[{"name":"isTemplate","value":"false"},{"name":"id","value":"\"57\""}],"stepsCount":1,"attachmentsCount":0,"shouldDisplayMessage":false,"hasContent":true},{"name":"Нажать на кнопку 'Редактировать'","time":{"start":1744639591344,"stop":1744639593263,"duration":1919},"status":"passed","steps":[],"attachments":[],"parameters":[],"stepsCount":0,"attachmentsCount":0,"shouldDisplayMessage":false,"hasContent":false},{"name":"Нажать на кнопку удаления материала","time":{"start":1744639593264,"stop":1744639623743,"duration":30479},"status":"broken","statusMessage":"Timed out after 30 seconds","statusTrace":"OpenQA.Selenium.WebDriverTimeoutException: Timed out after 30 seconds\n ---> OpenQA.Selenium.NoSuchElementException: no such element: Unable to locate element: {\"method\":\"xpath\",\"selector\":\"//div[contains(@class,'content-block__materials')]//i[text()='delete']\"}\n  (Session info: chrome=132.0.6834.83); For documentation on this error, please visit: https://www.selenium.dev/documentation/webdriver/troubleshooting/errors#no-such-element-exception\n   at OpenQA.Selenium.WebDriver.UnpackAndThrowOnError(Response errorResponse, String commandToExecute)\n   at OpenQA.Selenium.WebDriver.ExecuteAsync(String driverCommandToExecute, Dictionary`2 parameters)\n   at SeleniumExtras.WaitHelpers.ExpectedConditions.<>c__DisplayClass19_0.<ElementToBeClickable>b__0(IWebDriver driver)\n   at OpenQA.Selenium.Support.UI.DefaultWait`1.Until[TResult](Func`2 condition, CancellationToken token)\n   --- End of inner exception stack trace ---\n   at OpenQA.Selenium.Support.UI.DefaultWait`1.ThrowTimeoutException(String exceptionMessage, Exception lastException)\n   at OpenQA.Selenium.Support.UI.DefaultWait`1.Until[TResult](Func`2 condition, CancellationToken token)\n   at OpenQA.Selenium.Support.UI.DefaultWait`1.Until[TResult](Func`2 condition)\n   at OdinUiTests.Pages.ActivityCommonEditPage.__a$_around_ClickOnDeleteMaterialButton_100665985_o() in /azp/_work/2/s/Pages/ActivityCommonEditPage.cs:line 442\n   at OdinUiTests.Pages.ActivityCommonEditPage.__a$_around_ClickOnDeleteMaterialButton_100665985_u(Object[])\n   at Allure.Net.Commons.Steps.AllureAbstractStepAspect.WrapSync[T](Func`2 target, Object[] args, MethodBase metadata, String stepName, List`1 stepParameters)","steps":[],"attachments":[],"parameters":[],"stepsCount":0,"attachmentsCount":0,"shouldDisplayMessage":true,"hasContent":true}],"attachments":[{"uid":"2413759c705b1ff5","name":"CheckRemoveMaterialActivity.jpg","source":"2413759c705b1ff5.jpg","type":"image/jpeg","size":231127},{"uid":"edab3c125d5482de","name":"Console Output","source":"edab3c125d5482de.txt","type":"text/plain","size":46}],"parameters":[],"stepsCount":4,"attachmentsCount":2,"shouldDisplayMessage":true,"hasContent":true},"afterStages":[],"labels":[{"name":"thread","value":"NUnit.Fw.ParallelWorker#6"},{"name":"host","value":"18be674a4d97"},{"name":"language","value":"C#"},{"name":"framework","value":"NUnit 3"},{"name":"package","value":"OdinUiTests.Tests.Activity"},{"name":"testMethod","value":"CheckRemoveMaterialActivity"},{"name":"testClass","value":"ActivityAddingTests"},{"name":"parentSuite","value":"Активность"},{"name":"suite","value":"Обычная активность"},{"name":"subSuite","value":"Редактирование активности"},{"name":"severity","value":"critical"},{"name":"tag","value":"Активность"},{"name":"tag","value":"Дежурство"},{"name":"tag","value":"Регресс"},{"name":"resultFormat","value":"allure2"}],"parameters":[],"links":[],"hidden":false,"retry":false,"extra":{"severity":"critical","retries":[{"uid":"3bd80ae3cc2b2e45","status":"broken","statusDetails":"System.Reflection.TargetInvocationException : Exception has been thrown by the target of an invocation.\n  ----> OpenQA.Selenium.WebDriverTimeoutException : Timed out after 30 seconds\n  ----> OpenQA.Selenium.NoSuchElementException : no such element: Unable to locate element: {\"method\":\"xpath\",\"selector\":\"//div[contains(@class,'content-block__materials')]//i[text()='delete']\"}\n  (Session info: chrome=132.0.6834.83); For documentation on this error, please visit: https://www.selenium.dev/documentation/webdriver/troubleshooting/errors#no-such-element-exception","time":{"start":1744637638760,"stop":1744637690544,"duration":51784}}],"categories":[{"name":"Test defects","matchedStatuses":[],"flaky":false}],"history":{"statistic":{"failed":4,"broken":1,"skipped":0,"passed":108,"unknown":0,"total":113},"items":[{"uid":"91d754a3df5821de","status":"passed","time":{"start":1743657793648,"stop":1743657833141,"duration":39493}},{"uid":"ff7134be82c1f8b9","status":"passed","time":{"start":1743057107044,"stop":1743057138551,"duration":31507}},{"uid":"73e7aadab9000dd3","status":"passed","time":{"start":1741889142631,"stop":1741889187633,"duration":45002}},{"uid":"d1cac84f68b1dd35","status":"passed","time":{"start":1741849493740,"stop":1741849535260,"duration":41520}},{"uid":"fe61bff3e5e39d84","status":"passed","time":{"start":1741235909185,"stop":1741235939694,"duration":30509}},{"uid":"4c235bce5cd38042","status":"passed","time":{"start":1741138793961,"stop":1741138829854,"duration":35893}},{"uid":"53b183931b689db2","status":"passed","time":{"start":1740538749324,"stop":1740538792043,"duration":42719}},{"uid":"deeb3e8b4ea959ce","status":"passed","time":{"start":1740533258073,"stop":1740533281776,"duration":23703}},{"uid":"89203a907ee532","status":"passed","time":{"start":1740120149446,"stop":1740120193144,"duration":43698}},{"uid":"26fb6e7372927199","status":"passed","time":{"start":1739341133811,"stop":1739341167821,"duration":34010}},{"uid":"d30a1eb187419b69","status":"passed","time":{"start":1737611652358,"stop":1737611683251,"duration":30893}},{"uid":"25af108d94a4d144","status":"passed","time":{"start":1737565824771,"stop":1737565859063,"duration":34292}},{"uid":"5013154e65a633fc","status":"passed","time":{"start":1737524295710,"stop":1737524322312,"duration":26602}},{"uid":"719ae7c4e7519a70","status":"passed","time":{"start":1736950450558,"stop":1736950473461,"duration":22903}},{"uid":"c6b8137f34252058","status":"passed","time":{"start":1736922686373,"stop":1736922711770,"duration":25397}},{"uid":"5041a9a43f284ba3","status":"passed","time":{"start":1736922686373,"stop":1736922711770,"duration":25397}},{"uid":"86525d33bb4163f8","status":"passed","time":{"start":1735130198926,"stop":1735130213145,"duration":14219}},{"uid":"4a411b7e427fd50d","status":"passed","time":{"start":1732693032398,"stop":1732693047903,"duration":15505}},{"uid":"33f9564392883fac","status":"passed","time":{"start":1732117598471,"stop":1732117617394,"duration":18923}},{"uid":"2dbcb6b095d6ecab","status":"passed","time":{"start":1732033342772,"stop":1732033395242,"duration":52470}}]},"tags":["Регресс","Дежурство","Активность"]},"source":"b83d657dfe4a7c1b.json","parameterValues":[]}