{"uid":"dbe4f075439bec24","name":"Можно найти отправленное сообщение в миничате группового звонка","fullName":"OdinUiTests:OdinUiTests.Tests.Chat.GroupChatCallTests.CheckFindSentMessageInGroupCallChat()","historyId":"771491a59c165ce3959fdd8c551a9b05","time":{"start":1753146560457,"stop":1753146604759,"duration":44302},"status":"broken","statusMessage":"System.Reflection.TargetInvocationException : Exception has been thrown by the target of an invocation.\n  ----> OpenQA.Selenium.WebDriverTimeoutException : Timed out after 30 seconds\n  ----> OpenQA.Selenium.NoSuchElementException : no such element: Unable to locate element: {\"method\":\"css selector\",\"selector\":\"#openCloseChatBtn\"}\n  (Session info: chrome=132.0.6834.83); For documentation on this error, please visit: https://www.selenium.dev/documentation/webdriver/troubleshooting/errors#no-such-element-exception","statusTrace":"   at System.Reflection.MethodBaseInvoker.InvokeWithManyArgs(Object obj, BindingFlags invokeAttr, Binder binder, Object[] parameters, CultureInfo culture)\n   at Allure.Net.Commons.Steps.AllureStepAspectBase.Around(String name, Object[] args, Func`2 target, MethodBase metadata, Type returnType)\n   at OdinUiTests.Pages.CallPage.__a$_around_ClickOnChatButton_100666247_w_0(Object[])\n   at OdinUiTests.Pages.CallPage.ClickOnChatButton()\n   at OdinUiTests.Tests.Chat.GroupChatCallTests.SetUp() in /azp/_work/1/s/Tests/Chat/CallChatTests.cs:line 243\n   at InvokeStub_GroupChatCallTests.SetUp(Object, Object, IntPtr*)\n   at System.Reflection.MethodBaseInvoker.InvokeWithNoArgs(Object obj, BindingFlags invokeAttr)\n--WebDriverTimeoutException\n   at OpenQA.Selenium.Support.UI.DefaultWait`1.ThrowTimeoutException(String exceptionMessage, Exception lastException)\n   at OpenQA.Selenium.Support.UI.DefaultWait`1.Until[TResult](Func`2 condition, CancellationToken token)\n   at OpenQA.Selenium.Support.UI.DefaultWait`1.Until[TResult](Func`2 condition)\n   at OdinUiTests.Pages.CallPage.__a$_around_ClickOnChatButton_100666247_o() in /azp/_work/1/s/Pages/CallPage.cs:line 104\n   at OdinUiTests.Pages.CallPage.__a$_around_ClickOnChatButton_100666247_u(Object[])\n   at Allure.Net.Commons.Steps.AllureAbstractStepAspect.WrapSync[T](Func`2 target, Object[] args, MethodBase metadata, String stepName, List`1 stepParameters)\n   at InvokeStub_AllureAbstractStepAspect.WrapSync(Object, Span`1)\n   at System.Reflection.MethodBaseInvoker.InvokeWithManyArgs(Object obj, BindingFlags invokeAttr, Binder binder, Object[] parameters, CultureInfo culture)\n--NoSuchElementException\n   at OpenQA.Selenium.WebDriver.UnpackAndThrowOnError(Response errorResponse, String commandToExecute)\n   at OpenQA.Selenium.WebDriver.ExecuteAsync(String driverCommandToExecute, Dictionary`2 parameters)\n   at SeleniumExtras.WaitHelpers.ExpectedConditions.<>c__DisplayClass19_0.<ElementToBeClickable>b__0(IWebDriver driver)\n   at OpenQA.Selenium.Support.UI.DefaultWait`1.Until[TResult](Func`2 condition, CancellationToken token)","flaky":false,"newFailed":false,"newBroken":true,"newPassed":false,"retriesCount":0,"retriesStatusChange":false,"beforeStages":[],"testStage":{"status":"broken","statusMessage":"System.Reflection.TargetInvocationException : Exception has been thrown by the target of an invocation.\n  ----> OpenQA.Selenium.WebDriverTimeoutException : Timed out after 30 seconds\n  ----> OpenQA.Selenium.NoSuchElementException : no such element: Unable to locate element: {\"method\":\"css selector\",\"selector\":\"#openCloseChatBtn\"}\n  (Session info: chrome=132.0.6834.83); For documentation on this error, please visit: https://www.selenium.dev/documentation/webdriver/troubleshooting/errors#no-such-element-exception","statusTrace":"   at System.Reflection.MethodBaseInvoker.InvokeWithManyArgs(Object obj, BindingFlags invokeAttr, Binder binder, Object[] parameters, CultureInfo culture)\n   at Allure.Net.Commons.Steps.AllureStepAspectBase.Around(String name, Object[] args, Func`2 target, MethodBase metadata, Type returnType)\n   at OdinUiTests.Pages.CallPage.__a$_around_ClickOnChatButton_100666247_w_0(Object[])\n   at OdinUiTests.Pages.CallPage.ClickOnChatButton()\n   at OdinUiTests.Tests.Chat.GroupChatCallTests.SetUp() in /azp/_work/1/s/Tests/Chat/CallChatTests.cs:line 243\n   at InvokeStub_GroupChatCallTests.SetUp(Object, Object, IntPtr*)\n   at System.Reflection.MethodBaseInvoker.InvokeWithNoArgs(Object obj, BindingFlags invokeAttr)\n--WebDriverTimeoutException\n   at OpenQA.Selenium.Support.UI.DefaultWait`1.ThrowTimeoutException(String exceptionMessage, Exception lastException)\n   at OpenQA.Selenium.Support.UI.DefaultWait`1.Until[TResult](Func`2 condition, CancellationToken token)\n   at OpenQA.Selenium.Support.UI.DefaultWait`1.Until[TResult](Func`2 condition)\n   at OdinUiTests.Pages.CallPage.__a$_around_ClickOnChatButton_100666247_o() in /azp/_work/1/s/Pages/CallPage.cs:line 104\n   at OdinUiTests.Pages.CallPage.__a$_around_ClickOnChatButton_100666247_u(Object[])\n   at Allure.Net.Commons.Steps.AllureAbstractStepAspect.WrapSync[T](Func`2 target, Object[] args, MethodBase metadata, String stepName, List`1 stepParameters)\n   at InvokeStub_AllureAbstractStepAspect.WrapSync(Object, Span`1)\n   at System.Reflection.MethodBaseInvoker.InvokeWithManyArgs(Object obj, BindingFlags invokeAttr, Binder binder, Object[] parameters, CultureInfo culture)\n--NoSuchElementException\n   at OpenQA.Selenium.WebDriver.UnpackAndThrowOnError(Response errorResponse, String commandToExecute)\n   at OpenQA.Selenium.WebDriver.ExecuteAsync(String driverCommandToExecute, Dictionary`2 parameters)\n   at SeleniumExtras.WaitHelpers.ExpectedConditions.<>c__DisplayClass19_0.<ElementToBeClickable>b__0(IWebDriver driver)\n   at OpenQA.Selenium.Support.UI.DefaultWait`1.Until[TResult](Func`2 condition, CancellationToken token)","steps":[{"name":"Открыть страницу звонка по id чата","time":{"start":1753146560458,"stop":1753146562357,"duration":1899},"status":"passed","steps":[],"attachments":[],"parameters":[{"name":"chatId","value":"\"3577\""}],"stepsCount":0,"attachmentsCount":0,"shouldDisplayMessage":false,"hasContent":true},{"name":"Нажать на кнопку 'Присоединиться' в предбаннике","time":{"start":1753146562357,"stop":1753146571249,"duration":8892},"status":"passed","steps":[],"attachments":[],"parameters":[],"stepsCount":0,"attachmentsCount":0,"shouldDisplayMessage":false,"hasContent":false},{"name":"Нажать на кнопку чата в звонке","time":{"start":1753146571249,"stop":1753146601746,"duration":30497},"status":"broken","statusMessage":"Timed out after 30 seconds","statusTrace":"OpenQA.Selenium.WebDriverTimeoutException: Timed out after 30 seconds\n ---> OpenQA.Selenium.NoSuchElementException: no such element: Unable to locate element: {\"method\":\"css selector\",\"selector\":\"#openCloseChatBtn\"}\n  (Session info: chrome=132.0.6834.83); For documentation on this error, please visit: https://www.selenium.dev/documentation/webdriver/troubleshooting/errors#no-such-element-exception\n   at OpenQA.Selenium.WebDriver.UnpackAndThrowOnError(Response errorResponse, String commandToExecute)\n   at OpenQA.Selenium.WebDriver.ExecuteAsync(String driverCommandToExecute, Dictionary`2 parameters)\n   at SeleniumExtras.WaitHelpers.ExpectedConditions.<>c__DisplayClass19_0.<ElementToBeClickable>b__0(IWebDriver driver)\n   at OpenQA.Selenium.Support.UI.DefaultWait`1.Until[TResult](Func`2 condition, CancellationToken token)\n   --- End of inner exception stack trace ---\n   at OpenQA.Selenium.Support.UI.DefaultWait`1.ThrowTimeoutException(String exceptionMessage, Exception lastException)\n   at OpenQA.Selenium.Support.UI.DefaultWait`1.Until[TResult](Func`2 condition, CancellationToken token)\n   at OpenQA.Selenium.Support.UI.DefaultWait`1.Until[TResult](Func`2 condition)\n   at OdinUiTests.Pages.CallPage.__a$_around_ClickOnChatButton_100666247_o() in /azp/_work/1/s/Pages/CallPage.cs:line 104\n   at OdinUiTests.Pages.CallPage.__a$_around_ClickOnChatButton_100666247_u(Object[])\n   at Allure.Net.Commons.Steps.AllureAbstractStepAspect.WrapSync[T](Func`2 target, Object[] args, MethodBase metadata, String stepName, List`1 stepParameters)","steps":[],"attachments":[],"parameters":[],"stepsCount":0,"attachmentsCount":0,"shouldDisplayMessage":true,"hasContent":true}],"attachments":[{"uid":"a78f641293e347b5","name":"CheckFindSentMessageInGroupCallChat.jpg","source":"a78f641293e347b5.jpg","type":"image/jpeg","size":28179},{"uid":"d45213db9d10dca8","name":"Console Output","source":"d45213db9d10dca8.txt","type":"text/plain","size":44}],"parameters":[],"stepsCount":3,"attachmentsCount":2,"shouldDisplayMessage":true,"hasContent":true},"afterStages":[],"labels":[{"name":"thread","value":"NUnit.Fw.ParallelWorker#3"},{"name":"host","value":"729fdeebefa1"},{"name":"language","value":"C#"},{"name":"framework","value":"NUnit 3"},{"name":"package","value":"OdinUiTests.Tests.Chat"},{"name":"testMethod","value":"CheckFindSentMessageInGroupCallChat"},{"name":"testClass","value":"GroupChatCallTests"},{"name":"suite","value":"Чат"},{"name":"subSuite","value":"Миничат группового звонка"},{"name":"severity","value":"normal"},{"name":"tag","value":"Чат"},{"name":"tag","value":"Регресс"},{"name":"resultFormat","value":"allure2"}],"parameters":[],"links":[],"hidden":false,"retry":false,"extra":{"severity":"normal","retries":[],"categories":[{"name":"Test defects","matchedStatuses":[],"flaky":false}],"history":{"statistic":{"failed":3,"broken":1,"skipped":0,"passed":49,"unknown":0,"total":53},"items":[{"uid":"3422b42153f079f4","status":"passed","time":{"start":1741889776536,"stop":1741889804740,"duration":28204}},{"uid":"80e557c91ec25f7a","status":"passed","time":{"start":1741155070526,"stop":1741155100443,"duration":29917}},{"uid":"d36227c7ba5e9e1f","status":"passed","time":{"start":1741139578268,"stop":1741139620857,"duration":42589}},{"uid":"fd7c18dfd6858b6e","status":"passed","time":{"start":1737612312860,"stop":1737612343150,"duration":30290}},{"uid":"f571dbaeea33362a","status":"passed","time":{"start":1737566520168,"stop":1737566548473,"duration":28305}},{"uid":"cd4ee7f6ed8d9d72","status":"passed","time":{"start":1736952283557,"stop":1736952299949,"duration":16392}},{"uid":"4cbb8fd0372d7bda","status":"passed","time":{"start":1732117780242,"stop":1732117789197,"duration":8955}},{"uid":"1661036ac5b2f2b3","status":"passed","time":{"start":1732033534245,"stop":1732033543305,"duration":9060}},{"uid":"99670d62b92838ef","status":"passed","statusDetails":"Можно найти отправленное сообщение в миничате группового звонка","time":{"start":1728640069128,"stop":1728640079410,"duration":10282}},{"uid":"fffb1b68da1f08bf","status":"passed","statusDetails":"Можно найти отправленное сообщение в миничате группового звонка","time":{"start":1727715630592,"stop":1727715640013,"duration":9421}},{"uid":"e4d3d9c5543b3f1b","status":"passed","statusDetails":"Можно найти отправленное сообщение в миничате группового звонка","time":{"start":1727352962142,"stop":1727352970487,"duration":8345}},{"uid":"49074b1a93ff8261","status":"passed","statusDetails":"Можно найти отправленное сообщение в миничате группового звонка","time":{"start":1727072558008,"stop":1727072566166,"duration":8158}},{"uid":"e43b473075576f6e","status":"passed","statusDetails":"Можно найти отправленное сообщение в миничате группового звонка","time":{"start":1726128191267,"stop":1726128201904,"duration":10637}},{"uid":"b9404903b594fccc","status":"passed","time":{"start":1725342764448,"stop":1725342774165,"duration":9717}},{"uid":"50f26487ed971c73","status":"passed","statusDetails":"Можно найти отправленное сообщение в миничате группового звонка","time":{"start":1722214063162,"stop":1722214070607,"duration":7445}},{"uid":"d778ff443672ee84","status":"passed","statusDetails":"Можно найти отправленное сообщение в миничате группового звонка","time":{"start":1721977285687,"stop":1721977295802,"duration":10115}},{"uid":"e9f58b6fe915bc36","status":"passed","statusDetails":"Можно найти отправленное сообщение в миничате группового звонка","time":{"start":1721974981109,"stop":1721975001278,"duration":20169}},{"uid":"19358fd34dc89642","status":"passed","statusDetails":"Можно найти отправленное сообщение в миничате группового звонка","time":{"start":1721815938492,"stop":1721815953252,"duration":14760}},{"uid":"bd5584942d995850","status":"passed","statusDetails":"Можно найти отправленное сообщение в миничате группового звонка","time":{"start":1720574354704,"stop":1720574362518,"duration":7814}},{"uid":"ef081ff111a65095","status":"passed","statusDetails":"Можно найти отправленное сообщение в миничате группового звонка","time":{"start":1718784615648,"stop":1718784626619,"duration":10971}}]},"tags":["Регресс","Чат"]},"source":"dbe4f075439bec24.json","parameterValues":[]}