{"uid":"deabc3ba3fabc0c1","name":"Отображение ошибки валидации для поля Баллы, если вводить пробел","fullName":"OdinUiTests:OdinUiTests.Tests.Activity.TaskActivityTeacherTests.CheckGradeSolutionIncorrectValues(System.String)","historyId":"818444d153c6427000922d245c745bc6","time":{"start":1759475429215,"stop":1759475460602,"duration":31387},"status":"broken","statusMessage":"System.Reflection.TargetInvocationException : Exception has been thrown by the target of an invocation.\n  ----> OpenQA.Selenium.WebDriverTimeoutException : Timed out after 30 seconds\n  ----> OpenQA.Selenium.NoSuchElementException : no such element: Unable to locate element: {\"method\":\"css selector\",\"selector\":\".solution-total-mark-block-component\"}\n  (Session info: chrome=140.0.7339.127); For documentation on this error, please visit: https://www.selenium.dev/documentation/webdriver/troubleshooting/errors#no-such-element-exception","statusTrace":"   at System.Reflection.MethodBaseInvoker.InvokeWithManyArgs(Object obj, BindingFlags invokeAttr, Binder binder, Object[] parameters, CultureInfo culture)\n   at Allure.Net.Commons.Steps.AllureStepAspectBase.Around(String name, Object[] args, Func`2 target, MethodBase metadata, Type returnType)\n   at OdinUiTests.Pages.ActivitySolutionPage.__a$_around_ClickEditScoreButton_100666227_w_0(Object[])\n   at OdinUiTests.Pages.ActivitySolutionPage.ClickEditScoreButton()\n   at OdinUiTests.Tests.Activity.TaskActivityTeacherTests.CheckGradeSolutionIncorrectValues(String value) in /azp/_work/2/s/Tests/Activity/TaskActivityTests.cs:line 363\n   at InvokeStub_TaskActivityTeacherTests.CheckGradeSolutionIncorrectValues(Object, Span`1)\n   at System.Reflection.MethodBaseInvoker.InvokeWithOneArg(Object obj, BindingFlags invokeAttr, Binder binder, Object[] parameters, CultureInfo culture)\n--WebDriverTimeoutException\n   at OpenQA.Selenium.Support.UI.DefaultWait`1.ThrowTimeoutException(String exceptionMessage, Exception lastException)\n   at OpenQA.Selenium.Support.UI.DefaultWait`1.Until[TResult](Func`2 condition, CancellationToken token)\n   at OpenQA.Selenium.Support.UI.DefaultWait`1.Until[TResult](Func`2 condition)\n   at OdinUiTests.Pages.ActivitySolutionPage.__a$_around_ClickEditScoreButton_100666227_o() in /azp/_work/2/s/Pages/ActivitySolutionPage.cs:line 200\n   at OdinUiTests.Pages.ActivitySolutionPage.__a$_around_ClickEditScoreButton_100666227_u(Object[])\n   at Allure.Net.Commons.Steps.AllureAbstractStepAspect.WrapSync[T](Func`2 target, Object[] args, MethodBase metadata, String stepName, List`1 stepParameters)\n   at InvokeStub_AllureAbstractStepAspect.WrapSync(Object, Span`1)\n   at System.Reflection.MethodBaseInvoker.InvokeWithManyArgs(Object obj, BindingFlags invokeAttr, Binder binder, Object[] parameters, CultureInfo culture)\n--NoSuchElementException\n   at OpenQA.Selenium.WebDriver.UnpackAndThrowOnError(Response errorResponse, String commandToExecute)\n   at OpenQA.Selenium.WebDriver.ExecuteAsync(String driverCommandToExecute, Dictionary`2 parameters)\n   at SeleniumExtras.WaitHelpers.ExpectedConditions.<>c__DisplayClass7_0.<ElementIsVisible>b__0(IWebDriver driver)\n   at OpenQA.Selenium.Support.UI.DefaultWait`1.Until[TResult](Func`2 condition, CancellationToken token)","flaky":false,"newFailed":false,"newBroken":false,"newPassed":false,"retriesCount":1,"retriesStatusChange":false,"beforeStages":[],"testStage":{"status":"broken","statusMessage":"System.Reflection.TargetInvocationException : Exception has been thrown by the target of an invocation.\n  ----> OpenQA.Selenium.WebDriverTimeoutException : Timed out after 30 seconds\n  ----> OpenQA.Selenium.NoSuchElementException : no such element: Unable to locate element: {\"method\":\"css selector\",\"selector\":\".solution-total-mark-block-component\"}\n  (Session info: chrome=140.0.7339.127); For documentation on this error, please visit: https://www.selenium.dev/documentation/webdriver/troubleshooting/errors#no-such-element-exception","statusTrace":"   at System.Reflection.MethodBaseInvoker.InvokeWithManyArgs(Object obj, BindingFlags invokeAttr, Binder binder, Object[] parameters, CultureInfo culture)\n   at Allure.Net.Commons.Steps.AllureStepAspectBase.Around(String name, Object[] args, Func`2 target, MethodBase metadata, Type returnType)\n   at OdinUiTests.Pages.ActivitySolutionPage.__a$_around_ClickEditScoreButton_100666227_w_0(Object[])\n   at OdinUiTests.Pages.ActivitySolutionPage.ClickEditScoreButton()\n   at OdinUiTests.Tests.Activity.TaskActivityTeacherTests.CheckGradeSolutionIncorrectValues(String value) in /azp/_work/2/s/Tests/Activity/TaskActivityTests.cs:line 363\n   at InvokeStub_TaskActivityTeacherTests.CheckGradeSolutionIncorrectValues(Object, Span`1)\n   at System.Reflection.MethodBaseInvoker.InvokeWithOneArg(Object obj, BindingFlags invokeAttr, Binder binder, Object[] parameters, CultureInfo culture)\n--WebDriverTimeoutException\n   at OpenQA.Selenium.Support.UI.DefaultWait`1.ThrowTimeoutException(String exceptionMessage, Exception lastException)\n   at OpenQA.Selenium.Support.UI.DefaultWait`1.Until[TResult](Func`2 condition, CancellationToken token)\n   at OpenQA.Selenium.Support.UI.DefaultWait`1.Until[TResult](Func`2 condition)\n   at OdinUiTests.Pages.ActivitySolutionPage.__a$_around_ClickEditScoreButton_100666227_o() in /azp/_work/2/s/Pages/ActivitySolutionPage.cs:line 200\n   at OdinUiTests.Pages.ActivitySolutionPage.__a$_around_ClickEditScoreButton_100666227_u(Object[])\n   at Allure.Net.Commons.Steps.AllureAbstractStepAspect.WrapSync[T](Func`2 target, Object[] args, MethodBase metadata, String stepName, List`1 stepParameters)\n   at InvokeStub_AllureAbstractStepAspect.WrapSync(Object, Span`1)\n   at System.Reflection.MethodBaseInvoker.InvokeWithManyArgs(Object obj, BindingFlags invokeAttr, Binder binder, Object[] parameters, CultureInfo culture)\n--NoSuchElementException\n   at OpenQA.Selenium.WebDriver.UnpackAndThrowOnError(Response errorResponse, String commandToExecute)\n   at OpenQA.Selenium.WebDriver.ExecuteAsync(String driverCommandToExecute, Dictionary`2 parameters)\n   at SeleniumExtras.WaitHelpers.ExpectedConditions.<>c__DisplayClass7_0.<ElementIsVisible>b__0(IWebDriver driver)\n   at OpenQA.Selenium.Support.UI.DefaultWait`1.Until[TResult](Func`2 condition, CancellationToken token)","steps":[{"name":"Открыть страницу решения задания","time":{"start":1759475429215,"stop":1759475430389,"duration":1174},"status":"passed","steps":[],"attachments":[],"parameters":[{"name":"activityId","value":"\"1968831\""},{"name":"studentName","value":"\"Smith\""}],"stepsCount":0,"attachmentsCount":0,"shouldDisplayMessage":false,"hasContent":true},{"name":"Нажать на кнопку карандаша для редактирования выставленного балла","time":{"start":1759475430389,"stop":1759475460410,"duration":30021},"status":"broken","statusMessage":"Timed out after 30 seconds","statusTrace":"OpenQA.Selenium.WebDriverTimeoutException: Timed out after 30 seconds\n ---> OpenQA.Selenium.NoSuchElementException: no such element: Unable to locate element: {\"method\":\"css selector\",\"selector\":\".solution-total-mark-block-component\"}\n  (Session info: chrome=140.0.7339.127); For documentation on this error, please visit: https://www.selenium.dev/documentation/webdriver/troubleshooting/errors#no-such-element-exception\n   at OpenQA.Selenium.WebDriver.UnpackAndThrowOnError(Response errorResponse, String commandToExecute)\n   at OpenQA.Selenium.WebDriver.ExecuteAsync(String driverCommandToExecute, Dictionary`2 parameters)\n   at SeleniumExtras.WaitHelpers.ExpectedConditions.<>c__DisplayClass7_0.<ElementIsVisible>b__0(IWebDriver driver)\n   at OpenQA.Selenium.Support.UI.DefaultWait`1.Until[TResult](Func`2 condition, CancellationToken token)\n   --- End of inner exception stack trace ---\n   at OpenQA.Selenium.Support.UI.DefaultWait`1.ThrowTimeoutException(String exceptionMessage, Exception lastException)\n   at OpenQA.Selenium.Support.UI.DefaultWait`1.Until[TResult](Func`2 condition, CancellationToken token)\n   at OpenQA.Selenium.Support.UI.DefaultWait`1.Until[TResult](Func`2 condition)\n   at OdinUiTests.Pages.ActivitySolutionPage.__a$_around_ClickEditScoreButton_100666227_o() in /azp/_work/2/s/Pages/ActivitySolutionPage.cs:line 200\n   at OdinUiTests.Pages.ActivitySolutionPage.__a$_around_ClickEditScoreButton_100666227_u(Object[])\n   at Allure.Net.Commons.Steps.AllureAbstractStepAspect.WrapSync[T](Func`2 target, Object[] args, MethodBase metadata, String stepName, List`1 stepParameters)","steps":[],"attachments":[],"parameters":[],"stepsCount":0,"attachmentsCount":0,"shouldDisplayMessage":true,"hasContent":true}],"attachments":[{"uid":"98d916d858b0b358","name":"CheckGradeSolutionIncorrectValues.jpg","source":"98d916d858b0b358.jpg","type":"image/jpeg","size":204078},{"uid":"ce40c4e0f14b9825","name":"Console Output","source":"ce40c4e0f14b9825.txt","type":"text/plain","size":75}],"parameters":[],"stepsCount":2,"attachmentsCount":2,"shouldDisplayMessage":true,"hasContent":true},"afterStages":[],"labels":[{"name":"thread","value":"NUnit.Fw.ParallelWorker#1"},{"name":"host","value":"4c9adf7142f6"},{"name":"language","value":"C#"},{"name":"framework","value":"NUnit 3"},{"name":"package","value":"OdinUiTests.Tests.Activity"},{"name":"testMethod","value":"CheckGradeSolutionIncorrectValues"},{"name":"testClass","value":"TaskActivityTeacherTests"},{"name":"parentSuite","value":"Активность"},{"name":"suite","value":"Задание"},{"name":"subSuite","value":"Страница решения задания для преподавателя"},{"name":"severity","value":"critical"},{"name":"tag","value":"Активность"},{"name":"tag","value":"Дежурство"},{"name":"tag","value":"Регресс"},{"name":"resultFormat","value":"allure2"}],"parameters":[{"name":"value","value":"\" \""}],"links":[],"hidden":false,"retry":false,"extra":{"severity":"critical","retries":[{"uid":"cc45dce84eb803d5","status":"broken","statusDetails":"System.Reflection.TargetInvocationException : Exception has been thrown by the target of an invocation.\n  ----> OpenQA.Selenium.WebDriverTimeoutException : Timed out after 30 seconds\n  ----> OpenQA.Selenium.NoSuchElementException : no such element: Unable to locate element: {\"method\":\"css selector\",\"selector\":\".solution-total-mark-block-component\"}\n  (Session info: chrome=140.0.7339.127); For documentation on this error, please visit: https://www.selenium.dev/documentation/webdriver/troubleshooting/errors#no-such-element-exception","time":{"start":1759473214397,"stop":1759473246394,"duration":31997}}],"categories":[{"name":"Test defects","matchedStatuses":[],"flaky":false}],"tags":["Регресс","Дежурство","Активность"]},"source":"deabc3ba3fabc0c1.json","parameterValues":["\" \""]}