{"uid":"e0c52e4acbf45ee3","name":"Страница дисциплины с ИОТ: внутри модуля можно создать темы или активности","fullName":"OdinUiTests:OdinUiTests.Tests.Discipline.IOTThemesAndModulesTests.CheckCreateTopicOrActivityInsideModule()","historyId":"54377deb0a94417969ed57f4c4773036","time":{"start":1737614579956,"stop":1737614647287,"duration":67331},"status":"broken","statusMessage":"System.Reflection.TargetInvocationException : Exception has been thrown by the target of an invocation.\n  ----> System.Reflection.TargetInvocationException : Exception has been thrown by the target of an invocation.\n  ----> OpenQA.Selenium.WebDriverTimeoutException : Timed out after 30 seconds\n  ----> OpenQA.Selenium.NoSuchElementException : no such element: Unable to locate element: {\"method\":\"xpath\",\"selector\":\"(//iframe)[1]\"}\n  (Session info: chrome=132.0.6834.83); For documentation on this error, please visit: https://www.selenium.dev/documentation/webdriver/troubleshooting/errors#no-such-element-exception","statusTrace":"   at System.Reflection.MethodBaseInvoker.InvokeWithManyArgs(Object obj, BindingFlags invokeAttr, Binder binder, Object[] parameters, CultureInfo culture)\n   at Allure.Net.Commons.Steps.AllureStepAspectBase.Around(String name, Object[] args, Func`2 target, MethodBase metadata, Type returnType)\n   at OdinUiTests.Pages.DisCommonInfoPage.__a$_around_AddRandomPickedBlock_100666641_w_0(Object[])\n   at OdinUiTests.Pages.DisCommonInfoPage.AddRandomPickedBlock(String location, Boolean insideBlock, String kindOfBlock, String randomText, String parameter)\n   at OdinUiTests.Tests.Discipline.IOTThemesAndModulesTests.CheckCreateTopicOrActivityInsideModule() in /azp/_work/2/s/Tests/Discipline/DisCreateEditTests.cs:line 279\n   at System.RuntimeMethodHandle.InvokeMethod(Object target, Void** arguments, Signature sig, Boolean isConstructor)\n   at System.Reflection.MethodBaseInvoker.InvokeWithNoArgs(Object obj, BindingFlags invokeAttr)\n--TargetInvocationException\n   at System.Reflection.MethodBaseInvoker.InvokeWithManyArgs(Object obj, BindingFlags invokeAttr, Binder binder, Object[] parameters, CultureInfo culture)\n   at Allure.Net.Commons.Steps.AllureStepAspectBase.Around(String name, Object[] args, Func`2 target, MethodBase metadata, Type returnType)\n   at OdinUiTests.Pages.ActivityCommonEditPage.__a$_around_FillDescriptionField_100665945_w_0(Object[])\n   at OdinUiTests.Pages.ActivityCommonEditPage.FillDescriptionField(String description)\n   at OdinUiTests.Pages.DisCommonInfoPage.__a$_around_AddRandomPickedBlock_100666641_o(String location, Boolean insideBlock, String kindOfBlock, String randomText, String parameter) in /azp/_work/2/s/Pages/DisCommonInfoPage.cs:line 452\n   at OdinUiTests.Pages.DisCommonInfoPage.__a$_around_AddRandomPickedBlock_100666641_u(Object[])\n   at Allure.Net.Commons.Steps.AllureAbstractStepAspect.WrapSync[T](Func`2 target, Object[] args, MethodBase metadata, String stepName, List`1 stepParameters)\n   at InvokeStub_AllureAbstractStepAspect.WrapSync(Object, Span`1)\n   at System.Reflection.MethodBaseInvoker.InvokeWithManyArgs(Object obj, BindingFlags invokeAttr, Binder binder, Object[] parameters, CultureInfo culture)\n--WebDriverTimeoutException\n   at OpenQA.Selenium.Support.UI.DefaultWait`1.ThrowTimeoutException(String exceptionMessage, Exception lastException)\n   at OpenQA.Selenium.Support.UI.DefaultWait`1.Until[TResult](Func`2 condition, CancellationToken token)\n   at OpenQA.Selenium.Support.UI.DefaultWait`1.Until[TResult](Func`2 condition)\n   at OdinUiTests.Services.CommonService.SetTextInTinymceEditorField(IWebDriver driver, String text) in /azp/_work/2/s/Services/CommonService.cs:line 368\n   at OdinUiTests.Pages.ActivityCommonEditPage.__a$_around_FillDescriptionField_100665945_o(String description) in /azp/_work/2/s/Pages/ActivityCommonEditPage.cs:line 188\n   at OdinUiTests.Pages.ActivityCommonEditPage.__a$_around_FillDescriptionField_100665945_u(Object[])\n   at Allure.Net.Commons.Steps.AllureAbstractStepAspect.WrapSync[T](Func`2 target, Object[] args, MethodBase metadata, String stepName, List`1 stepParameters)\n   at InvokeStub_AllureAbstractStepAspect.WrapSync(Object, Span`1)\n   at System.Reflection.MethodBaseInvoker.InvokeWithManyArgs(Object obj, BindingFlags invokeAttr, Binder binder, Object[] parameters, CultureInfo culture)\n--NoSuchElementException\n   at OpenQA.Selenium.WebDriver.UnpackAndThrowOnError(Response errorResponse, String commandToExecute)\n   at OpenQA.Selenium.WebDriver.ExecuteAsync(String driverCommandToExecute, Dictionary`2 parameters)\n   at OpenQA.Selenium.WebDriver.Execute(String driverCommandToExecute, Dictionary`2 parameters)\n   at OpenQA.Selenium.WebDriver.FindElement(String mechanism, String value)\n   at SeleniumExtras.WaitHelpers.ExpectedConditions.<>c__DisplayClass16_0.<FrameToBeAvailableAndSwitchToIt>b__0(IWebDriver driver)\n   at OpenQA.Selenium.Support.UI.DefaultWait`1.Until[TResult](Func`2 condition, CancellationToken token)","flaky":false,"newFailed":false,"newBroken":true,"newPassed":false,"retriesCount":1,"retriesStatusChange":false,"beforeStages":[],"testStage":{"status":"broken","statusMessage":"System.Reflection.TargetInvocationException : Exception has been thrown by the target of an invocation.\n  ----> System.Reflection.TargetInvocationException : Exception has been thrown by the target of an invocation.\n  ----> OpenQA.Selenium.WebDriverTimeoutException : Timed out after 30 seconds\n  ----> OpenQA.Selenium.NoSuchElementException : no such element: Unable to locate element: {\"method\":\"xpath\",\"selector\":\"(//iframe)[1]\"}\n  (Session info: chrome=132.0.6834.83); For documentation on this error, please visit: https://www.selenium.dev/documentation/webdriver/troubleshooting/errors#no-such-element-exception","statusTrace":"   at System.Reflection.MethodBaseInvoker.InvokeWithManyArgs(Object obj, BindingFlags invokeAttr, Binder binder, Object[] parameters, CultureInfo culture)\n   at Allure.Net.Commons.Steps.AllureStepAspectBase.Around(String name, Object[] args, Func`2 target, MethodBase metadata, Type returnType)\n   at OdinUiTests.Pages.DisCommonInfoPage.__a$_around_AddRandomPickedBlock_100666641_w_0(Object[])\n   at OdinUiTests.Pages.DisCommonInfoPage.AddRandomPickedBlock(String location, Boolean insideBlock, String kindOfBlock, String randomText, String parameter)\n   at OdinUiTests.Tests.Discipline.IOTThemesAndModulesTests.CheckCreateTopicOrActivityInsideModule() in /azp/_work/2/s/Tests/Discipline/DisCreateEditTests.cs:line 279\n   at System.RuntimeMethodHandle.InvokeMethod(Object target, Void** arguments, Signature sig, Boolean isConstructor)\n   at System.Reflection.MethodBaseInvoker.InvokeWithNoArgs(Object obj, BindingFlags invokeAttr)\n--TargetInvocationException\n   at System.Reflection.MethodBaseInvoker.InvokeWithManyArgs(Object obj, BindingFlags invokeAttr, Binder binder, Object[] parameters, CultureInfo culture)\n   at Allure.Net.Commons.Steps.AllureStepAspectBase.Around(String name, Object[] args, Func`2 target, MethodBase metadata, Type returnType)\n   at OdinUiTests.Pages.ActivityCommonEditPage.__a$_around_FillDescriptionField_100665945_w_0(Object[])\n   at OdinUiTests.Pages.ActivityCommonEditPage.FillDescriptionField(String description)\n   at OdinUiTests.Pages.DisCommonInfoPage.__a$_around_AddRandomPickedBlock_100666641_o(String location, Boolean insideBlock, String kindOfBlock, String randomText, String parameter) in /azp/_work/2/s/Pages/DisCommonInfoPage.cs:line 452\n   at OdinUiTests.Pages.DisCommonInfoPage.__a$_around_AddRandomPickedBlock_100666641_u(Object[])\n   at Allure.Net.Commons.Steps.AllureAbstractStepAspect.WrapSync[T](Func`2 target, Object[] args, MethodBase metadata, String stepName, List`1 stepParameters)\n   at InvokeStub_AllureAbstractStepAspect.WrapSync(Object, Span`1)\n   at System.Reflection.MethodBaseInvoker.InvokeWithManyArgs(Object obj, BindingFlags invokeAttr, Binder binder, Object[] parameters, CultureInfo culture)\n--WebDriverTimeoutException\n   at OpenQA.Selenium.Support.UI.DefaultWait`1.ThrowTimeoutException(String exceptionMessage, Exception lastException)\n   at OpenQA.Selenium.Support.UI.DefaultWait`1.Until[TResult](Func`2 condition, CancellationToken token)\n   at OpenQA.Selenium.Support.UI.DefaultWait`1.Until[TResult](Func`2 condition)\n   at OdinUiTests.Services.CommonService.SetTextInTinymceEditorField(IWebDriver driver, String text) in /azp/_work/2/s/Services/CommonService.cs:line 368\n   at OdinUiTests.Pages.ActivityCommonEditPage.__a$_around_FillDescriptionField_100665945_o(String description) in /azp/_work/2/s/Pages/ActivityCommonEditPage.cs:line 188\n   at OdinUiTests.Pages.ActivityCommonEditPage.__a$_around_FillDescriptionField_100665945_u(Object[])\n   at Allure.Net.Commons.Steps.AllureAbstractStepAspect.WrapSync[T](Func`2 target, Object[] args, MethodBase metadata, String stepName, List`1 stepParameters)\n   at InvokeStub_AllureAbstractStepAspect.WrapSync(Object, Span`1)\n   at System.Reflection.MethodBaseInvoker.InvokeWithManyArgs(Object obj, BindingFlags invokeAttr, Binder binder, Object[] parameters, CultureInfo culture)\n--NoSuchElementException\n   at OpenQA.Selenium.WebDriver.UnpackAndThrowOnError(Response errorResponse, String commandToExecute)\n   at OpenQA.Selenium.WebDriver.ExecuteAsync(String driverCommandToExecute, Dictionary`2 parameters)\n   at OpenQA.Selenium.WebDriver.Execute(String driverCommandToExecute, Dictionary`2 parameters)\n   at OpenQA.Selenium.WebDriver.FindElement(String mechanism, String value)\n   at SeleniumExtras.WaitHelpers.ExpectedConditions.<>c__DisplayClass16_0.<FrameToBeAvailableAndSwitchToIt>b__0(IWebDriver driver)\n   at OpenQA.Selenium.Support.UI.DefaultWait`1.Until[TResult](Func`2 condition, CancellationToken token)","steps":[{"name":"Открыть страницу дисциплины","time":{"start":1737614581045,"stop":1737614583049,"duration":2004},"status":"passed","steps":[],"attachments":[],"parameters":[{"name":"disciplineId","value":"\"111450\""}],"stepsCount":0,"attachmentsCount":0,"shouldDisplayMessage":false,"hasContent":true},{"name":"Добавить нужный блок в дисциплину с ИОТ если она отсутствует","time":{"start":1737614583050,"stop":1737614600454,"duration":17404},"status":"passed","steps":[{"name":"Нажать на кнопку добавления блока указав нужную кнопку","time":{"start":1737614591263,"stop":1737614594747,"duration":3484},"status":"passed","steps":[],"attachments":[],"parameters":[{"name":"location","value":"\"main\""}],"stepsCount":0,"attachmentsCount":0,"shouldDisplayMessage":false,"hasContent":true},{"name":"Добавления блока в указанное место в дисциплину с ИОТ","time":{"start":1737614594747,"stop":1737614600454,"duration":5707},"status":"passed","steps":[{"name":"Проверка того что блок был добавлен в дисциплину с ИОТ","time":{"start":1737614598351,"stop":1737614600454,"duration":2103},"status":"passed","steps":[],"attachments":[],"parameters":[{"name":"kindOfBlock","value":"\"Модуль\""},{"name":"randomText","value":"\"40AF84GB3F4G2E6\""},{"name":"withRefresh","value":"false"},{"name":"nameOfBlock","value":"\"\""},{"name":"parameter","value":"\"\""}],"stepsCount":0,"attachmentsCount":0,"shouldDisplayMessage":false,"hasContent":true}],"attachments":[],"parameters":[{"name":"location","value":"\"main\""},{"name":"insideBlock","value":"false"},{"name":"kindOfBlock","value":"\"Модуль\""},{"name":"randomText","value":"\"40AF84GB3F4G2E6\""},{"name":"parameter","value":"\"\""}],"stepsCount":1,"attachmentsCount":0,"shouldDisplayMessage":false,"hasContent":true}],"attachments":[],"parameters":[{"name":"kindOfBlock","value":"\"Модуль\""}],"stepsCount":3,"attachmentsCount":0,"shouldDisplayMessage":false,"hasContent":true},{"name":"Открыть нужный блок","time":{"start":1737614600455,"stop":1737614604196,"duration":3741},"status":"passed","steps":[],"attachments":[],"parameters":[{"name":"kindOfBlock","value":"\"Модуль\""}],"stepsCount":0,"attachmentsCount":0,"shouldDisplayMessage":false,"hasContent":true},{"name":"Рандомна получить вид блока для добавления","time":{"start":1737614604196,"stop":1737614604196,"duration":0},"status":"passed","steps":[],"attachments":[],"parameters":[{"name":"countOfBlock","value":"2"}],"stepsCount":0,"attachmentsCount":0,"shouldDisplayMessage":false,"hasContent":true},{"name":"Нажать на кнопку добавления блока указав нужную кнопку","time":{"start":1737614604196,"stop":1737614606663,"duration":2467},"status":"passed","steps":[],"attachments":[],"parameters":[{"name":"location","value":"\"main\""}],"stepsCount":0,"attachmentsCount":0,"shouldDisplayMessage":false,"hasContent":true},{"name":"Добавления блока в указанное место в дисциплину с ИОТ","time":{"start":1737614606663,"stop":1737614646615,"duration":39952},"status":"broken","statusMessage":"Exception has been thrown by the target of an invocation.","statusTrace":"System.Reflection.TargetInvocationException: Exception has been thrown by the target of an invocation.\n ---> OpenQA.Selenium.WebDriverTimeoutException: Timed out after 30 seconds\n ---> OpenQA.Selenium.NoSuchElementException: no such element: Unable to locate element: {\"method\":\"xpath\",\"selector\":\"(//iframe)[1]\"}\n  (Session info: chrome=132.0.6834.83); For documentation on this error, please visit: https://www.selenium.dev/documentation/webdriver/troubleshooting/errors#no-such-element-exception\n   at OpenQA.Selenium.WebDriver.UnpackAndThrowOnError(Response errorResponse, String commandToExecute)\n   at OpenQA.Selenium.WebDriver.ExecuteAsync(String driverCommandToExecute, Dictionary`2 parameters)\n   at OpenQA.Selenium.WebDriver.Execute(String driverCommandToExecute, Dictionary`2 parameters)\n   at OpenQA.Selenium.WebDriver.FindElement(String mechanism, String value)\n   at SeleniumExtras.WaitHelpers.ExpectedConditions.<>c__DisplayClass16_0.<FrameToBeAvailableAndSwitchToIt>b__0(IWebDriver driver)\n   at OpenQA.Selenium.Support.UI.DefaultWait`1.Until[TResult](Func`2 condition, CancellationToken token)\n   --- End of inner exception stack trace ---\n   at OpenQA.Selenium.Support.UI.DefaultWait`1.ThrowTimeoutException(String exceptionMessage, Exception lastException)\n   at OpenQA.Selenium.Support.UI.DefaultWait`1.Until[TResult](Func`2 condition, CancellationToken token)\n   at OpenQA.Selenium.Support.UI.DefaultWait`1.Until[TResult](Func`2 condition)\n   at OdinUiTests.Services.CommonService.SetTextInTinymceEditorField(IWebDriver driver, String text) in /azp/_work/2/s/Services/CommonService.cs:line 368\n   at OdinUiTests.Pages.ActivityCommonEditPage.__a$_around_FillDescriptionField_100665945_o(String description) in /azp/_work/2/s/Pages/ActivityCommonEditPage.cs:line 188\n   at OdinUiTests.Pages.ActivityCommonEditPage.__a$_around_FillDescriptionField_100665945_u(Object[])\n   at Allure.Net.Commons.Steps.AllureAbstractStepAspect.WrapSync[T](Func`2 target, Object[] args, MethodBase metadata, String stepName, List`1 stepParameters)\n   at InvokeStub_AllureAbstractStepAspect.WrapSync(Object, Span`1)\n   at System.Reflection.MethodBaseInvoker.InvokeWithManyArgs(Object obj, BindingFlags invokeAttr, Binder binder, Object[] parameters, CultureInfo culture)\n   --- End of inner exception stack trace ---\n   at System.Reflection.MethodBaseInvoker.InvokeWithManyArgs(Object obj, BindingFlags invokeAttr, Binder binder, Object[] parameters, CultureInfo culture)\n   at Allure.Net.Commons.Steps.AllureStepAspectBase.Around(String name, Object[] args, Func`2 target, MethodBase metadata, Type returnType)\n   at OdinUiTests.Pages.ActivityCommonEditPage.__a$_around_FillDescriptionField_100665945_w_0(Object[])\n   at OdinUiTests.Pages.ActivityCommonEditPage.FillDescriptionField(String description)\n   at OdinUiTests.Pages.DisCommonInfoPage.__a$_around_AddRandomPickedBlock_100666641_o(String location, Boolean insideBlock, String kindOfBlock, String randomText, String parameter) in /azp/_work/2/s/Pages/DisCommonInfoPage.cs:line 452\n   at OdinUiTests.Pages.DisCommonInfoPage.__a$_around_AddRandomPickedBlock_100666641_u(Object[])\n   at Allure.Net.Commons.Steps.AllureAbstractStepAspect.WrapSync[T](Func`2 target, Object[] args, MethodBase metadata, String stepName, List`1 stepParameters)","steps":[{"name":"Ввести значение в поле 'Название активности'","time":{"start":1737614608461,"stop":1737614613657,"duration":5196},"status":"passed","steps":[],"attachments":[],"parameters":[{"name":"name","value":"\"AG281DF365GFGEA\""}],"stepsCount":0,"attachmentsCount":0,"shouldDisplayMessage":false,"hasContent":true},{"name":"Ввести значение в поле 'Описание'","time":{"start":1737614613658,"stop":1737614646615,"duration":32957},"status":"broken","statusMessage":"Timed out after 30 seconds","statusTrace":"OpenQA.Selenium.WebDriverTimeoutException: Timed out after 30 seconds\n ---> OpenQA.Selenium.NoSuchElementException: no such element: Unable to locate element: {\"method\":\"xpath\",\"selector\":\"(//iframe)[1]\"}\n  (Session info: chrome=132.0.6834.83); For documentation on this error, please visit: https://www.selenium.dev/documentation/webdriver/troubleshooting/errors#no-such-element-exception\n   at OpenQA.Selenium.WebDriver.UnpackAndThrowOnError(Response errorResponse, String commandToExecute)\n   at OpenQA.Selenium.WebDriver.ExecuteAsync(String driverCommandToExecute, Dictionary`2 parameters)\n   at OpenQA.Selenium.WebDriver.Execute(String driverCommandToExecute, Dictionary`2 parameters)\n   at OpenQA.Selenium.WebDriver.FindElement(String mechanism, String value)\n   at SeleniumExtras.WaitHelpers.ExpectedConditions.<>c__DisplayClass16_0.<FrameToBeAvailableAndSwitchToIt>b__0(IWebDriver driver)\n   at OpenQA.Selenium.Support.UI.DefaultWait`1.Until[TResult](Func`2 condition, CancellationToken token)\n   --- End of inner exception stack trace ---\n   at OpenQA.Selenium.Support.UI.DefaultWait`1.ThrowTimeoutException(String exceptionMessage, Exception lastException)\n   at OpenQA.Selenium.Support.UI.DefaultWait`1.Until[TResult](Func`2 condition, CancellationToken token)\n   at OpenQA.Selenium.Support.UI.DefaultWait`1.Until[TResult](Func`2 condition)\n   at OdinUiTests.Services.CommonService.SetTextInTinymceEditorField(IWebDriver driver, String text) in /azp/_work/2/s/Services/CommonService.cs:line 368\n   at OdinUiTests.Pages.ActivityCommonEditPage.__a$_around_FillDescriptionField_100665945_o(String description) in /azp/_work/2/s/Pages/ActivityCommonEditPage.cs:line 188\n   at OdinUiTests.Pages.ActivityCommonEditPage.__a$_around_FillDescriptionField_100665945_u(Object[])\n   at Allure.Net.Commons.Steps.AllureAbstractStepAspect.WrapSync[T](Func`2 target, Object[] args, MethodBase metadata, String stepName, List`1 stepParameters)","steps":[],"attachments":[],"parameters":[{"name":"description","value":"\"AG281DF365GFGEA\""}],"stepsCount":0,"attachmentsCount":0,"shouldDisplayMessage":true,"hasContent":true}],"attachments":[],"parameters":[{"name":"location","value":"\"main\""},{"name":"insideBlock","value":"true"},{"name":"kindOfBlock","value":"\"Активность\""},{"name":"randomText","value":"\"AG281DF365GFGEA\""},{"name":"parameter","value":"\"\""}],"stepsCount":2,"attachmentsCount":0,"shouldDisplayMessage":true,"hasContent":true}],"attachments":[{"uid":"1eb4bc067c9dfeab","name":"CheckCreateTopicOrActivityInsideModule.jpg","source":"1eb4bc067c9dfeab.jpg","type":"image/jpeg","size":213040},{"uid":"6ddad31d8bca1652","name":"Console Output","source":"6ddad31d8bca1652.txt","type":"text/plain","size":121}],"parameters":[],"stepsCount":11,"attachmentsCount":2,"shouldDisplayMessage":true,"hasContent":true},"afterStages":[],"labels":[{"name":"thread","value":"NUnit.Fw.ParallelWorker#3"},{"name":"host","value":"eb16938e9936"},{"name":"language","value":"C#"},{"name":"framework","value":"NUnit 3"},{"name":"package","value":"OdinUiTests.Tests.Discipline"},{"name":"testMethod","value":"CheckCreateTopicOrActivityInsideModule"},{"name":"testClass","value":"IOTThemesAndModulesTests"},{"name":"suite","value":"Дисциплина"},{"name":"subSuite","value":"Дисциплина с ИОТ"},{"name":"severity","value":"critical"},{"name":"tag","value":"Дисциплина"},{"name":"tag","value":"Регресс"},{"name":"resultFormat","value":"allure2"}],"parameters":[],"links":[],"hidden":false,"retry":false,"extra":{"severity":"critical","retries":[{"uid":"ee99685483ad45fe","status":"broken","statusDetails":"System.Reflection.TargetInvocationException : Exception has been thrown by the target of an invocation.\n  ----> System.Reflection.TargetInvocationException : Exception has been thrown by the target of an invocation.\n  ----> System.InvalidOperationException : Sequence contains no elements","time":{"start":1737613490159,"stop":1737613524548,"duration":34389}}],"categories":[{"name":"Test defects","matchedStatuses":[],"flaky":false}],"history":{"statistic":{"failed":0,"broken":1,"skipped":0,"passed":48,"unknown":0,"total":49},"items":[{"uid":"e9704760a5752905","status":"passed","time":{"start":1737567666668,"stop":1737567698577,"duration":31909}},{"uid":"39f2bfd11889132c","status":"passed","time":{"start":1736951552365,"stop":1736951577177,"duration":24812}},{"uid":"2928d50f94918bb6","status":"passed","time":{"start":1732118131390,"stop":1732118148439,"duration":17049}},{"uid":"45742e38e90a19a4","status":"passed","time":{"start":1732033890100,"stop":1732033914041,"duration":23941}},{"uid":"e76b225cdf50c7e8","status":"passed","statusDetails":"Страница дисциплины с ИОТ: внутри модуля можно создать темы или активности","time":{"start":1728640445613,"stop":1728640473526,"duration":27913}},{"uid":"c4f4fb15bb633886","status":"passed","statusDetails":"Страница дисциплины с ИОТ: внутри модуля можно создать темы или активности","time":{"start":1727714855049,"stop":1727714882071,"duration":27022}},{"uid":"b51d269877474507","status":"passed","statusDetails":"Страница дисциплины с ИОТ: внутри модуля можно создать темы или активности","time":{"start":1727353314699,"stop":1727353330813,"duration":16114}},{"uid":"3e84a3dc423f0572","status":"passed","statusDetails":"Страница дисциплины с ИОТ: внутри модуля можно создать темы или активности","time":{"start":1727072954021,"stop":1727072984634,"duration":30613}},{"uid":"8695d638f262c368","status":"passed","statusDetails":"Страница дисциплины с ИОТ: внутри модуля можно создать темы или активности","time":{"start":1726128588647,"stop":1726128615417,"duration":26770}},{"uid":"d7d3777ac918d03c","status":"passed","time":{"start":1725343192218,"stop":1725343222892,"duration":30674}},{"uid":"978060c65410d296","status":"passed","statusDetails":"Страница дисциплины с ИОТ: внутри модуля можно создать темы или активности","time":{"start":1722214364011,"stop":1722214386490,"duration":22479}},{"uid":"8cfab67273ebe8ca","status":"passed","statusDetails":"Страница дисциплины с ИОТ: внутри модуля можно создать темы или активности","time":{"start":1721977607259,"stop":1721977637778,"duration":30519}},{"uid":"f8d98869feabd81a","status":"passed","statusDetails":"Страница дисциплины с ИОТ: внутри модуля можно создать темы или активности","time":{"start":1721975334719,"stop":1721975364194,"duration":29475}},{"uid":"66fe17ee507d8695","status":"passed","statusDetails":"Страница дисциплины с ИОТ: внутри модуля можно создать темы или активности","time":{"start":1721816309534,"stop":1721816325762,"duration":16228}},{"uid":"de637a0436faf035","status":"passed","statusDetails":"Страница дисциплины с ИОТ: внутри модуля можно создать темы или активности","time":{"start":1720574710042,"stop":1720574726390,"duration":16348}},{"uid":"6809d02cdf3ede1e","status":"passed","statusDetails":"Страница дисциплины с ИОТ: внутри модуля можно создать темы или активности","time":{"start":1718785001313,"stop":1718785028636,"duration":27323}},{"uid":"bbea0966d97f4345","status":"passed","statusDetails":"Страница дисциплины с ИОТ: внутри модуля можно создать темы или активности","time":{"start":1718092800759,"stop":1718092815857,"duration":15098}},{"uid":"339e52adf11aac9b","status":"passed","statusDetails":"Страница дисциплины с ИОТ: внутри модуля можно создать темы или активности","time":{"start":1718083532587,"stop":1718083551966,"duration":19379}},{"uid":"5b858ff8dac9d264","status":"passed","statusDetails":"Страница дисциплины с ИОТ: внутри модуля можно создать темы или активности","time":{"start":1717741402618,"stop":1717741428817,"duration":26199}},{"uid":"5d1794bed74756a7","status":"passed","statusDetails":"Страница дисциплины с ИОТ: внутри модуля можно создать темы или активности","time":{"start":1717604187508,"stop":1717604213862,"duration":26354}}]},"tags":["Регресс","Дисциплина"]},"source":"e0c52e4acbf45ee3.json","parameterValues":[]}