{"uid":"e62db2d30485caac","name":"Конструктор теста: можно добавить еще один вариант ответа в вопрос с типом ответа 'Свободный ответ - точное совпадение'","fullName":"OdinUiTests:OdinUiTests.Tests.Library.TestQuestionAnswersValidationTests.CheckAddOneMoreAnswerVariantInQuestionWithFreeAnswerExactMatch()","historyId":"207b9bee33cb680fd5bc0b25ea39654d","time":{"start":1759215811731,"stop":1759215894733,"duration":83002},"status":"broken","statusMessage":"OpenQA.Selenium.WebDriverTimeoutException : Timed out after 30 seconds\n  ----> OpenQA.Selenium.NoSuchElementException : no such element: Unable to locate element: {\"method\":\"css selector\",\"selector\":\".test-tabs__questions .q-mb-lg\"}\n  (Session info: chrome=140.0.7339.127); For documentation on this error, please visit: https://www.selenium.dev/documentation/webdriver/troubleshooting/errors#no-such-element-exception","statusTrace":"   at OpenQA.Selenium.Support.UI.DefaultWait`1.ThrowTimeoutException(String exceptionMessage, Exception lastException)\n   at OpenQA.Selenium.Support.UI.DefaultWait`1.Until[TResult](Func`2 condition, CancellationToken token)\n   at OpenQA.Selenium.Support.UI.DefaultWait`1.Until[TResult](Func`2 condition)\n   at OdinUiTests.Pages.ContentInfoPage.FirstQuestionHasOptions(Int32 options) in /azp/_work/1/s/Pages/ContentInfoPage.cs:line 471\n   at OdinUiTests.Pages.ContentInfoPage.<>c__DisplayClass72_0.<CheckFreeExactMatchOptionIsAddedToQuestion>b__0() in /azp/_work/1/s/Pages/ContentInfoPage.cs:line 482\n   at Allure.Net.Commons.AllureApi.<>c__DisplayClass34_0.<Step>b__0()\n   at Allure.Net.Commons.AllureApi.ExecuteAction[T](String name, Action`1 start, Func`1 action, Action`1 resolve)\n   at Allure.Net.Commons.AllureApi.ExecuteStep[T](String name, Func`1 action)\n   at Allure.Net.Commons.AllureApi.Step(String name, Action action)\n   at OdinUiTests.Pages.ContentInfoPage.CheckFreeExactMatchOptionIsAddedToQuestion(Int32 options, Boolean isRemoving) in /azp/_work/1/s/Pages/ContentInfoPage.cs:line 480\n   at OdinUiTests.Tests.Library.TestCreateEditCommon.AddOptionToQuestion(IWebDriver driver, Boolean isTestTrain, String id, Int32 numOfAnswer) in /azp/_work/1/s/Tests/Library/TestCreateEditCommon.cs:line 269\n   at OdinUiTests.Tests.Library.TestQuestionAnswersValidationTests.CheckAddOneMoreAnswerVariantInQuestionWithFreeAnswerExactMatch() in /azp/_work/1/s/Tests/Library/TestCreateEditTests.cs:line 523\n   at System.RuntimeMethodHandle.InvokeMethod(Object target, Void** arguments, Signature sig, Boolean isConstructor)\n   at System.Reflection.MethodBaseInvoker.InvokeWithNoArgs(Object obj, BindingFlags invokeAttr)\n--NoSuchElementException\n   at OpenQA.Selenium.WebDriver.UnpackAndThrowOnError(Response errorResponse, String commandToExecute)\n   at OpenQA.Selenium.WebDriver.ExecuteAsync(String driverCommandToExecute, Dictionary`2 parameters)\n   at OpenQA.Selenium.WebDriver.Execute(String driverCommandToExecute, Dictionary`2 parameters)\n   at OpenQA.Selenium.WebDriver.FindElement(String mechanism, String value)\n   at SeleniumExtras.WaitHelpers.ExpectedConditions.<>c__DisplayClass7_0.<ElementIsVisible>b__0(IWebDriver driver)\n   at OpenQA.Selenium.Support.UI.DefaultWait`1.Until[TResult](Func`2 condition, CancellationToken token)","flaky":false,"newFailed":false,"newBroken":false,"newPassed":false,"retriesCount":0,"retriesStatusChange":false,"beforeStages":[],"testStage":{"status":"broken","statusMessage":"OpenQA.Selenium.WebDriverTimeoutException : Timed out after 30 seconds\n  ----> OpenQA.Selenium.NoSuchElementException : no such element: Unable to locate element: {\"method\":\"css selector\",\"selector\":\".test-tabs__questions .q-mb-lg\"}\n  (Session info: chrome=140.0.7339.127); For documentation on this error, please visit: https://www.selenium.dev/documentation/webdriver/troubleshooting/errors#no-such-element-exception","statusTrace":"   at OpenQA.Selenium.Support.UI.DefaultWait`1.ThrowTimeoutException(String exceptionMessage, Exception lastException)\n   at OpenQA.Selenium.Support.UI.DefaultWait`1.Until[TResult](Func`2 condition, CancellationToken token)\n   at OpenQA.Selenium.Support.UI.DefaultWait`1.Until[TResult](Func`2 condition)\n   at OdinUiTests.Pages.ContentInfoPage.FirstQuestionHasOptions(Int32 options) in /azp/_work/1/s/Pages/ContentInfoPage.cs:line 471\n   at OdinUiTests.Pages.ContentInfoPage.<>c__DisplayClass72_0.<CheckFreeExactMatchOptionIsAddedToQuestion>b__0() in /azp/_work/1/s/Pages/ContentInfoPage.cs:line 482\n   at Allure.Net.Commons.AllureApi.<>c__DisplayClass34_0.<Step>b__0()\n   at Allure.Net.Commons.AllureApi.ExecuteAction[T](String name, Action`1 start, Func`1 action, Action`1 resolve)\n   at Allure.Net.Commons.AllureApi.ExecuteStep[T](String name, Func`1 action)\n   at Allure.Net.Commons.AllureApi.Step(String name, Action action)\n   at OdinUiTests.Pages.ContentInfoPage.CheckFreeExactMatchOptionIsAddedToQuestion(Int32 options, Boolean isRemoving) in /azp/_work/1/s/Pages/ContentInfoPage.cs:line 480\n   at OdinUiTests.Tests.Library.TestCreateEditCommon.AddOptionToQuestion(IWebDriver driver, Boolean isTestTrain, String id, Int32 numOfAnswer) in /azp/_work/1/s/Tests/Library/TestCreateEditCommon.cs:line 269\n   at OdinUiTests.Tests.Library.TestQuestionAnswersValidationTests.CheckAddOneMoreAnswerVariantInQuestionWithFreeAnswerExactMatch() in /azp/_work/1/s/Tests/Library/TestCreateEditTests.cs:line 523\n   at System.RuntimeMethodHandle.InvokeMethod(Object target, Void** arguments, Signature sig, Boolean isConstructor)\n   at System.Reflection.MethodBaseInvoker.InvokeWithNoArgs(Object obj, BindingFlags invokeAttr)\n--NoSuchElementException\n   at OpenQA.Selenium.WebDriver.UnpackAndThrowOnError(Response errorResponse, String commandToExecute)\n   at OpenQA.Selenium.WebDriver.ExecuteAsync(String driverCommandToExecute, Dictionary`2 parameters)\n   at OpenQA.Selenium.WebDriver.Execute(String driverCommandToExecute, Dictionary`2 parameters)\n   at OpenQA.Selenium.WebDriver.FindElement(String mechanism, String value)\n   at SeleniumExtras.WaitHelpers.ExpectedConditions.<>c__DisplayClass7_0.<ElementIsVisible>b__0(IWebDriver driver)\n   at OpenQA.Selenium.Support.UI.DefaultWait`1.Until[TResult](Func`2 condition, CancellationToken token)","steps":[{"name":"Открыть страницу редактирования теста","time":{"start":1759215833970,"stop":1759215834800,"duration":830},"status":"passed","steps":[],"attachments":[],"parameters":[],"stepsCount":0,"attachmentsCount":0,"shouldDisplayMessage":false,"hasContent":false},{"name":"Нажать на кнопку “карандаш” для редактирования первого вопроса","time":{"start":1759215834800,"stop":1759215849503,"duration":14703},"status":"passed","steps":[],"attachments":[],"parameters":[],"stepsCount":0,"attachmentsCount":0,"shouldDisplayMessage":false,"hasContent":false},{"name":"Добавить еще один вариант ответа","time":{"start":1759215849503,"stop":1759215854500,"duration":4997},"status":"passed","steps":[],"attachments":[],"parameters":[{"name":"iframeField","value":"false"},{"name":"text","value":"\"Вариант ответа 2\""}],"stepsCount":0,"attachmentsCount":0,"shouldDisplayMessage":false,"hasContent":true},{"name":"Подождать пока появится слово “Сохранено”","time":{"start":1759215854500,"stop":1759215861111,"duration":6611},"status":"passed","steps":[],"attachments":[],"parameters":[],"stepsCount":0,"attachmentsCount":0,"shouldDisplayMessage":false,"hasContent":false},{"name":"Нажать на последнюю хлебную крошку для перехода на страницу материала","time":{"start":1759215863401,"stop":1759215864034,"duration":633},"status":"passed","steps":[],"attachments":[{"uid":"fffc2e60b13ccac8","name":"CheckAddOneMoreAnswerVariantInQuestionWithFreeAnswerExactMatch-BeforeClickOnBreadCrumbs.jpg","source":"fffc2e60b13ccac8.jpg","type":"image/jpeg","size":91411}],"parameters":[],"stepsCount":0,"attachmentsCount":1,"shouldDisplayMessage":false,"hasContent":true},{"name":"Проверка того, что один вариант ответа в вопрос с типом ответа 'Свободный ответ – Точное совпадение' был добавлен","time":{"start":1759215864035,"stop":1759215894336,"duration":30301},"status":"broken","statusMessage":"Timed out after 30 seconds","statusTrace":"OpenQA.Selenium.WebDriverTimeoutException: Timed out after 30 seconds\n ---> OpenQA.Selenium.NoSuchElementException: no such element: Unable to locate element: {\"method\":\"css selector\",\"selector\":\".test-tabs__questions .q-mb-lg\"}\n  (Session info: chrome=140.0.7339.127); For documentation on this error, please visit: https://www.selenium.dev/documentation/webdriver/troubleshooting/errors#no-such-element-exception\n   at OpenQA.Selenium.WebDriver.UnpackAndThrowOnError(Response errorResponse, String commandToExecute)\n   at OpenQA.Selenium.WebDriver.ExecuteAsync(String driverCommandToExecute, Dictionary`2 parameters)\n   at OpenQA.Selenium.WebDriver.Execute(String driverCommandToExecute, Dictionary`2 parameters)\n   at OpenQA.Selenium.WebDriver.FindElement(String mechanism, String value)\n   at SeleniumExtras.WaitHelpers.ExpectedConditions.<>c__DisplayClass7_0.<ElementIsVisible>b__0(IWebDriver driver)\n   at OpenQA.Selenium.Support.UI.DefaultWait`1.Until[TResult](Func`2 condition, CancellationToken token)\n   --- End of inner exception stack trace ---\n   at OpenQA.Selenium.Support.UI.DefaultWait`1.ThrowTimeoutException(String exceptionMessage, Exception lastException)\n   at OpenQA.Selenium.Support.UI.DefaultWait`1.Until[TResult](Func`2 condition, CancellationToken token)\n   at OpenQA.Selenium.Support.UI.DefaultWait`1.Until[TResult](Func`2 condition)\n   at OdinUiTests.Pages.ContentInfoPage.FirstQuestionHasOptions(Int32 options) in /azp/_work/1/s/Pages/ContentInfoPage.cs:line 471\n   at OdinUiTests.Pages.ContentInfoPage.<>c__DisplayClass72_0.<CheckFreeExactMatchOptionIsAddedToQuestion>b__0() in /azp/_work/1/s/Pages/ContentInfoPage.cs:line 482\n   at Allure.Net.Commons.AllureApi.<>c__DisplayClass34_0.<Step>b__0()\n   at Allure.Net.Commons.AllureApi.ExecuteAction[T](String name, Action`1 start, Func`1 action, Action`1 resolve)\n   at Allure.Net.Commons.AllureApi.ExecuteStep[T](String name, Func`1 action)\n   at Allure.Net.Commons.AllureApi.Step(String name, Action action)\n   at OdinUiTests.Pages.ContentInfoPage.CheckFreeExactMatchOptionIsAddedToQuestion(Int32 options, Boolean isRemoving) in /azp/_work/1/s/Pages/ContentInfoPage.cs:line 480\n   at OdinUiTests.Tests.Library.TestCreateEditCommon.AddOptionToQuestion(IWebDriver driver, Boolean isTestTrain, String id, Int32 numOfAnswer) in /azp/_work/1/s/Tests/Library/TestCreateEditCommon.cs:line 269\n   at OdinUiTests.Tests.Library.TestQuestionAnswersValidationTests.CheckAddOneMoreAnswerVariantInQuestionWithFreeAnswerExactMatch() in /azp/_work/1/s/Tests/Library/TestCreateEditTests.cs:line 523\n   at System.RuntimeMethodHandle.InvokeMethod(Object target, Void** arguments, Signature sig, Boolean isConstructor)\n   at System.Reflection.MethodBaseInvoker.InvokeWithNoArgs(Object obj, BindingFlags invokeAttr)","steps":[],"attachments":[],"parameters":[],"stepsCount":0,"attachmentsCount":0,"shouldDisplayMessage":true,"hasContent":true}],"attachments":[{"uid":"712c2ab0781790a3","name":"CheckAddOneMoreAnswerVariantInQuestionWithFreeAnswerExactMatch.jpg","source":"712c2ab0781790a3.jpg","type":"image/jpeg","size":80808},{"uid":"a1f963211961214b","name":"Console Output","source":"a1f963211961214b.txt","type":"text/plain","size":46}],"parameters":[],"stepsCount":6,"attachmentsCount":3,"shouldDisplayMessage":true,"hasContent":true},"afterStages":[],"labels":[{"name":"thread","value":"NUnit.Fw.ParallelWorker#5"},{"name":"host","value":"1c5023cb9f3b"},{"name":"language","value":"C#"},{"name":"framework","value":"NUnit 3"},{"name":"package","value":"OdinUiTests.Tests.Library"},{"name":"testMethod","value":"CheckAddOneMoreAnswerVariantInQuestionWithFreeAnswerExactMatch"},{"name":"testClass","value":"TestQuestionAnswersValidationTests"},{"name":"suite","value":"Материал"},{"name":"subSuite","value":"Конструктор теста"},{"name":"severity","value":"critical"},{"name":"tag","value":"Материал"},{"name":"tag","value":"Дежурство"},{"name":"tag","value":"Регресс"},{"name":"resultFormat","value":"allure2"}],"parameters":[],"links":[],"hidden":true,"retry":true,"extra":{"categories":[],"tags":["Регресс","Дежурство","Материал"]},"source":"e62db2d30485caac.json","parameterValues":[]}