{"uid":"e8ac8a0a3f364895","name":"Невозможно включить ИОТ, если в дисциплине есть активности","fullName":"OdinUiTests:OdinUiTests.Tests.Discipline.DisciplineEditingValidationTests.CheckImpossibilityTurnOnOrOffIOT(System.String,System.String)","historyId":"041cb4a39fd70ab02fc51d50b565c8a5","time":{"start":1725343098337,"stop":1725343129285,"duration":30948},"status":"broken","statusMessage":"OpenQA.Selenium.WebDriverTimeoutException : Timed out after 30 seconds\n  ----> OpenQA.Selenium.NoSuchElementException : no such element: Unable to locate element: {\"method\":\"css selector\",\"selector\":\"[class*='q-checkbox__svg']\"}\n  (Session info: chrome-headless-shell=126.0.6478.126); For documentation on this error, please visit: https://www.selenium.dev/documentation/webdriver/troubleshooting/errors#no-such-element-exception","statusTrace":"   at OpenQA.Selenium.Support.UI.DefaultWait`1.ThrowTimeoutException(String exceptionMessage, Exception lastException)\n   at OpenQA.Selenium.Support.UI.DefaultWait`1.Until[TResult](Func`2 condition, CancellationToken token)\n   at OpenQA.Selenium.Support.UI.DefaultWait`1.Until[TResult](Func`2 condition)\n   at OdinUiTests.Pages.DisCommonEditPage.__a$_around_CheckIOTCheckboxIsDisabled_100666546_o(String ariaChecked) in /azp/_work/1/s/Pages/DisCommonEditPage.cs:line 616\n   at OdinUiTests.Pages.DisCommonEditPage.__a$_around_CheckIOTCheckboxIsDisabled_100666546_u(Object[])\n   at Allure.Net.Commons.Steps.AllureAbstractStepAspect.WrapSync[T](Func`2 target, Object[] args, MethodBase metadata, String stepName, List`1 stepParameters)\n   at InvokeStub_AllureAbstractStepAspect.WrapSync(Object, Span`1)\n   at System.Reflection.MethodBaseInvoker.InvokeWithManyArgs(Object obj, BindingFlags invokeAttr, Binder binder, Object[] parameters, CultureInfo culture)\n--NoSuchElementException\n   at OpenQA.Selenium.WebDriver.UnpackAndThrowOnError(Response errorResponse, String commandToExecute)\n   at OpenQA.Selenium.WebDriver.Execute(String driverCommandToExecute, Dictionary`2 parameters)\n   at OpenQA.Selenium.WebDriver.FindElement(String mechanism, String value)\n   at SeleniumExtras.WaitHelpers.ExpectedConditions.<>c__DisplayClass7_0.<ElementIsVisible>b__0(IWebDriver driver)\n   at OpenQA.Selenium.Support.UI.DefaultWait`1.Until[TResult](Func`2 condition, CancellationToken token)","flaky":false,"newFailed":false,"newBroken":true,"newPassed":false,"retriesCount":0,"retriesStatusChange":false,"beforeStages":[],"testStage":{"status":"broken","statusMessage":"OpenQA.Selenium.WebDriverTimeoutException : Timed out after 30 seconds\n  ----> OpenQA.Selenium.NoSuchElementException : no such element: Unable to locate element: {\"method\":\"css selector\",\"selector\":\"[class*='q-checkbox__svg']\"}\n  (Session info: chrome-headless-shell=126.0.6478.126); For documentation on this error, please visit: https://www.selenium.dev/documentation/webdriver/troubleshooting/errors#no-such-element-exception","statusTrace":"   at OpenQA.Selenium.Support.UI.DefaultWait`1.ThrowTimeoutException(String exceptionMessage, Exception lastException)\n   at OpenQA.Selenium.Support.UI.DefaultWait`1.Until[TResult](Func`2 condition, CancellationToken token)\n   at OpenQA.Selenium.Support.UI.DefaultWait`1.Until[TResult](Func`2 condition)\n   at OdinUiTests.Pages.DisCommonEditPage.__a$_around_CheckIOTCheckboxIsDisabled_100666546_o(String ariaChecked) in /azp/_work/1/s/Pages/DisCommonEditPage.cs:line 616\n   at OdinUiTests.Pages.DisCommonEditPage.__a$_around_CheckIOTCheckboxIsDisabled_100666546_u(Object[])\n   at Allure.Net.Commons.Steps.AllureAbstractStepAspect.WrapSync[T](Func`2 target, Object[] args, MethodBase metadata, String stepName, List`1 stepParameters)\n   at InvokeStub_AllureAbstractStepAspect.WrapSync(Object, Span`1)\n   at System.Reflection.MethodBaseInvoker.InvokeWithManyArgs(Object obj, BindingFlags invokeAttr, Binder binder, Object[] parameters, CultureInfo culture)\n--NoSuchElementException\n   at OpenQA.Selenium.WebDriver.UnpackAndThrowOnError(Response errorResponse, String commandToExecute)\n   at OpenQA.Selenium.WebDriver.Execute(String driverCommandToExecute, Dictionary`2 parameters)\n   at OpenQA.Selenium.WebDriver.FindElement(String mechanism, String value)\n   at SeleniumExtras.WaitHelpers.ExpectedConditions.<>c__DisplayClass7_0.<ElementIsVisible>b__0(IWebDriver driver)\n   at OpenQA.Selenium.Support.UI.DefaultWait`1.Until[TResult](Func`2 condition, CancellationToken token)","steps":[{"name":"Открыть страницу редактирования дисциплины","time":{"start":1725343098341,"stop":1725343098596,"duration":255},"status":"passed","steps":[],"attachments":[],"parameters":[{"name":"disciplineId","value":"\"17\""}],"stepsCount":0,"attachmentsCount":0,"shouldDisplayMessage":false,"hasContent":true},{"name":"Проверка того, что чекбокс ИОТ задизейблен и не кликабелен","time":{"start":1725343098597,"stop":1725343129077,"duration":30480},"status":"broken","statusMessage":"Timed out after 30 seconds","statusTrace":"OpenQA.Selenium.WebDriverTimeoutException: Timed out after 30 seconds\n ---> OpenQA.Selenium.NoSuchElementException: no such element: Unable to locate element: {\"method\":\"css selector\",\"selector\":\"[class*='q-checkbox__svg']\"}\n  (Session info: chrome-headless-shell=126.0.6478.126); For documentation on this error, please visit: https://www.selenium.dev/documentation/webdriver/troubleshooting/errors#no-such-element-exception\n   at OpenQA.Selenium.WebDriver.UnpackAndThrowOnError(Response errorResponse, String commandToExecute)\n   at OpenQA.Selenium.WebDriver.Execute(String driverCommandToExecute, Dictionary`2 parameters)\n   at OpenQA.Selenium.WebDriver.FindElement(String mechanism, String value)\n   at SeleniumExtras.WaitHelpers.ExpectedConditions.<>c__DisplayClass7_0.<ElementIsVisible>b__0(IWebDriver driver)\n   at OpenQA.Selenium.Support.UI.DefaultWait`1.Until[TResult](Func`2 condition, CancellationToken token)\n   --- End of inner exception stack trace ---\n   at OpenQA.Selenium.Support.UI.DefaultWait`1.ThrowTimeoutException(String exceptionMessage, Exception lastException)\n   at OpenQA.Selenium.Support.UI.DefaultWait`1.Until[TResult](Func`2 condition, CancellationToken token)\n   at OpenQA.Selenium.Support.UI.DefaultWait`1.Until[TResult](Func`2 condition)\n   at OdinUiTests.Pages.DisCommonEditPage.__a$_around_CheckIOTCheckboxIsDisabled_100666546_o(String ariaChecked) in /azp/_work/1/s/Pages/DisCommonEditPage.cs:line 616\n   at OdinUiTests.Pages.DisCommonEditPage.__a$_around_CheckIOTCheckboxIsDisabled_100666546_u(Object[])\n   at Allure.Net.Commons.Steps.AllureAbstractStepAspect.WrapSync[T](Func`2 target, Object[] args, MethodBase metadata, String stepName, List`1 stepParameters)","steps":[],"attachments":[],"parameters":[{"name":"ariaChecked","value":"\"false\""}],"stepsCount":0,"attachmentsCount":0,"shouldDisplayMessage":true,"hasContent":true}],"attachments":[{"uid":"b0e70c617ad4570b","name":"CheckImpossibilityTurnOnOrOffIOT.jpg","source":"b0e70c617ad4570b.jpg","type":"image/jpeg","size":39036},{"uid":"e52f69162212d29c","name":"Console Output","source":"e52f69162212d29c.txt","type":"text/plain","size":48}],"parameters":[],"stepsCount":2,"attachmentsCount":2,"shouldDisplayMessage":true,"hasContent":true},"afterStages":[],"labels":[{"name":"thread","value":"ParallelWorker#9"},{"name":"host","value":"e0e814a86fab"},{"name":"language","value":"C#"},{"name":"framework","value":"NUnit 3"},{"name":"package","value":"OdinUiTests.Tests.Discipline"},{"name":"testMethod","value":"CheckImpossibilityTurnOnOrOffIOT"},{"name":"testClass","value":"DisciplineEditingValidationTests"},{"name":"suite","value":"Дисциплина"},{"name":"subSuite","value":"Редактирование дисциплины"},{"name":"severity","value":"critical"},{"name":"tag","value":"Дежурство"},{"name":"tag","value":"Дисциплина"},{"name":"tag","value":"Регресс"},{"name":"resultFormat","value":"allure2"}],"parameters":[{"name":"ariaChecked","value":"\"false\""},{"name":"disId","value":"\"17\""}],"links":[],"hidden":false,"retry":false,"extra":{"severity":"critical","retries":[],"categories":[{"name":"Test defects","matchedStatuses":[],"flaky":false}],"history":{"statistic":{"failed":0,"broken":1,"skipped":0,"passed":72,"unknown":0,"total":73},"items":[{"uid":"b6d394e830ed896b","status":"passed","statusDetails":"Невозможно включить ИОТ, если в дисциплине есть активности","time":{"start":1722214289779,"stop":1722214292482,"duration":2703}},{"uid":"a97e9388e2733d55","status":"passed","statusDetails":"Невозможно включить ИОТ, если в дисциплине есть активности","time":{"start":1721977522847,"stop":1721977525606,"duration":2759}},{"uid":"a9f225c53195c665","status":"passed","statusDetails":"Невозможно включить ИОТ, если в дисциплине есть активности","time":{"start":1721975244104,"stop":1721975247176,"duration":3072}},{"uid":"a9fe562455b3b081","status":"passed","statusDetails":"Невозможно включить ИОТ, если в дисциплине есть активности","time":{"start":1721816240054,"stop":1721816242984,"duration":2930}},{"uid":"dce41a8a8335e652","status":"passed","statusDetails":"Невозможно включить ИОТ, если в дисциплине есть активности","time":{"start":1721803610019,"stop":1721803612428,"duration":2409}},{"uid":"a16e29d54c9149db","status":"passed","statusDetails":"Невозможно включить ИОТ, если в дисциплине есть активности","time":{"start":1721372713347,"stop":1721372715989,"duration":2642}},{"uid":"685a49fc1f32708e","status":"passed","statusDetails":"Невозможно включить ИОТ, если в дисциплине есть активности","time":{"start":1720574623769,"stop":1720574626205,"duration":2436}},{"uid":"cddbb49ee52ce6ef","status":"passed","statusDetails":"Невозможно включить ИОТ, если в дисциплине есть активности","time":{"start":1718784911061,"stop":1718784912949,"duration":1888}},{"uid":"f98e861cc103d1d7","status":"passed","statusDetails":"Невозможно включить ИОТ, если в дисциплине есть активности","time":{"start":1718782076664,"stop":1718782078927,"duration":2263}},{"uid":"67f479c1f493ae29","status":"passed","statusDetails":"Невозможно включить ИОТ, если в дисциплине есть активности","time":{"start":1718092743107,"stop":1718092745409,"duration":2302}},{"uid":"fdd85a254d2a5f4e","status":"passed","statusDetails":"Невозможно включить ИОТ, если в дисциплине есть активности","time":{"start":1718083459946,"stop":1718083462518,"duration":2572}},{"uid":"23caa6038ca88abe","status":"passed","statusDetails":"Невозможно включить ИОТ, если в дисциплине есть активности","time":{"start":1717741304850,"stop":1717741307588,"duration":2738}},{"uid":"aa00585c30cad275","status":"passed","statusDetails":"Невозможно включить ИОТ, если в дисциплине есть активности","time":{"start":1717604091292,"stop":1717604093941,"duration":2649}},{"uid":"1f4075203d7c84fd","status":"passed","statusDetails":"Невозможно включить ИОТ, если в дисциплине есть активности","time":{"start":1717571373322,"stop":1717571375767,"duration":2445}},{"uid":"316f2f4e9632b69d","status":"passed","statusDetails":"Невозможно включить ИОТ, если в дисциплине есть активности","time":{"start":1717467269704,"stop":1717467273545,"duration":3841}},{"uid":"bfe682a1e12e8c5f","status":"passed","statusDetails":"Невозможно включить ИОТ, если в дисциплине есть активности","time":{"start":1716479210016,"stop":1716479212456,"duration":2440}},{"uid":"99c06225169a85d","status":"passed","statusDetails":"Невозможно включить ИОТ, если в дисциплине есть активности","time":{"start":1716468227542,"stop":1716468230496,"duration":2954}},{"uid":"12020cab02128af7","status":"passed","statusDetails":"Невозможно включить ИОТ, если в дисциплине есть активности","time":{"start":1716394709319,"stop":1716394711797,"duration":2478}},{"uid":"c7f4b58095bfb72c","status":"passed","statusDetails":"Невозможно включить ИОТ, если в дисциплине есть активности","time":{"start":1716391988583,"stop":1716391991014,"duration":2431}},{"uid":"f17594f668d0350b","status":"passed","statusDetails":"Невозможно включить ИОТ, если в дисциплине есть активности","time":{"start":1716271831303,"stop":1716271833904,"duration":2601}}]},"tags":["Регресс","Дежурство","Дисциплина"]},"source":"e8ac8a0a3f364895.json","parameterValues":["\"false\"","\"17\""]}