{"uid":"ea2952024aad810f","name":"Можно добавить шаблон активности в шаблон дисциплины, создав его","fullName":"OdinUiTests:OdinUiTests.Tests.Discipline.DisTemplateTests.CheckCreateActivityInDisTemplate()","historyId":"37f3871a17dbdf9a23b90c56dde81f2d","time":{"start":1759284000004,"stop":1759284027531,"duration":27527},"status":"broken","statusMessage":"System.Reflection.TargetInvocationException : Exception has been thrown by the target of an invocation.\n  ----> OpenQA.Selenium.WebDriverTimeoutException : Timed out after 15 seconds\n  ----> OpenQA.Selenium.NoSuchElementException : no such element: Unable to locate element: {\"method\":\"css selector\",\"selector\":\".breadcrumbs-component [href*='Discipline']\"}\n  (Session info: chrome=140.0.7339.127); For documentation on this error, please visit: https://www.selenium.dev/documentation/webdriver/troubleshooting/errors#no-such-element-exception","statusTrace":"   at System.Reflection.MethodBaseInvoker.InvokeWithManyArgs(Object obj, BindingFlags invokeAttr, Binder binder, Object[] parameters, CultureInfo culture)\n   at Allure.Net.Commons.Steps.AllureStepAspectBase.Around(String name, Object[] args, Func`2 target, MethodBase metadata, Type returnType)\n   at OdinUiTests.Pages.ActivityCommonPage.__a$_around_ClickOnDisBreadCrumb_100666108_w_0(Object[])\n   at OdinUiTests.Pages.ActivityCommonPage.ClickOnDisBreadCrumb()\n   at OdinUiTests.Tests.Discipline.DisTemplateTests.CheckCreateActivityInDisTemplate() in /azp/_work/1/s/Tests/Discipline/DisTemplateTests.cs:line 112\n   at System.RuntimeMethodHandle.InvokeMethod(Object target, Void** arguments, Signature sig, Boolean isConstructor)\n   at System.Reflection.MethodBaseInvoker.InvokeWithNoArgs(Object obj, BindingFlags invokeAttr)\n--WebDriverTimeoutException\n   at OpenQA.Selenium.Support.UI.DefaultWait`1.ThrowTimeoutException(String exceptionMessage, Exception lastException)\n   at OpenQA.Selenium.Support.UI.DefaultWait`1.Until[TResult](Func`2 condition, CancellationToken token)\n   at OpenQA.Selenium.Support.UI.DefaultWait`1.Until[TResult](Func`2 condition)\n   at OdinUiTests.Services.CommonService.WaitAndFind(IWebDriver driver, By selector, Int32 timeoutSeconds) in /azp/_work/1/s/Services/CommonService.cs:line 840\n   at OdinUiTests.Pages.ActivityCommonPage.__a$_around_ClickOnDisBreadCrumb_100666108_o() in /azp/_work/1/s/Pages/ActivityCommonPage.cs:line 301\n   at OdinUiTests.Pages.ActivityCommonPage.__a$_around_ClickOnDisBreadCrumb_100666108_u(Object[])\n   at Allure.Net.Commons.Steps.AllureAbstractStepAspect.WrapSync[T](Func`2 target, Object[] args, MethodBase metadata, String stepName, List`1 stepParameters)\n   at InvokeStub_AllureAbstractStepAspect.WrapSync(Object, Span`1)\n   at System.Reflection.MethodBaseInvoker.InvokeWithManyArgs(Object obj, BindingFlags invokeAttr, Binder binder, Object[] parameters, CultureInfo culture)\n--NoSuchElementException\n   at OpenQA.Selenium.WebDriver.UnpackAndThrowOnError(Response errorResponse, String commandToExecute)\n   at OpenQA.Selenium.WebDriver.ExecuteAsync(String driverCommandToExecute, Dictionary`2 parameters)\n   at SeleniumExtras.WaitHelpers.ExpectedConditions.<>c__DisplayClass19_0.<ElementToBeClickable>b__0(IWebDriver driver)\n   at OpenQA.Selenium.Support.UI.DefaultWait`1.Until[TResult](Func`2 condition, CancellationToken token)","flaky":false,"newFailed":false,"newBroken":false,"newPassed":false,"retriesCount":0,"retriesStatusChange":false,"beforeStages":[],"testStage":{"status":"broken","statusMessage":"System.Reflection.TargetInvocationException : Exception has been thrown by the target of an invocation.\n  ----> OpenQA.Selenium.WebDriverTimeoutException : Timed out after 15 seconds\n  ----> OpenQA.Selenium.NoSuchElementException : no such element: Unable to locate element: {\"method\":\"css selector\",\"selector\":\".breadcrumbs-component [href*='Discipline']\"}\n  (Session info: chrome=140.0.7339.127); For documentation on this error, please visit: https://www.selenium.dev/documentation/webdriver/troubleshooting/errors#no-such-element-exception","statusTrace":"   at System.Reflection.MethodBaseInvoker.InvokeWithManyArgs(Object obj, BindingFlags invokeAttr, Binder binder, Object[] parameters, CultureInfo culture)\n   at Allure.Net.Commons.Steps.AllureStepAspectBase.Around(String name, Object[] args, Func`2 target, MethodBase metadata, Type returnType)\n   at OdinUiTests.Pages.ActivityCommonPage.__a$_around_ClickOnDisBreadCrumb_100666108_w_0(Object[])\n   at OdinUiTests.Pages.ActivityCommonPage.ClickOnDisBreadCrumb()\n   at OdinUiTests.Tests.Discipline.DisTemplateTests.CheckCreateActivityInDisTemplate() in /azp/_work/1/s/Tests/Discipline/DisTemplateTests.cs:line 112\n   at System.RuntimeMethodHandle.InvokeMethod(Object target, Void** arguments, Signature sig, Boolean isConstructor)\n   at System.Reflection.MethodBaseInvoker.InvokeWithNoArgs(Object obj, BindingFlags invokeAttr)\n--WebDriverTimeoutException\n   at OpenQA.Selenium.Support.UI.DefaultWait`1.ThrowTimeoutException(String exceptionMessage, Exception lastException)\n   at OpenQA.Selenium.Support.UI.DefaultWait`1.Until[TResult](Func`2 condition, CancellationToken token)\n   at OpenQA.Selenium.Support.UI.DefaultWait`1.Until[TResult](Func`2 condition)\n   at OdinUiTests.Services.CommonService.WaitAndFind(IWebDriver driver, By selector, Int32 timeoutSeconds) in /azp/_work/1/s/Services/CommonService.cs:line 840\n   at OdinUiTests.Pages.ActivityCommonPage.__a$_around_ClickOnDisBreadCrumb_100666108_o() in /azp/_work/1/s/Pages/ActivityCommonPage.cs:line 301\n   at OdinUiTests.Pages.ActivityCommonPage.__a$_around_ClickOnDisBreadCrumb_100666108_u(Object[])\n   at Allure.Net.Commons.Steps.AllureAbstractStepAspect.WrapSync[T](Func`2 target, Object[] args, MethodBase metadata, String stepName, List`1 stepParameters)\n   at InvokeStub_AllureAbstractStepAspect.WrapSync(Object, Span`1)\n   at System.Reflection.MethodBaseInvoker.InvokeWithManyArgs(Object obj, BindingFlags invokeAttr, Binder binder, Object[] parameters, CultureInfo culture)\n--NoSuchElementException\n   at OpenQA.Selenium.WebDriver.UnpackAndThrowOnError(Response errorResponse, String commandToExecute)\n   at OpenQA.Selenium.WebDriver.ExecuteAsync(String driverCommandToExecute, Dictionary`2 parameters)\n   at SeleniumExtras.WaitHelpers.ExpectedConditions.<>c__DisplayClass19_0.<ElementToBeClickable>b__0(IWebDriver driver)\n   at OpenQA.Selenium.Support.UI.DefaultWait`1.Until[TResult](Func`2 condition, CancellationToken token)","steps":[{"name":"Открыть страницу шаблона дисциплины","time":{"start":1759284000004,"stop":1759284000905,"duration":901},"status":"passed","steps":[],"attachments":[],"parameters":[{"name":"contentId","value":"\"2215063\""}],"stepsCount":0,"attachmentsCount":0,"shouldDisplayMessage":false,"hasContent":true},{"name":"Нажать кнопки ‘Активность’ -> ‘Создать шаблон’","time":{"start":1759284000906,"stop":1759284004433,"duration":3527},"status":"passed","steps":[],"attachments":[],"parameters":[],"stepsCount":0,"attachmentsCount":0,"shouldDisplayMessage":false,"hasContent":false},{"name":"Ввести значение в поле 'Название активности'","time":{"start":1759284004434,"stop":1759284006308,"duration":1874},"status":"passed","steps":[],"attachments":[],"parameters":[{"name":"name","value":"\"ED4AG95E718063A\""}],"stepsCount":0,"attachmentsCount":0,"shouldDisplayMessage":false,"hasContent":true},{"name":"Ввести значение в поле 'Описание'","time":{"start":1759284006308,"stop":1759284008856,"duration":2548},"status":"passed","steps":[],"attachments":[],"parameters":[{"name":"description","value":"\"ED4AG95E718063A\""}],"stepsCount":0,"attachmentsCount":0,"shouldDisplayMessage":false,"hasContent":true},{"name":"Нажать на кнопку ‘Сохранить’","time":{"start":1759284008857,"stop":1759284012064,"duration":3207},"status":"passed","steps":[{"name":"Нажать на кнопку 'Сохранить' и подтвердить сохранение","time":{"start":1759284008857,"stop":1759284012064,"duration":3207},"status":"passed","steps":[],"attachments":[],"parameters":[],"stepsCount":0,"attachmentsCount":0,"shouldDisplayMessage":false,"hasContent":false}],"attachments":[],"parameters":[{"name":"isTemplate","value":"false"}],"stepsCount":1,"attachmentsCount":0,"shouldDisplayMessage":false,"hasContent":true},{"name":"Переход на страницу шаблона дисциплины","time":{"start":1759284012064,"stop":1759284027375,"duration":15311},"status":"broken","statusMessage":"Timed out after 15 seconds","statusTrace":"OpenQA.Selenium.WebDriverTimeoutException: Timed out after 15 seconds\n ---> OpenQA.Selenium.NoSuchElementException: no such element: Unable to locate element: {\"method\":\"css selector\",\"selector\":\".breadcrumbs-component [href*='Discipline']\"}\n  (Session info: chrome=140.0.7339.127); For documentation on this error, please visit: https://www.selenium.dev/documentation/webdriver/troubleshooting/errors#no-such-element-exception\n   at OpenQA.Selenium.WebDriver.UnpackAndThrowOnError(Response errorResponse, String commandToExecute)\n   at OpenQA.Selenium.WebDriver.ExecuteAsync(String driverCommandToExecute, Dictionary`2 parameters)\n   at SeleniumExtras.WaitHelpers.ExpectedConditions.<>c__DisplayClass19_0.<ElementToBeClickable>b__0(IWebDriver driver)\n   at OpenQA.Selenium.Support.UI.DefaultWait`1.Until[TResult](Func`2 condition, CancellationToken token)\n   --- End of inner exception stack trace ---\n   at OpenQA.Selenium.Support.UI.DefaultWait`1.ThrowTimeoutException(String exceptionMessage, Exception lastException)\n   at OpenQA.Selenium.Support.UI.DefaultWait`1.Until[TResult](Func`2 condition, CancellationToken token)\n   at OpenQA.Selenium.Support.UI.DefaultWait`1.Until[TResult](Func`2 condition)\n   at OdinUiTests.Services.CommonService.WaitAndFind(IWebDriver driver, By selector, Int32 timeoutSeconds) in /azp/_work/1/s/Services/CommonService.cs:line 840\n   at OdinUiTests.Pages.ActivityCommonPage.__a$_around_ClickOnDisBreadCrumb_100666108_o() in /azp/_work/1/s/Pages/ActivityCommonPage.cs:line 301\n   at OdinUiTests.Pages.ActivityCommonPage.__a$_around_ClickOnDisBreadCrumb_100666108_u(Object[])\n   at Allure.Net.Commons.Steps.AllureAbstractStepAspect.WrapSync[T](Func`2 target, Object[] args, MethodBase metadata, String stepName, List`1 stepParameters)","steps":[],"attachments":[],"parameters":[],"stepsCount":0,"attachmentsCount":0,"shouldDisplayMessage":true,"hasContent":true}],"attachments":[{"uid":"cad8400c7945f7a4","name":"CheckCreateActivityInDisTemplate.jpg","source":"cad8400c7945f7a4.jpg","type":"image/jpeg","size":33213},{"uid":"9dd80222326b484b","name":"Console Output","source":"9dd80222326b484b.txt","type":"text/plain","size":55}],"parameters":[],"stepsCount":7,"attachmentsCount":2,"shouldDisplayMessage":true,"hasContent":true},"afterStages":[],"labels":[{"name":"thread","value":"NUnit.Fw.ParallelWorker#4"},{"name":"host","value":"1d7dcfde372c"},{"name":"language","value":"C#"},{"name":"framework","value":"NUnit 3"},{"name":"package","value":"OdinUiTests.Tests.Discipline"},{"name":"testMethod","value":"CheckCreateActivityInDisTemplate"},{"name":"testClass","value":"DisTemplateTests"},{"name":"suite","value":"Дисциплина"},{"name":"subSuite","value":"Шаблон дисциплины"},{"name":"severity","value":"normal"},{"name":"tag","value":"Дисциплина"},{"name":"tag","value":"Дежурство"},{"name":"tag","value":"Регресс"},{"name":"resultFormat","value":"allure2"}],"parameters":[],"links":[],"hidden":true,"retry":true,"extra":{"categories":[],"tags":["Регресс","Дежурство","Дисциплина"]},"source":"ea2952024aad810f.json","parameterValues":[]}