{"uid":"edbd0019fdbf1a7","name":"Страница дисциплины с ИОТ: внутри модуля нельзя создать модуль","fullName":"OdinUiTests:OdinUiTests.Tests.Discipline.IOTThemesAndModulesTests.CheckCannotCreateModuleInsideModule()","historyId":"3aa459afae3a8a4176860733b6241aba","time":{"start":1741890872832,"stop":1741890910232,"duration":37400},"status":"broken","statusMessage":"System.Reflection.TargetInvocationException : Exception has been thrown by the target of an invocation.\n  ----> OpenQA.Selenium.WebDriverTimeoutException : Timed out after 30 seconds\n  ----> OpenQA.Selenium.NoSuchElementException : no such element: Unable to locate element: {\"method\":\"css selector\",\"selector\":\".graph\\-component\"}\n  (Session info: chrome=132.0.6834.83); For documentation on this error, please visit: https://www.selenium.dev/documentation/webdriver/troubleshooting/errors#no-such-element-exception","statusTrace":"   at System.Reflection.MethodBaseInvoker.InvokeWithManyArgs(Object obj, BindingFlags invokeAttr, Binder binder, Object[] parameters, CultureInfo culture)\n   at Allure.Net.Commons.Steps.AllureStepAspectBase.Around(String name, Object[] args, Func`2 target, MethodBase metadata, Type returnType)\n   at OdinUiTests.Pages.DisCommonInfoPage.__a$_around_AddDesiredBlockIfNotExist_100666648_w_0(Object[])\n   at OdinUiTests.Pages.DisCommonInfoPage.AddDesiredBlockIfNotExist(String kindOfBlock)\n   at OdinUiTests.Tests.Discipline.IOTThemesAndModulesTests.CheckCannotCreateModuleInsideModule() in /azp/_work/3/s/Tests/Discipline/DisCreateEditTests.cs:line 264\n   at System.RuntimeMethodHandle.InvokeMethod(Object target, Void** arguments, Signature sig, Boolean isConstructor)\n   at System.Reflection.MethodBaseInvoker.InvokeWithNoArgs(Object obj, BindingFlags invokeAttr)\n--WebDriverTimeoutException\n   at OpenQA.Selenium.Support.UI.DefaultWait`1.ThrowTimeoutException(String exceptionMessage, Exception lastException)\n   at OpenQA.Selenium.Support.UI.DefaultWait`1.Until[TResult](Func`2 condition, CancellationToken token)\n   at OpenQA.Selenium.Support.UI.DefaultWait`1.Until[TResult](Func`2 condition)\n   at OdinUiTests.Pages.DisCommonInfoPage.__a$_around_AddDesiredBlockIfNotExist_100666648_o(String kindOfBlock) in /azp/_work/3/s/Pages/DisCommonInfoPage.cs:line 494\n   at OdinUiTests.Pages.DisCommonInfoPage.__a$_around_AddDesiredBlockIfNotExist_100666648_u(Object[])\n   at Allure.Net.Commons.Steps.AllureAbstractStepAspect.WrapSync[T](Func`2 target, Object[] args, MethodBase metadata, String stepName, List`1 stepParameters)\n   at InvokeStub_AllureAbstractStepAspect.WrapSync(Object, Span`1)\n   at System.Reflection.MethodBaseInvoker.InvokeWithManyArgs(Object obj, BindingFlags invokeAttr, Binder binder, Object[] parameters, CultureInfo culture)\n--NoSuchElementException\n   at OpenQA.Selenium.WebDriver.UnpackAndThrowOnError(Response errorResponse, String commandToExecute)\n   at OpenQA.Selenium.WebDriver.ExecuteAsync(String driverCommandToExecute, Dictionary`2 parameters)\n   at SeleniumExtras.WaitHelpers.ExpectedConditions.<>c__DisplayClass7_0.<ElementIsVisible>b__0(IWebDriver driver)\n   at OpenQA.Selenium.Support.UI.DefaultWait`1.Until[TResult](Func`2 condition, CancellationToken token)","flaky":false,"newFailed":false,"newBroken":true,"newPassed":false,"retriesCount":0,"retriesStatusChange":false,"beforeStages":[],"testStage":{"status":"broken","statusMessage":"System.Reflection.TargetInvocationException : Exception has been thrown by the target of an invocation.\n  ----> OpenQA.Selenium.WebDriverTimeoutException : Timed out after 30 seconds\n  ----> OpenQA.Selenium.NoSuchElementException : no such element: Unable to locate element: {\"method\":\"css selector\",\"selector\":\".graph\\-component\"}\n  (Session info: chrome=132.0.6834.83); For documentation on this error, please visit: https://www.selenium.dev/documentation/webdriver/troubleshooting/errors#no-such-element-exception","statusTrace":"   at System.Reflection.MethodBaseInvoker.InvokeWithManyArgs(Object obj, BindingFlags invokeAttr, Binder binder, Object[] parameters, CultureInfo culture)\n   at Allure.Net.Commons.Steps.AllureStepAspectBase.Around(String name, Object[] args, Func`2 target, MethodBase metadata, Type returnType)\n   at OdinUiTests.Pages.DisCommonInfoPage.__a$_around_AddDesiredBlockIfNotExist_100666648_w_0(Object[])\n   at OdinUiTests.Pages.DisCommonInfoPage.AddDesiredBlockIfNotExist(String kindOfBlock)\n   at OdinUiTests.Tests.Discipline.IOTThemesAndModulesTests.CheckCannotCreateModuleInsideModule() in /azp/_work/3/s/Tests/Discipline/DisCreateEditTests.cs:line 264\n   at System.RuntimeMethodHandle.InvokeMethod(Object target, Void** arguments, Signature sig, Boolean isConstructor)\n   at System.Reflection.MethodBaseInvoker.InvokeWithNoArgs(Object obj, BindingFlags invokeAttr)\n--WebDriverTimeoutException\n   at OpenQA.Selenium.Support.UI.DefaultWait`1.ThrowTimeoutException(String exceptionMessage, Exception lastException)\n   at OpenQA.Selenium.Support.UI.DefaultWait`1.Until[TResult](Func`2 condition, CancellationToken token)\n   at OpenQA.Selenium.Support.UI.DefaultWait`1.Until[TResult](Func`2 condition)\n   at OdinUiTests.Pages.DisCommonInfoPage.__a$_around_AddDesiredBlockIfNotExist_100666648_o(String kindOfBlock) in /azp/_work/3/s/Pages/DisCommonInfoPage.cs:line 494\n   at OdinUiTests.Pages.DisCommonInfoPage.__a$_around_AddDesiredBlockIfNotExist_100666648_u(Object[])\n   at Allure.Net.Commons.Steps.AllureAbstractStepAspect.WrapSync[T](Func`2 target, Object[] args, MethodBase metadata, String stepName, List`1 stepParameters)\n   at InvokeStub_AllureAbstractStepAspect.WrapSync(Object, Span`1)\n   at System.Reflection.MethodBaseInvoker.InvokeWithManyArgs(Object obj, BindingFlags invokeAttr, Binder binder, Object[] parameters, CultureInfo culture)\n--NoSuchElementException\n   at OpenQA.Selenium.WebDriver.UnpackAndThrowOnError(Response errorResponse, String commandToExecute)\n   at OpenQA.Selenium.WebDriver.ExecuteAsync(String driverCommandToExecute, Dictionary`2 parameters)\n   at SeleniumExtras.WaitHelpers.ExpectedConditions.<>c__DisplayClass7_0.<ElementIsVisible>b__0(IWebDriver driver)\n   at OpenQA.Selenium.Support.UI.DefaultWait`1.Until[TResult](Func`2 condition, CancellationToken token)","steps":[{"name":"Открыть страницу дисциплины","time":{"start":1741890874319,"stop":1741890877619,"duration":3300},"status":"passed","steps":[],"attachments":[],"parameters":[{"name":"disciplineId","value":"\"111816\""}],"stepsCount":0,"attachmentsCount":0,"shouldDisplayMessage":false,"hasContent":true},{"name":"Добавить нужный блок в дисциплину с ИОТ если она отсутствует","time":{"start":1741890877620,"stop":1741890907731,"duration":30111},"status":"broken","statusMessage":"Timed out after 30 seconds","statusTrace":"OpenQA.Selenium.WebDriverTimeoutException: Timed out after 30 seconds\n ---> OpenQA.Selenium.NoSuchElementException: no such element: Unable to locate element: {\"method\":\"css selector\",\"selector\":\".graph\\-component\"}\n  (Session info: chrome=132.0.6834.83); For documentation on this error, please visit: https://www.selenium.dev/documentation/webdriver/troubleshooting/errors#no-such-element-exception\n   at OpenQA.Selenium.WebDriver.UnpackAndThrowOnError(Response errorResponse, String commandToExecute)\n   at OpenQA.Selenium.WebDriver.ExecuteAsync(String driverCommandToExecute, Dictionary`2 parameters)\n   at SeleniumExtras.WaitHelpers.ExpectedConditions.<>c__DisplayClass7_0.<ElementIsVisible>b__0(IWebDriver driver)\n   at OpenQA.Selenium.Support.UI.DefaultWait`1.Until[TResult](Func`2 condition, CancellationToken token)\n   --- End of inner exception stack trace ---\n   at OpenQA.Selenium.Support.UI.DefaultWait`1.ThrowTimeoutException(String exceptionMessage, Exception lastException)\n   at OpenQA.Selenium.Support.UI.DefaultWait`1.Until[TResult](Func`2 condition, CancellationToken token)\n   at OpenQA.Selenium.Support.UI.DefaultWait`1.Until[TResult](Func`2 condition)\n   at OdinUiTests.Pages.DisCommonInfoPage.__a$_around_AddDesiredBlockIfNotExist_100666648_o(String kindOfBlock) in /azp/_work/3/s/Pages/DisCommonInfoPage.cs:line 494\n   at OdinUiTests.Pages.DisCommonInfoPage.__a$_around_AddDesiredBlockIfNotExist_100666648_u(Object[])\n   at Allure.Net.Commons.Steps.AllureAbstractStepAspect.WrapSync[T](Func`2 target, Object[] args, MethodBase metadata, String stepName, List`1 stepParameters)","steps":[],"attachments":[],"parameters":[{"name":"kindOfBlock","value":"\"Модуль\""}],"stepsCount":0,"attachmentsCount":0,"shouldDisplayMessage":true,"hasContent":true}],"attachments":[{"uid":"c303a80db7f3dc2c","name":"CheckCannotCreateModuleInsideModule.jpg","source":"c303a80db7f3dc2c.jpg","type":"image/jpeg","size":28131},{"uid":"ecc9d69de067e8c7","name":"Console Output","source":"ecc9d69de067e8c7.txt","type":"text/plain","size":52}],"parameters":[],"stepsCount":2,"attachmentsCount":2,"shouldDisplayMessage":true,"hasContent":true},"afterStages":[],"labels":[{"name":"thread","value":"NUnit.Fw.ParallelWorker#7"},{"name":"host","value":"6ac935c0ed16"},{"name":"language","value":"C#"},{"name":"framework","value":"NUnit 3"},{"name":"package","value":"OdinUiTests.Tests.Discipline"},{"name":"testMethod","value":"CheckCannotCreateModuleInsideModule"},{"name":"testClass","value":"IOTThemesAndModulesTests"},{"name":"suite","value":"Дисциплина"},{"name":"subSuite","value":"Дисциплина с ИОТ"},{"name":"severity","value":"critical"},{"name":"tag","value":"Дисциплина"},{"name":"tag","value":"Регресс"},{"name":"resultFormat","value":"allure2"}],"parameters":[],"links":[],"hidden":false,"retry":false,"extra":{"severity":"critical","retries":[],"categories":[{"name":"Test defects","matchedStatuses":[],"flaky":false}],"history":{"statistic":{"failed":0,"broken":1,"skipped":0,"passed":52,"unknown":0,"total":53},"items":[{"uid":"6fc5f36dbb7c0322","status":"passed","time":{"start":1741243641966,"stop":1741243661904,"duration":19938}},{"uid":"59ce09ad3f2a8971","status":"passed","time":{"start":1741140872863,"stop":1741140905564,"duration":32701}},{"uid":"e0af5f30b7cb3349","status":"passed","time":{"start":1740470010502,"stop":1740470028702,"duration":18200}},{"uid":"e75e632d5be162fb","status":"passed","time":{"start":1737613459164,"stop":1737613490158,"duration":30994}},{"uid":"bdc69e1ecb1311d3","status":"passed","time":{"start":1737567636870,"stop":1737567666667,"duration":29797}},{"uid":"694b6365a4f5eea5","status":"passed","time":{"start":1736951528377,"stop":1736951552364,"duration":23987}},{"uid":"6aed0a1d264fbb97","status":"passed","time":{"start":1732118113926,"stop":1732118131390,"duration":17464}},{"uid":"fa27a67371537d5d","status":"passed","time":{"start":1732033873007,"stop":1732033890099,"duration":17092}},{"uid":"7602f84a4670c66c","status":"passed","statusDetails":"Страница дисциплины с ИОТ: внутри модуля нельзя создать модуль","time":{"start":1728640426964,"stop":1728640445612,"duration":18648}},{"uid":"f29905a51c3729b1","status":"passed","statusDetails":"Страница дисциплины с ИОТ: внутри модуля нельзя создать модуль","time":{"start":1727714836174,"stop":1727714855048,"duration":18874}},{"uid":"f845fd067d4f928a","status":"passed","statusDetails":"Страница дисциплины с ИОТ: внутри модуля нельзя создать модуль","time":{"start":1727353297868,"stop":1727353314699,"duration":16831}},{"uid":"42435f77dec345d5","status":"passed","statusDetails":"Страница дисциплины с ИОТ: внутри модуля нельзя создать модуль","time":{"start":1727072931969,"stop":1727072954019,"duration":22050}},{"uid":"f2621b87097a58ee","status":"passed","statusDetails":"Страница дисциплины с ИОТ: внутри модуля нельзя создать модуль","time":{"start":1726128566877,"stop":1726128588646,"duration":21769}},{"uid":"85cbe96b1726740d","status":"passed","time":{"start":1725343169546,"stop":1725343192217,"duration":22671}},{"uid":"a1c4da71e3b7f8f2","status":"passed","statusDetails":"Страница дисциплины с ИОТ: внутри модуля нельзя создать модуль","time":{"start":1722214347355,"stop":1722214364010,"duration":16655}},{"uid":"d2ad03c5ab8daecf","status":"passed","statusDetails":"Страница дисциплины с ИОТ: внутри модуля нельзя создать модуль","time":{"start":1721977586693,"stop":1721977607258,"duration":20565}},{"uid":"d77571596eb265b3","status":"passed","statusDetails":"Страница дисциплины с ИОТ: внутри модуля нельзя создать модуль","time":{"start":1721975313893,"stop":1721975334718,"duration":20825}},{"uid":"a8fcb9f36d3b91c9","status":"passed","statusDetails":"Страница дисциплины с ИОТ: внутри модуля нельзя создать модуль","time":{"start":1721816292646,"stop":1721816309533,"duration":16887}},{"uid":"a1f74973c535c97a","status":"passed","statusDetails":"Страница дисциплины с ИОТ: внутри модуля нельзя создать модуль","time":{"start":1720574692483,"stop":1720574710041,"duration":17558}},{"uid":"a92eaf864ac8c43f","status":"passed","statusDetails":"Страница дисциплины с ИОТ: внутри модуля нельзя создать модуль","time":{"start":1718784977237,"stop":1718785001312,"duration":24075}}]},"tags":["Регресс","Дисциплина"]},"source":"edbd0019fdbf1a7.json","parameterValues":[]}