{"uid":"f2be51acfd924c02","name":"Конструктор теста: можно добавить вопрос с типом ответа “Сопоставление”","fullName":"OdinUiTests:OdinUiTests.Tests.Library.TestAddingQuestionsTests.CheckAddComparisonTestQuestion()","historyId":"2fd697367e071524ecc6a39cca2078f6","time":{"start":1743659695834,"stop":1743659755335,"duration":59501},"status":"broken","statusMessage":"System.Reflection.TargetInvocationException : Exception has been thrown by the target of an invocation.\n  ----> System.Reflection.TargetInvocationException : Exception has been thrown by the target of an invocation.\n  ----> OpenQA.Selenium.WebDriverTimeoutException : Timed out after 30 seconds\n  ----> OpenQA.Selenium.NoSuchElementException : no such element: Unable to locate element: {\"method\":\"xpath\",\"selector\":\"//div[contains(text(),'Сохраняем')]\"}\n  (Session info: chrome=132.0.6834.83); For documentation on this error, please visit: https://www.selenium.dev/documentation/webdriver/troubleshooting/errors#no-such-element-exception","statusTrace":"   at System.Reflection.MethodBaseInvoker.InvokeWithManyArgs(Object obj, BindingFlags invokeAttr, Binder binder, Object[] parameters, CultureInfo culture)\n   at Allure.Net.Commons.Steps.AllureStepAspectBase.Around(String name, Object[] args, Func`2 target, MethodBase metadata, Type returnType)\n   at OdinUiTests.Pages.TestCommonEditPage.__a$_around_AddQuestion_100667110_w_0(Object[])\n   at OdinUiTests.Pages.TestCommonEditPage.AddQuestion()\n   at OdinUiTests.Tests.Library.TestCreateEditCommon.AddQuestionWithComparisonOption(IWebDriver driver, String id, Int32 numOfAnswer) in /azp/_work/2/s/Tests/Library/TestCreateEditCommon.cs:line 408\n   at OdinUiTests.Tests.Library.TestAddingQuestionsTests.CheckAddComparisonTestQuestion() in /azp/_work/2/s/Tests/Library/TestCreateEditTests.cs:line 396\n   at System.RuntimeMethodHandle.InvokeMethod(Object target, Void** arguments, Signature sig, Boolean isConstructor)\n   at System.Reflection.MethodBaseInvoker.InvokeWithNoArgs(Object obj, BindingFlags invokeAttr)\n--TargetInvocationException\n   at System.Reflection.MethodBaseInvoker.InvokeWithManyArgs(Object obj, BindingFlags invokeAttr, Binder binder, Object[] parameters, CultureInfo culture)\n   at Allure.Net.Commons.Steps.AllureStepAspectBase.Around(String name, Object[] args, Func`2 target, MethodBase metadata, Type returnType)\n   at OdinUiTests.Pages.TestCommonEditPage.__a$_around_SaveChanges_100667096_w_0(Object[])\n   at OdinUiTests.Pages.TestCommonEditPage.SaveChanges()\n   at OdinUiTests.Pages.TestCommonEditPage.__a$_around_AddQuestion_100667110_o() in /azp/_work/2/s/Pages/TestCommonEditPage.cs:line 259\n   at OdinUiTests.Pages.TestCommonEditPage.__a$_around_AddQuestion_100667110_u(Object[])\n   at Allure.Net.Commons.Steps.AllureAbstractStepAspect.WrapSync[T](Func`2 target, Object[] args, MethodBase metadata, String stepName, List`1 stepParameters)\n   at InvokeStub_AllureAbstractStepAspect.WrapSync(Object, Span`1)\n   at System.Reflection.MethodBaseInvoker.InvokeWithManyArgs(Object obj, BindingFlags invokeAttr, Binder binder, Object[] parameters, CultureInfo culture)\n--WebDriverTimeoutException\n   at OpenQA.Selenium.Support.UI.DefaultWait`1.ThrowTimeoutException(String exceptionMessage, Exception lastException)\n   at OpenQA.Selenium.Support.UI.DefaultWait`1.Until[TResult](Func`2 condition, CancellationToken token)\n   at OpenQA.Selenium.Support.UI.DefaultWait`1.Until[TResult](Func`2 condition)\n   at OdinUiTests.Pages.TestCommonEditPage.__a$_around_SaveChanges_100667096_o() in /azp/_work/2/s/Pages/TestCommonEditPage.cs:line 99\n   at OdinUiTests.Pages.TestCommonEditPage.__a$_around_SaveChanges_100667096_u(Object[])\n   at Allure.Net.Commons.Steps.AllureAbstractStepAspect.WrapSync[T](Func`2 target, Object[] args, MethodBase metadata, String stepName, List`1 stepParameters)\n   at InvokeStub_AllureAbstractStepAspect.WrapSync(Object, Span`1)\n   at System.Reflection.MethodBaseInvoker.InvokeWithManyArgs(Object obj, BindingFlags invokeAttr, Binder binder, Object[] parameters, CultureInfo culture)\n--NoSuchElementException\n   at OpenQA.Selenium.WebDriver.UnpackAndThrowOnError(Response errorResponse, String commandToExecute)\n   at OpenQA.Selenium.WebDriver.ExecuteAsync(String driverCommandToExecute, Dictionary`2 parameters)\n   at SeleniumExtras.WaitHelpers.ExpectedConditions.<>c__DisplayClass7_0.<ElementIsVisible>b__0(IWebDriver driver)\n   at OpenQA.Selenium.Support.UI.DefaultWait`1.Until[TResult](Func`2 condition, CancellationToken token)","flaky":false,"newFailed":false,"newBroken":false,"newPassed":false,"retriesCount":0,"retriesStatusChange":false,"beforeStages":[],"testStage":{"status":"broken","statusMessage":"System.Reflection.TargetInvocationException : Exception has been thrown by the target of an invocation.\n  ----> System.Reflection.TargetInvocationException : Exception has been thrown by the target of an invocation.\n  ----> OpenQA.Selenium.WebDriverTimeoutException : Timed out after 30 seconds\n  ----> OpenQA.Selenium.NoSuchElementException : no such element: Unable to locate element: {\"method\":\"xpath\",\"selector\":\"//div[contains(text(),'Сохраняем')]\"}\n  (Session info: chrome=132.0.6834.83); For documentation on this error, please visit: https://www.selenium.dev/documentation/webdriver/troubleshooting/errors#no-such-element-exception","statusTrace":"   at System.Reflection.MethodBaseInvoker.InvokeWithManyArgs(Object obj, BindingFlags invokeAttr, Binder binder, Object[] parameters, CultureInfo culture)\n   at Allure.Net.Commons.Steps.AllureStepAspectBase.Around(String name, Object[] args, Func`2 target, MethodBase metadata, Type returnType)\n   at OdinUiTests.Pages.TestCommonEditPage.__a$_around_AddQuestion_100667110_w_0(Object[])\n   at OdinUiTests.Pages.TestCommonEditPage.AddQuestion()\n   at OdinUiTests.Tests.Library.TestCreateEditCommon.AddQuestionWithComparisonOption(IWebDriver driver, String id, Int32 numOfAnswer) in /azp/_work/2/s/Tests/Library/TestCreateEditCommon.cs:line 408\n   at OdinUiTests.Tests.Library.TestAddingQuestionsTests.CheckAddComparisonTestQuestion() in /azp/_work/2/s/Tests/Library/TestCreateEditTests.cs:line 396\n   at System.RuntimeMethodHandle.InvokeMethod(Object target, Void** arguments, Signature sig, Boolean isConstructor)\n   at System.Reflection.MethodBaseInvoker.InvokeWithNoArgs(Object obj, BindingFlags invokeAttr)\n--TargetInvocationException\n   at System.Reflection.MethodBaseInvoker.InvokeWithManyArgs(Object obj, BindingFlags invokeAttr, Binder binder, Object[] parameters, CultureInfo culture)\n   at Allure.Net.Commons.Steps.AllureStepAspectBase.Around(String name, Object[] args, Func`2 target, MethodBase metadata, Type returnType)\n   at OdinUiTests.Pages.TestCommonEditPage.__a$_around_SaveChanges_100667096_w_0(Object[])\n   at OdinUiTests.Pages.TestCommonEditPage.SaveChanges()\n   at OdinUiTests.Pages.TestCommonEditPage.__a$_around_AddQuestion_100667110_o() in /azp/_work/2/s/Pages/TestCommonEditPage.cs:line 259\n   at OdinUiTests.Pages.TestCommonEditPage.__a$_around_AddQuestion_100667110_u(Object[])\n   at Allure.Net.Commons.Steps.AllureAbstractStepAspect.WrapSync[T](Func`2 target, Object[] args, MethodBase metadata, String stepName, List`1 stepParameters)\n   at InvokeStub_AllureAbstractStepAspect.WrapSync(Object, Span`1)\n   at System.Reflection.MethodBaseInvoker.InvokeWithManyArgs(Object obj, BindingFlags invokeAttr, Binder binder, Object[] parameters, CultureInfo culture)\n--WebDriverTimeoutException\n   at OpenQA.Selenium.Support.UI.DefaultWait`1.ThrowTimeoutException(String exceptionMessage, Exception lastException)\n   at OpenQA.Selenium.Support.UI.DefaultWait`1.Until[TResult](Func`2 condition, CancellationToken token)\n   at OpenQA.Selenium.Support.UI.DefaultWait`1.Until[TResult](Func`2 condition)\n   at OdinUiTests.Pages.TestCommonEditPage.__a$_around_SaveChanges_100667096_o() in /azp/_work/2/s/Pages/TestCommonEditPage.cs:line 99\n   at OdinUiTests.Pages.TestCommonEditPage.__a$_around_SaveChanges_100667096_u(Object[])\n   at Allure.Net.Commons.Steps.AllureAbstractStepAspect.WrapSync[T](Func`2 target, Object[] args, MethodBase metadata, String stepName, List`1 stepParameters)\n   at InvokeStub_AllureAbstractStepAspect.WrapSync(Object, Span`1)\n   at System.Reflection.MethodBaseInvoker.InvokeWithManyArgs(Object obj, BindingFlags invokeAttr, Binder binder, Object[] parameters, CultureInfo culture)\n--NoSuchElementException\n   at OpenQA.Selenium.WebDriver.UnpackAndThrowOnError(Response errorResponse, String commandToExecute)\n   at OpenQA.Selenium.WebDriver.ExecuteAsync(String driverCommandToExecute, Dictionary`2 parameters)\n   at SeleniumExtras.WaitHelpers.ExpectedConditions.<>c__DisplayClass7_0.<ElementIsVisible>b__0(IWebDriver driver)\n   at OpenQA.Selenium.Support.UI.DefaultWait`1.Until[TResult](Func`2 condition, CancellationToken token)","steps":[{"name":"Открыть страницу материала","time":{"start":1743659695835,"stop":1743659698146,"duration":2311},"status":"passed","steps":[],"attachments":[],"parameters":[{"name":"id","value":"\"20\""}],"stepsCount":0,"attachmentsCount":0,"shouldDisplayMessage":false,"hasContent":true},{"name":"Нажать на кнопку “Редактировать”","time":{"start":1743659708053,"stop":1743659710433,"duration":2380},"status":"passed","steps":[],"attachments":[],"parameters":[],"stepsCount":0,"attachmentsCount":0,"shouldDisplayMessage":false,"hasContent":false},{"name":"Нажать на кнопку “Добавить еще вопрос”","time":{"start":1743659710433,"stop":1743659751245,"duration":40812},"status":"broken","statusMessage":"Exception has been thrown by the target of an invocation.","statusTrace":"System.Reflection.TargetInvocationException: Exception has been thrown by the target of an invocation.\n ---> OpenQA.Selenium.WebDriverTimeoutException: Timed out after 30 seconds\n ---> OpenQA.Selenium.NoSuchElementException: no such element: Unable to locate element: {\"method\":\"xpath\",\"selector\":\"//div[contains(text(),'Сохраняем')]\"}\n  (Session info: chrome=132.0.6834.83); For documentation on this error, please visit: https://www.selenium.dev/documentation/webdriver/troubleshooting/errors#no-such-element-exception\n   at OpenQA.Selenium.WebDriver.UnpackAndThrowOnError(Response errorResponse, String commandToExecute)\n   at OpenQA.Selenium.WebDriver.ExecuteAsync(String driverCommandToExecute, Dictionary`2 parameters)\n   at SeleniumExtras.WaitHelpers.ExpectedConditions.<>c__DisplayClass7_0.<ElementIsVisible>b__0(IWebDriver driver)\n   at OpenQA.Selenium.Support.UI.DefaultWait`1.Until[TResult](Func`2 condition, CancellationToken token)\n   --- End of inner exception stack trace ---\n   at OpenQA.Selenium.Support.UI.DefaultWait`1.ThrowTimeoutException(String exceptionMessage, Exception lastException)\n   at OpenQA.Selenium.Support.UI.DefaultWait`1.Until[TResult](Func`2 condition, CancellationToken token)\n   at OpenQA.Selenium.Support.UI.DefaultWait`1.Until[TResult](Func`2 condition)\n   at OdinUiTests.Pages.TestCommonEditPage.__a$_around_SaveChanges_100667096_o() in /azp/_work/2/s/Pages/TestCommonEditPage.cs:line 99\n   at OdinUiTests.Pages.TestCommonEditPage.__a$_around_SaveChanges_100667096_u(Object[])\n   at Allure.Net.Commons.Steps.AllureAbstractStepAspect.WrapSync[T](Func`2 target, Object[] args, MethodBase metadata, String stepName, List`1 stepParameters)\n   at InvokeStub_AllureAbstractStepAspect.WrapSync(Object, Span`1)\n   at System.Reflection.MethodBaseInvoker.InvokeWithManyArgs(Object obj, BindingFlags invokeAttr, Binder binder, Object[] parameters, CultureInfo culture)\n   --- End of inner exception stack trace ---\n   at System.Reflection.MethodBaseInvoker.InvokeWithManyArgs(Object obj, BindingFlags invokeAttr, Binder binder, Object[] parameters, CultureInfo culture)\n   at Allure.Net.Commons.Steps.AllureStepAspectBase.Around(String name, Object[] args, Func`2 target, MethodBase metadata, Type returnType)\n   at OdinUiTests.Pages.TestCommonEditPage.__a$_around_SaveChanges_100667096_w_0(Object[])\n   at OdinUiTests.Pages.TestCommonEditPage.SaveChanges()\n   at OdinUiTests.Pages.TestCommonEditPage.__a$_around_AddQuestion_100667110_o() in /azp/_work/2/s/Pages/TestCommonEditPage.cs:line 259\n   at OdinUiTests.Pages.TestCommonEditPage.__a$_around_AddQuestion_100667110_u(Object[])\n   at Allure.Net.Commons.Steps.AllureAbstractStepAspect.WrapSync[T](Func`2 target, Object[] args, MethodBase metadata, String stepName, List`1 stepParameters)","steps":[{"name":"Подождать пока появится слово “Сохранено”","time":{"start":1743659721034,"stop":1743659751245,"duration":30211},"status":"broken","statusMessage":"Timed out after 30 seconds","statusTrace":"OpenQA.Selenium.WebDriverTimeoutException: Timed out after 30 seconds\n ---> OpenQA.Selenium.NoSuchElementException: no such element: Unable to locate element: {\"method\":\"xpath\",\"selector\":\"//div[contains(text(),'Сохраняем')]\"}\n  (Session info: chrome=132.0.6834.83); For documentation on this error, please visit: https://www.selenium.dev/documentation/webdriver/troubleshooting/errors#no-such-element-exception\n   at OpenQA.Selenium.WebDriver.UnpackAndThrowOnError(Response errorResponse, String commandToExecute)\n   at OpenQA.Selenium.WebDriver.ExecuteAsync(String driverCommandToExecute, Dictionary`2 parameters)\n   at SeleniumExtras.WaitHelpers.ExpectedConditions.<>c__DisplayClass7_0.<ElementIsVisible>b__0(IWebDriver driver)\n   at OpenQA.Selenium.Support.UI.DefaultWait`1.Until[TResult](Func`2 condition, CancellationToken token)\n   --- End of inner exception stack trace ---\n   at OpenQA.Selenium.Support.UI.DefaultWait`1.ThrowTimeoutException(String exceptionMessage, Exception lastException)\n   at OpenQA.Selenium.Support.UI.DefaultWait`1.Until[TResult](Func`2 condition, CancellationToken token)\n   at OpenQA.Selenium.Support.UI.DefaultWait`1.Until[TResult](Func`2 condition)\n   at OdinUiTests.Pages.TestCommonEditPage.__a$_around_SaveChanges_100667096_o() in /azp/_work/2/s/Pages/TestCommonEditPage.cs:line 99\n   at OdinUiTests.Pages.TestCommonEditPage.__a$_around_SaveChanges_100667096_u(Object[])\n   at Allure.Net.Commons.Steps.AllureAbstractStepAspect.WrapSync[T](Func`2 target, Object[] args, MethodBase metadata, String stepName, List`1 stepParameters)","steps":[],"attachments":[],"parameters":[],"stepsCount":0,"attachmentsCount":0,"shouldDisplayMessage":true,"hasContent":true}],"attachments":[],"parameters":[],"stepsCount":1,"attachmentsCount":0,"shouldDisplayMessage":true,"hasContent":true}],"attachments":[{"uid":"4f7ff48a3b5d7e5c","name":"CheckAddComparisonTestQuestion.jpg","source":"4f7ff48a3b5d7e5c.jpg","type":"image/jpeg","size":206327},{"uid":"56f1bfc081ce9f78","name":"Console Output","source":"56f1bfc081ce9f78.txt","type":"text/plain","size":42}],"parameters":[],"stepsCount":4,"attachmentsCount":2,"shouldDisplayMessage":true,"hasContent":true},"afterStages":[],"labels":[{"name":"thread","value":"NUnit.Fw.ParallelWorker#3"},{"name":"host","value":"34f49fc2c8b0"},{"name":"language","value":"C#"},{"name":"framework","value":"NUnit 3"},{"name":"package","value":"OdinUiTests.Tests.Library"},{"name":"testMethod","value":"CheckAddComparisonTestQuestion"},{"name":"testClass","value":"TestAddingQuestionsTests"},{"name":"suite","value":"Материал"},{"name":"subSuite","value":"Конструктор теста"},{"name":"severity","value":"critical"},{"name":"tag","value":"Материал"},{"name":"tag","value":"Дежурство"},{"name":"tag","value":"Регресс"},{"name":"resultFormat","value":"allure2"}],"parameters":[],"links":[],"hidden":true,"retry":true,"extra":{"categories":[],"tags":["Регресс","Дежурство","Материал"]},"source":"f2be51acfd924c02.json","parameterValues":[]}