{"uid":"f4189f30fd47dc4","name":"Можно создать активность типа Задание с взаимопроверкой","fullName":"OdinUiTests:OdinUiTests.Tests.Activity.TaskActivityCreatingTests.CheckCreateTaskWithMutualVerification()","historyId":"366521d54a56898f8854dbf706367b12","time":{"start":1729577913149,"stop":1729577943992,"duration":30843},"status":"broken","statusMessage":"OpenQA.Selenium.WebDriverTimeoutException : Timed out after 30 seconds\n  ----> OpenQA.Selenium.NoSuchElementException : no such element: Unable to locate element: {\"method\":\"xpath\",\"selector\":\"//div[text()='Тип активности']/parent::div\"}\n  (Session info: chrome-headless-shell=126.0.6478.126); For documentation on this error, please visit: https://www.selenium.dev/documentation/webdriver/troubleshooting/errors#no-such-element-exception","statusTrace":"   at OpenQA.Selenium.Support.UI.DefaultWait`1.ThrowTimeoutException(String exceptionMessage, Exception lastException)\n   at OpenQA.Selenium.Support.UI.DefaultWait`1.Until[TResult](Func`2 condition, CancellationToken token)\n   at OpenQA.Selenium.Support.UI.DefaultWait`1.Until[TResult](Func`2 condition)\n   at OdinUiTests.Services.CommonService.SelectValueFromDropdown(IWebDriver driver, String type) in /azp/_work/2/s/Services/CommonService.cs:line 748\n   at OdinUiTests.Pages.ActivityCommonEditPage.<>c__DisplayClass93_0.<SetActivityType>b__0() in /azp/_work/2/s/Pages/ActivityCommonEditPage.cs:line 347\n   at Allure.Net.Commons.AllureApi.<>c__DisplayClass34_0.<Step>b__0()\n   at Allure.Net.Commons.AllureApi.ExecuteAction[T](String name, Action`1 start, Func`1 action, Action`1 resolve)\n   at Allure.Net.Commons.AllureApi.ExecuteStep[T](String name, Func`1 action)\n   at Allure.Net.Commons.AllureApi.Step(String name, Action action)\n   at OdinUiTests.Pages.ActivityCommonEditPage.SetActivityType(String type) in /azp/_work/2/s/Pages/ActivityCommonEditPage.cs:line 345\n   at OdinUiTests.Tests.Activity.TaskActivityCreatingTests.Setup() in /azp/_work/2/s/Tests/Activity/TaskActivityTests.cs:line 407\n   at InvokeStub_TaskActivityCreatingTests.Setup(Object, Object, IntPtr*)\n   at System.Reflection.MethodBaseInvoker.InvokeWithNoArgs(Object obj, BindingFlags invokeAttr)\n--NoSuchElementException\n   at OpenQA.Selenium.WebDriver.UnpackAndThrowOnError(Response errorResponse, String commandToExecute)\n   at OpenQA.Selenium.WebDriver.ExecuteAsync(String driverCommandToExecute, Dictionary`2 parameters)\n   at SeleniumExtras.WaitHelpers.ExpectedConditions.<>c__DisplayClass19_0.<ElementToBeClickable>b__0(IWebDriver driver)\n   at OpenQA.Selenium.Support.UI.DefaultWait`1.Until[TResult](Func`2 condition, CancellationToken token)","flaky":false,"newFailed":false,"newBroken":true,"newPassed":false,"retriesCount":0,"retriesStatusChange":false,"beforeStages":[],"testStage":{"status":"broken","statusMessage":"OpenQA.Selenium.WebDriverTimeoutException : Timed out after 30 seconds\n  ----> OpenQA.Selenium.NoSuchElementException : no such element: Unable to locate element: {\"method\":\"xpath\",\"selector\":\"//div[text()='Тип активности']/parent::div\"}\n  (Session info: chrome-headless-shell=126.0.6478.126); For documentation on this error, please visit: https://www.selenium.dev/documentation/webdriver/troubleshooting/errors#no-such-element-exception","statusTrace":"   at OpenQA.Selenium.Support.UI.DefaultWait`1.ThrowTimeoutException(String exceptionMessage, Exception lastException)\n   at OpenQA.Selenium.Support.UI.DefaultWait`1.Until[TResult](Func`2 condition, CancellationToken token)\n   at OpenQA.Selenium.Support.UI.DefaultWait`1.Until[TResult](Func`2 condition)\n   at OdinUiTests.Services.CommonService.SelectValueFromDropdown(IWebDriver driver, String type) in /azp/_work/2/s/Services/CommonService.cs:line 748\n   at OdinUiTests.Pages.ActivityCommonEditPage.<>c__DisplayClass93_0.<SetActivityType>b__0() in /azp/_work/2/s/Pages/ActivityCommonEditPage.cs:line 347\n   at Allure.Net.Commons.AllureApi.<>c__DisplayClass34_0.<Step>b__0()\n   at Allure.Net.Commons.AllureApi.ExecuteAction[T](String name, Action`1 start, Func`1 action, Action`1 resolve)\n   at Allure.Net.Commons.AllureApi.ExecuteStep[T](String name, Func`1 action)\n   at Allure.Net.Commons.AllureApi.Step(String name, Action action)\n   at OdinUiTests.Pages.ActivityCommonEditPage.SetActivityType(String type) in /azp/_work/2/s/Pages/ActivityCommonEditPage.cs:line 345\n   at OdinUiTests.Tests.Activity.TaskActivityCreatingTests.Setup() in /azp/_work/2/s/Tests/Activity/TaskActivityTests.cs:line 407\n   at InvokeStub_TaskActivityCreatingTests.Setup(Object, Object, IntPtr*)\n   at System.Reflection.MethodBaseInvoker.InvokeWithNoArgs(Object obj, BindingFlags invokeAttr)\n--NoSuchElementException\n   at OpenQA.Selenium.WebDriver.UnpackAndThrowOnError(Response errorResponse, String commandToExecute)\n   at OpenQA.Selenium.WebDriver.ExecuteAsync(String driverCommandToExecute, Dictionary`2 parameters)\n   at SeleniumExtras.WaitHelpers.ExpectedConditions.<>c__DisplayClass19_0.<ElementToBeClickable>b__0(IWebDriver driver)\n   at OpenQA.Selenium.Support.UI.DefaultWait`1.Until[TResult](Func`2 condition, CancellationToken token)","steps":[{"name":"Открыть страницу создания активности","time":{"start":1729577913149,"stop":1729577913636,"duration":487},"status":"passed","steps":[],"attachments":[],"parameters":[{"name":"disciplineId","value":"\"379\""}],"stepsCount":0,"attachmentsCount":0,"shouldDisplayMessage":false,"hasContent":true},{"name":"В поле 'Тип активности' выбрать значение 'Задание'","time":{"start":1729577913636,"stop":1729577943756,"duration":30120},"status":"broken","statusMessage":"Timed out after 30 seconds","statusTrace":"OpenQA.Selenium.WebDriverTimeoutException: Timed out after 30 seconds\n ---> OpenQA.Selenium.NoSuchElementException: no such element: Unable to locate element: {\"method\":\"xpath\",\"selector\":\"//div[text()='Тип активности']/parent::div\"}\n  (Session info: chrome-headless-shell=126.0.6478.126); For documentation on this error, please visit: https://www.selenium.dev/documentation/webdriver/troubleshooting/errors#no-such-element-exception\n   at OpenQA.Selenium.WebDriver.UnpackAndThrowOnError(Response errorResponse, String commandToExecute)\n   at OpenQA.Selenium.WebDriver.ExecuteAsync(String driverCommandToExecute, Dictionary`2 parameters)\n   at SeleniumExtras.WaitHelpers.ExpectedConditions.<>c__DisplayClass19_0.<ElementToBeClickable>b__0(IWebDriver driver)\n   at OpenQA.Selenium.Support.UI.DefaultWait`1.Until[TResult](Func`2 condition, CancellationToken token)\n   --- End of inner exception stack trace ---\n   at OpenQA.Selenium.Support.UI.DefaultWait`1.ThrowTimeoutException(String exceptionMessage, Exception lastException)\n   at OpenQA.Selenium.Support.UI.DefaultWait`1.Until[TResult](Func`2 condition, CancellationToken token)\n   at OpenQA.Selenium.Support.UI.DefaultWait`1.Until[TResult](Func`2 condition)\n   at OdinUiTests.Services.CommonService.SelectValueFromDropdown(IWebDriver driver, String type) in /azp/_work/2/s/Services/CommonService.cs:line 748\n   at OdinUiTests.Pages.ActivityCommonEditPage.<>c__DisplayClass93_0.<SetActivityType>b__0() in /azp/_work/2/s/Pages/ActivityCommonEditPage.cs:line 347\n   at Allure.Net.Commons.AllureApi.<>c__DisplayClass34_0.<Step>b__0()\n   at Allure.Net.Commons.AllureApi.ExecuteAction[T](String name, Action`1 start, Func`1 action, Action`1 resolve)\n   at Allure.Net.Commons.AllureApi.ExecuteStep[T](String name, Func`1 action)\n   at Allure.Net.Commons.AllureApi.Step(String name, Action action)\n   at OdinUiTests.Pages.ActivityCommonEditPage.SetActivityType(String type) in /azp/_work/2/s/Pages/ActivityCommonEditPage.cs:line 345\n   at OdinUiTests.Tests.Activity.TaskActivityCreatingTests.Setup() in /azp/_work/2/s/Tests/Activity/TaskActivityTests.cs:line 407\n   at InvokeStub_TaskActivityCreatingTests.Setup(Object, Object, IntPtr*)\n   at System.Reflection.MethodBaseInvoker.InvokeWithNoArgs(Object obj, BindingFlags invokeAttr)","steps":[],"attachments":[],"parameters":[],"stepsCount":0,"attachmentsCount":0,"shouldDisplayMessage":true,"hasContent":true}],"attachments":[{"uid":"bc727ab92397b4ae","name":"CheckCreateTaskWithMutualVerification.jpg","source":"bc727ab92397b4ae.jpg","type":"image/jpeg","size":102134},{"uid":"7fe46835f43d53ec","name":"Console Output","source":"7fe46835f43d53ec.txt","type":"text/plain","size":75}],"parameters":[],"stepsCount":2,"attachmentsCount":2,"shouldDisplayMessage":true,"hasContent":true},"afterStages":[],"labels":[{"name":"thread","value":"ParallelWorker#5"},{"name":"host","value":"0f039823d780"},{"name":"language","value":"C#"},{"name":"framework","value":"NUnit 3"},{"name":"package","value":"OdinUiTests.Tests.Activity"},{"name":"testMethod","value":"CheckCreateTaskWithMutualVerification"},{"name":"testClass","value":"TaskActivityCreatingTests"},{"name":"parentSuite","value":"Активность"},{"name":"suite","value":"Задание"},{"name":"subSuite","value":"Создание задания"},{"name":"severity","value":"critical"},{"name":"tag","value":"Активность"},{"name":"tag","value":"Дежурство"},{"name":"tag","value":"Регресс"},{"name":"resultFormat","value":"allure2"}],"parameters":[],"links":[],"hidden":false,"retry":false,"extra":{"severity":"critical","retries":[],"categories":[{"name":"Test defects","matchedStatuses":[],"flaky":false}],"history":{"statistic":{"failed":2,"broken":1,"skipped":0,"passed":84,"unknown":0,"total":87},"items":[{"uid":"7d25395fc7dae144","status":"passed","statusDetails":"Можно создать активность типа Задание с взаимопроверкой","time":{"start":1729228617651,"stop":1729228631240,"duration":13589}},{"uid":"b22fb06821cb4023","status":"passed","statusDetails":"Можно создать активность типа Задание с взаимопроверкой","time":{"start":1728639825340,"stop":1728639839946,"duration":14606}},{"uid":"3d6dbbf1402a3615","status":"passed","statusDetails":"Можно создать активность типа Задание с взаимопроверкой","time":{"start":1728625658318,"stop":1728625671296,"duration":12978}},{"uid":"6935d0666b3468aa","status":"passed","statusDetails":"Можно создать активность типа Задание с взаимопроверкой","time":{"start":1727714143558,"stop":1727714156806,"duration":13248}},{"uid":"e2a602b75df0c10","status":"passed","statusDetails":"Можно создать активность типа Задание с взаимопроверкой","time":{"start":1727466116179,"stop":1727466130631,"duration":14452}},{"uid":"71efcc66f3c5c4e8","status":"passed","statusDetails":"Можно создать активность типа Задание с взаимопроверкой","time":{"start":1727440507393,"stop":1727440522721,"duration":15328}},{"uid":"3f9d01b1a4cfdaec","status":"passed","statusDetails":"Можно создать активность типа Задание с взаимопроверкой","time":{"start":1727437725679,"stop":1727437740600,"duration":14921}},{"uid":"20b7c85f695d31d2","status":"passed","statusDetails":"Можно создать активность типа Задание с взаимопроверкой","time":{"start":1727352684387,"stop":1727352698424,"duration":14037}},{"uid":"3e76e13cf87fd2b7","status":"passed","statusDetails":"Можно создать активность типа Задание с взаимопроверкой","time":{"start":1727313923643,"stop":1727313935872,"duration":12229}},{"uid":"50367d9cd8949c2d","status":"passed","statusDetails":"Можно создать активность типа Задание с взаимопроверкой","time":{"start":1727243671258,"stop":1727243687199,"duration":15941}},{"uid":"1f03e05f2345a6da","status":"passed","statusDetails":"Можно создать активность типа Задание с взаимопроверкой","time":{"start":1727241013816,"stop":1727241026295,"duration":12479}},{"uid":"e6610da0d11444b0","status":"passed","statusDetails":"Можно создать активность типа Задание с взаимопроверкой","time":{"start":1727072319572,"stop":1727072333036,"duration":13464}},{"uid":"66fbf7632f97cdc3","status":"passed","statusDetails":"Можно создать активность типа Задание с взаимопроверкой","time":{"start":1726127857599,"stop":1726127877442,"duration":19843}},{"uid":"c3356fe0f7a8b44d","status":"passed","time":{"start":1725342390835,"stop":1725342415937,"duration":25102}},{"uid":"efe7bf6e1453460f","status":"passed","statusDetails":"Можно создать активность типа Задание с взаимопроверкой","time":{"start":1722213851905,"stop":1722213863196,"duration":11291}},{"uid":"3e6828e5b98d863","status":"passed","statusDetails":"Можно создать активность типа Задание с взаимопроверкой","time":{"start":1721976964177,"stop":1721976976398,"duration":12221}},{"uid":"274bb150302e06ed","status":"passed","statusDetails":"Можно создать активность типа Задание с взаимопроверкой","time":{"start":1721974649820,"stop":1721974662632,"duration":12812}},{"uid":"b61532ddf9ee63","status":"passed","statusDetails":"Можно создать активность типа Задание с взаимопроверкой","time":{"start":1721815677527,"stop":1721815690294,"duration":12767}},{"uid":"c29e60160dd7ab2a","status":"passed","statusDetails":"Можно создать активность типа Задание с взаимопроверкой","time":{"start":1721803350135,"stop":1721803362447,"duration":12312}},{"uid":"c5861eefae97170","status":"passed","statusDetails":"Можно создать активность типа Задание с взаимопроверкой","time":{"start":1721372438688,"stop":1721372450386,"duration":11698}}]},"tags":["Регресс","Дежурство","Активность"]},"source":"f4189f30fd47dc4.json","parameterValues":[]}