{"uid":"f663e97bd9481b90","name":"Добавление преподавателя по email","fullName":"OdinUiTests:OdinUiTests.Tests.Discipline.DisContingentCreationTests.CheckAddTeacherByUserInfoInCreation(System.String)","historyId":"da557b808609219263d35c42fcfb09e4","time":{"start":1740121391341,"stop":1740121460043,"duration":68702},"status":"broken","statusMessage":"System.Reflection.TargetInvocationException : Exception has been thrown by the target of an invocation.\n  ----> OpenQA.Selenium.WebDriverTimeoutException : Timed out after 30 seconds\n  ----> OpenQA.Selenium.NoSuchElementException : no such element: Unable to locate element: {\"method\":\"css selector\",\"selector\":\".q-item.items-center\"}\n  (Session info: chrome=132.0.6834.83); For documentation on this error, please visit: https://www.selenium.dev/documentation/webdriver/troubleshooting/errors#no-such-element-exception","statusTrace":"   at System.Reflection.MethodBaseInvoker.InvokeWithManyArgs(Object obj, BindingFlags invokeAttr, Binder binder, Object[] parameters, CultureInfo culture)\n   at Allure.Net.Commons.Steps.AllureStepAspectBase.Around(String name, Object[] args, Func`2 target, MethodBase metadata, Type returnType)\n   at OdinUiTests.Pages.DisCommonEditPage.__a$_around_AddMembersByName_100666584_w_0(Object[])\n   at OdinUiTests.Pages.DisCommonEditPage.AddMembersByName(String contingent, String userInfo)\n   at OdinUiTests.Tests.Discipline.DisContingentCreationTests.CheckAddTeacherByUserInfoInCreation(String userInfo) in /azp/_work/2/s/Tests/Discipline/DisCreateEditTests.cs:line 761\n   at System.RuntimeMethodHandle.InvokeMethod(Object target, Void** arguments, Signature sig, Boolean isConstructor)\n   at System.Reflection.MethodBaseInvoker.InvokeDirectByRefWithFewArgs(Object obj, Span`1 copyOfArgs, BindingFlags invokeAttr)\n--WebDriverTimeoutException\n   at OpenQA.Selenium.Support.UI.DefaultWait`1.ThrowTimeoutException(String exceptionMessage, Exception lastException)\n   at OpenQA.Selenium.Support.UI.DefaultWait`1.Until[TResult](Func`2 condition, CancellationToken token)\n   at OpenQA.Selenium.Support.UI.DefaultWait`1.Until[TResult](Func`2 condition)\n   at OdinUiTests.Pages.DisCommonEditPage.__a$_around_AddMembersByName_100666584_o(String contingent, String userInfo) in /azp/_work/2/s/Pages/DisCommonEditPage.cs:line 345\n   at OdinUiTests.Pages.DisCommonEditPage.__a$_around_AddMembersByName_100666584_u(Object[])\n   at Allure.Net.Commons.Steps.AllureAbstractStepAspect.WrapSync[T](Func`2 target, Object[] args, MethodBase metadata, String stepName, List`1 stepParameters)\n   at InvokeStub_AllureAbstractStepAspect.WrapSync(Object, Span`1)\n   at System.Reflection.MethodBaseInvoker.InvokeWithManyArgs(Object obj, BindingFlags invokeAttr, Binder binder, Object[] parameters, CultureInfo culture)\n--NoSuchElementException\n   at OpenQA.Selenium.WebDriver.UnpackAndThrowOnError(Response errorResponse, String commandToExecute)\n   at OpenQA.Selenium.WebDriver.ExecuteAsync(String driverCommandToExecute, Dictionary`2 parameters)\n   at SeleniumExtras.WaitHelpers.ExpectedConditions.<>c__DisplayClass19_0.<ElementToBeClickable>b__0(IWebDriver driver)\n   at OpenQA.Selenium.Support.UI.DefaultWait`1.Until[TResult](Func`2 condition, CancellationToken token)","flaky":false,"newFailed":false,"newBroken":false,"newPassed":false,"retriesCount":0,"retriesStatusChange":false,"beforeStages":[],"testStage":{"status":"broken","statusMessage":"System.Reflection.TargetInvocationException : Exception has been thrown by the target of an invocation.\n  ----> OpenQA.Selenium.WebDriverTimeoutException : Timed out after 30 seconds\n  ----> OpenQA.Selenium.NoSuchElementException : no such element: Unable to locate element: {\"method\":\"css selector\",\"selector\":\".q-item.items-center\"}\n  (Session info: chrome=132.0.6834.83); For documentation on this error, please visit: https://www.selenium.dev/documentation/webdriver/troubleshooting/errors#no-such-element-exception","statusTrace":"   at System.Reflection.MethodBaseInvoker.InvokeWithManyArgs(Object obj, BindingFlags invokeAttr, Binder binder, Object[] parameters, CultureInfo culture)\n   at Allure.Net.Commons.Steps.AllureStepAspectBase.Around(String name, Object[] args, Func`2 target, MethodBase metadata, Type returnType)\n   at OdinUiTests.Pages.DisCommonEditPage.__a$_around_AddMembersByName_100666584_w_0(Object[])\n   at OdinUiTests.Pages.DisCommonEditPage.AddMembersByName(String contingent, String userInfo)\n   at OdinUiTests.Tests.Discipline.DisContingentCreationTests.CheckAddTeacherByUserInfoInCreation(String userInfo) in /azp/_work/2/s/Tests/Discipline/DisCreateEditTests.cs:line 761\n   at System.RuntimeMethodHandle.InvokeMethod(Object target, Void** arguments, Signature sig, Boolean isConstructor)\n   at System.Reflection.MethodBaseInvoker.InvokeDirectByRefWithFewArgs(Object obj, Span`1 copyOfArgs, BindingFlags invokeAttr)\n--WebDriverTimeoutException\n   at OpenQA.Selenium.Support.UI.DefaultWait`1.ThrowTimeoutException(String exceptionMessage, Exception lastException)\n   at OpenQA.Selenium.Support.UI.DefaultWait`1.Until[TResult](Func`2 condition, CancellationToken token)\n   at OpenQA.Selenium.Support.UI.DefaultWait`1.Until[TResult](Func`2 condition)\n   at OdinUiTests.Pages.DisCommonEditPage.__a$_around_AddMembersByName_100666584_o(String contingent, String userInfo) in /azp/_work/2/s/Pages/DisCommonEditPage.cs:line 345\n   at OdinUiTests.Pages.DisCommonEditPage.__a$_around_AddMembersByName_100666584_u(Object[])\n   at Allure.Net.Commons.Steps.AllureAbstractStepAspect.WrapSync[T](Func`2 target, Object[] args, MethodBase metadata, String stepName, List`1 stepParameters)\n   at InvokeStub_AllureAbstractStepAspect.WrapSync(Object, Span`1)\n   at System.Reflection.MethodBaseInvoker.InvokeWithManyArgs(Object obj, BindingFlags invokeAttr, Binder binder, Object[] parameters, CultureInfo culture)\n--NoSuchElementException\n   at OpenQA.Selenium.WebDriver.UnpackAndThrowOnError(Response errorResponse, String commandToExecute)\n   at OpenQA.Selenium.WebDriver.ExecuteAsync(String driverCommandToExecute, Dictionary`2 parameters)\n   at SeleniumExtras.WaitHelpers.ExpectedConditions.<>c__DisplayClass19_0.<ElementToBeClickable>b__0(IWebDriver driver)\n   at OpenQA.Selenium.Support.UI.DefaultWait`1.Until[TResult](Func`2 condition, CancellationToken token)","steps":[{"name":"Открыть страницу создания дисциплины","time":{"start":1740121391741,"stop":1740121396542,"duration":4801},"status":"passed","steps":[],"attachments":[],"parameters":[{"name":"isVO","value":"true"},{"name":"id","value":"\"23\""}],"stepsCount":0,"attachmentsCount":0,"shouldDisplayMessage":false,"hasContent":true},{"name":"Заполнение обязательных полей для создании дисциплины","time":{"start":1740121396542,"stop":1740121420451,"duration":23909},"status":"passed","steps":[{"name":"Редактировать название дисциплины","time":{"start":1740121396542,"stop":1740121408939,"duration":12397},"status":"passed","steps":[],"attachments":[],"parameters":[{"name":"name","value":"\"4CF1EF77B56GD9G\""}],"stepsCount":0,"attachmentsCount":0,"shouldDisplayMessage":false,"hasContent":true},{"name":"Редактировать краткое название дисциплины","time":{"start":1740121408939,"stop":1740121415740,"duration":6801},"status":"passed","steps":[],"attachments":[],"parameters":[{"name":"shortName","value":"\"4CF1EF77B56GD9G\""}],"stepsCount":0,"attachmentsCount":0,"shouldDisplayMessage":false,"hasContent":true},{"name":"Редактировать описание дисциплины","time":{"start":1740121415740,"stop":1740121420451,"duration":4711},"status":"passed","steps":[],"attachments":[],"parameters":[{"name":"description","value":"\"4CF1EF77B56GD9G\""}],"stepsCount":0,"attachmentsCount":0,"shouldDisplayMessage":false,"hasContent":true}],"attachments":[],"parameters":[{"name":"text","value":"\"4CF1EF77B56GD9G\""}],"stepsCount":3,"attachmentsCount":0,"shouldDisplayMessage":false,"hasContent":true},{"name":"Добавить/выбрать преподавателя/группу из выпадающего списка","time":{"start":1740121420451,"stop":1740121456348,"duration":35897},"status":"broken","statusMessage":"Timed out after 30 seconds","statusTrace":"OpenQA.Selenium.WebDriverTimeoutException: Timed out after 30 seconds\n ---> OpenQA.Selenium.NoSuchElementException: no such element: Unable to locate element: {\"method\":\"css selector\",\"selector\":\".q-item.items-center\"}\n  (Session info: chrome=132.0.6834.83); For documentation on this error, please visit: https://www.selenium.dev/documentation/webdriver/troubleshooting/errors#no-such-element-exception\n   at OpenQA.Selenium.WebDriver.UnpackAndThrowOnError(Response errorResponse, String commandToExecute)\n   at OpenQA.Selenium.WebDriver.ExecuteAsync(String driverCommandToExecute, Dictionary`2 parameters)\n   at SeleniumExtras.WaitHelpers.ExpectedConditions.<>c__DisplayClass19_0.<ElementToBeClickable>b__0(IWebDriver driver)\n   at OpenQA.Selenium.Support.UI.DefaultWait`1.Until[TResult](Func`2 condition, CancellationToken token)\n   --- End of inner exception stack trace ---\n   at OpenQA.Selenium.Support.UI.DefaultWait`1.ThrowTimeoutException(String exceptionMessage, Exception lastException)\n   at OpenQA.Selenium.Support.UI.DefaultWait`1.Until[TResult](Func`2 condition, CancellationToken token)\n   at OpenQA.Selenium.Support.UI.DefaultWait`1.Until[TResult](Func`2 condition)\n   at OdinUiTests.Pages.DisCommonEditPage.__a$_around_AddMembersByName_100666584_o(String contingent, String userInfo) in /azp/_work/2/s/Pages/DisCommonEditPage.cs:line 345\n   at OdinUiTests.Pages.DisCommonEditPage.__a$_around_AddMembersByName_100666584_u(Object[])\n   at Allure.Net.Commons.Steps.AllureAbstractStepAspect.WrapSync[T](Func`2 target, Object[] args, MethodBase metadata, String stepName, List`1 stepParameters)","steps":[],"attachments":[],"parameters":[{"name":"contingent","value":"\"Преподаватель\""},{"name":"userInfo","value":"\"test9@tsu.ru\""}],"stepsCount":0,"attachmentsCount":0,"shouldDisplayMessage":true,"hasContent":true}],"attachments":[{"uid":"267bc1f8de2a11da","name":"CheckAddTeacherByUserInfoInCreation.jpg","source":"267bc1f8de2a11da.jpg","type":"image/jpeg","size":204807},{"uid":"aef4f208fe08ce9c","name":"Console Output","source":"aef4f208fe08ce9c.txt","type":"text/plain","size":62}],"parameters":[],"stepsCount":6,"attachmentsCount":2,"shouldDisplayMessage":true,"hasContent":true},"afterStages":[],"labels":[{"name":"thread","value":"NUnit.Fw.ParallelWorker#5"},{"name":"host","value":"68a6469873bb"},{"name":"language","value":"C#"},{"name":"framework","value":"NUnit 3"},{"name":"package","value":"OdinUiTests.Tests.Discipline"},{"name":"testMethod","value":"CheckAddTeacherByUserInfoInCreation"},{"name":"testClass","value":"DisContingentCreationTests"},{"name":"suite","value":"Дисциплина"},{"name":"subSuite","value":"Создание дисциплины"},{"name":"severity","value":"critical"},{"name":"tag","value":"Дисциплина"},{"name":"tag","value":"Дежурство"},{"name":"tag","value":"Регресс"},{"name":"resultFormat","value":"allure2"}],"parameters":[{"name":"userInfo","value":"\"test9@tsu.ru\""}],"links":[],"hidden":true,"retry":true,"extra":{"categories":[],"tags":["Регресс","Дежурство","Дисциплина"]},"source":"f663e97bd9481b90.json","parameterValues":["\"test9@tsu.ru\""]}