{"uid":"ffc53599d88f4e57","name":"Редактирование профиля пользователя: после ввода пароля можно разблокировать полей 'Контакты'","fullName":"OdinUiTests:OdinUiTests.Tests.UserProfile.AddressAndContactsEditingTests.CheckUnlockContactFieldsAfterInterPassword()","historyId":"04e156b87f92b6b5c25f0a5a8b250b67","time":{"start":1735131105414,"stop":1735131136148,"duration":30734},"status":"broken","statusMessage":"OpenQA.Selenium.WebDriverTimeoutException : Timed out after 30 seconds\n  ----> OpenQA.Selenium.NoSuchElementException : no such element: Unable to locate element: {\"method\":\"css selector\",\"selector\":\"[href*='User/Edit']\"}\n  (Session info: chrome-headless-shell=126.0.6478.126); For documentation on this error, please visit: https://www.selenium.dev/documentation/webdriver/troubleshooting/errors#no-such-element-exception","statusTrace":"   at OpenQA.Selenium.Support.UI.DefaultWait`1.ThrowTimeoutException(String exceptionMessage, Exception lastException)\n   at OpenQA.Selenium.Support.UI.DefaultWait`1.Until[TResult](Func`2 condition, CancellationToken token)\n   at OpenQA.Selenium.Support.UI.DefaultWait`1.Until[TResult](Func`2 condition)\n   at OdinUiTests.Pages.UserProfilePage.__a$_around_ClickOnEditProfileButton_100667176_o() in /azp/_work/1/s/Pages/UserProfilePage.cs:line 113\n   at OdinUiTests.Pages.UserProfilePage.__a$_around_ClickOnEditProfileButton_100667176_u(Object[])\n   at Allure.Net.Commons.Steps.AllureAbstractStepAspect.WrapSync[T](Func`2 target, Object[] args, MethodBase metadata, String stepName, List`1 stepParameters)\n   at InvokeStub_AllureAbstractStepAspect.WrapSync(Object, Span`1)\n   at System.Reflection.MethodBaseInvoker.InvokeWithManyArgs(Object obj, BindingFlags invokeAttr, Binder binder, Object[] parameters, CultureInfo culture)\n--NoSuchElementException\n   at OpenQA.Selenium.WebDriver.UnpackAndThrowOnError(Response errorResponse, String commandToExecute)\n   at OpenQA.Selenium.WebDriver.ExecuteAsync(String driverCommandToExecute, Dictionary`2 parameters)\n   at SeleniumExtras.WaitHelpers.ExpectedConditions.<>c__DisplayClass19_0.<ElementToBeClickable>b__0(IWebDriver driver)\n   at OpenQA.Selenium.Support.UI.DefaultWait`1.Until[TResult](Func`2 condition, CancellationToken token)","flaky":false,"newFailed":false,"newBroken":false,"newPassed":false,"retriesCount":0,"retriesStatusChange":false,"beforeStages":[],"testStage":{"status":"broken","statusMessage":"OpenQA.Selenium.WebDriverTimeoutException : Timed out after 30 seconds\n  ----> OpenQA.Selenium.NoSuchElementException : no such element: Unable to locate element: {\"method\":\"css selector\",\"selector\":\"[href*='User/Edit']\"}\n  (Session info: chrome-headless-shell=126.0.6478.126); For documentation on this error, please visit: https://www.selenium.dev/documentation/webdriver/troubleshooting/errors#no-such-element-exception","statusTrace":"   at OpenQA.Selenium.Support.UI.DefaultWait`1.ThrowTimeoutException(String exceptionMessage, Exception lastException)\n   at OpenQA.Selenium.Support.UI.DefaultWait`1.Until[TResult](Func`2 condition, CancellationToken token)\n   at OpenQA.Selenium.Support.UI.DefaultWait`1.Until[TResult](Func`2 condition)\n   at OdinUiTests.Pages.UserProfilePage.__a$_around_ClickOnEditProfileButton_100667176_o() in /azp/_work/1/s/Pages/UserProfilePage.cs:line 113\n   at OdinUiTests.Pages.UserProfilePage.__a$_around_ClickOnEditProfileButton_100667176_u(Object[])\n   at Allure.Net.Commons.Steps.AllureAbstractStepAspect.WrapSync[T](Func`2 target, Object[] args, MethodBase metadata, String stepName, List`1 stepParameters)\n   at InvokeStub_AllureAbstractStepAspect.WrapSync(Object, Span`1)\n   at System.Reflection.MethodBaseInvoker.InvokeWithManyArgs(Object obj, BindingFlags invokeAttr, Binder binder, Object[] parameters, CultureInfo culture)\n--NoSuchElementException\n   at OpenQA.Selenium.WebDriver.UnpackAndThrowOnError(Response errorResponse, String commandToExecute)\n   at OpenQA.Selenium.WebDriver.ExecuteAsync(String driverCommandToExecute, Dictionary`2 parameters)\n   at SeleniumExtras.WaitHelpers.ExpectedConditions.<>c__DisplayClass19_0.<ElementToBeClickable>b__0(IWebDriver driver)\n   at OpenQA.Selenium.Support.UI.DefaultWait`1.Until[TResult](Func`2 condition, CancellationToken token)","steps":[{"name":"Открыть страницу профиля пользователя","time":{"start":1735131105418,"stop":1735131105788,"duration":370},"status":"passed","steps":[],"attachments":[],"parameters":[{"name":"id","value":"\"36855\""}],"stepsCount":0,"attachmentsCount":0,"shouldDisplayMessage":false,"hasContent":true},{"name":"Нажать на кнопку 'Редактировать'","time":{"start":1735131105788,"stop":1735131135966,"duration":30178},"status":"broken","statusMessage":"Timed out after 30 seconds","statusTrace":"OpenQA.Selenium.WebDriverTimeoutException: Timed out after 30 seconds\n ---> OpenQA.Selenium.NoSuchElementException: no such element: Unable to locate element: {\"method\":\"css selector\",\"selector\":\"[href*='User/Edit']\"}\n  (Session info: chrome-headless-shell=126.0.6478.126); For documentation on this error, please visit: https://www.selenium.dev/documentation/webdriver/troubleshooting/errors#no-such-element-exception\n   at OpenQA.Selenium.WebDriver.UnpackAndThrowOnError(Response errorResponse, String commandToExecute)\n   at OpenQA.Selenium.WebDriver.ExecuteAsync(String driverCommandToExecute, Dictionary`2 parameters)\n   at SeleniumExtras.WaitHelpers.ExpectedConditions.<>c__DisplayClass19_0.<ElementToBeClickable>b__0(IWebDriver driver)\n   at OpenQA.Selenium.Support.UI.DefaultWait`1.Until[TResult](Func`2 condition, CancellationToken token)\n   --- End of inner exception stack trace ---\n   at OpenQA.Selenium.Support.UI.DefaultWait`1.ThrowTimeoutException(String exceptionMessage, Exception lastException)\n   at OpenQA.Selenium.Support.UI.DefaultWait`1.Until[TResult](Func`2 condition, CancellationToken token)\n   at OpenQA.Selenium.Support.UI.DefaultWait`1.Until[TResult](Func`2 condition)\n   at OdinUiTests.Pages.UserProfilePage.__a$_around_ClickOnEditProfileButton_100667176_o() in /azp/_work/1/s/Pages/UserProfilePage.cs:line 113\n   at OdinUiTests.Pages.UserProfilePage.__a$_around_ClickOnEditProfileButton_100667176_u(Object[])\n   at Allure.Net.Commons.Steps.AllureAbstractStepAspect.WrapSync[T](Func`2 target, Object[] args, MethodBase metadata, String stepName, List`1 stepParameters)","steps":[],"attachments":[],"parameters":[],"stepsCount":0,"attachmentsCount":0,"shouldDisplayMessage":true,"hasContent":true}],"attachments":[{"uid":"319d46b4aa0349fd","name":"CheckUnlockContactFieldsAfterInterPassword.jpg","source":"319d46b4aa0349fd.jpg","type":"image/jpeg","size":66303},{"uid":"f080df7c8cf4a1e","name":"Console Output","source":"f080df7c8cf4a1e.txt","type":"text/plain","size":45}],"parameters":[],"stepsCount":2,"attachmentsCount":2,"shouldDisplayMessage":true,"hasContent":true},"afterStages":[],"labels":[{"name":"thread","value":"ParallelWorker#2"},{"name":"host","value":"ddaf0371fecb"},{"name":"language","value":"C#"},{"name":"framework","value":"NUnit 3"},{"name":"package","value":"OdinUiTests.Tests.UserProfile"},{"name":"testMethod","value":"CheckUnlockContactFieldsAfterInterPassword"},{"name":"testClass","value":"AddressAndContactsEditingTests"},{"name":"suite","value":"Профиль"},{"name":"severity","value":"critical"},{"name":"tag","value":"Профиль"},{"name":"tag","value":"Дежурство"},{"name":"tag","value":"Регресс"},{"name":"resultFormat","value":"allure2"}],"parameters":[],"links":[],"hidden":true,"retry":true,"extra":{"categories":[],"tags":["Регресс","Дежурство","Профиль"]},"source":"ffc53599d88f4e57.json","parameterValues":[]}